<?xml version="1.0" encoding="UTF-8"?>
<testsuite xmlns:xsi="http://www.w3.org/2001/XMLSchema-instance" xsi:noNamespaceSchemaLocation="https://maven.apache.org/surefire/maven-surefire-plugin/xsd/surefire-test-report-3.0.xsd" version="3.0" name="PostmanAPI.TestRunner" time="28.867" tests="1" errors="0" skipped="0" failures="0">
  <properties>
    <property name="java.specification.version" value="17"/>
    <property name="sun.cpu.isalist" value="amd64"/>
    <property name="sun.jnu.encoding" value="Cp1252"/>
    <property name="java.class.path" value="C:\Users\ShashiKumarSidhhalin\Desktop\NewProject\APITest\target\test-classes;C:\Users\ShashiKumarSidhhalin\Desktop\NewProject\APITest\target\classes;C:\Users\ShashiKumarSidhhalin\.m2\repository\io\karatelabs\karate-junit5\1.5.0\karate-junit5-1.5.0.jar;C:\Users\ShashiKumarSidhhalin\.m2\repository\io\karatelabs\karate-core\1.5.0\karate-core-1.5.0.jar;C:\Users\ShashiKumarSidhhalin\.m2\repository\org\graalvm\js\js-scriptengine\24.0.0\js-scriptengine-24.0.0.jar;C:\Users\ShashiKumarSidhhalin\.m2\repository\org\graalvm\polyglot\polyglot\24.0.0\polyglot-24.0.0.jar;C:\Users\ShashiKumarSidhhalin\.m2\repository\org\graalvm\sdk\collections\24.0.0\collections-24.0.0.jar;C:\Users\ShashiKumarSidhhalin\.m2\repository\org\graalvm\sdk\nativeimage\24.0.0\nativeimage-24.0.0.jar;C:\Users\ShashiKumarSidhhalin\.m2\repository\org\graalvm\sdk\word\24.0.0\word-24.0.0.jar;C:\Users\ShashiKumarSidhhalin\.m2\repository\org\graalvm\js\js-language\24.0.0\js-language-24.0.0.jar;C:\Users\ShashiKumarSidhhalin\.m2\repository\org\graalvm\regex\regex\24.0.0\regex-24.0.0.jar;C:\Users\ShashiKumarSidhhalin\.m2\repository\org\graalvm\truffle\truffle-api\24.0.0\truffle-api-24.0.0.jar;C:\Users\ShashiKumarSidhhalin\.m2\repository\org\graalvm\shadowed\icu4j\24.0.0\icu4j-24.0.0.jar;C:\Users\ShashiKumarSidhhalin\.m2\repository\org\thymeleaf\thymeleaf\3.1.2.RELEASE\thymeleaf-3.1.2.RELEASE.jar;C:\Users\ShashiKumarSidhhalin\.m2\repository\ognl\ognl\3.3.4\ognl-3.3.4.jar;C:\Users\ShashiKumarSidhhalin\.m2\repository\org\javassist\javassist\3.29.0-GA\javassist-3.29.0-GA.jar;C:\Users\ShashiKumarSidhhalin\.m2\repository\org\attoparser\attoparser\2.0.7.RELEASE\attoparser-2.0.7.RELEASE.jar;C:\Users\ShashiKumarSidhhalin\.m2\repository\org\unbescape\unbescape\1.1.6.RELEASE\unbescape-1.1.6.RELEASE.jar;C:\Users\ShashiKumarSidhhalin\.m2\repository\com\linecorp\armeria\armeria\1.29.2\armeria-1.29.2.jar;C:\Users\ShashiKumarSidhhalin\.m2\repository\com\fasterxml\jackson\datatype\jackson-datatype-jdk8\2.17.1\jackson-datatype-jdk8-2.17.1.jar;C:\Users\ShashiKumarSidhhalin\.m2\repository\io\micrometer\micrometer-core\1.13.0\micrometer-core-1.13.0.jar;C:\Users\ShashiKumarSidhhalin\.m2\repository\io\micrometer\micrometer-commons\1.13.0\micrometer-commons-1.13.0.jar;C:\Users\ShashiKumarSidhhalin\.m2\repository\io\micrometer\micrometer-observation\1.13.0\micrometer-observation-1.13.0.jar;C:\Users\ShashiKumarSidhhalin\.m2\repository\org\hdrhistogram\HdrHistogram\2.2.1\HdrHistogram-2.2.1.jar;C:\Users\ShashiKumarSidhhalin\.m2\repository\org\latencyutils\LatencyUtils\2.0.3\LatencyUtils-2.0.3.jar;C:\Users\ShashiKumarSidhhalin\.m2\repository\io\netty\netty-codec-haproxy\4.1.110.Final\netty-codec-haproxy-4.1.110.Final.jar;C:\Users\ShashiKumarSidhhalin\.m2\repository\io\netty\netty-resolver-dns\4.1.110.Final\netty-resolver-dns-4.1.110.Final.jar;C:\Users\ShashiKumarSidhhalin\.m2\repository\io\netty\netty-codec-dns\4.1.110.Final\netty-codec-dns-4.1.110.Final.jar;C:\Users\ShashiKumarSidhhalin\.m2\repository\io\netty\netty-transport-native-unix-common\4.1.110.Final\netty-transport-native-unix-common-4.1.110.Final-linux-x86_64.jar;C:\Users\ShashiKumarSidhhalin\.m2\repository\io\netty\netty-transport-native-unix-common\4.1.110.Final\netty-transport-native-unix-common-4.1.110.Final-linux-aarch_64.jar;C:\Users\ShashiKumarSidhhalin\.m2\repository\io\netty\netty-transport-native-unix-common\4.1.110.Final\netty-transport-native-unix-common-4.1.110.Final-osx-x86_64.jar;C:\Users\ShashiKumarSidhhalin\.m2\repository\io\netty\netty-transport-native-unix-common\4.1.110.Final\netty-transport-native-unix-common-4.1.110.Final-osx-aarch_64.jar;C:\Users\ShashiKumarSidhhalin\.m2\repository\org\reactivestreams\reactive-streams\1.0.4\reactive-streams-1.0.4.jar;C:\Users\ShashiKumarSidhhalin\.m2\repository\io\netty\netty-transport-native-epoll\4.1.110.Final\netty-transport-native-epoll-4.1.110.Final-linux-x86_64.jar;C:\Users\ShashiKumarSidhhalin\.m2\repository\io\netty\netty-transport-classes-epoll\4.1.110.Final\netty-transport-classes-epoll-4.1.110.Final.jar;C:\Users\ShashiKumarSidhhalin\.m2\repository\io\netty\netty-transport-native-epoll\4.1.110.Final\netty-transport-native-epoll-4.1.110.Final-linux-aarch_64.jar;C:\Users\ShashiKumarSidhhalin\.m2\repository\io\netty\netty-transport-native-kqueue\4.1.110.Final\netty-transport-native-kqueue-4.1.110.Final-osx-x86_64.jar;C:\Users\ShashiKumarSidhhalin\.m2\repository\io\netty\netty-transport-classes-kqueue\4.1.110.Final\netty-transport-classes-kqueue-4.1.110.Final.jar;C:\Users\ShashiKumarSidhhalin\.m2\repository\io\netty\netty-resolver-dns-native-macos\4.1.110.Final\netty-resolver-dns-native-macos-4.1.110.Final-osx-x86_64.jar;C:\Users\ShashiKumarSidhhalin\.m2\repository\io\netty\netty-resolver-dns-classes-macos\4.1.110.Final\netty-resolver-dns-classes-macos-4.1.110.Final.jar;C:\Users\ShashiKumarSidhhalin\.m2\repository\io\netty\netty-transport-native-kqueue\4.1.110.Final\netty-transport-native-kqueue-4.1.110.Final-osx-aarch_64.jar;C:\Users\ShashiKumarSidhhalin\.m2\repository\io\netty\netty-resolver-dns-native-macos\4.1.110.Final\netty-resolver-dns-native-macos-4.1.110.Final-osx-aarch_64.jar;C:\Users\ShashiKumarSidhhalin\.m2\repository\com\aayushatharva\brotli4j\brotli4j\1.16.0\brotli4j-1.16.0.jar;C:\Users\ShashiKumarSidhhalin\.m2\repository\com\aayushatharva\brotli4j\service\1.16.0\service-1.16.0.jar;C:\Users\ShashiKumarSidhhalin\.m2\repository\com\aayushatharva\brotli4j\native-windows-x86_64\1.16.0\native-windows-x86_64-1.16.0.jar;C:\Users\ShashiKumarSidhhalin\.m2\repository\org\apache\httpcomponents\httpclient\4.5.14\httpclient-4.5.14.jar;C:\Users\ShashiKumarSidhhalin\.m2\repository\org\apache\httpcomponents\httpcore\4.4.16\httpcore-4.4.16.jar;C:\Users\ShashiKumarSidhhalin\.m2\repository\commons-codec\commons-codec\1.16.1\commons-codec-1.16.1.jar;C:\Users\ShashiKumarSidhhalin\.m2\repository\ch\qos\logback\logback-classic\1.5.4\logback-classic-1.5.4.jar;C:\Users\ShashiKumarSidhhalin\.m2\repository\ch\qos\logback\logback-core\1.5.4\logback-core-1.5.4.jar;C:\Users\ShashiKumarSidhhalin\.m2\repository\org\antlr\antlr4-runtime\4.13.1\antlr4-runtime-4.13.1.jar;C:\Users\ShashiKumarSidhhalin\.m2\repository\com\jayway\jsonpath\json-path\2.9.0\json-path-2.9.0.jar;C:\Users\ShashiKumarSidhhalin\.m2\repository\net\minidev\json-smart\2.5.1\json-smart-2.5.1.jar;C:\Users\ShashiKumarSidhhalin\.m2\repository\net\minidev\accessors-smart\2.5.1\accessors-smart-2.5.1.jar;C:\Users\ShashiKumarSidhhalin\.m2\repository\org\ow2\asm\asm\9.6\asm-9.6.jar;C:\Users\ShashiKumarSidhhalin\.m2\repository\org\yaml\snakeyaml\2.2\snakeyaml-2.2.jar;C:\Users\ShashiKumarSidhhalin\.m2\repository\de\siegmar\fastcsv\3.1.0\fastcsv-3.1.0.jar;C:\Users\ShashiKumarSidhhalin\.m2\repository\info\picocli\picocli\4.7.5\picocli-4.7.5.jar;C:\Users\ShashiKumarSidhhalin\.m2\repository\io\github\classgraph\classgraph\4.8.170\classgraph-4.8.170.jar;C:\Users\ShashiKumarSidhhalin\.m2\repository\io\github\t12y\resemble\1.1.0\resemble-1.1.0.jar;C:\Users\ShashiKumarSidhhalin\.m2\repository\io\github\t12y\ssim\1.0.0\ssim-1.0.0.jar;C:\Users\ShashiKumarSidhhalin\.m2\repository\org\junit\jupiter\junit-jupiter-api\5.10.2\junit-jupiter-api-5.10.2.jar;C:\Users\ShashiKumarSidhhalin\.m2\repository\org\opentest4j\opentest4j\1.3.0\opentest4j-1.3.0.jar;C:\Users\ShashiKumarSidhhalin\.m2\repository\org\junit\platform\junit-platform-commons\1.10.2\junit-platform-commons-1.10.2.jar;C:\Users\ShashiKumarSidhhalin\.m2\repository\org\apiguardian\apiguardian-api\1.1.2\apiguardian-api-1.1.2.jar;C:\Users\ShashiKumarSidhhalin\.m2\repository\org\junit\jupiter\junit-jupiter-engine\5.10.2\junit-jupiter-engine-5.10.2.jar;C:\Users\ShashiKumarSidhhalin\.m2\repository\org\junit\platform\junit-platform-engine\1.10.2\junit-platform-engine-1.10.2.jar;C:\Users\ShashiKumarSidhhalin\.m2\repository\io\karatelabs\karate-gatling\1.5.0\karate-gatling-1.5.0.jar;C:\Users\ShashiKumarSidhhalin\.m2\repository\io\gatling\highcharts\gatling-charts-highcharts\3.9.5\gatling-charts-highcharts-3.9.5.jar;C:\Users\ShashiKumarSidhhalin\.m2\repository\io\gatling\gatling-app\3.9.5\gatling-app-3.9.5.jar;C:\Users\ShashiKumarSidhhalin\.m2\repository\io\gatling\gatling-core\3.9.5\gatling-core-3.9.5.jar;C:\Users\ShashiKumarSidhhalin\.m2\repository\io\gatling\gatling-netty-util\3.9.5\gatling-netty-util-3.9.5.jar;C:\Users\ShashiKumarSidhhalin\.m2\repository\io\gatling\gatling-jdk-util\3.9.5\gatling-jdk-util-3.9.5.jar;C:\Users\ShashiKumarSidhhalin\.m2\repository\io\netty\incubator\netty-incubator-transport-native-io_uring\0.0.21.Final\netty-incubator-transport-native-io_uring-0.0.21.Final-linux-x86_64.jar;C:\Users\ShashiKumarSidhhalin\.m2\repository\io\netty\incubator\netty-incubator-transport-classes-io_uring\0.0.21.Final\netty-incubator-transport-classes-io_uring-0.0.21.Final.jar;C:\Users\ShashiKumarSidhhalin\.m2\repository\io\netty\incubator\netty-incubator-transport-native-io_uring\0.0.21.Final\netty-incubator-transport-native-io_uring-0.0.21.Final-linux-aarch_64.jar;C:\Users\ShashiKumarSidhhalin\.m2\repository\io\gatling\gatling-commons\3.9.5\gatling-commons-3.9.5.jar;C:\Users\ShashiKumarSidhhalin\.m2\repository\io\gatling\gatling-commons-shared\3.9.5\gatling-commons-shared-3.9.5.jar;C:\Users\ShashiKumarSidhhalin\.m2\repository\org\scala-lang\scala-reflect\2.13.10\scala-reflect-2.13.10.jar;C:\Users\ShashiKumarSidhhalin\.m2\repository\io\suzaku\boopickle_2.13\1.3.3\boopickle_2.13-1.3.3.jar;C:\Users\ShashiKumarSidhhalin\.m2\repository\io\gatling\gatling-commons-shared-unstable\3.9.5\gatling-commons-shared-unstable-3.9.5.jar;C:\Users\ShashiKumarSidhhalin\.m2\repository\org\typelevel\spire-macros_2.13\0.17.0\spire-macros_2.13-0.17.0.jar;C:\Users\ShashiKumarSidhhalin\.m2\repository\com\typesafe\scala-logging\scala-logging_2.13\3.9.5\scala-logging_2.13-3.9.5.jar;C:\Users\ShashiKumarSidhhalin\.m2\repository\io\gatling\gatling-jsonpath\3.9.5\gatling-jsonpath-3.9.5.jar;C:\Users\ShashiKumarSidhhalin\.m2\repository\com\typesafe\akka\akka-slf4j_2.13\2.6.20\akka-slf4j_2.13-2.6.20.jar;C:\Users\ShashiKumarSidhhalin\.m2\repository\org\simpleflatmapper\lightning-csv\8.2.3\lightning-csv-8.2.3.jar;C:\Users\ShashiKumarSidhhalin\.m2\repository\org\simpleflatmapper\sfm-util\8.2.3\sfm-util-8.2.3.jar;C:\Users\ShashiKumarSidhhalin\.m2\repository\com\github\ben-manes\caffeine\caffeine\2.9.3\caffeine-2.9.3.jar;C:\Users\ShashiKumarSidhhalin\.m2\repository\io\pebbletemplates\pebble\3.2.1\pebble-3.2.1.jar;C:\Users\ShashiKumarSidhhalin\.m2\repository\org\scala-lang\modules\scala-parser-combinators_2.13\2.3.0\scala-parser-combinators_2.13-2.3.0.jar;C:\Users\ShashiKumarSidhhalin\.m2\repository\com\github\scopt\scopt_2.13\3.7.1\scopt_2.13-3.7.1.jar;C:\Users\ShashiKumarSidhhalin\.m2\repository\com\softwaremill\quicklens\quicklens_2.13\1.9.3\quicklens_2.13-1.9.3.jar;C:\Users\ShashiKumarSidhhalin\.m2\repository\net\sf\saxon\Saxon-HE\10.6\Saxon-HE-10.6.jar;C:\Users\ShashiKumarSidhhalin\.m2\repository\org\jodd\jodd-lagarto\6.0.6\jodd-lagarto-6.0.6.jar;C:\Users\ShashiKumarSidhhalin\.m2\repository\org\jodd\jodd-util\6.1.0\jodd-util-6.1.0.jar;C:\Users\ShashiKumarSidhhalin\.m2\repository\io\burt\jmespath-jackson\0.5.1\jmespath-jackson-0.5.1.jar;C:\Users\ShashiKumarSidhhalin\.m2\repository\io\burt\jmespath-core\0.5.1\jmespath-core-0.5.1.jar;C:\Users\ShashiKumarSidhhalin\.m2\repository\io\gatling\gatling-core-java\3.9.5\gatling-core-java-3.9.5.jar;C:\Users\ShashiKumarSidhhalin\.m2\repository\net\jodah\typetools\0.6.3\typetools-0.6.3.jar;C:\Users\ShashiKumarSidhhalin\.m2\repository\io\gatling\gatling-http\3.9.5\gatling-http-3.9.5.jar;C:\Users\ShashiKumarSidhhalin\.m2\repository\io\gatling\gatling-http-client\3.9.5\gatling-http-client-3.9.5.jar;C:\Users\ShashiKumarSidhhalin\.m2\repository\com\aayushatharva\brotli4j\native-linux-x86_64\1.11.0\native-linux-x86_64-1.11.0.jar;C:\Users\ShashiKumarSidhhalin\.m2\repository\com\aayushatharva\brotli4j\native-linux-aarch64\1.11.0\native-linux-aarch64-1.11.0.jar;C:\Users\ShashiKumarSidhhalin\.m2\repository\com\aayushatharva\brotli4j\native-osx-x86_64\1.11.0\native-osx-x86_64-1.11.0.jar;C:\Users\ShashiKumarSidhhalin\.m2\repository\com\aayushatharva\brotli4j\native-osx-aarch64\1.11.0\native-osx-aarch64-1.11.0.jar;C:\Users\ShashiKumarSidhhalin\.m2\repository\io\gatling\gatling-http-java\3.9.5\gatling-http-java-3.9.5.jar;C:\Users\ShashiKumarSidhhalin\.m2\repository\io\gatling\gatling-jms\3.9.5\gatling-jms-3.9.5.jar;C:\Users\ShashiKumarSidhhalin\.m2\repository\javax\jms\javax.jms-api\2.0.1\javax.jms-api-2.0.1.jar;C:\Users\ShashiKumarSidhhalin\.m2\repository\com\eatthepath\fast-uuid\0.2.0\fast-uuid-0.2.0.jar;C:\Users\ShashiKumarSidhhalin\.m2\repository\io\gatling\gatling-jms-java\3.9.5\gatling-jms-java-3.9.5.jar;C:\Users\ShashiKumarSidhhalin\.m2\repository\io\gatling\gatling-mqtt\3.9.5\gatling-mqtt-3.9.5.jar;C:\Users\ShashiKumarSidhhalin\.m2\repository\io\netty\netty-codec-mqtt\4.1.92.Final\netty-codec-mqtt-4.1.92.Final.jar;C:\Users\ShashiKumarSidhhalin\.m2\repository\io\gatling\gatling-mqtt-java\3.9.5\gatling-mqtt-java-3.9.5.jar;C:\Users\ShashiKumarSidhhalin\.m2\repository\io\gatling\gatling-jdbc\3.9.5\gatling-jdbc-3.9.5.jar;C:\Users\ShashiKumarSidhhalin\.m2\repository\io\gatling\gatling-jdbc-java\3.9.5\gatling-jdbc-java-3.9.5.jar;C:\Users\ShashiKumarSidhhalin\.m2\repository\io\gatling\gatling-redis\3.9.5\gatling-redis-3.9.5.jar;C:\Users\ShashiKumarSidhhalin\.m2\repository\net\debasishg\redisclient_2.13\3.42\redisclient_2.13-3.42.jar;C:\Users\ShashiKumarSidhhalin\.m2\repository\org\apache\commons\commons-pool2\2.8.0\commons-pool2-2.8.0.jar;C:\Users\ShashiKumarSidhhalin\.m2\repository\io\gatling\gatling-redis-java\3.9.5\gatling-redis-java-3.9.5.jar;C:\Users\ShashiKumarSidhhalin\.m2\repository\io\gatling\gatling-graphite\3.9.5\gatling-graphite-3.9.5.jar;C:\Users\ShashiKumarSidhhalin\.m2\repository\io\gatling\gatling-charts\3.9.5\gatling-charts-3.9.5.jar;C:\Users\ShashiKumarSidhhalin\.m2\repository\com\tdunning\t-digest\3.1\t-digest-3.1.jar;C:\Users\ShashiKumarSidhhalin\.m2\repository\io\gatling\gatling-recorder\3.9.5\gatling-recorder-3.9.5.jar;C:\Users\ShashiKumarSidhhalin\.m2\repository\org\scala-lang\modules\scala-swing_2.13\3.0.0\scala-swing_2.13-3.0.0.jar;C:\Users\ShashiKumarSidhhalin\.m2\repository\io\gatling\gatling-recorder-bc-shaded\1.73\gatling-recorder-bc-shaded-1.73.jar;C:\Users\ShashiKumarSidhhalin\.m2\repository\com\typesafe\akka\akka-actor_2.13\2.6.20\akka-actor_2.13-2.6.20.jar;C:\Users\ShashiKumarSidhhalin\.m2\repository\com\typesafe\config\1.4.2\config-1.4.2.jar;C:\Users\ShashiKumarSidhhalin\.m2\repository\org\scala-lang\modules\scala-java8-compat_2.13\1.0.0\scala-java8-compat_2.13-1.0.0.jar;C:\Users\ShashiKumarSidhhalin\.m2\repository\org\scala-lang\scala-library\2.13.13\scala-library-2.13.13.jar;C:\Users\ShashiKumarSidhhalin\.m2\repository\net\masterthought\cucumber-reporting\5.8.4\cucumber-reporting-5.8.4.jar;C:\Users\ShashiKumarSidhhalin\.m2\repository\com\fasterxml\jackson\core\jackson-databind\2.18.1\jackson-databind-2.18.1.jar;C:\Users\ShashiKumarSidhhalin\.m2\repository\com\fasterxml\jackson\core\jackson-annotations\2.18.1\jackson-annotations-2.18.1.jar;C:\Users\ShashiKumarSidhhalin\.m2\repository\com\fasterxml\jackson\core\jackson-core\2.18.1\jackson-core-2.18.1.jar;C:\Users\ShashiKumarSidhhalin\.m2\repository\com\fasterxml\jackson\datatype\jackson-datatype-jsr310\2.18.1\jackson-datatype-jsr310-2.18.1.jar;C:\Users\ShashiKumarSidhhalin\.m2\repository\org\apache\velocity\velocity-engine-core\2.4.1\velocity-engine-core-2.4.1.jar;C:\Users\ShashiKumarSidhhalin\.m2\repository\joda-time\joda-time\2.13.0\joda-time-2.13.0.jar;C:\Users\ShashiKumarSidhhalin\.m2\repository\org\apache\commons\commons-configuration2\2.11.0\commons-configuration2-2.11.0.jar;C:\Users\ShashiKumarSidhhalin\.m2\repository\org\apache\commons\commons-lang3\3.17.0\commons-lang3-3.17.0.jar;C:\Users\ShashiKumarSidhhalin\.m2\repository\commons-io\commons-io\2.17.0\commons-io-2.17.0.jar;C:\Users\ShashiKumarSidhhalin\.m2\repository\org\apache\commons\commons-text\1.12.0\commons-text-1.12.0.jar;C:\Users\ShashiKumarSidhhalin\.m2\repository\org\jsoup\jsoup\1.18.1\jsoup-1.18.1.jar;C:\Users\ShashiKumarSidhhalin\.m2\repository\com\googlecode\owasp-java-html-sanitizer\owasp-java-html-sanitizer\20240325.1\owasp-java-html-sanitizer-20240325.1.jar;C:\Users\ShashiKumarSidhhalin\.m2\repository\com\googlecode\owasp-java-html-sanitizer\java8-shim\20240325.1\java8-shim-20240325.1.jar;C:\Users\ShashiKumarSidhhalin\.m2\repository\com\googlecode\owasp-java-html-sanitizer\java10-shim\20240325.1\java10-shim-20240325.1.jar;C:\Users\ShashiKumarSidhhalin\.m2\repository\org\slf4j\slf4j-api\2.0.16\slf4j-api-2.0.16.jar;C:\Users\ShashiKumarSidhhalin\.m2\repository\org\slf4j\jcl-over-slf4j\2.0.16\jcl-over-slf4j-2.0.16.jar;C:\Users\ShashiKumarSidhhalin\.m2\repository\com\github\javafaker\javafaker\1.0.2\javafaker-1.0.2.jar;C:\Users\ShashiKumarSidhhalin\.m2\repository\org\yaml\snakeyaml\1.23\snakeyaml-1.23-android.jar;C:\Users\ShashiKumarSidhhalin\.m2\repository\com\github\mifmif\generex\1.0.2\generex-1.0.2.jar;C:\Users\ShashiKumarSidhhalin\.m2\repository\dk\brics\automaton\automaton\1.11-8\automaton-1.11-8.jar;C:\Users\ShashiKumarSidhhalin\.m2\repository\com\microsoft\sqlserver\mssql-jdbc\12.9.0.jre11-preview\mssql-jdbc-12.9.0.jre11-preview.jar;C:\Users\ShashiKumarSidhhalin\.m2\repository\org\mock-server\mockserver-netty\5.15.0\mockserver-netty-5.15.0.jar;C:\Users\ShashiKumarSidhhalin\.m2\repository\org\mock-server\mockserver-client-java\5.15.0\mockserver-client-java-5.15.0.jar;C:\Users\ShashiKumarSidhhalin\.m2\repository\org\mock-server\mockserver-core\5.15.0\mockserver-core-5.15.0.jar;C:\Users\ShashiKumarSidhhalin\.m2\repository\com\lmax\disruptor\3.4.4\disruptor-3.4.4.jar;C:\Users\ShashiKumarSidhhalin\.m2\repository\javax\servlet\javax.servlet-api\4.0.1\javax.servlet-api-4.0.1.jar;C:\Users\ShashiKumarSidhhalin\.m2\repository\io\netty\netty-codec-socks\4.1.86.Final\netty-codec-socks-4.1.86.Final.jar;C:\Users\ShashiKumarSidhhalin\.m2\repository\io\netty\netty-handler-proxy\4.1.86.Final\netty-handler-proxy-4.1.86.Final.jar;C:\Users\ShashiKumarSidhhalin\.m2\repository\com\jcraft\jzlib\1.1.3\jzlib-1.1.3.jar;C:\Users\ShashiKumarSidhhalin\.m2\repository\com\fasterxml\uuid\java-uuid-generator\4.1.0\java-uuid-generator-4.1.0.jar;C:\Users\ShashiKumarSidhhalin\.m2\repository\org\bouncycastle\bcprov-jdk18on\1.72\bcprov-jdk18on-1.72.jar;C:\Users\ShashiKumarSidhhalin\.m2\repository\org\bouncycastle\bcpkix-jdk18on\1.72\bcpkix-jdk18on-1.72.jar;C:\Users\ShashiKumarSidhhalin\.m2\repository\org\bouncycastle\bcutil-jdk18on\1.72\bcutil-jdk18on-1.72.jar;C:\Users\ShashiKumarSidhhalin\.m2\repository\com\nimbusds\nimbus-jose-jwt\9.28\nimbus-jose-jwt-9.28.jar;C:\Users\ShashiKumarSidhhalin\.m2\repository\com\github\stephenc\jcip\jcip-annotations\1.0-1\jcip-annotations-1.0-1.jar;C:\Users\ShashiKumarSidhhalin\.m2\repository\org\apache\velocity\velocity-engine-scripting\2.3\velocity-engine-scripting-2.3.jar;C:\Users\ShashiKumarSidhhalin\.m2\repository\org\apache\velocity\tools\velocity-tools-generic\3.1\velocity-tools-generic-3.1.jar;C:\Users\ShashiKumarSidhhalin\.m2\repository\commons-beanutils\commons-beanutils\1.9.4\commons-beanutils-1.9.4.jar;C:\Users\ShashiKumarSidhhalin\.m2\repository\commons-logging\commons-logging\1.2\commons-logging-1.2.jar;C:\Users\ShashiKumarSidhhalin\.m2\repository\commons-collections\commons-collections\3.2.2\commons-collections-3.2.2.jar;C:\Users\ShashiKumarSidhhalin\.m2\repository\org\apache\commons\commons-digester3\3.2\commons-digester3-3.2.jar;C:\Users\ShashiKumarSidhhalin\.m2\repository\com\github\cliftonlabs\json-simple\3.0.2\json-simple-3.0.2.jar;C:\Users\ShashiKumarSidhhalin\.m2\repository\com\samskivert\jmustache\1.15\jmustache-1.15.jar;C:\Users\ShashiKumarSidhhalin\.m2\repository\net\javacrumbs\json-unit\json-unit-core\2.36.0\json-unit-core-2.36.0.jar;C:\Users\ShashiKumarSidhhalin\.m2\repository\org\hamcrest\hamcrest-core\2.2\hamcrest-core-2.2.jar;C:\Users\ShashiKumarSidhhalin\.m2\repository\org\hamcrest\hamcrest\2.2\hamcrest-2.2.jar;C:\Users\ShashiKumarSidhhalin\.m2\repository\com\networknt\json-schema-validator\1.0.76\json-schema-validator-1.0.76.jar;C:\Users\ShashiKumarSidhhalin\.m2\repository\com\ethlo\time\itu\1.7.0\itu-1.7.0.jar;C:\Users\ShashiKumarSidhhalin\.m2\repository\io\swagger\parser\v3\swagger-parser\2.1.10\swagger-parser-2.1.10.jar;C:\Users\ShashiKumarSidhhalin\.m2\repository\io\swagger\parser\v3\swagger-parser-v2-converter\2.1.10\swagger-parser-v2-converter-2.1.10.jar;C:\Users\ShashiKumarSidhhalin\.m2\repository\io\swagger\swagger-core\1.6.9\swagger-core-1.6.9.jar;C:\Users\ShashiKumarSidhhalin\.m2\repository\io\swagger\swagger-models\1.6.9\swagger-models-1.6.9.jar;C:\Users\ShashiKumarSidhhalin\.m2\repository\io\swagger\swagger-annotations\1.6.9\swagger-annotations-1.6.9.jar;C:\Users\ShashiKumarSidhhalin\.m2\repository\io\swagger\swagger-parser\1.0.64\swagger-parser-1.0.64.jar;C:\Users\ShashiKumarSidhhalin\.m2\repository\io\swagger\swagger-compat-spec-parser\1.0.64\swagger-compat-spec-parser-1.0.64.jar;C:\Users\ShashiKumarSidhhalin\.m2\repository\com\github\java-json-tools\json-schema-validator\2.2.14\json-schema-validator-2.2.14.jar;C:\Users\ShashiKumarSidhhalin\.m2\repository\com\github\java-json-tools\jackson-coreutils-equivalence\1.0\jackson-coreutils-equivalence-1.0.jar;C:\Users\ShashiKumarSidhhalin\.m2\repository\com\github\java-json-tools\json-schema-core\1.2.14\json-schema-core-1.2.14.jar;C:\Users\ShashiKumarSidhhalin\.m2\repository\com\github\java-json-tools\uri-template\0.10\uri-template-0.10.jar;C:\Users\ShashiKumarSidhhalin\.m2\repository\org\mozilla\rhino\1.7.7.2\rhino-1.7.7.2.jar;C:\Users\ShashiKumarSidhhalin\.m2\repository\com\sun\mail\mailapi\1.6.2\mailapi-1.6.2.jar;C:\Users\ShashiKumarSidhhalin\.m2\repository\com\googlecode\libphonenumber\libphonenumber\8.11.1\libphonenumber-8.11.1.jar;C:\Users\ShashiKumarSidhhalin\.m2\repository\net\sf\jopt-simple\jopt-simple\5.0.4\jopt-simple-5.0.4.jar;C:\Users\ShashiKumarSidhhalin\.m2\repository\com\github\java-json-tools\json-patch\1.13\json-patch-1.13.jar;C:\Users\ShashiKumarSidhhalin\.m2\repository\com\github\java-json-tools\msg-simple\1.2\msg-simple-1.2.jar;C:\Users\ShashiKumarSidhhalin\.m2\repository\com\github\java-json-tools\btf\1.3\btf-1.3.jar;C:\Users\ShashiKumarSidhhalin\.m2\repository\com\github\java-json-tools\jackson-coreutils\2.0\jackson-coreutils-2.0.jar;C:\Users\ShashiKumarSidhhalin\.m2\repository\io\swagger\core\v3\swagger-models\2.2.8\swagger-models-2.2.8.jar;C:\Users\ShashiKumarSidhhalin\.m2\repository\io\swagger\parser\v3\swagger-parser-core\2.1.10\swagger-parser-core-2.1.10.jar;C:\Users\ShashiKumarSidhhalin\.m2\repository\io\swagger\parser\v3\swagger-parser-v3\2.1.10\swagger-parser-v3-2.1.10.jar;C:\Users\ShashiKumarSidhhalin\.m2\repository\io\swagger\core\v3\swagger-core\2.2.8\swagger-core-2.2.8.jar;C:\Users\ShashiKumarSidhhalin\.m2\repository\io\swagger\core\v3\swagger-annotations\2.2.8\swagger-annotations-2.2.8.jar;C:\Users\ShashiKumarSidhhalin\.m2\repository\jakarta\validation\jakarta.validation-api\2.0.2\jakarta.validation-api-2.0.2.jar;C:\Users\ShashiKumarSidhhalin\.m2\repository\com\fasterxml\jackson\dataformat\jackson-dataformat-yaml\2.14.0\jackson-dataformat-yaml-2.14.0.jar;C:\Users\ShashiKumarSidhhalin\.m2\repository\jakarta\xml\bind\jakarta.xml.bind-api\3.0.1\jakarta.xml.bind-api-3.0.1.jar;C:\Users\ShashiKumarSidhhalin\.m2\repository\com\sun\activation\jakarta.activation\2.0.1\jakarta.activation-2.0.1.jar;C:\Users\ShashiKumarSidhhalin\.m2\repository\com\sun\xml\bind\jaxb-impl\4.0.1\jaxb-impl-4.0.1.jar;C:\Users\ShashiKumarSidhhalin\.m2\repository\com\sun\xml\bind\jaxb-core\4.0.1\jaxb-core-4.0.1.jar;C:\Users\ShashiKumarSidhhalin\.m2\repository\org\eclipse\angus\angus-activation\1.0.0\angus-activation-1.0.0.jar;C:\Users\ShashiKumarSidhhalin\.m2\repository\jakarta\activation\jakarta.activation-api\2.1.0\jakarta.activation-api-2.1.0.jar;C:\Users\ShashiKumarSidhhalin\.m2\repository\org\xmlunit\xmlunit-core\2.9.1\xmlunit-core-2.9.1.jar;C:\Users\ShashiKumarSidhhalin\.m2\repository\org\xmlunit\xmlunit-placeholders\2.9.1\xmlunit-placeholders-2.9.1.jar;C:\Users\ShashiKumarSidhhalin\.m2\repository\io\prometheus\simpleclient\0.16.0\simpleclient-0.16.0.jar;C:\Users\ShashiKumarSidhhalin\.m2\repository\io\prometheus\simpleclient_tracer_otel\0.16.0\simpleclient_tracer_otel-0.16.0.jar;C:\Users\ShashiKumarSidhhalin\.m2\repository\io\prometheus\simpleclient_tracer_common\0.16.0\simpleclient_tracer_common-0.16.0.jar;C:\Users\ShashiKumarSidhhalin\.m2\repository\io\prometheus\simpleclient_tracer_otel_agent\0.16.0\simpleclient_tracer_otel_agent-0.16.0.jar;C:\Users\ShashiKumarSidhhalin\.m2\repository\io\prometheus\simpleclient_httpserver\0.16.0\simpleclient_httpserver-0.16.0.jar;C:\Users\ShashiKumarSidhhalin\.m2\repository\io\prometheus\simpleclient_common\0.16.0\simpleclient_common-0.16.0.jar;C:\Users\ShashiKumarSidhhalin\.m2\repository\io\netty\netty-buffer\4.1.86.Final\netty-buffer-4.1.86.Final.jar;C:\Users\ShashiKumarSidhhalin\.m2\repository\io\netty\netty-codec\4.1.86.Final\netty-codec-4.1.86.Final.jar;C:\Users\ShashiKumarSidhhalin\.m2\repository\io\netty\netty-codec-http\4.1.86.Final\netty-codec-http-4.1.86.Final.jar;C:\Users\ShashiKumarSidhhalin\.m2\repository\io\netty\netty-codec-http2\4.1.86.Final\netty-codec-http2-4.1.86.Final.jar;C:\Users\ShashiKumarSidhhalin\.m2\repository\io\netty\netty-common\4.1.86.Final\netty-common-4.1.86.Final.jar;C:\Users\ShashiKumarSidhhalin\.m2\repository\io\netty\netty-handler\4.1.86.Final\netty-handler-4.1.86.Final.jar;C:\Users\ShashiKumarSidhhalin\.m2\repository\io\netty\netty-resolver\4.1.86.Final\netty-resolver-4.1.86.Final.jar;C:\Users\ShashiKumarSidhhalin\.m2\repository\io\netty\netty-transport-native-unix-common\4.1.86.Final\netty-transport-native-unix-common-4.1.86.Final.jar;C:\Users\ShashiKumarSidhhalin\.m2\repository\io\netty\netty-transport\4.1.86.Final\netty-transport-4.1.86.Final.jar;C:\Users\ShashiKumarSidhhalin\.m2\repository\io\netty\netty-tcnative-boringssl-static\2.0.56.Final\netty-tcnative-boringssl-static-2.0.56.Final.jar;C:\Users\ShashiKumarSidhhalin\.m2\repository\io\netty\netty-tcnative-classes\2.0.56.Final\netty-tcnative-classes-2.0.56.Final.jar;C:\Users\ShashiKumarSidhhalin\.m2\repository\io\netty\netty-tcnative-boringssl-static\2.0.56.Final\netty-tcnative-boringssl-static-2.0.56.Final-linux-x86_64.jar;C:\Users\ShashiKumarSidhhalin\.m2\repository\io\netty\netty-tcnative-boringssl-static\2.0.56.Final\netty-tcnative-boringssl-static-2.0.56.Final-linux-aarch_64.jar;C:\Users\ShashiKumarSidhhalin\.m2\repository\io\netty\netty-tcnative-boringssl-static\2.0.56.Final\netty-tcnative-boringssl-static-2.0.56.Final-osx-x86_64.jar;C:\Users\ShashiKumarSidhhalin\.m2\repository\io\netty\netty-tcnative-boringssl-static\2.0.56.Final\netty-tcnative-boringssl-static-2.0.56.Final-osx-aarch_64.jar;C:\Users\ShashiKumarSidhhalin\.m2\repository\io\netty\netty-tcnative-boringssl-static\2.0.56.Final\netty-tcnative-boringssl-static-2.0.56.Final-windows-x86_64.jar;C:\Users\ShashiKumarSidhhalin\.m2\repository\com\google\guava\guava\31.1-jre\guava-31.1-jre.jar;C:\Users\ShashiKumarSidhhalin\.m2\repository\com\google\guava\failureaccess\1.0.1\failureaccess-1.0.1.jar;C:\Users\ShashiKumarSidhhalin\.m2\repository\com\google\guava\listenablefuture\9999.0-empty-to-avoid-conflict-with-guava\listenablefuture-9999.0-empty-to-avoid-conflict-with-guava.jar;C:\Users\ShashiKumarSidhhalin\.m2\repository\com\google\code\findbugs\jsr305\3.0.2\jsr305-3.0.2.jar;C:\Users\ShashiKumarSidhhalin\.m2\repository\org\checkerframework\checker-qual\3.12.0\checker-qual-3.12.0.jar;C:\Users\ShashiKumarSidhhalin\.m2\repository\com\google\errorprone\error_prone_annotations\2.11.0\error_prone_annotations-2.11.0.jar;C:\Users\ShashiKumarSidhhalin\.m2\repository\com\google\j2objc\j2objc-annotations\1.3\j2objc-annotations-1.3.jar;"/>
    <property name="java.vm.vendor" value="Oracle Corporation"/>
    <property name="sun.arch.data.model" value="64"/>
    <property name="user.variant" value=""/>
    <property name="java.vendor.url" value="https://java.oracle.com/"/>
    <property name="user.timezone" value="Asia/Calcutta"/>
    <property name="os.name" value="Windows 10"/>
    <property name="java.vm.specification.version" value="17"/>
    <property name="sun.java.launcher" value="SUN_STANDARD"/>
    <property name="user.country" value="US"/>
    <property name="sun.boot.library.path" value="C:\Program Files\Java\jdk-17\bin"/>
    <property name="sun.java.command" value="C:\Users\ShashiKumarSidhhalin\AppData\Local\Temp\surefire7739559193959207612\surefirebooter-20250214122936013_3.jar C:\Users\ShashiKumarSidhhalin\AppData\Local\Temp\surefire7739559193959207612 2025-02-14T12-29-35_835-jvmRun1 surefire-20250214122936013_1tmp surefire_0-20250214122936013_2tmp"/>
    <property name="jdk.debug" value="release"/>
    <property name="surefire.test.class.path" value="C:\Users\ShashiKumarSidhhalin\Desktop\NewProject\APITest\target\test-classes;C:\Users\ShashiKumarSidhhalin\Desktop\NewProject\APITest\target\classes;C:\Users\ShashiKumarSidhhalin\.m2\repository\io\karatelabs\karate-junit5\1.5.0\karate-junit5-1.5.0.jar;C:\Users\ShashiKumarSidhhalin\.m2\repository\io\karatelabs\karate-core\1.5.0\karate-core-1.5.0.jar;C:\Users\ShashiKumarSidhhalin\.m2\repository\org\graalvm\js\js-scriptengine\24.0.0\js-scriptengine-24.0.0.jar;C:\Users\ShashiKumarSidhhalin\.m2\repository\org\graalvm\polyglot\polyglot\24.0.0\polyglot-24.0.0.jar;C:\Users\ShashiKumarSidhhalin\.m2\repository\org\graalvm\sdk\collections\24.0.0\collections-24.0.0.jar;C:\Users\ShashiKumarSidhhalin\.m2\repository\org\graalvm\sdk\nativeimage\24.0.0\nativeimage-24.0.0.jar;C:\Users\ShashiKumarSidhhalin\.m2\repository\org\graalvm\sdk\word\24.0.0\word-24.0.0.jar;C:\Users\ShashiKumarSidhhalin\.m2\repository\org\graalvm\js\js-language\24.0.0\js-language-24.0.0.jar;C:\Users\ShashiKumarSidhhalin\.m2\repository\org\graalvm\regex\regex\24.0.0\regex-24.0.0.jar;C:\Users\ShashiKumarSidhhalin\.m2\repository\org\graalvm\truffle\truffle-api\24.0.0\truffle-api-24.0.0.jar;C:\Users\ShashiKumarSidhhalin\.m2\repository\org\graalvm\shadowed\icu4j\24.0.0\icu4j-24.0.0.jar;C:\Users\ShashiKumarSidhhalin\.m2\repository\org\thymeleaf\thymeleaf\3.1.2.RELEASE\thymeleaf-3.1.2.RELEASE.jar;C:\Users\ShashiKumarSidhhalin\.m2\repository\ognl\ognl\3.3.4\ognl-3.3.4.jar;C:\Users\ShashiKumarSidhhalin\.m2\repository\org\javassist\javassist\3.29.0-GA\javassist-3.29.0-GA.jar;C:\Users\ShashiKumarSidhhalin\.m2\repository\org\attoparser\attoparser\2.0.7.RELEASE\attoparser-2.0.7.RELEASE.jar;C:\Users\ShashiKumarSidhhalin\.m2\repository\org\unbescape\unbescape\1.1.6.RELEASE\unbescape-1.1.6.RELEASE.jar;C:\Users\ShashiKumarSidhhalin\.m2\repository\com\linecorp\armeria\armeria\1.29.2\armeria-1.29.2.jar;C:\Users\ShashiKumarSidhhalin\.m2\repository\com\fasterxml\jackson\datatype\jackson-datatype-jdk8\2.17.1\jackson-datatype-jdk8-2.17.1.jar;C:\Users\ShashiKumarSidhhalin\.m2\repository\io\micrometer\micrometer-core\1.13.0\micrometer-core-1.13.0.jar;C:\Users\ShashiKumarSidhhalin\.m2\repository\io\micrometer\micrometer-commons\1.13.0\micrometer-commons-1.13.0.jar;C:\Users\ShashiKumarSidhhalin\.m2\repository\io\micrometer\micrometer-observation\1.13.0\micrometer-observation-1.13.0.jar;C:\Users\ShashiKumarSidhhalin\.m2\repository\org\hdrhistogram\HdrHistogram\2.2.1\HdrHistogram-2.2.1.jar;C:\Users\ShashiKumarSidhhalin\.m2\repository\org\latencyutils\LatencyUtils\2.0.3\LatencyUtils-2.0.3.jar;C:\Users\ShashiKumarSidhhalin\.m2\repository\io\netty\netty-codec-haproxy\4.1.110.Final\netty-codec-haproxy-4.1.110.Final.jar;C:\Users\ShashiKumarSidhhalin\.m2\repository\io\netty\netty-resolver-dns\4.1.110.Final\netty-resolver-dns-4.1.110.Final.jar;C:\Users\ShashiKumarSidhhalin\.m2\repository\io\netty\netty-codec-dns\4.1.110.Final\netty-codec-dns-4.1.110.Final.jar;C:\Users\ShashiKumarSidhhalin\.m2\repository\io\netty\netty-transport-native-unix-common\4.1.110.Final\netty-transport-native-unix-common-4.1.110.Final-linux-x86_64.jar;C:\Users\ShashiKumarSidhhalin\.m2\repository\io\netty\netty-transport-native-unix-common\4.1.110.Final\netty-transport-native-unix-common-4.1.110.Final-linux-aarch_64.jar;C:\Users\ShashiKumarSidhhalin\.m2\repository\io\netty\netty-transport-native-unix-common\4.1.110.Final\netty-transport-native-unix-common-4.1.110.Final-osx-x86_64.jar;C:\Users\ShashiKumarSidhhalin\.m2\repository\io\netty\netty-transport-native-unix-common\4.1.110.Final\netty-transport-native-unix-common-4.1.110.Final-osx-aarch_64.jar;C:\Users\ShashiKumarSidhhalin\.m2\repository\org\reactivestreams\reactive-streams\1.0.4\reactive-streams-1.0.4.jar;C:\Users\ShashiKumarSidhhalin\.m2\repository\io\netty\netty-transport-native-epoll\4.1.110.Final\netty-transport-native-epoll-4.1.110.Final-linux-x86_64.jar;C:\Users\ShashiKumarSidhhalin\.m2\repository\io\netty\netty-transport-classes-epoll\4.1.110.Final\netty-transport-classes-epoll-4.1.110.Final.jar;C:\Users\ShashiKumarSidhhalin\.m2\repository\io\netty\netty-transport-native-epoll\4.1.110.Final\netty-transport-native-epoll-4.1.110.Final-linux-aarch_64.jar;C:\Users\ShashiKumarSidhhalin\.m2\repository\io\netty\netty-transport-native-kqueue\4.1.110.Final\netty-transport-native-kqueue-4.1.110.Final-osx-x86_64.jar;C:\Users\ShashiKumarSidhhalin\.m2\repository\io\netty\netty-transport-classes-kqueue\4.1.110.Final\netty-transport-classes-kqueue-4.1.110.Final.jar;C:\Users\ShashiKumarSidhhalin\.m2\repository\io\netty\netty-resolver-dns-native-macos\4.1.110.Final\netty-resolver-dns-native-macos-4.1.110.Final-osx-x86_64.jar;C:\Users\ShashiKumarSidhhalin\.m2\repository\io\netty\netty-resolver-dns-classes-macos\4.1.110.Final\netty-resolver-dns-classes-macos-4.1.110.Final.jar;C:\Users\ShashiKumarSidhhalin\.m2\repository\io\netty\netty-transport-native-kqueue\4.1.110.Final\netty-transport-native-kqueue-4.1.110.Final-osx-aarch_64.jar;C:\Users\ShashiKumarSidhhalin\.m2\repository\io\netty\netty-resolver-dns-native-macos\4.1.110.Final\netty-resolver-dns-native-macos-4.1.110.Final-osx-aarch_64.jar;C:\Users\ShashiKumarSidhhalin\.m2\repository\com\aayushatharva\brotli4j\brotli4j\1.16.0\brotli4j-1.16.0.jar;C:\Users\ShashiKumarSidhhalin\.m2\repository\com\aayushatharva\brotli4j\service\1.16.0\service-1.16.0.jar;C:\Users\ShashiKumarSidhhalin\.m2\repository\com\aayushatharva\brotli4j\native-windows-x86_64\1.16.0\native-windows-x86_64-1.16.0.jar;C:\Users\ShashiKumarSidhhalin\.m2\repository\org\apache\httpcomponents\httpclient\4.5.14\httpclient-4.5.14.jar;C:\Users\ShashiKumarSidhhalin\.m2\repository\org\apache\httpcomponents\httpcore\4.4.16\httpcore-4.4.16.jar;C:\Users\ShashiKumarSidhhalin\.m2\repository\commons-codec\commons-codec\1.16.1\commons-codec-1.16.1.jar;C:\Users\ShashiKumarSidhhalin\.m2\repository\ch\qos\logback\logback-classic\1.5.4\logback-classic-1.5.4.jar;C:\Users\ShashiKumarSidhhalin\.m2\repository\ch\qos\logback\logback-core\1.5.4\logback-core-1.5.4.jar;C:\Users\ShashiKumarSidhhalin\.m2\repository\org\antlr\antlr4-runtime\4.13.1\antlr4-runtime-4.13.1.jar;C:\Users\ShashiKumarSidhhalin\.m2\repository\com\jayway\jsonpath\json-path\2.9.0\json-path-2.9.0.jar;C:\Users\ShashiKumarSidhhalin\.m2\repository\net\minidev\json-smart\2.5.1\json-smart-2.5.1.jar;C:\Users\ShashiKumarSidhhalin\.m2\repository\net\minidev\accessors-smart\2.5.1\accessors-smart-2.5.1.jar;C:\Users\ShashiKumarSidhhalin\.m2\repository\org\ow2\asm\asm\9.6\asm-9.6.jar;C:\Users\ShashiKumarSidhhalin\.m2\repository\org\yaml\snakeyaml\2.2\snakeyaml-2.2.jar;C:\Users\ShashiKumarSidhhalin\.m2\repository\de\siegmar\fastcsv\3.1.0\fastcsv-3.1.0.jar;C:\Users\ShashiKumarSidhhalin\.m2\repository\info\picocli\picocli\4.7.5\picocli-4.7.5.jar;C:\Users\ShashiKumarSidhhalin\.m2\repository\io\github\classgraph\classgraph\4.8.170\classgraph-4.8.170.jar;C:\Users\ShashiKumarSidhhalin\.m2\repository\io\github\t12y\resemble\1.1.0\resemble-1.1.0.jar;C:\Users\ShashiKumarSidhhalin\.m2\repository\io\github\t12y\ssim\1.0.0\ssim-1.0.0.jar;C:\Users\ShashiKumarSidhhalin\.m2\repository\org\junit\jupiter\junit-jupiter-api\5.10.2\junit-jupiter-api-5.10.2.jar;C:\Users\ShashiKumarSidhhalin\.m2\repository\org\opentest4j\opentest4j\1.3.0\opentest4j-1.3.0.jar;C:\Users\ShashiKumarSidhhalin\.m2\repository\org\junit\platform\junit-platform-commons\1.10.2\junit-platform-commons-1.10.2.jar;C:\Users\ShashiKumarSidhhalin\.m2\repository\org\apiguardian\apiguardian-api\1.1.2\apiguardian-api-1.1.2.jar;C:\Users\ShashiKumarSidhhalin\.m2\repository\org\junit\jupiter\junit-jupiter-engine\5.10.2\junit-jupiter-engine-5.10.2.jar;C:\Users\ShashiKumarSidhhalin\.m2\repository\org\junit\platform\junit-platform-engine\1.10.2\junit-platform-engine-1.10.2.jar;C:\Users\ShashiKumarSidhhalin\.m2\repository\io\karatelabs\karate-gatling\1.5.0\karate-gatling-1.5.0.jar;C:\Users\ShashiKumarSidhhalin\.m2\repository\io\gatling\highcharts\gatling-charts-highcharts\3.9.5\gatling-charts-highcharts-3.9.5.jar;C:\Users\ShashiKumarSidhhalin\.m2\repository\io\gatling\gatling-app\3.9.5\gatling-app-3.9.5.jar;C:\Users\ShashiKumarSidhhalin\.m2\repository\io\gatling\gatling-core\3.9.5\gatling-core-3.9.5.jar;C:\Users\ShashiKumarSidhhalin\.m2\repository\io\gatling\gatling-netty-util\3.9.5\gatling-netty-util-3.9.5.jar;C:\Users\ShashiKumarSidhhalin\.m2\repository\io\gatling\gatling-jdk-util\3.9.5\gatling-jdk-util-3.9.5.jar;C:\Users\ShashiKumarSidhhalin\.m2\repository\io\netty\incubator\netty-incubator-transport-native-io_uring\0.0.21.Final\netty-incubator-transport-native-io_uring-0.0.21.Final-linux-x86_64.jar;C:\Users\ShashiKumarSidhhalin\.m2\repository\io\netty\incubator\netty-incubator-transport-classes-io_uring\0.0.21.Final\netty-incubator-transport-classes-io_uring-0.0.21.Final.jar;C:\Users\ShashiKumarSidhhalin\.m2\repository\io\netty\incubator\netty-incubator-transport-native-io_uring\0.0.21.Final\netty-incubator-transport-native-io_uring-0.0.21.Final-linux-aarch_64.jar;C:\Users\ShashiKumarSidhhalin\.m2\repository\io\gatling\gatling-commons\3.9.5\gatling-commons-3.9.5.jar;C:\Users\ShashiKumarSidhhalin\.m2\repository\io\gatling\gatling-commons-shared\3.9.5\gatling-commons-shared-3.9.5.jar;C:\Users\ShashiKumarSidhhalin\.m2\repository\org\scala-lang\scala-reflect\2.13.10\scala-reflect-2.13.10.jar;C:\Users\ShashiKumarSidhhalin\.m2\repository\io\suzaku\boopickle_2.13\1.3.3\boopickle_2.13-1.3.3.jar;C:\Users\ShashiKumarSidhhalin\.m2\repository\io\gatling\gatling-commons-shared-unstable\3.9.5\gatling-commons-shared-unstable-3.9.5.jar;C:\Users\ShashiKumarSidhhalin\.m2\repository\org\typelevel\spire-macros_2.13\0.17.0\spire-macros_2.13-0.17.0.jar;C:\Users\ShashiKumarSidhhalin\.m2\repository\com\typesafe\scala-logging\scala-logging_2.13\3.9.5\scala-logging_2.13-3.9.5.jar;C:\Users\ShashiKumarSidhhalin\.m2\repository\io\gatling\gatling-jsonpath\3.9.5\gatling-jsonpath-3.9.5.jar;C:\Users\ShashiKumarSidhhalin\.m2\repository\com\typesafe\akka\akka-slf4j_2.13\2.6.20\akka-slf4j_2.13-2.6.20.jar;C:\Users\ShashiKumarSidhhalin\.m2\repository\org\simpleflatmapper\lightning-csv\8.2.3\lightning-csv-8.2.3.jar;C:\Users\ShashiKumarSidhhalin\.m2\repository\org\simpleflatmapper\sfm-util\8.2.3\sfm-util-8.2.3.jar;C:\Users\ShashiKumarSidhhalin\.m2\repository\com\github\ben-manes\caffeine\caffeine\2.9.3\caffeine-2.9.3.jar;C:\Users\ShashiKumarSidhhalin\.m2\repository\io\pebbletemplates\pebble\3.2.1\pebble-3.2.1.jar;C:\Users\ShashiKumarSidhhalin\.m2\repository\org\scala-lang\modules\scala-parser-combinators_2.13\2.3.0\scala-parser-combinators_2.13-2.3.0.jar;C:\Users\ShashiKumarSidhhalin\.m2\repository\com\github\scopt\scopt_2.13\3.7.1\scopt_2.13-3.7.1.jar;C:\Users\ShashiKumarSidhhalin\.m2\repository\com\softwaremill\quicklens\quicklens_2.13\1.9.3\quicklens_2.13-1.9.3.jar;C:\Users\ShashiKumarSidhhalin\.m2\repository\net\sf\saxon\Saxon-HE\10.6\Saxon-HE-10.6.jar;C:\Users\ShashiKumarSidhhalin\.m2\repository\org\jodd\jodd-lagarto\6.0.6\jodd-lagarto-6.0.6.jar;C:\Users\ShashiKumarSidhhalin\.m2\repository\org\jodd\jodd-util\6.1.0\jodd-util-6.1.0.jar;C:\Users\ShashiKumarSidhhalin\.m2\repository\io\burt\jmespath-jackson\0.5.1\jmespath-jackson-0.5.1.jar;C:\Users\ShashiKumarSidhhalin\.m2\repository\io\burt\jmespath-core\0.5.1\jmespath-core-0.5.1.jar;C:\Users\ShashiKumarSidhhalin\.m2\repository\io\gatling\gatling-core-java\3.9.5\gatling-core-java-3.9.5.jar;C:\Users\ShashiKumarSidhhalin\.m2\repository\net\jodah\typetools\0.6.3\typetools-0.6.3.jar;C:\Users\ShashiKumarSidhhalin\.m2\repository\io\gatling\gatling-http\3.9.5\gatling-http-3.9.5.jar;C:\Users\ShashiKumarSidhhalin\.m2\repository\io\gatling\gatling-http-client\3.9.5\gatling-http-client-3.9.5.jar;C:\Users\ShashiKumarSidhhalin\.m2\repository\com\aayushatharva\brotli4j\native-linux-x86_64\1.11.0\native-linux-x86_64-1.11.0.jar;C:\Users\ShashiKumarSidhhalin\.m2\repository\com\aayushatharva\brotli4j\native-linux-aarch64\1.11.0\native-linux-aarch64-1.11.0.jar;C:\Users\ShashiKumarSidhhalin\.m2\repository\com\aayushatharva\brotli4j\native-osx-x86_64\1.11.0\native-osx-x86_64-1.11.0.jar;C:\Users\ShashiKumarSidhhalin\.m2\repository\com\aayushatharva\brotli4j\native-osx-aarch64\1.11.0\native-osx-aarch64-1.11.0.jar;C:\Users\ShashiKumarSidhhalin\.m2\repository\io\gatling\gatling-http-java\3.9.5\gatling-http-java-3.9.5.jar;C:\Users\ShashiKumarSidhhalin\.m2\repository\io\gatling\gatling-jms\3.9.5\gatling-jms-3.9.5.jar;C:\Users\ShashiKumarSidhhalin\.m2\repository\javax\jms\javax.jms-api\2.0.1\javax.jms-api-2.0.1.jar;C:\Users\ShashiKumarSidhhalin\.m2\repository\com\eatthepath\fast-uuid\0.2.0\fast-uuid-0.2.0.jar;C:\Users\ShashiKumarSidhhalin\.m2\repository\io\gatling\gatling-jms-java\3.9.5\gatling-jms-java-3.9.5.jar;C:\Users\ShashiKumarSidhhalin\.m2\repository\io\gatling\gatling-mqtt\3.9.5\gatling-mqtt-3.9.5.jar;C:\Users\ShashiKumarSidhhalin\.m2\repository\io\netty\netty-codec-mqtt\4.1.92.Final\netty-codec-mqtt-4.1.92.Final.jar;C:\Users\ShashiKumarSidhhalin\.m2\repository\io\gatling\gatling-mqtt-java\3.9.5\gatling-mqtt-java-3.9.5.jar;C:\Users\ShashiKumarSidhhalin\.m2\repository\io\gatling\gatling-jdbc\3.9.5\gatling-jdbc-3.9.5.jar;C:\Users\ShashiKumarSidhhalin\.m2\repository\io\gatling\gatling-jdbc-java\3.9.5\gatling-jdbc-java-3.9.5.jar;C:\Users\ShashiKumarSidhhalin\.m2\repository\io\gatling\gatling-redis\3.9.5\gatling-redis-3.9.5.jar;C:\Users\ShashiKumarSidhhalin\.m2\repository\net\debasishg\redisclient_2.13\3.42\redisclient_2.13-3.42.jar;C:\Users\ShashiKumarSidhhalin\.m2\repository\org\apache\commons\commons-pool2\2.8.0\commons-pool2-2.8.0.jar;C:\Users\ShashiKumarSidhhalin\.m2\repository\io\gatling\gatling-redis-java\3.9.5\gatling-redis-java-3.9.5.jar;C:\Users\ShashiKumarSidhhalin\.m2\repository\io\gatling\gatling-graphite\3.9.5\gatling-graphite-3.9.5.jar;C:\Users\ShashiKumarSidhhalin\.m2\repository\io\gatling\gatling-charts\3.9.5\gatling-charts-3.9.5.jar;C:\Users\ShashiKumarSidhhalin\.m2\repository\com\tdunning\t-digest\3.1\t-digest-3.1.jar;C:\Users\ShashiKumarSidhhalin\.m2\repository\io\gatling\gatling-recorder\3.9.5\gatling-recorder-3.9.5.jar;C:\Users\ShashiKumarSidhhalin\.m2\repository\org\scala-lang\modules\scala-swing_2.13\3.0.0\scala-swing_2.13-3.0.0.jar;C:\Users\ShashiKumarSidhhalin\.m2\repository\io\gatling\gatling-recorder-bc-shaded\1.73\gatling-recorder-bc-shaded-1.73.jar;C:\Users\ShashiKumarSidhhalin\.m2\repository\com\typesafe\akka\akka-actor_2.13\2.6.20\akka-actor_2.13-2.6.20.jar;C:\Users\ShashiKumarSidhhalin\.m2\repository\com\typesafe\config\1.4.2\config-1.4.2.jar;C:\Users\ShashiKumarSidhhalin\.m2\repository\org\scala-lang\modules\scala-java8-compat_2.13\1.0.0\scala-java8-compat_2.13-1.0.0.jar;C:\Users\ShashiKumarSidhhalin\.m2\repository\org\scala-lang\scala-library\2.13.13\scala-library-2.13.13.jar;C:\Users\ShashiKumarSidhhalin\.m2\repository\net\masterthought\cucumber-reporting\5.8.4\cucumber-reporting-5.8.4.jar;C:\Users\ShashiKumarSidhhalin\.m2\repository\com\fasterxml\jackson\core\jackson-databind\2.18.1\jackson-databind-2.18.1.jar;C:\Users\ShashiKumarSidhhalin\.m2\repository\com\fasterxml\jackson\core\jackson-annotations\2.18.1\jackson-annotations-2.18.1.jar;C:\Users\ShashiKumarSidhhalin\.m2\repository\com\fasterxml\jackson\core\jackson-core\2.18.1\jackson-core-2.18.1.jar;C:\Users\ShashiKumarSidhhalin\.m2\repository\com\fasterxml\jackson\datatype\jackson-datatype-jsr310\2.18.1\jackson-datatype-jsr310-2.18.1.jar;C:\Users\ShashiKumarSidhhalin\.m2\repository\org\apache\velocity\velocity-engine-core\2.4.1\velocity-engine-core-2.4.1.jar;C:\Users\ShashiKumarSidhhalin\.m2\repository\joda-time\joda-time\2.13.0\joda-time-2.13.0.jar;C:\Users\ShashiKumarSidhhalin\.m2\repository\org\apache\commons\commons-configuration2\2.11.0\commons-configuration2-2.11.0.jar;C:\Users\ShashiKumarSidhhalin\.m2\repository\org\apache\commons\commons-lang3\3.17.0\commons-lang3-3.17.0.jar;C:\Users\ShashiKumarSidhhalin\.m2\repository\commons-io\commons-io\2.17.0\commons-io-2.17.0.jar;C:\Users\ShashiKumarSidhhalin\.m2\repository\org\apache\commons\commons-text\1.12.0\commons-text-1.12.0.jar;C:\Users\ShashiKumarSidhhalin\.m2\repository\org\jsoup\jsoup\1.18.1\jsoup-1.18.1.jar;C:\Users\ShashiKumarSidhhalin\.m2\repository\com\googlecode\owasp-java-html-sanitizer\owasp-java-html-sanitizer\20240325.1\owasp-java-html-sanitizer-20240325.1.jar;C:\Users\ShashiKumarSidhhalin\.m2\repository\com\googlecode\owasp-java-html-sanitizer\java8-shim\20240325.1\java8-shim-20240325.1.jar;C:\Users\ShashiKumarSidhhalin\.m2\repository\com\googlecode\owasp-java-html-sanitizer\java10-shim\20240325.1\java10-shim-20240325.1.jar;C:\Users\ShashiKumarSidhhalin\.m2\repository\org\slf4j\slf4j-api\2.0.16\slf4j-api-2.0.16.jar;C:\Users\ShashiKumarSidhhalin\.m2\repository\org\slf4j\jcl-over-slf4j\2.0.16\jcl-over-slf4j-2.0.16.jar;C:\Users\ShashiKumarSidhhalin\.m2\repository\com\github\javafaker\javafaker\1.0.2\javafaker-1.0.2.jar;C:\Users\ShashiKumarSidhhalin\.m2\repository\org\yaml\snakeyaml\1.23\snakeyaml-1.23-android.jar;C:\Users\ShashiKumarSidhhalin\.m2\repository\com\github\mifmif\generex\1.0.2\generex-1.0.2.jar;C:\Users\ShashiKumarSidhhalin\.m2\repository\dk\brics\automaton\automaton\1.11-8\automaton-1.11-8.jar;C:\Users\ShashiKumarSidhhalin\.m2\repository\com\microsoft\sqlserver\mssql-jdbc\12.9.0.jre11-preview\mssql-jdbc-12.9.0.jre11-preview.jar;C:\Users\ShashiKumarSidhhalin\.m2\repository\org\mock-server\mockserver-netty\5.15.0\mockserver-netty-5.15.0.jar;C:\Users\ShashiKumarSidhhalin\.m2\repository\org\mock-server\mockserver-client-java\5.15.0\mockserver-client-java-5.15.0.jar;C:\Users\ShashiKumarSidhhalin\.m2\repository\org\mock-server\mockserver-core\5.15.0\mockserver-core-5.15.0.jar;C:\Users\ShashiKumarSidhhalin\.m2\repository\com\lmax\disruptor\3.4.4\disruptor-3.4.4.jar;C:\Users\ShashiKumarSidhhalin\.m2\repository\javax\servlet\javax.servlet-api\4.0.1\javax.servlet-api-4.0.1.jar;C:\Users\ShashiKumarSidhhalin\.m2\repository\io\netty\netty-codec-socks\4.1.86.Final\netty-codec-socks-4.1.86.Final.jar;C:\Users\ShashiKumarSidhhalin\.m2\repository\io\netty\netty-handler-proxy\4.1.86.Final\netty-handler-proxy-4.1.86.Final.jar;C:\Users\ShashiKumarSidhhalin\.m2\repository\com\jcraft\jzlib\1.1.3\jzlib-1.1.3.jar;C:\Users\ShashiKumarSidhhalin\.m2\repository\com\fasterxml\uuid\java-uuid-generator\4.1.0\java-uuid-generator-4.1.0.jar;C:\Users\ShashiKumarSidhhalin\.m2\repository\org\bouncycastle\bcprov-jdk18on\1.72\bcprov-jdk18on-1.72.jar;C:\Users\ShashiKumarSidhhalin\.m2\repository\org\bouncycastle\bcpkix-jdk18on\1.72\bcpkix-jdk18on-1.72.jar;C:\Users\ShashiKumarSidhhalin\.m2\repository\org\bouncycastle\bcutil-jdk18on\1.72\bcutil-jdk18on-1.72.jar;C:\Users\ShashiKumarSidhhalin\.m2\repository\com\nimbusds\nimbus-jose-jwt\9.28\nimbus-jose-jwt-9.28.jar;C:\Users\ShashiKumarSidhhalin\.m2\repository\com\github\stephenc\jcip\jcip-annotations\1.0-1\jcip-annotations-1.0-1.jar;C:\Users\ShashiKumarSidhhalin\.m2\repository\org\apache\velocity\velocity-engine-scripting\2.3\velocity-engine-scripting-2.3.jar;C:\Users\ShashiKumarSidhhalin\.m2\repository\org\apache\velocity\tools\velocity-tools-generic\3.1\velocity-tools-generic-3.1.jar;C:\Users\ShashiKumarSidhhalin\.m2\repository\commons-beanutils\commons-beanutils\1.9.4\commons-beanutils-1.9.4.jar;C:\Users\ShashiKumarSidhhalin\.m2\repository\commons-logging\commons-logging\1.2\commons-logging-1.2.jar;C:\Users\ShashiKumarSidhhalin\.m2\repository\commons-collections\commons-collections\3.2.2\commons-collections-3.2.2.jar;C:\Users\ShashiKumarSidhhalin\.m2\repository\org\apache\commons\commons-digester3\3.2\commons-digester3-3.2.jar;C:\Users\ShashiKumarSidhhalin\.m2\repository\com\github\cliftonlabs\json-simple\3.0.2\json-simple-3.0.2.jar;C:\Users\ShashiKumarSidhhalin\.m2\repository\com\samskivert\jmustache\1.15\jmustache-1.15.jar;C:\Users\ShashiKumarSidhhalin\.m2\repository\net\javacrumbs\json-unit\json-unit-core\2.36.0\json-unit-core-2.36.0.jar;C:\Users\ShashiKumarSidhhalin\.m2\repository\org\hamcrest\hamcrest-core\2.2\hamcrest-core-2.2.jar;C:\Users\ShashiKumarSidhhalin\.m2\repository\org\hamcrest\hamcrest\2.2\hamcrest-2.2.jar;C:\Users\ShashiKumarSidhhalin\.m2\repository\com\networknt\json-schema-validator\1.0.76\json-schema-validator-1.0.76.jar;C:\Users\ShashiKumarSidhhalin\.m2\repository\com\ethlo\time\itu\1.7.0\itu-1.7.0.jar;C:\Users\ShashiKumarSidhhalin\.m2\repository\io\swagger\parser\v3\swagger-parser\2.1.10\swagger-parser-2.1.10.jar;C:\Users\ShashiKumarSidhhalin\.m2\repository\io\swagger\parser\v3\swagger-parser-v2-converter\2.1.10\swagger-parser-v2-converter-2.1.10.jar;C:\Users\ShashiKumarSidhhalin\.m2\repository\io\swagger\swagger-core\1.6.9\swagger-core-1.6.9.jar;C:\Users\ShashiKumarSidhhalin\.m2\repository\io\swagger\swagger-models\1.6.9\swagger-models-1.6.9.jar;C:\Users\ShashiKumarSidhhalin\.m2\repository\io\swagger\swagger-annotations\1.6.9\swagger-annotations-1.6.9.jar;C:\Users\ShashiKumarSidhhalin\.m2\repository\io\swagger\swagger-parser\1.0.64\swagger-parser-1.0.64.jar;C:\Users\ShashiKumarSidhhalin\.m2\repository\io\swagger\swagger-compat-spec-parser\1.0.64\swagger-compat-spec-parser-1.0.64.jar;C:\Users\ShashiKumarSidhhalin\.m2\repository\com\github\java-json-tools\json-schema-validator\2.2.14\json-schema-validator-2.2.14.jar;C:\Users\ShashiKumarSidhhalin\.m2\repository\com\github\java-json-tools\jackson-coreutils-equivalence\1.0\jackson-coreutils-equivalence-1.0.jar;C:\Users\ShashiKumarSidhhalin\.m2\repository\com\github\java-json-tools\json-schema-core\1.2.14\json-schema-core-1.2.14.jar;C:\Users\ShashiKumarSidhhalin\.m2\repository\com\github\java-json-tools\uri-template\0.10\uri-template-0.10.jar;C:\Users\ShashiKumarSidhhalin\.m2\repository\org\mozilla\rhino\1.7.7.2\rhino-1.7.7.2.jar;C:\Users\ShashiKumarSidhhalin\.m2\repository\com\sun\mail\mailapi\1.6.2\mailapi-1.6.2.jar;C:\Users\ShashiKumarSidhhalin\.m2\repository\com\googlecode\libphonenumber\libphonenumber\8.11.1\libphonenumber-8.11.1.jar;C:\Users\ShashiKumarSidhhalin\.m2\repository\net\sf\jopt-simple\jopt-simple\5.0.4\jopt-simple-5.0.4.jar;C:\Users\ShashiKumarSidhhalin\.m2\repository\com\github\java-json-tools\json-patch\1.13\json-patch-1.13.jar;C:\Users\ShashiKumarSidhhalin\.m2\repository\com\github\java-json-tools\msg-simple\1.2\msg-simple-1.2.jar;C:\Users\ShashiKumarSidhhalin\.m2\repository\com\github\java-json-tools\btf\1.3\btf-1.3.jar;C:\Users\ShashiKumarSidhhalin\.m2\repository\com\github\java-json-tools\jackson-coreutils\2.0\jackson-coreutils-2.0.jar;C:\Users\ShashiKumarSidhhalin\.m2\repository\io\swagger\core\v3\swagger-models\2.2.8\swagger-models-2.2.8.jar;C:\Users\ShashiKumarSidhhalin\.m2\repository\io\swagger\parser\v3\swagger-parser-core\2.1.10\swagger-parser-core-2.1.10.jar;C:\Users\ShashiKumarSidhhalin\.m2\repository\io\swagger\parser\v3\swagger-parser-v3\2.1.10\swagger-parser-v3-2.1.10.jar;C:\Users\ShashiKumarSidhhalin\.m2\repository\io\swagger\core\v3\swagger-core\2.2.8\swagger-core-2.2.8.jar;C:\Users\ShashiKumarSidhhalin\.m2\repository\io\swagger\core\v3\swagger-annotations\2.2.8\swagger-annotations-2.2.8.jar;C:\Users\ShashiKumarSidhhalin\.m2\repository\jakarta\validation\jakarta.validation-api\2.0.2\jakarta.validation-api-2.0.2.jar;C:\Users\ShashiKumarSidhhalin\.m2\repository\com\fasterxml\jackson\dataformat\jackson-dataformat-yaml\2.14.0\jackson-dataformat-yaml-2.14.0.jar;C:\Users\ShashiKumarSidhhalin\.m2\repository\jakarta\xml\bind\jakarta.xml.bind-api\3.0.1\jakarta.xml.bind-api-3.0.1.jar;C:\Users\ShashiKumarSidhhalin\.m2\repository\com\sun\activation\jakarta.activation\2.0.1\jakarta.activation-2.0.1.jar;C:\Users\ShashiKumarSidhhalin\.m2\repository\com\sun\xml\bind\jaxb-impl\4.0.1\jaxb-impl-4.0.1.jar;C:\Users\ShashiKumarSidhhalin\.m2\repository\com\sun\xml\bind\jaxb-core\4.0.1\jaxb-core-4.0.1.jar;C:\Users\ShashiKumarSidhhalin\.m2\repository\org\eclipse\angus\angus-activation\1.0.0\angus-activation-1.0.0.jar;C:\Users\ShashiKumarSidhhalin\.m2\repository\jakarta\activation\jakarta.activation-api\2.1.0\jakarta.activation-api-2.1.0.jar;C:\Users\ShashiKumarSidhhalin\.m2\repository\org\xmlunit\xmlunit-core\2.9.1\xmlunit-core-2.9.1.jar;C:\Users\ShashiKumarSidhhalin\.m2\repository\org\xmlunit\xmlunit-placeholders\2.9.1\xmlunit-placeholders-2.9.1.jar;C:\Users\ShashiKumarSidhhalin\.m2\repository\io\prometheus\simpleclient\0.16.0\simpleclient-0.16.0.jar;C:\Users\ShashiKumarSidhhalin\.m2\repository\io\prometheus\simpleclient_tracer_otel\0.16.0\simpleclient_tracer_otel-0.16.0.jar;C:\Users\ShashiKumarSidhhalin\.m2\repository\io\prometheus\simpleclient_tracer_common\0.16.0\simpleclient_tracer_common-0.16.0.jar;C:\Users\ShashiKumarSidhhalin\.m2\repository\io\prometheus\simpleclient_tracer_otel_agent\0.16.0\simpleclient_tracer_otel_agent-0.16.0.jar;C:\Users\ShashiKumarSidhhalin\.m2\repository\io\prometheus\simpleclient_httpserver\0.16.0\simpleclient_httpserver-0.16.0.jar;C:\Users\ShashiKumarSidhhalin\.m2\repository\io\prometheus\simpleclient_common\0.16.0\simpleclient_common-0.16.0.jar;C:\Users\ShashiKumarSidhhalin\.m2\repository\io\netty\netty-buffer\4.1.86.Final\netty-buffer-4.1.86.Final.jar;C:\Users\ShashiKumarSidhhalin\.m2\repository\io\netty\netty-codec\4.1.86.Final\netty-codec-4.1.86.Final.jar;C:\Users\ShashiKumarSidhhalin\.m2\repository\io\netty\netty-codec-http\4.1.86.Final\netty-codec-http-4.1.86.Final.jar;C:\Users\ShashiKumarSidhhalin\.m2\repository\io\netty\netty-codec-http2\4.1.86.Final\netty-codec-http2-4.1.86.Final.jar;C:\Users\ShashiKumarSidhhalin\.m2\repository\io\netty\netty-common\4.1.86.Final\netty-common-4.1.86.Final.jar;C:\Users\ShashiKumarSidhhalin\.m2\repository\io\netty\netty-handler\4.1.86.Final\netty-handler-4.1.86.Final.jar;C:\Users\ShashiKumarSidhhalin\.m2\repository\io\netty\netty-resolver\4.1.86.Final\netty-resolver-4.1.86.Final.jar;C:\Users\ShashiKumarSidhhalin\.m2\repository\io\netty\netty-transport-native-unix-common\4.1.86.Final\netty-transport-native-unix-common-4.1.86.Final.jar;C:\Users\ShashiKumarSidhhalin\.m2\repository\io\netty\netty-transport\4.1.86.Final\netty-transport-4.1.86.Final.jar;C:\Users\ShashiKumarSidhhalin\.m2\repository\io\netty\netty-tcnative-boringssl-static\2.0.56.Final\netty-tcnative-boringssl-static-2.0.56.Final.jar;C:\Users\ShashiKumarSidhhalin\.m2\repository\io\netty\netty-tcnative-classes\2.0.56.Final\netty-tcnative-classes-2.0.56.Final.jar;C:\Users\ShashiKumarSidhhalin\.m2\repository\io\netty\netty-tcnative-boringssl-static\2.0.56.Final\netty-tcnative-boringssl-static-2.0.56.Final-linux-x86_64.jar;C:\Users\ShashiKumarSidhhalin\.m2\repository\io\netty\netty-tcnative-boringssl-static\2.0.56.Final\netty-tcnative-boringssl-static-2.0.56.Final-linux-aarch_64.jar;C:\Users\ShashiKumarSidhhalin\.m2\repository\io\netty\netty-tcnative-boringssl-static\2.0.56.Final\netty-tcnative-boringssl-static-2.0.56.Final-osx-x86_64.jar;C:\Users\ShashiKumarSidhhalin\.m2\repository\io\netty\netty-tcnative-boringssl-static\2.0.56.Final\netty-tcnative-boringssl-static-2.0.56.Final-osx-aarch_64.jar;C:\Users\ShashiKumarSidhhalin\.m2\repository\io\netty\netty-tcnative-boringssl-static\2.0.56.Final\netty-tcnative-boringssl-static-2.0.56.Final-windows-x86_64.jar;C:\Users\ShashiKumarSidhhalin\.m2\repository\com\google\guava\guava\31.1-jre\guava-31.1-jre.jar;C:\Users\ShashiKumarSidhhalin\.m2\repository\com\google\guava\failureaccess\1.0.1\failureaccess-1.0.1.jar;C:\Users\ShashiKumarSidhhalin\.m2\repository\com\google\guava\listenablefuture\9999.0-empty-to-avoid-conflict-with-guava\listenablefuture-9999.0-empty-to-avoid-conflict-with-guava.jar;C:\Users\ShashiKumarSidhhalin\.m2\repository\com\google\code\findbugs\jsr305\3.0.2\jsr305-3.0.2.jar;C:\Users\ShashiKumarSidhhalin\.m2\repository\org\checkerframework\checker-qual\3.12.0\checker-qual-3.12.0.jar;C:\Users\ShashiKumarSidhhalin\.m2\repository\com\google\errorprone\error_prone_annotations\2.11.0\error_prone_annotations-2.11.0.jar;C:\Users\ShashiKumarSidhhalin\.m2\repository\com\google\j2objc\j2objc-annotations\1.3\j2objc-annotations-1.3.jar;"/>
    <property name="sun.cpu.endian" value="little"/>
    <property name="user.home" value="C:\Users\ShashiKumarSidhhalin"/>
    <property name="user.language" value="en"/>
    <property name="java.specification.vendor" value="Oracle Corporation"/>
    <property name="java.version.date" value="2024-01-16"/>
    <property name="java.home" value="C:\Program Files\Java\jdk-17"/>
    <property name="file.separator" value="\"/>
    <property name="basedir" value="C:\Users\ShashiKumarSidhhalin\Desktop\NewProject\APITest"/>
    <property name="java.vm.compressedOopsMode" value="32-bit"/>
    <property name="line.separator" value="&#10;"/>
    <property name="java.vm.specification.vendor" value="Oracle Corporation"/>
    <property name="java.specification.name" value="Java Platform API Specification"/>
    <property name="surefire.real.class.path" value="C:\Users\ShashiKumarSidhhalin\AppData\Local\Temp\surefire7739559193959207612\surefirebooter-20250214122936013_3.jar"/>
    <property name="user.script" value=""/>
    <property name="sun.management.compiler" value="HotSpot 64-Bit Tiered Compilers"/>
    <property name="java.runtime.version" value="17.0.10+11-LTS-240"/>
    <property name="user.name" value="ShashiKumarSidhhalin"/>
    <property name="path.separator" value=";"/>
    <property name="os.version" value="10.0"/>
    <property name="java.runtime.name" value="Java(TM) SE Runtime Environment"/>
    <property name="file.encoding" value="Cp1252"/>
    <property name="java.vm.name" value="Java HotSpot(TM) 64-Bit Server VM"/>
    <property name="localRepository" value="C:\Users\ShashiKumarSidhhalin\.m2\repository"/>
    <property name="java.vendor.url.bug" value="https://bugreport.java.com/bugreport/"/>
    <property name="java.io.tmpdir" value="C:\Users\SHASHI~1\AppData\Local\Temp\"/>
    <property name="java.version" value="17.0.10"/>
    <property name="user.dir" value="C:\Users\ShashiKumarSidhhalin\Desktop\NewProject\APITest"/>
    <property name="os.arch" value="amd64"/>
    <property name="java.vm.specification.name" value="Java Virtual Machine Specification"/>
    <property name="sun.os.patch.level" value=""/>
    <property name="native.encoding" value="Cp1252"/>
    <property name="java.library.path" value="C:\Program Files\Java\jdk-17\bin;C:\Windows\Sun\Java\bin;C:\Windows\system32;C:\Windows;C:\Users\ShashiKumarSidhhalin\bin;C:\Program Files\Git\mingw64\bin;C:\Program Files\Git\usr\local\bin;C:\Program Files\Git\usr\bin;C:\Program Files\Git\usr\bin;C:\Program Files\Git\mingw64\bin;C:\Program Files\Git\usr\bin;C:\Users\ShashiKumarSidhhalin\bin;C:\Program Files\Common Files\Oracle\Java\javapath;C:\Program Files (x86)\Common Files\Oracle\Java\javapath;C:\Python312\Scripts;C:\Python312;C:\Windows\system32;C:\Windows;C:\Windows\System32\Wbem;C:\Windows\System32\WindowsPowerShell\v1.0;C:\Windows\System32\OpenSSH;C:\Program Files\Microsoft SQL Server\150\Tools\Binn;C:\Program Files\Microsoft SQL Server\Client SDK\ODBC\170\Tools\Binn;C:\Program Files\dotnet;C:\Program Files (x86)\Microsoft SQL Server\160\DTS\Binn;C:\Program Files\Azure Data Studio\bin;C:\Program Files\Microsoft SQL Server\130\Tools\Binn;C:\Program Files\nodejs;C:\ProgramData\chocolatey\bin;C:\Users\ShashiKumarSidhhalin\AppData\Local\Android\Sdk\platform-tools;C:\Program Files\Mavan\apache-maven-3.9.6\bin;C:\Program Files\Git\cmd;C:\Users\ShashiKumarSidhhalin\AppData\Local\Microsoft\WindowsApps;C:\Users\ShashiKumarSidhhalin\AppData\Local\GitHubDesktop\bin;C:\Users\ShashiKumarSidhhalin\AppData\Local\Programs\Microsoft VS Code\bin;C:\Users\ShashiKumarSidhhalin\AppData\Roaming\npm;C:\Users\ShashiKumarSidhhalin\.dotnet\tools;C:\Users\ShashiKumarSidhhalin\AppData\Local\Programs\Azure Data Studio\bin;C:\Users\ShashiKumarSidhhalin\AppData\Local\Programs\DDN_CLI;C:\Users\ShashiKumarSidhhalin\AppData\Roaming\Code\User\globalStorage\github.copilot-chat\debugCommand;C:\Program Files\Git\usr\bin\vendor_perl;C:\Program Files\Git\usr\bin\core_perl;."/>
    <property name="java.vm.info" value="mixed mode, sharing"/>
    <property name="java.vendor" value="Oracle Corporation"/>
    <property name="java.vm.version" value="17.0.10+11-LTS-240"/>
    <property name="sun.io.unicode.encoding" value="UnicodeLittle"/>
    <property name="java.class.version" value="61.0"/>
  </properties>
  <testcase name="testParallel" classname="PostmanAPI.TestRunner" time="28.822">
    <system-out><![CDATA[12:29:39.348 [main] DEBUG com.intuit.karate.Suite - [config] classpath:karate-config.js
12:29:39.361 [main] WARN  com.intuit.karate.Suite - failed to backup existing dir: target\karate-reports
12:29:39.371 [main] DEBUG com.intuit.karate.Suite - waiting for 9 features to complete
12:29:42.292 [pool-2-thread-2] INFO  com.intuit.karate - karate.env system property was: null 
12:29:42.293 [pool-2-thread-1] INFO  com.intuit.karate - karate.env system property was: null 
12:29:42.292 [pool-2-thread-5] INFO  com.intuit.karate - karate.env system property was: null 
12:29:42.296 [pool-2-thread-3] INFO  com.intuit.karate - karate.env system property was: null 
12:29:42.297 [pool-2-thread-4] INFO  com.intuit.karate - karate.env system property was: null 
12:29:43.428 [pool-2-thread-4] DEBUG com.intuit.karate - request:
1 > POST https://api.getpostman.com/workspaces
1 > x-api-key: PMAK-67a1fd6a1bd33e0001398b39-8f7df1a19b801ffe2ebdd25b9b6fc3bdfb
1 > Content-Type: application/json; charset=UTF-8
1 > Content-Length: 92
1 > Host: api.getpostman.com
1 > Connection: Keep-Alive
1 > User-Agent: Apache-HttpClient/4.5.14 (Java/17.0.10)
1 > Accept-Encoding: gzip,deflate
{"workspace":{"name":"karateWorkSpace","type":"personal","description":"MYWorkSpaceKarate"}}

12:29:43.428 [pool-2-thread-5] DEBUG com.intuit.karate - request:
1 > POST https://api.getpostman.com/workspaces
1 > x-api-key: PMAK-67a1fd6a1bd33e0001398b39-8f7df1a19b801ffe2ebdd25b9b6fc3bdfb
1 > Content-Type: application/json; charset=UTF-8
1 > Content-Length: 92
1 > Host: api.getpostman.com
1 > Connection: Keep-Alive
1 > User-Agent: Apache-HttpClient/4.5.14 (Java/17.0.10)
1 > Accept-Encoding: gzip,deflate
{"workspace":{"name":"karateWorkSpace","type":"personal","description":"MYWorkSpaceKarate"}}

12:29:43.428 [pool-2-thread-1] DEBUG com.intuit.karate - request:
1 > POST https://bimhep-qa.bimnetworkstech.com/api/hostedEnrollment/consumerEnrollment
1 > Content-Type: application/json; charset=UTF-8
1 > Accept: */*
1 > Content-Length: 217
1 > Host: bimhep-qa.bimnetworkstech.com
1 > Connection: Keep-Alive
1 > User-Agent: Apache-HttpClient/4.5.14 (Java/17.0.10)
1 > Accept-Encoding: gzip,deflate
{"emailAddress":"shawna13@test.com","firstName":"Yvonne","lastName":"Gelina","pin":"9394","partnerId":"MTI3","mobilePhoneNumber":"777-735-8383","ConsumerDefinedFields":["","AUHW","022993543","V","","","","","","",""]}

12:29:43.428 [pool-2-thread-2] DEBUG com.intuit.karate - request:
1 > POST https://api.getpostman.com/collections
1 > x-api-key: PMAK-67a1fd6a1bd33e0001398b39-8f7df1a19b801ffe2ebdd25b9b6fc3bdfb
1 > Content-Type: application/json; charset=UTF-8
1 > Content-Length: 652
1 > Host: api.getpostman.com
1 > Connection: Keep-Alive
1 > User-Agent: Apache-HttpClient/4.5.14 (Java/17.0.10)
1 > Accept-Encoding: gzip,deflate
{"collection":{"info":{"name":"Walys Flowers","description":"This collection makes a request to the Postman Echo service to get a list of request headers sent by an HTTP client.","schema":"https:\/\/schema.getpostman.com\/json\/collection\/v2.1.0\/collection.json"},"item":[{"name":"Test GET Response","event":[{"listen":"test","script":{"id":"7d2334fc-a84a-4c3d-b26c-7529afa4c0ae","exec":["pm.test(\"Status code is 200\", function () {","    pm.response.to.have.status(200);","});"],"type":"text\/javascript"}}],"request":{"url":"https:\/\/echo.getpostman.com\/headers","method":"GET","header":[{"key":"Content-Type","value":"application\/json"}]}}]}}

12:29:43.428 [pool-2-thread-3] DEBUG com.intuit.karate - request:
1 > POST https://api.getpostman.com/collections
1 > x-api-key: PMAK-67a1fd6a1bd33e0001398b39-8f7df1a19b801ffe2ebdd25b9b6fc3bdfb
1 > Content-Type: application/json; charset=UTF-8
1 > Content-Length: 651
1 > Host: api.getpostman.com
1 > Connection: Keep-Alive
1 > User-Agent: Apache-HttpClient/4.5.14 (Java/17.0.10)
1 > Accept-Encoding: gzip,deflate
{"collection":{"info":{"name":"Alyn Ambrose","description":"This collection makes a request to the Postman Echo service to get a list of request headers sent by an HTTP client.","schema":"https:\/\/schema.getpostman.com\/json\/collection\/v2.1.0\/collection.json"},"item":[{"name":"Test GET Response","event":[{"listen":"test","script":{"id":"7d2334fc-a84a-4c3d-b26c-7529afa4c0ae","exec":["pm.test(\"Status code is 200\", function () {","    pm.response.to.have.status(200);","});"],"type":"text\/javascript"}}],"request":{"url":"https:\/\/echo.getpostman.com\/headers","method":"GET","header":[{"key":"Content-Type","value":"application\/json"}]}}]}}

12:29:45.225 [pool-2-thread-4] DEBUG com.intuit.karate - response time in milliseconds: 1790
1 < 200
1 < Date: Fri, 14 Feb 2025 06:59:44 GMT
1 < Content-Type: application/json; charset=utf-8
1 < Content-Length: 84
1 < Connection: keep-alive
1 < Server: nginx
1 < x-frame-options: deny
1 < x-xss-protection: 1; mode=block
1 < x-content-type-options: nosniff
1 < referrer-policy: no-referrer-when-downgrade
1 < access-control-allow-origin: *
1 < access-control-allow-methods: GET,POST,PUT,DELETE
1 < access-control-allow-headers: content-type,x-api-key
1 < access-control-allow-credentials: false
1 < x-ratelimit-limit: 300
1 < x-ratelimit-reset: 59
1 < x-ratelimit-remaining: 298
1 < ratelimit: limit=300, remaining=298, reset=59
1 < ratelimit-policy: 300;w=60
1 < ratelimit-limit: 300
1 < ratelimit-remaining: 298
1 < ratelimit-reset: 59
1 < ratelimit-limit-month: 10000
1 < ratelimit-remaining-month: 5294
1 < x-ratelimit-limit-month: 10000
1 < x-ratelimit-remaining-month: 5294
1 < uWebSockets: 20
{"workspace":{"id":"0c1ae8ab-2be4-46d0-b09e-3910aaab6ec3","name":"karateWorkSpace"}}

12:29:45.233 [pool-2-thread-4] INFO  com.intuit.karate - [print] 0c1ae8ab-2be4-46d0-b09e-3910aaab6ec3 
12:29:45.238 [pool-2-thread-4] INFO  com.intuit.karate - [print] DEBUG: Workspace ID -> 0c1ae8ab-2be4-46d0-b09e-3910aaab6ec3 
12:29:45.255 [pool-2-thread-4] DEBUG com.intuit.karate - request:
1 > GET https://api.getpostman.com/workspaces/0c1ae8ab-2be4-46d0-b09e-3910aaab6ec3
1 > x-api-key: PMAK-67a1fd6a1bd33e0001398b39-8f7df1a19b801ffe2ebdd25b9b6fc3bdfb
1 > Host: api.getpostman.com
1 > Connection: Keep-Alive
1 > User-Agent: Apache-HttpClient/4.5.14 (Java/17.0.10)
1 > Accept-Encoding: gzip,deflate


12:29:45.730 [pool-2-thread-5] DEBUG com.intuit.karate - response time in milliseconds: 2301
1 < 200
1 < Date: Fri, 14 Feb 2025 06:59:45 GMT
1 < Content-Type: application/json; charset=utf-8
1 < Content-Length: 84
1 < Connection: keep-alive
1 < Server: nginx
1 < x-frame-options: deny
1 < x-xss-protection: 1; mode=block
1 < x-content-type-options: nosniff
1 < referrer-policy: no-referrer-when-downgrade
1 < access-control-allow-origin: *
1 < access-control-allow-methods: GET,POST,PUT,DELETE
1 < access-control-allow-headers: content-type,x-api-key
1 < access-control-allow-credentials: false
1 < x-ratelimit-limit: 300
1 < x-ratelimit-reset: 59
1 < x-ratelimit-remaining: 296
1 < ratelimit: limit=300, remaining=296, reset=59
1 < ratelimit-policy: 300;w=60
1 < ratelimit-limit: 300
1 < ratelimit-remaining: 296
1 < ratelimit-reset: 59
1 < ratelimit-limit-month: 10000
1 < ratelimit-remaining-month: 5292
1 < x-ratelimit-limit-month: 10000
1 < x-ratelimit-remaining-month: 5292
1 < uWebSockets: 20
{"workspace":{"id":"c8cbd75d-1596-4f6b-98c1-62df2db03f23","name":"karateWorkSpace"}}

12:29:45.735 [pool-2-thread-5] INFO  com.intuit.karate - [print] c8cbd75d-1596-4f6b-98c1-62df2db03f23 
12:29:45.738 [pool-2-thread-5] INFO  com.intuit.karate - [print] DEBUG: Workspace ID -> c8cbd75d-1596-4f6b-98c1-62df2db03f23 
12:29:45.742 [pool-2-thread-5] DEBUG com.intuit.karate - request:
1 > POST https://api.getpostman.com/workspaces
1 > x-api-key: PMAK-678a05e799a5290001b8149d-8ce51c3d59b228d316d0c2bf96cdd03d
1 > Content-Type: application/json; charset=UTF-8
1 > Content-Length: 92
1 > Host: api.getpostman.com
1 > Connection: Keep-Alive
1 > User-Agent: Apache-HttpClient/4.5.14 (Java/17.0.10)
1 > Accept-Encoding: gzip,deflate
{"workspace":{"name":"karateWorkSpace","type":"personal","description":"MYWorkSpaceKarate"}}

12:29:45.757 [pool-2-thread-3] DEBUG com.intuit.karate - response time in milliseconds: 2326
1 < 200
1 < Date: Fri, 14 Feb 2025 06:59:45 GMT
1 < Content-Type: application/json; charset=utf-8
1 < Content-Length: 136
1 < Connection: keep-alive
1 < Server: nginx
1 < x-frame-options: deny
1 < x-xss-protection: 1; mode=block
1 < x-content-type-options: nosniff
1 < referrer-policy: no-referrer-when-downgrade
1 < access-control-allow-origin: *
1 < access-control-allow-methods: GET,POST,PUT,DELETE
1 < access-control-allow-headers: content-type,x-api-key
1 < access-control-allow-credentials: false
1 < x-ratelimit-limit: 300
1 < x-ratelimit-reset: 59
1 < x-ratelimit-remaining: 297
1 < ratelimit: limit=300, remaining=297, reset=59
1 < ratelimit-policy: 300;w=60
1 < ratelimit-limit: 300
1 < ratelimit-remaining: 297
1 < ratelimit-reset: 59
1 < ratelimit-limit-month: 10000
1 < ratelimit-remaining-month: 5293
1 < x-ratelimit-limit-month: 10000
1 < x-ratelimit-remaining-month: 5293
1 < uWebSockets: 20
{"collection":{"id":"2bd6336f-6547-4704-9c0b-ca54a87b45da","name":"Alyn Ambrose","uid":"32384855-2bd6336f-6547-4704-9c0b-ca54a87b45da"}}

12:29:45.763 [pool-2-thread-3] INFO  com.intuit.karate - [print] 2bd6336f-6547-4704-9c0b-ca54a87b45da 
12:29:45.765 [pool-2-thread-3] DEBUG com.intuit.karate - request:
2 > GET https://api.getpostman.com/collections/2bd6336f-6547-4704-9c0b-ca54a87b45da
2 > x-api-key: PMAK-67a1fd6a1bd33e0001398b39-8f7df1a19b801ffe2ebdd25b9b6fc3bdfb
2 > Host: api.getpostman.com
2 > Connection: Keep-Alive
2 > User-Agent: Apache-HttpClient/4.5.14 (Java/17.0.10)
2 > Accept-Encoding: gzip,deflate


12:29:46.243 [pool-2-thread-2] DEBUG com.intuit.karate - response time in milliseconds: 2814
1 < 200
1 < Date: Fri, 14 Feb 2025 06:59:45 GMT
1 < Content-Type: application/json; charset=utf-8
1 < Content-Length: 137
1 < Connection: keep-alive
1 < Server: nginx
1 < x-frame-options: deny
1 < x-xss-protection: 1; mode=block
1 < x-content-type-options: nosniff
1 < referrer-policy: no-referrer-when-downgrade
1 < access-control-allow-origin: *
1 < access-control-allow-methods: GET,POST,PUT,DELETE
1 < access-control-allow-headers: content-type,x-api-key
1 < access-control-allow-credentials: false
1 < x-ratelimit-limit: 300
1 < x-ratelimit-reset: 59
1 < x-ratelimit-remaining: 299
1 < ratelimit: limit=300, remaining=299, reset=59
1 < ratelimit-policy: 300;w=60
1 < ratelimit-limit: 300
1 < ratelimit-remaining: 299
1 < ratelimit-reset: 59
1 < ratelimit-limit-month: 10000
1 < ratelimit-remaining-month: 5295
1 < x-ratelimit-limit-month: 10000
1 < x-ratelimit-remaining-month: 5295
1 < uWebSockets: 20
{"collection":{"id":"ff0186c5-d0e7-44b9-bcac-968aa2d209ad","name":"Walys Flowers","uid":"32384855-ff0186c5-d0e7-44b9-bcac-968aa2d209ad"}}

12:29:46.281 [pool-2-thread-2] INFO  com.intuit.karate - [print] Created Collection ID: ff0186c5-d0e7-44b9-bcac-968aa2d209ad 
12:29:46.287 [pool-2-thread-2] DEBUG com.intuit.karate - request:
2 > GET https://api.getpostman.com/collections/ff0186c5-d0e7-44b9-bcac-968aa2d209ad
2 > x-api-key: PMAK-67a1fd6a1bd33e0001398b39-8f7df1a19b801ffe2ebdd25b9b6fc3bdfb
2 > Host: api.getpostman.com
2 > Connection: Keep-Alive
2 > User-Agent: Apache-HttpClient/4.5.14 (Java/17.0.10)
2 > Accept-Encoding: gzip,deflate


12:29:46.556 [pool-2-thread-5] DEBUG com.intuit.karate - response time in milliseconds: 813
1 < 401
1 < Date: Fri, 14 Feb 2025 06:59:45 GMT
1 < Content-Type: application/json; charset=utf-8
1 < Content-Length: 120
1 < Connection: keep-alive
1 < Server: nginx
1 < x-frame-options: deny
1 < x-xss-protection: 1; mode=block
1 < x-content-type-options: nosniff
1 < referrer-policy: no-referrer-when-downgrade
1 < access-control-allow-origin: *
1 < access-control-allow-methods: GET,POST,PUT,DELETE
1 < access-control-allow-headers: content-type,x-api-key
1 < access-control-allow-credentials: false
1 < uWebSockets: 20
{"error":{"name":"AuthenticationError","message":"Invalid API Key. Every request requires a valid API Key to be sent."}}

12:29:46.573 [pool-2-thread-5] INFO  com.intuit.karate - karate.env system property was: null 
12:29:46.598 [pool-2-thread-5] DEBUG com.intuit.karate - request:
1 > POST https://api.getpostman.com/workspaces
1 > x-api-key: PMAK-67a1fd6a1bd33e0001398b39-8f7df1a19b801ffe2ebdd25b9b6fc3bdfb
1 > Content-Type: application/json; charset=UTF-8
1 > Content-Length: 92
1 > Host: api.getpostman.com
1 > Connection: Keep-Alive
1 > User-Agent: Apache-HttpClient/4.5.14 (Java/17.0.10)
1 > Accept-Encoding: gzip,deflate
{"workspace":{"name":"karateWorkSpace","type":"personal","description":"MYWorkSpaceKarate"}}

12:29:46.675 [pool-2-thread-1] DEBUG com.intuit.karate - response time in milliseconds: 3234
1 < 200
1 < Date: Fri, 14 Feb 2025 06:59:46 GMT
1 < Content-Type: application/json; charset=utf-8
1 < Connection: keep-alive
1 < Access-Control-Expose-Headers: Request-Context
1 < Cache-Control: no-cache
1 < Expires: -1
1 < Pragma: no-cache
1 < Vary: Accept-Encoding
1 < X-AspNet-Version: 4.0.30319
1 < Request-Context: appId=cid-v1:cba57b22-bea6-48bb-a3b8-4c30d76b9899
1 < X-Powered-By: ASP.NET
1 < X-Frame-Options: ALLOW-FROM http://localhost:58402/ http://localhost:61309/
1 < cf-cache-status: DYNAMIC
1 < Server: cloudflare
1 < CF-RAY: 911b2d52ecd0c16d-BLR
{"status":true,"messages":["Enrollment status available."],"notification":"","payload":{"action_code":1020,"account_change_code":0,"redirect":"","last_redirect":"","last_fallback":"","fallback":"","consumer_id":"139187","enrollment_id":"38406","email_address":"shawna13@test.com","consumer_public_key":"LS0tLS1CRUdJTiBQVUJMSUMgS0VZLS0tLS0KTUlJQklqQU5CZ2txaGtpRzl3MEJBUUVGQUFPQ0FROEFNSUlCQ2dLQ0FRRUF0WFQ5RnJ1UFJPc3hqcjlFMEJENwplK0hWaGF2dXV5bXQ2TEJlSkhaV0ozSHJTZ2FGSkUvd2dYSnQ2MzZxYlZORlYxR1VpcEhGMnpxMHZseVJMaVlJCnBWUTJQU2laVS9ET0RweGNHbkh3WUtTeGZvMmpYMkVDY1lRUlFCc2V4ckJGU0UwdktQWUxDQjN0TjBya0hlRDgKZ1lqaThPQk1WekR2ZTNHb21TT0tvK2RNdG95cVNBRFlGZnpQVExJd0N5THlidDZrRGhSRGttK29yN2RMS1hsbApldGprdEZQNzlXSldUWURLRk02Z2pSYlRWYzh5Z1ZuYjllNmR0YWF6ODJ6UDgzL3FFY0VyaHNqNys3ZHN6MmxNCnFyRG9UMFVkS2lGMG1wNm9BWkNtb01qenY1cHBSKzRXRkxBWDF0dzB4TzVyZ2NyTnc0UEZtWU5UNmh6clJGOUoKNndJREFRQUIKLS0tLS1FTkQgUFVCTElDIEtFWS0tLS0tCg==","consumerAccessToken":"9685d65363de7d47e5555ac930517dafbc74b580","itemId":"","merchant_id":"127000256000017","fname":"Yvonne","lname":"Gelina","bank_source":"","cdw_action_code":"730","cdw_redirect":"error","cdw_messages":["Deposit and Withdrawal process not allowed."],"bank_accounts":null,"mobile_phone":"7777358383","cdw_extended_delay":0},"partnerCustomerNumber":"c17ecfb5-951c-4b5c-86c5-388957b93fff","error":null}

12:29:46.678 [pool-2-thread-1] INFO  com.intuit.karate - [print] Consumer Enrollment Response: {
  "status": true,
  "messages": [
    "Enrollment status available."
  ],
  "notification": "",
  "payload": {
    "action_code": 1020,
    "account_change_code": 0,
    "redirect": "",
    "last_redirect": "",
    "last_fallback": "",
    "fallback": "",
    "consumer_id": "139187",
    "enrollment_id": "38406",
    "email_address": "shawna13@test.com",
    "consumer_public_key": "LS0tLS1CRUdJTiBQVUJMSUMgS0VZLS0tLS0KTUlJQklqQU5CZ2txaGtpRzl3MEJBUUVGQUFPQ0FROEFNSUlCQ2dLQ0FRRUF0WFQ5RnJ1UFJPc3hqcjlFMEJENwplK0hWaGF2dXV5bXQ2TEJlSkhaV0ozSHJTZ2FGSkUvd2dYSnQ2MzZxYlZORlYxR1VpcEhGMnpxMHZseVJMaVlJCnBWUTJQU2laVS9ET0RweGNHbkh3WUtTeGZvMmpYMkVDY1lRUlFCc2V4ckJGU0UwdktQWUxDQjN0TjBya0hlRDgKZ1lqaThPQk1WekR2ZTNHb21TT0tvK2RNdG95cVNBRFlGZnpQVExJd0N5THlidDZrRGhSRGttK29yN2RMS1hsbApldGprdEZQNzlXSldUWURLRk02Z2pSYlRWYzh5Z1ZuYjllNmR0YWF6ODJ6UDgzL3FFY0VyaHNqNys3ZHN6MmxNCnFyRG9UMFVkS2lGMG1wNm9BWkNtb01qenY1cHBSKzRXRkxBWDF0dzB4TzVyZ2NyTnc0UEZtWU5UNmh6clJGOUoKNndJREFRQUIKLS0tLS1FTkQgUFVCTElDIEtFWS0tLS0tCg==",
    "consumerAccessToken": "9685d65363de7d47e5555ac930517dafbc74b580",
    "itemId": "",
    "merchant_id": "127000256000017",
    "fname": "Yvonne",
    "lname": "Gelina",
    "bank_source": "",
    "cdw_action_code": "730",
    "cdw_redirect": "error",
    "cdw_messages": [
      "Deposit and Withdrawal process not allowed."
    ],
    "bank_accounts": null,
    "mobile_phone": "7777358383",
    "cdw_extended_delay": 0
  },
  "partnerCustomerNumber": "c17ecfb5-951c-4b5c-86c5-388957b93fff",
  "error": null
}
 
12:29:46.694 [pool-2-thread-1] DEBUG com.intuit.karate - request:
2 > POST https://bimhep-qa.bimnetworkstech.com/api/hostedEnrollment/continueEnrollment
2 > Content-Type: application/json; charset=UTF-8
2 > Accept: */*
2 > Content-Length: 1040
2 > Host: bimhep-qa.bimnetworkstech.com
2 > Connection: Keep-Alive
2 > User-Agent: Apache-HttpClient/4.5.14 (Java/17.0.10)
2 > Accept-Encoding: gzip,deflate
{"FirstName":"{{FisrtName}}","LastName":"{{LastName}}","Dob":"12\/19\/2000","partnerId":"MTI3","StreetAddress":"48 ALLENSTOWN RD","ApartmentNumber":"","City":"ALLENSTOWN","State":"NY","ZipCode":"03275","MainPhoneNumber":"565-465-4654","IdentificationType":"DL","IdentificationState":"LA","IdentificationNumber":"3454354545","TermsAndConditions":"true","Payload":{"PublicKey":"LS0tLS1CRUdJTiBQVUJMSUMgS0VZLS0tLS0KTUlJQklqQU5CZ2txaGtpRzl3MEJBUUVGQUFPQ0FROEFNSUlCQ2dLQ0FRRUF0WFQ5RnJ1UFJPc3hqcjlFMEJENwplK0hWaGF2dXV5bXQ2TEJlSkhaV0ozSHJTZ2FGSkUvd2dYSnQ2MzZxYlZORlYxR1VpcEhGMnpxMHZseVJMaVlJCnBWUTJQU2laVS9ET0RweGNHbkh3WUtTeGZvMmpYMkVDY1lRUlFCc2V4ckJGU0UwdktQWUxDQjN0TjBya0hlRDgKZ1lqaThPQk1WekR2ZTNHb21TT0tvK2RNdG95cVNBRFlGZnpQVExJd0N5THlidDZrRGhSRGttK29yN2RMS1hsbApldGprdEZQNzlXSldUWURLRk02Z2pSYlRWYzh5Z1ZuYjllNmR0YWF6ODJ6UDgzL3FFY0VyaHNqNys3ZHN6MmxNCnFyRG9UMFVkS2lGMG1wNm9BWkNtb01qenY1cHBSKzRXRkxBWDF0dzB4TzVyZ2NyTnc0UEZtWU5UNmh6clJGOUoKNndJREFRQUIKLS0tLS1FTkQgUFVCTElDIEtFWS0tLS0tCg==","AccessToken":"9685d65363de7d47e5555ac930517dafbc74b580"}}

12:29:46.750 [pool-2-thread-3] DEBUG com.intuit.karate - response time in milliseconds: 983
2 < 200
2 < Date: Fri, 14 Feb 2025 06:59:46 GMT
2 < Content-Type: application/json; charset=utf-8
2 < Content-Length: 1045
2 < Connection: keep-alive
2 < Server: nginx
2 < x-frame-options: deny
2 < x-xss-protection: 1; mode=block
2 < x-content-type-options: nosniff
2 < referrer-policy: no-referrer-when-downgrade
2 < access-control-allow-origin: *
2 < access-control-allow-methods: GET,POST,PUT,DELETE
2 < access-control-allow-headers: content-type,x-api-key
2 < access-control-allow-credentials: false
2 < x-ratelimit-limit: 300
2 < x-ratelimit-reset: 58
2 < x-ratelimit-remaining: 294
2 < ratelimit: limit=300, remaining=294, reset=58
2 < ratelimit-policy: 300;w=60
2 < ratelimit-limit: 300
2 < ratelimit-remaining: 294
2 < ratelimit-reset: 58
2 < ratelimit-limit-month: 10000
2 < ratelimit-remaining-month: 5290
2 < x-ratelimit-limit-month: 10000
2 < x-ratelimit-remaining-month: 5290
2 < last-modified: 2025-02-14T06:59:45.000Z
2 < uWebSockets: 20
{"collection":{"info":{"_postman_id":"2bd6336f-6547-4704-9c0b-ca54a87b45da","name":"Alyn Ambrose","description":"This collection makes a request to the Postman Echo service to get a list of request headers sent by an HTTP client.","schema":"https://schema.getpostman.com/json/collection/v2.1.0/collection.json","updatedAt":"2025-02-14T06:59:45.000Z","createdAt":"2025-02-14T06:59:44.000Z","lastUpdatedBy":"32384855","uid":"32384855-2bd6336f-6547-4704-9c0b-ca54a87b45da"},"item":[{"name":"Test GET Response","event":[{"listen":"test","script":{"id":"7d2334fc-a84a-4c3d-b26c-7529afa4c0ae","exec":["pm.test(\"Status code is 200\", function () {","    pm.response.to.have.status(200);","});"],"type":"text/javascript"}}],"id":"17e33c19-4fbf-47a7-b0ec-136986cfbbd2","request":{"method":"GET","header":[{"key":"Content-Type","value":"application/json"}],"url":{"raw":"https://echo.getpostman.com/headers","protocol":"https","host":["echo","getpostman","com"],"path":["headers"]}},"response":[],"uid":"32384855-17e33c19-4fbf-47a7-b0ec-136986cfbbd2"}]}}

12:29:46.757 [pool-2-thread-3] DEBUG com.intuit.karate - request:
3 > DELETE https://api.getpostman.com/collections/2bd6336f-6547-4704-9c0b-ca54a87b45da
3 > x-api-key: PMAK-67a1fd6a1bd33e0001398b39-8f7df1a19b801ffe2ebdd25b9b6fc3bdfb
3 > Host: api.getpostman.com
3 > Connection: Keep-Alive
3 > User-Agent: Apache-HttpClient/4.5.14 (Java/17.0.10)
3 > Accept-Encoding: gzip,deflate


12:29:46.902 [pool-2-thread-4] DEBUG com.intuit.karate - response time in milliseconds: 1646
1 < 200
1 < Date: Fri, 14 Feb 2025 06:59:46 GMT
1 < Content-Type: application/json; charset=utf-8
1 < Content-Length: 284
1 < Connection: keep-alive
1 < Server: nginx
1 < x-frame-options: deny
1 < x-xss-protection: 1; mode=block
1 < x-content-type-options: nosniff
1 < referrer-policy: no-referrer-when-downgrade
1 < access-control-allow-origin: *
1 < access-control-allow-methods: GET,POST,PUT,DELETE
1 < access-control-allow-headers: content-type,x-api-key
1 < access-control-allow-credentials: false
1 < x-ratelimit-limit: 10
1 < x-ratelimit-reset: 9
1 < x-ratelimit-remaining: 9
1 < ratelimit: limit=10, remaining=9, reset=9
1 < ratelimit-policy: 10;w=10
1 < ratelimit-limit: 10
1 < ratelimit-remaining: 9
1 < ratelimit-reset: 9
1 < ratelimit-limit-month: 10000
1 < ratelimit-remaining-month: 5291
1 < x-ratelimit-limit-month: 10000
1 < x-ratelimit-remaining-month: 5291
1 < uWebSockets: 20
{"workspace":{"id":"0c1ae8ab-2be4-46d0-b09e-3910aaab6ec3","name":"karateWorkSpace","type":"personal","description":"MYWorkSpaceKarate","visibility":"personal","createdBy":"32384855","updatedBy":"32384855","createdAt":"2025-02-14T06:59:44.000Z","updatedAt":"2025-02-14T06:59:44.000Z"}}

12:29:46.910 [pool-2-thread-4] DEBUG com.intuit.karate - request:
2 > PUT https://api.getpostman.com/workspaces/0c1ae8ab-2be4-46d0-b09e-3910aaab6ec3
2 > x-api-key: PMAK-67a1fd6a1bd33e0001398b39-8f7df1a19b801ffe2ebdd25b9b6fc3bdfb
2 > Content-Type: application/json; charset=UTF-8
2 > Content-Length: 101
2 > Host: api.getpostman.com
2 > Connection: Keep-Alive
2 > User-Agent: Apache-HttpClient/4.5.14 (Java/17.0.10)
2 > Accept-Encoding: gzip,deflate
{"workspace":{"name":"karateWorkSpaceUpdated","type":"personal","description":"Updated Description"}}

12:29:47.243 [pool-2-thread-2] DEBUG com.intuit.karate - response time in milliseconds: 955
2 < 200
2 < Date: Fri, 14 Feb 2025 06:59:46 GMT
2 < Content-Type: application/json; charset=utf-8
2 < Content-Length: 1046
2 < Connection: keep-alive
2 < Server: nginx
2 < x-frame-options: deny
2 < x-xss-protection: 1; mode=block
2 < x-content-type-options: nosniff
2 < referrer-policy: no-referrer-when-downgrade
2 < access-control-allow-origin: *
2 < access-control-allow-methods: GET,POST,PUT,DELETE
2 < access-control-allow-headers: content-type,x-api-key
2 < access-control-allow-credentials: false
2 < x-ratelimit-limit: 300
2 < x-ratelimit-reset: 57
2 < x-ratelimit-remaining: 293
2 < ratelimit: limit=300, remaining=293, reset=57
2 < ratelimit-policy: 300;w=60
2 < ratelimit-limit: 300
2 < ratelimit-remaining: 293
2 < ratelimit-reset: 57
2 < ratelimit-limit-month: 10000
2 < ratelimit-remaining-month: 5289
2 < x-ratelimit-limit-month: 10000
2 < x-ratelimit-remaining-month: 5289
2 < last-modified: 2025-02-14T06:59:45.000Z
2 < uWebSockets: 20
{"collection":{"info":{"_postman_id":"ff0186c5-d0e7-44b9-bcac-968aa2d209ad","name":"Walys Flowers","description":"This collection makes a request to the Postman Echo service to get a list of request headers sent by an HTTP client.","schema":"https://schema.getpostman.com/json/collection/v2.1.0/collection.json","updatedAt":"2025-02-14T06:59:45.000Z","createdAt":"2025-02-14T06:59:45.000Z","lastUpdatedBy":"32384855","uid":"32384855-ff0186c5-d0e7-44b9-bcac-968aa2d209ad"},"item":[{"name":"Test GET Response","event":[{"listen":"test","script":{"id":"7d2334fc-a84a-4c3d-b26c-7529afa4c0ae","exec":["pm.test(\"Status code is 200\", function () {","    pm.response.to.have.status(200);","});"],"type":"text/javascript"}}],"id":"b689c8f9-3075-4f5d-b8b0-19af3e25f78e","request":{"method":"GET","header":[{"key":"Content-Type","value":"application/json"}],"url":{"raw":"https://echo.getpostman.com/headers","protocol":"https","host":["echo","getpostman","com"],"path":["headers"]}},"response":[],"uid":"32384855-b689c8f9-3075-4f5d-b8b0-19af3e25f78e"}]}}

12:29:47.247 [pool-2-thread-2] DEBUG com.intuit.karate - request:
3 > DELETE https://api.getpostman.com/collections/ff0186c5-d0e7-44b9-bcac-968aa2d209ad
3 > x-api-key: PMAK-67a1fd6a1bd33e0001398b39-8f7df1a19b801ffe2ebdd25b9b6fc3bdfb
3 > Host: api.getpostman.com
3 > Connection: Keep-Alive
3 > User-Agent: Apache-HttpClient/4.5.14 (Java/17.0.10)
3 > Accept-Encoding: gzip,deflate


12:29:47.720 [pool-2-thread-5] DEBUG com.intuit.karate - response time in milliseconds: 1120
1 < 200
1 < Date: Fri, 14 Feb 2025 06:59:47 GMT
1 < Content-Type: application/json; charset=utf-8
1 < Content-Length: 84
1 < Connection: keep-alive
1 < Server: nginx
1 < x-frame-options: deny
1 < x-xss-protection: 1; mode=block
1 < x-content-type-options: nosniff
1 < referrer-policy: no-referrer-when-downgrade
1 < access-control-allow-origin: *
1 < access-control-allow-methods: GET,POST,PUT,DELETE
1 < access-control-allow-headers: content-type,x-api-key
1 < access-control-allow-credentials: false
1 < x-ratelimit-limit: 300
1 < x-ratelimit-reset: 57
1 < x-ratelimit-remaining: 292
1 < ratelimit: limit=300, remaining=292, reset=57
1 < ratelimit-policy: 300;w=60
1 < ratelimit-limit: 300
1 < ratelimit-remaining: 292
1 < ratelimit-reset: 57
1 < ratelimit-limit-month: 10000
1 < ratelimit-remaining-month: 5288
1 < x-ratelimit-limit-month: 10000
1 < x-ratelimit-remaining-month: 5288
1 < uWebSockets: 20
{"workspace":{"id":"6e037ee0-65d3-4d75-b06d-2e6e6ebe9189","name":"karateWorkSpace"}}

12:29:47.723 [pool-2-thread-5] INFO  com.intuit.karate - [print] 6e037ee0-65d3-4d75-b06d-2e6e6ebe9189 
12:29:47.725 [pool-2-thread-5] INFO  com.intuit.karate - [print] DEBUG: Workspace ID -> 6e037ee0-65d3-4d75-b06d-2e6e6ebe9189 
12:29:47.728 [pool-2-thread-5] DEBUG com.intuit.karate - request:
1 > POST https://api.getpostman.com/workspaces
1 > x-api-key: PMAK-67a1fd6a1bd33e0001398b39-8f7df1a19b801ffe2ebdd25b9b6fc3bdfb
1 > Content-Type: application/json; charset=UTF-8
1 > Content-Length: 88
1 > Host: api.getpostman.com
1 > Connection: Keep-Alive
1 > User-Agent: Apache-HttpClient/4.5.14 (Java/17.0.10)
1 > Accept-Encoding: gzip,deflate
{"workspace":{"name":"karateWorkSpace","type":"test","description":"MYWorkSpaceKarate"}}

12:29:47.994 [pool-2-thread-4] DEBUG com.intuit.karate - response time in milliseconds: 1081
2 < 200
2 < Date: Fri, 14 Feb 2025 06:59:47 GMT
2 < Content-Type: application/json; charset=utf-8
2 < Content-Length: 91
2 < Connection: keep-alive
2 < Server: nginx
2 < x-frame-options: deny
2 < x-xss-protection: 1; mode=block
2 < x-content-type-options: nosniff
2 < referrer-policy: no-referrer-when-downgrade
2 < access-control-allow-origin: *
2 < access-control-allow-methods: GET,POST,PUT,DELETE
2 < access-control-allow-headers: content-type,x-api-key
2 < access-control-allow-credentials: false
2 < x-ratelimit-limit: 300
2 < x-ratelimit-reset: 56
2 < x-ratelimit-remaining: 290
2 < ratelimit: limit=300, remaining=290, reset=56
2 < ratelimit-policy: 300;w=60
2 < ratelimit-limit: 300
2 < ratelimit-remaining: 290
2 < ratelimit-reset: 56
2 < ratelimit-limit-month: 10000
2 < ratelimit-remaining-month: 5286
2 < x-ratelimit-limit-month: 10000
2 < x-ratelimit-remaining-month: 5286
2 < uWebSockets: 20
{"workspace":{"id":"0c1ae8ab-2be4-46d0-b09e-3910aaab6ec3","name":"karateWorkSpaceUpdated"}}

12:29:47.999 [pool-2-thread-4] DEBUG com.intuit.karate - request:
3 > DELETE https://api.getpostman.com/workspaces/0c1ae8ab-2be4-46d0-b09e-3910aaab6ec3
3 > x-api-key: PMAK-67a1fd6a1bd33e0001398b39-8f7df1a19b801ffe2ebdd25b9b6fc3bdfb
3 > Host: api.getpostman.com
3 > Connection: Keep-Alive
3 > User-Agent: Apache-HttpClient/4.5.14 (Java/17.0.10)
3 > Accept-Encoding: gzip,deflate


12:29:48.282 [pool-2-thread-3] DEBUG com.intuit.karate - response time in milliseconds: 1524
3 < 200
3 < Date: Fri, 14 Feb 2025 06:59:47 GMT
3 < Content-Type: application/json; charset=utf-8
3 < Content-Length: 114
3 < Connection: keep-alive
3 < Server: nginx
3 < x-frame-options: deny
3 < x-xss-protection: 1; mode=block
3 < x-content-type-options: nosniff
3 < referrer-policy: no-referrer-when-downgrade
3 < access-control-allow-origin: *
3 < access-control-allow-methods: GET,POST,PUT,DELETE
3 < access-control-allow-headers: content-type,x-api-key
3 < access-control-allow-credentials: false
3 < x-ratelimit-limit: 300
3 < x-ratelimit-reset: 57
3 < x-ratelimit-remaining: 291
3 < ratelimit: limit=300, remaining=291, reset=57
3 < ratelimit-policy: 300;w=60
3 < ratelimit-limit: 300
3 < ratelimit-remaining: 291
3 < ratelimit-reset: 57
3 < ratelimit-limit-month: 10000
3 < ratelimit-remaining-month: 5287
3 < x-ratelimit-limit-month: 10000
3 < x-ratelimit-remaining-month: 5287
3 < uWebSockets: 20
{"collection":{"id":"2bd6336f-6547-4704-9c0b-ca54a87b45da","uid":"32384855-2bd6336f-6547-4704-9c0b-ca54a87b45da"}}

12:29:48.290 [pool-2-thread-3] INFO  com.intuit.karate - karate.env system property was: null 
12:29:48.331 [pool-2-thread-3] DEBUG com.intuit.karate - request:
1 > POST https://api.getpostman.com/workspaces
1 > x-api-key: PMAK-67a1fd6a1bd33e0001398b39-8f7df1a19b801ffe2ebdd25b9b6fc3bdfb
1 > Content-Type: application/json; charset=UTF-8
1 > Content-Length: 106
1 > Host: api.getpostman.com
1 > Connection: Keep-Alive
1 > User-Agent: Apache-HttpClient/4.5.14 (Java/17.0.10)
1 > Accept-Encoding: gzip,deflate
{"workspace":{"name":"","type":"personal","description":"MYWorkSpaceKarate","visibilityStatus":"private"}}

12:29:48.616 [pool-2-thread-5] DEBUG com.intuit.karate - response time in milliseconds: 888
1 < 400
1 < Date: Fri, 14 Feb 2025 06:59:47 GMT
1 < Content-Type: application/json; charset=utf-8
1 < Content-Length: 117
1 < Connection: keep-alive
1 < Server: nginx
1 < x-frame-options: deny
1 < x-xss-protection: 1; mode=block
1 < x-content-type-options: nosniff
1 < referrer-policy: no-referrer-when-downgrade
1 < access-control-allow-origin: *
1 < access-control-allow-methods: GET,POST,PUT,DELETE
1 < access-control-allow-headers: content-type,x-api-key
1 < access-control-allow-credentials: false
1 < x-ratelimit-limit: 300
1 < x-ratelimit-reset: 56
1 < x-ratelimit-remaining: 288
1 < ratelimit: limit=300, remaining=288, reset=56
1 < ratelimit-policy: 300;w=60
1 < ratelimit-limit: 300
1 < ratelimit-remaining: 288
1 < ratelimit-reset: 56
1 < ratelimit-limit-month: 10000
1 < ratelimit-remaining-month: 5284
1 < x-ratelimit-limit-month: 10000
1 < x-ratelimit-remaining-month: 5284
1 < uWebSockets: 20
{"error":{"name":"invalidParamError","message":"body.visibilityStatus should be equal to one of the allowed values"}}

12:29:48.623 [pool-2-thread-5] INFO  com.intuit.karate - karate.env system property was: null 
12:29:48.664 [pool-2-thread-5] DEBUG com.intuit.karate - request:
1 > POST https://api.getpostman.com/workspaces
1 > x-api-key: PMAK-67a1fd6a1bd33e0001398b39-8f7df1a19b801ffe2ebdd25b9b6fc3bdfb
1 > Content-Type: application/json; charset=UTF-8
1 > Content-Length: 119
1 > Host: api.getpostman.com
1 > Connection: Keep-Alive
1 > User-Agent: Apache-HttpClient/4.5.14 (Java/17.0.10)
1 > Accept-Encoding: gzip,deflate
{"workspace":{"name":"AnotherWorkSpace","type":"test","description":"AnotherDescription","visibilityStatus":"private"}}

12:29:48.923 [pool-2-thread-2] DEBUG com.intuit.karate - response time in milliseconds: 1675
3 < 200
3 < Date: Fri, 14 Feb 2025 06:59:48 GMT
3 < Content-Type: application/json; charset=utf-8
3 < Content-Length: 114
3 < Connection: keep-alive
3 < Server: nginx
3 < x-frame-options: deny
3 < x-xss-protection: 1; mode=block
3 < x-content-type-options: nosniff
3 < referrer-policy: no-referrer-when-downgrade
3 < access-control-allow-origin: *
3 < access-control-allow-methods: GET,POST,PUT,DELETE
3 < access-control-allow-headers: content-type,x-api-key
3 < access-control-allow-credentials: false
3 < x-ratelimit-limit: 300
3 < x-ratelimit-reset: 56
3 < x-ratelimit-remaining: 289
3 < ratelimit: limit=300, remaining=289, reset=56
3 < ratelimit-policy: 300;w=60
3 < ratelimit-limit: 300
3 < ratelimit-remaining: 289
3 < ratelimit-reset: 56
3 < ratelimit-limit-month: 10000
3 < ratelimit-remaining-month: 5285
3 < x-ratelimit-limit-month: 10000
3 < x-ratelimit-remaining-month: 5285
3 < uWebSockets: 20
{"collection":{"id":"ff0186c5-d0e7-44b9-bcac-968aa2d209ad","uid":"32384855-ff0186c5-d0e7-44b9-bcac-968aa2d209ad"}}

12:29:48.933 [pool-2-thread-2] INFO  com.intuit.karate - karate.env system property was: null 
12:29:48.965 [pool-2-thread-2] DEBUG com.intuit.karate - request:
1 > POST https://api.getpostman.com/workspaces
1 > x-api-key: PMAK-67a1fd6a1bd33e0001398b39-8f7df1a19b801ffe2ebdd25b9b6fc3bdfb
1 > Content-Type: application/json; charset=UTF-8
1 > Content-Length: 119
1 > Host: api.getpostman.com
1 > Connection: Keep-Alive
1 > User-Agent: Apache-HttpClient/4.5.14 (Java/17.0.10)
1 > Accept-Encoding: gzip,deflate
{"workspace":{"name":"AnotherWorkSpace","type":"test","description":"AnotherDescription","visibilityStatus":"private"}}

12:29:49.064 [pool-2-thread-4] DEBUG com.intuit.karate - response time in milliseconds: 1064
3 < 200
3 < Date: Fri, 14 Feb 2025 06:59:48 GMT
3 < Content-Type: application/json; charset=utf-8
3 < Content-Length: 59
3 < Connection: keep-alive
3 < Server: nginx
3 < x-frame-options: deny
3 < x-xss-protection: 1; mode=block
3 < x-content-type-options: nosniff
3 < referrer-policy: no-referrer-when-downgrade
3 < access-control-allow-origin: *
3 < access-control-allow-methods: GET,POST,PUT,DELETE
3 < access-control-allow-headers: content-type,x-api-key
3 < access-control-allow-credentials: false
3 < x-ratelimit-limit: 300
3 < x-ratelimit-reset: 55
3 < x-ratelimit-remaining: 287
3 < ratelimit: limit=300, remaining=287, reset=55
3 < ratelimit-policy: 300;w=60
3 < ratelimit-limit: 300
3 < ratelimit-remaining: 287
3 < ratelimit-reset: 55
3 < ratelimit-limit-month: 10000
3 < ratelimit-remaining-month: 5283
3 < x-ratelimit-limit-month: 10000
3 < x-ratelimit-remaining-month: 5283
3 < uWebSockets: 20
{"workspace":{"id":"0c1ae8ab-2be4-46d0-b09e-3910aaab6ec3"}}

12:29:49.073 [pool-2-thread-4] INFO  com.intuit.karate - karate.env system property was: null 
12:29:49.098 [pool-2-thread-4] DEBUG com.intuit.karate - request:
1 > POST https://api.getpostman.com/workspaces
1 > x-api-key: PMAK-67a1fd6a1bd33e0001398b39-8f7df1a19b801ffe2ebdd25b9b6fc3bdfb
1 > Content-Type: application/json; charset=UTF-8
1 > Content-Length: 119
1 > Host: api.getpostman.com
1 > Connection: Keep-Alive
1 > User-Agent: Apache-HttpClient/4.5.14 (Java/17.0.10)
1 > Accept-Encoding: gzip,deflate
{"workspace":{"name":"AnotherWorkSpace","type":"test","description":"AnotherDescription","visibilityStatus":"private"}}

12:29:49.270 [pool-2-thread-3] DEBUG com.intuit.karate - response time in milliseconds: 936
1 < 400
1 < Date: Fri, 14 Feb 2025 06:59:48 GMT
1 < Content-Type: application/json; charset=utf-8
1 < Content-Length: 100
1 < Connection: keep-alive
1 < Server: nginx
1 < x-frame-options: deny
1 < x-xss-protection: 1; mode=block
1 < x-content-type-options: nosniff
1 < referrer-policy: no-referrer-when-downgrade
1 < access-control-allow-origin: *
1 < access-control-allow-methods: GET,POST,PUT,DELETE
1 < access-control-allow-headers: content-type,x-api-key
1 < access-control-allow-credentials: false
1 < x-ratelimit-limit: 300
1 < x-ratelimit-reset: 55
1 < x-ratelimit-remaining: 286
1 < ratelimit: limit=300, remaining=286, reset=55
1 < ratelimit-policy: 300;w=60
1 < ratelimit-limit: 300
1 < ratelimit-remaining: 286
1 < ratelimit-reset: 55
1 < ratelimit-limit-month: 10000
1 < ratelimit-remaining-month: 5282
1 < x-ratelimit-limit-month: 10000
1 < x-ratelimit-remaining-month: 5282
1 < uWebSockets: 20
{"error":{"name":"invalidParamError","message":"body.name should NOT be shorter than 1 characters"}}

12:29:49.278 [pool-2-thread-3] INFO  com.intuit.karate - karate.env system property was: null 
12:29:49.302 [pool-2-thread-3] DEBUG com.intuit.karate - request:
1 > POST https://api.getpostman.com/workspaces
1 > x-api-key: PMAK-67a1fd6a1bd33e0001398b39-8f7df1a19b801ffe2ebdd25b9b6fc3bdfb
1 > Content-Type: application/json; charset=UTF-8
1 > Content-Length: 119
1 > Host: api.getpostman.com
1 > Connection: Keep-Alive
1 > User-Agent: Apache-HttpClient/4.5.14 (Java/17.0.10)
1 > Accept-Encoding: gzip,deflate
{"workspace":{"name":"AnotherWorkSpace","type":"test","description":"AnotherDescription","visibilityStatus":"private"}}

12:29:49.576 [pool-2-thread-5] DEBUG com.intuit.karate - response time in milliseconds: 912
1 < 400
1 < Date: Fri, 14 Feb 2025 06:59:48 GMT
1 < Content-Type: application/json; charset=utf-8
1 < Content-Length: 117
1 < Connection: keep-alive
1 < Server: nginx
1 < x-frame-options: deny
1 < x-xss-protection: 1; mode=block
1 < x-content-type-options: nosniff
1 < referrer-policy: no-referrer-when-downgrade
1 < access-control-allow-origin: *
1 < access-control-allow-methods: GET,POST,PUT,DELETE
1 < access-control-allow-headers: content-type,x-api-key
1 < access-control-allow-credentials: false
1 < x-ratelimit-limit: 300
1 < x-ratelimit-reset: 55
1 < x-ratelimit-remaining: 285
1 < ratelimit: limit=300, remaining=285, reset=55
1 < ratelimit-policy: 300;w=60
1 < ratelimit-limit: 300
1 < ratelimit-remaining: 285
1 < ratelimit-reset: 55
1 < ratelimit-limit-month: 10000
1 < ratelimit-remaining-month: 5281
1 < x-ratelimit-limit-month: 10000
1 < x-ratelimit-remaining-month: 5281
1 < uWebSockets: 20
{"error":{"name":"invalidParamError","message":"body.visibilityStatus should be equal to one of the allowed values"}}

12:29:49.583 [pool-2-thread-5] INFO  com.intuit.karate - karate.env system property was: null 
12:29:49.628 [pool-2-thread-5] DEBUG com.intuit.karate - request:
1 > POST https://api.getpostman.com/workspaces
1 > x-api-key: PMAK-67a1fd6a1bd33e0001398b39-8f7df1a19b801ffe2ebdd25b9b6fc3bdfb
1 > Content-Type: application/json; charset=UTF-8
1 > Content-Length: 167
1 > Host: api.getpostman.com
1 > Connection: Keep-Alive
1 > User-Agent: Apache-HttpClient/4.5.14 (Java/17.0.10)
1 > Accept-Encoding: gzip,deflate
{"workspace":{"name":"Rorge","type":"personal","description":"Norvos","visibilityStatus":"Things are not always as they seemed, much that may seem evil can be good."}}

12:29:49.878 [pool-2-thread-2] DEBUG com.intuit.karate - response time in milliseconds: 913
1 < 400
1 < Date: Fri, 14 Feb 2025 06:59:49 GMT
1 < Content-Type: application/json; charset=utf-8
1 < Content-Length: 117
1 < Connection: keep-alive
1 < Server: nginx
1 < x-frame-options: deny
1 < x-xss-protection: 1; mode=block
1 < x-content-type-options: nosniff
1 < referrer-policy: no-referrer-when-downgrade
1 < access-control-allow-origin: *
1 < access-control-allow-methods: GET,POST,PUT,DELETE
1 < access-control-allow-headers: content-type,x-api-key
1 < access-control-allow-credentials: false
1 < x-ratelimit-limit: 300
1 < x-ratelimit-reset: 54
1 < x-ratelimit-remaining: 284
1 < ratelimit: limit=300, remaining=284, reset=54
1 < ratelimit-policy: 300;w=60
1 < ratelimit-limit: 300
1 < ratelimit-remaining: 284
1 < ratelimit-reset: 54
1 < ratelimit-limit-month: 10000
1 < ratelimit-remaining-month: 5280
1 < x-ratelimit-limit-month: 10000
1 < x-ratelimit-remaining-month: 5280
1 < uWebSockets: 20
{"error":{"name":"invalidParamError","message":"body.visibilityStatus should be equal to one of the allowed values"}}

12:29:49.885 [pool-2-thread-2] INFO  com.intuit.karate - karate.env system property was: null 
12:29:50.017 [pool-2-thread-4] DEBUG com.intuit.karate - response time in milliseconds: 917
1 < 400
1 < Date: Fri, 14 Feb 2025 06:59:49 GMT
1 < Content-Type: application/json; charset=utf-8
1 < Content-Length: 117
1 < Connection: keep-alive
1 < Server: nginx
1 < x-frame-options: deny
1 < x-xss-protection: 1; mode=block
1 < x-content-type-options: nosniff
1 < referrer-policy: no-referrer-when-downgrade
1 < access-control-allow-origin: *
1 < access-control-allow-methods: GET,POST,PUT,DELETE
1 < access-control-allow-headers: content-type,x-api-key
1 < access-control-allow-credentials: false
1 < x-ratelimit-limit: 300
1 < x-ratelimit-reset: 54
1 < x-ratelimit-remaining: 283
1 < ratelimit: limit=300, remaining=283, reset=54
1 < ratelimit-policy: 300;w=60
1 < ratelimit-limit: 300
1 < ratelimit-remaining: 283
1 < ratelimit-reset: 54
1 < ratelimit-limit-month: 10000
1 < ratelimit-remaining-month: 5279
1 < x-ratelimit-limit-month: 10000
1 < x-ratelimit-remaining-month: 5279
1 < uWebSockets: 20
{"error":{"name":"invalidParamError","message":"body.visibilityStatus should be equal to one of the allowed values"}}

12:29:50.026 [pool-2-thread-4] INFO  com.intuit.karate - karate.env system property was: null 
12:29:50.236 [pool-2-thread-3] DEBUG com.intuit.karate - response time in milliseconds: 932
1 < 400
1 < Date: Fri, 14 Feb 2025 06:59:49 GMT
1 < Content-Type: application/json; charset=utf-8
1 < Content-Length: 117
1 < Connection: keep-alive
1 < Server: nginx
1 < x-frame-options: deny
1 < x-xss-protection: 1; mode=block
1 < x-content-type-options: nosniff
1 < referrer-policy: no-referrer-when-downgrade
1 < access-control-allow-origin: *
1 < access-control-allow-methods: GET,POST,PUT,DELETE
1 < access-control-allow-headers: content-type,x-api-key
1 < access-control-allow-credentials: false
1 < x-ratelimit-limit: 300
1 < x-ratelimit-reset: 54
1 < x-ratelimit-remaining: 282
1 < ratelimit: limit=300, remaining=282, reset=54
1 < ratelimit-policy: 300;w=60
1 < ratelimit-limit: 300
1 < ratelimit-remaining: 282
1 < ratelimit-reset: 54
1 < ratelimit-limit-month: 10000
1 < ratelimit-remaining-month: 5278
1 < x-ratelimit-limit-month: 10000
1 < x-ratelimit-remaining-month: 5278
1 < uWebSockets: 20
{"error":{"name":"invalidParamError","message":"body.visibilityStatus should be equal to one of the allowed values"}}

12:29:50.241 [pool-2-thread-3] INFO  com.intuit.karate - karate.env system property was: null 
12:29:50.244 [pool-2-thread-3] DEBUG com.intuit.karate - request:
1 > GET https://api.getpostman.com/workspaces
1 > x-api-key: PMAK-67a1fd6a1bd33e0001398b39-8f7df1a19b801ffe2ebdd25b9b6fc3bdfb
1 > Host: api.getpostman.com
1 > Connection: Keep-Alive
1 > User-Agent: Apache-HttpClient/4.5.14 (Java/17.0.10)
1 > Accept-Encoding: gzip,deflate


12:29:50.757 [pool-2-thread-5] DEBUG com.intuit.karate - response time in milliseconds: 1128
1 < 200
1 < Date: Fri, 14 Feb 2025 06:59:50 GMT
1 < Content-Type: application/json; charset=utf-8
1 < Content-Length: 74
1 < Connection: keep-alive
1 < Server: nginx
1 < x-frame-options: deny
1 < x-xss-protection: 1; mode=block
1 < x-content-type-options: nosniff
1 < referrer-policy: no-referrer-when-downgrade
1 < access-control-allow-origin: *
1 < access-control-allow-methods: GET,POST,PUT,DELETE
1 < access-control-allow-headers: content-type,x-api-key
1 < access-control-allow-credentials: false
1 < x-ratelimit-limit: 300
1 < x-ratelimit-reset: 54
1 < x-ratelimit-remaining: 281
1 < ratelimit: limit=300, remaining=281, reset=54
1 < ratelimit-policy: 300;w=60
1 < ratelimit-limit: 300
1 < ratelimit-remaining: 281
1 < ratelimit-reset: 54
1 < ratelimit-limit-month: 10000
1 < ratelimit-remaining-month: 5277
1 < x-ratelimit-limit-month: 10000
1 < x-ratelimit-remaining-month: 5277
1 < uWebSockets: 20
{"workspace":{"id":"734a5b80-0966-45bc-86b8-2bf604df99d9","name":"Rorge"}}

12:29:50.761 [pool-2-thread-5] INFO  com.intuit.karate - karate.env system property was: null 
12:29:50.764 [pool-2-thread-5] DEBUG com.intuit.karate - request:
1 > GET https://api.getpostman.com/workspaces
1 > x-api-key: PMAK-678a166c5137bc00014b8607-58366433607256c9dccf
1 > Host: api.getpostman.com
1 > Connection: Keep-Alive
1 > User-Agent: Apache-HttpClient/4.5.14 (Java/17.0.10)
1 > Accept-Encoding: gzip,deflate


12:29:51.532 [pool-2-thread-5] DEBUG com.intuit.karate - response time in milliseconds: 768
1 < 401
1 < Date: Fri, 14 Feb 2025 06:59:50 GMT
1 < Content-Type: application/json; charset=utf-8
1 < Content-Length: 120
1 < Connection: keep-alive
1 < Server: nginx
1 < x-frame-options: deny
1 < x-xss-protection: 1; mode=block
1 < x-content-type-options: nosniff
1 < referrer-policy: no-referrer-when-downgrade
1 < access-control-allow-origin: *
1 < access-control-allow-methods: GET,POST,PUT,DELETE
1 < access-control-allow-headers: content-type,x-api-key
1 < access-control-allow-credentials: false
1 < uWebSockets: 20
{"error":{"name":"AuthenticationError","message":"Invalid API Key. Every request requires a valid API Key to be sent."}}

12:29:51.537 [pool-2-thread-5] INFO  com.intuit.karate - karate.env system property was: null 
12:29:51.558 [pool-2-thread-1] DEBUG com.intuit.karate - response time in milliseconds: 4860
2 < 200
2 < Date: Fri, 14 Feb 2025 06:59:50 GMT
2 < Content-Type: application/json; charset=utf-8
2 < Connection: keep-alive
2 < Access-Control-Expose-Headers: Request-Context
2 < Cache-Control: no-cache
2 < Expires: -1
2 < Pragma: no-cache
2 < Vary: Accept-Encoding
2 < X-AspNet-Version: 4.0.30319
2 < Request-Context: appId=cid-v1:cba57b22-bea6-48bb-a3b8-4c30d76b9899
2 < X-Powered-By: ASP.NET
2 < X-Frame-Options: ALLOW-FROM http://localhost:58402/ http://localhost:61309/
2 < cf-cache-status: DYNAMIC
2 < Server: cloudflare
2 < CF-RAY: 911b2d657a728839-BLR
{"status":true,"messages":["Account created.","Account created & partner registered for IAV redirect URL.","First API call retrieved redirect URL successfully."],"notification":"","payload":{"redirect":"https://bimsdk-qa.bimnetworkstech.com/IAVRed/Link/139187/127","action_code":171,"fallback":"redirectbankselect","auth_operation":"CHKENROLL","auth_response_code":"00","auth_response_verbiage":"TRANSACTION APPROVED"},"error":null}

12:29:51.560 [pool-2-thread-1] INFO  com.intuit.karate - [print] Continue Enrollment Response: {
  "status": true,
  "messages": [
    "Account created.",
    "Account created & partner registered for IAV redirect URL.",
    "First API call retrieved redirect URL successfully."
  ],
  "notification": "",
  "payload": {
    "redirect": "https://bimsdk-qa.bimnetworkstech.com/IAVRed/Link/139187/127",
    "action_code": 171,
    "fallback": "redirectbankselect",
    "auth_operation": "CHKENROLL",
    "auth_response_code": "00",
    "auth_response_verbiage": "TRANSACTION APPROVED"
  },
  "error": null
}
 
12:29:51.563 [pool-2-thread-1] DEBUG com.intuit.karate - request:
3 > POST https://bimhep-qa.bimnetworkstech.com/api/hostedEnrollment/PostToWebhookOnIAVExit
3 > Content-Type: application/json; charset=UTF-8
3 > Accept: */*
3 > Content-Length: 42
3 > Host: bimhep-qa.bimnetworkstech.com
3 > Connection: Keep-Alive
3 > User-Agent: Apache-HttpClient/4.5.14 (Java/17.0.10)
3 > Accept-Encoding: gzip,deflate
{"partnerId":"MTI3","consumerId":"138830"}

12:29:51.571 [pool-2-thread-5] DEBUG com.intuit.karate - request:
1 > POST https://api.getpostman.com/workspaces
1 > x-api-key: PMAK-67a1fd6a1bd33e0001398b39-8f7df1a19b801ffe2ebdd25b9b6fc3bdfb
1 > Content-Type: application/json; charset=UTF-8
1 > Content-Length: 167
1 > Host: api.getpostman.com
1 > Connection: Keep-Alive
1 > User-Agent: Apache-HttpClient/4.5.14 (Java/17.0.10)
1 > Accept-Encoding: gzip,deflate
{"workspace":{"name":"Leslyn Haigh","type":"personal","description":"Myr","visibilityStatus":"Once you\u2019ve accepted your flaws, no one can use them against you."}}

SQLServerResultSet:1
12:29:51.938 [pool-2-thread-4] INFO  com.intuit.karate - [print] Alberta Charleson 
12:29:52.349 [pool-2-thread-1] DEBUG com.intuit.karate - response time in milliseconds: 777
3 < 200
3 < Date: Fri, 14 Feb 2025 06:59:51 GMT
3 < Content-Type: application/json; charset=utf-8
3 < Connection: keep-alive
3 < Access-Control-Expose-Headers: Request-Context
3 < Cache-Control: no-cache
3 < Expires: -1
3 < Pragma: no-cache
3 < Vary: Accept-Encoding
3 < X-AspNet-Version: 4.0.30319
3 < Request-Context: appId=cid-v1:cba57b22-bea6-48bb-a3b8-4c30d76b9899
3 < X-Powered-By: ASP.NET
3 < X-Frame-Options: ALLOW-FROM http://localhost:58402/ http://localhost:61309/
3 < cf-cache-status: DYNAMIC
3 < Server: cloudflare
3 < CF-RAY: 911b2d83cd942ffb-BLR
true

12:29:52.355 [pool-2-thread-1] INFO  com.intuit.karate - [print] PostToWebhookOnIAVExit Response: true 
12:29:52.678 [pool-2-thread-3] DEBUG com.intuit.karate - response time in milliseconds: 2434
1 < 200
1 < Date: Fri, 14 Feb 2025 06:59:51 GMT
1 < Content-Type: application/json; charset=utf-8
1 < Content-Length: 92935
1 < Connection: keep-alive
1 < Server: nginx
1 < x-frame-options: deny
1 < x-xss-protection: 1; mode=block
1 < x-content-type-options: nosniff
1 < referrer-policy: no-referrer-when-downgrade
1 < access-control-allow-origin: *
1 < access-control-allow-methods: GET,POST,PUT,DELETE
1 < access-control-allow-headers: content-type,x-api-key
1 < access-control-allow-credentials: false
1 < x-ratelimit-limit: 10
1 < x-ratelimit-reset: 4
1 < x-ratelimit-remaining: 8
1 < ratelimit: limit=10, remaining=8, reset=4
1 < ratelimit-policy: 10;w=10
1 < ratelimit-limit: 10
1 < ratelimit-remaining: 8
1 < ratelimit-reset: 4
1 < ratelimit-limit-month: 10000
1 < ratelimit-remaining-month: 5276
1 < x-ratelimit-limit-month: 10000
1 < x-ratelimit-remaining-month: 5276
1 < uWebSockets: 20
{"workspaces":[{"id":"a857ced1-0faa-4156-81e0-c378ac28bb9e","name":"Connex_QA","type":"team","visibility":"team","createdBy":"20182173"},{"id":"470c38f4-8ea0-4086-8717-c9e3cabc4352","name":"My Workspace","type":"personal","visibility":"personal","createdBy":"32384855"},{"id":"bcd66e31-511a-4ce7-9478-8d54616c1e17","name":"shashikumar s","type":"personal","visibility":"personal","createdBy":"32384855"},{"id":"bb606481-d991-4bfa-a64b-6b10dd754b2d","name":"Garth Greyfeather","type":"personal","visibility":"personal","createdBy":"32384855"},{"id":"3f1603af-d4d8-4cfd-afdc-0c73ccd0264e","name":"Ryam Florent","type":"personal","visibility":"personal","createdBy":"32384855"},{"id":"44eb6607-e396-4fc6-8f67-34de92241728","name":"Harbert","type":"personal","visibility":"personal","createdBy":"32384855"},{"id":"578f8341-0e9f-4e16-b3b1-a09890135c8d","name":"Mudge","type":"personal","visibility":"personal","createdBy":"32384855"},{"id":"b5e38d18-3287-4405-a46d-b1e669bba49f","name":"Mezzara","type":"personal","visibility":"personal","createdBy":"32384855"},{"id":"66335c91-308a-47e6-9b52-e0750c05a9f3","name":"Arson","type":"personal","visibility":"personal","createdBy":"32384855"},{"id":"708a5d5f-673a-47e0-9316-f48e6050ebb5","name":"Grazhar zo Galare","type":"personal","visibility":"personal","createdBy":"32384855"},{"id":"ced97b9b-bc79-4424-969f-3a02f252d343","name":"Ferrego Antaryon","type":"personal","visibility":"personal","createdBy":"32384855"},{"id":"95deee0f-4423-4ac9-9287-2d7e40110e33","name":"Alysane Mormont","type":"personal","visibility":"personal","createdBy":"32384855"},{"id":"1881e2a5-eaf5-4179-8885-00cc3e6c9e7d","name":"Liane Vance","type":"personal","visibility":"personal","createdBy":"32384855"},{"id":"716d42ac-3b1e-414d-9301-17c243ecdc84","name":"Baelor Hightower","type":"personal","visibility":"personal","createdBy":"32384855"},{"id":"dba0b99b-d57e-4abf-93f9-a285b4a3e991","name":"Craghas Drahar","type":"personal","visibility":"personal","createdBy":"32384855"},{"id":"e472a966-ebec-4ae9-8421-9ce6b20d9e0f","name":"Dake","type":"personal","visibility":"personal","createdBy":"32384855"},{"id":"63197b65-0ddd-4169-9d11-b3575ef81709","name":"MyWorkSpace","type":"personal","visibility":"personal","createdBy":"32384855"},{"id":"3705373a-6f32-4a37-a80b-acd3b3aaef32","name":"Redwyn","type":"personal","visibility":"personal","createdBy":"32384855"},{"id":"0ed2badc-71ae-40a6-a0e1-36c7e8f72238","name":"Leobald Tallhart","type":"personal","visibility":"personal","createdBy":"32384855"},{"id":"e50848be-35dd-4b9a-8550-8a21919a4187","name":"Denys Arryn","type":"personal","visibility":"personal","createdBy":"32384855"},{"id":"81557284-11be-4ee6-9718-36aa888cfb91","name":"Daemon Sand","type":"personal","visibility":"personal","createdBy":"32384855"},{"id":"a09a00d4-7e96-40c4-8328-681a48b4b217","name":"Tyland Lannister","type":"personal","visibility":"personal","createdBy":"32384855"},{"id":"69b2aea9-feea-411b-aa00-cf0107f2e56f","name":"Hairy Hal","type":"personal","visibility":"personal","createdBy":"32384855"},{"id":"75de6e19-fa2d-4657-98fc-e5bc4bcd1f53","name":"Ellaria Sand","type":"personal","visibility":"personal","createdBy":"32384855"},{"id":"49cd56bf-a356-4ca5-9bae-55c431ef32db","name":"Owen Norrey","type":"personal","visibility":"personal","createdBy":"32384855"},{"id":"976d3120-8568-4590-bc6e-ffe2c96b0740","name":"Alvyn Sharp","type":"personal","visibility":"personal","createdBy":"32384855"},{"id":"c0abeb7e-e718-4052-89ce-7ccfce9a2112","name":"Mero","type":"personal","visibility":"personal","createdBy":"32384855"},{"id":"b02d682a-7d45-4983-8069-f668a0db0554","name":"Lyonel Frey","type":"personal","visibility":"personal","createdBy":"32384855"},{"id":"8c0b6eb8-fc4b-452a-bb13-0f3915f5e71b","name":"Alysane Mormont","type":"personal","visibility":"personal","createdBy":"32384855"},{"id":"f04e548e-4c2b-4bf1-82ad-adbe0b9a4f21","name":"Cohollo","type":"personal","visibility":"personal","createdBy":"32384855"},{"id":"e10efeba-faa7-43e9-875b-608ac270454f","name":"Talea","type":"personal","visibility":"personal","createdBy":"32384855"},{"id":"4d0a2161-aa25-4356-851f-70b1983b845b","name":"Enger","type":"personal","visibility":"personal","createdBy":"32384855"},{"id":"19739756-7b41-4ae5-bfc4-5f5da6fc7a36","name":"Mark Ryswell","type":"personal","visibility":"personal","createdBy":"32384855"},{"id":"61471439-1868-4ae1-b54d-60e45df5149f","name":"Jason Lannister","type":"personal","visibility":"personal","createdBy":"32384855"},{"id":"26181d5c-9631-4818-b475-f4f9863cebb6","name":"Eden Risley","type":"personal","visibility":"personal","createdBy":"32384855"},{"id":"3f9cfc74-3e35-4807-8b58-05481cd7cddc","name":"Trebor Jordayne","type":"personal","visibility":"personal","createdBy":"32384855"},{"id":"e9c2bd0b-acb3-4926-a723-44a4c0dd748f","name":"Damion Lannister","type":"personal","visibility":"personal","createdBy":"32384855"},{"id":"78d3423a-3d02-46bf-adb2-ec09e27ec0ef","name":"Ormond Osgrey","type":"personal","visibility":"personal","createdBy":"32384855"},{"id":"615e3606-36ee-467b-aa92-d1782f050e1b","name":"Harmond Umber","type":"personal","visibility":"personal","createdBy":"32384855"},{"id":"1a022387-98fe-4856-9528-8f7c8e8763ec","name":"Dagmer","type":"personal","visibility":"personal","createdBy":"32384855"},{"id":"0d291028-e450-4468-929c-cb3d15430514","name":"Becca the Baker","type":"personal","visibility":"personal","createdBy":"32384855"},{"id":"9559c573-d6e4-41d3-8c04-0b9c3ac56035","name":"Robin Greyjoy","type":"personal","visibility":"personal","createdBy":"32384855"},{"id":"6a84d38f-b03b-4095-9853-86b17c831ef3","name":"Steffon Frey","type":"personal","visibility":"personal","createdBy":"32384855"},{"id":"1d2fa5e7-1764-462d-8859-80ac15429223","name":"Barbrey Dustin","type":"personal","visibility":"personal","createdBy":"32384855"},{"id":"742a6f5b-4361-4c90-87d4-648d4a642813","name":"Byan Votyris","type":"personal","visibility":"personal","createdBy":"32384855"},{"id":"3eff5fe5-28c5-4db0-bc58-36fd5014877e","name":"Sherrit","type":"personal","visibility":"personal","createdBy":"32384855"},{"id":"f7d7bde1-671d-4fd7-b3f4-9043cc3e3ca4","name":"Argrave the Defiant","type":"personal","visibility":"personal","createdBy":"32384855"},{"id":"0270347c-7c55-44ff-be0a-0875ab22de9f","name":"Ronnel Arryn","type":"personal","visibility":"personal","createdBy":"32384855"},{"id":"b8067cd0-b5b3-40ca-8ac8-2e480d30a0d5","name":"Barre","type":"personal","visibility":"personal","createdBy":"32384855"},{"id":"626a600f-68d4-406e-8d98-78c9f25a63d2","name":"Umfred","type":"personal","visibility":"personal","createdBy":"32384855"},{"id":"5bf0d030-5adc-4978-a568-4a355061244a","name":"Jyanna Frey","type":"personal","visibility":"personal","createdBy":"32384855"},{"id":"eb259593-61b9-4357-bbd0-7fd0486ba133","name":"Tregar Ormollen","type":"personal","visibility":"personal","createdBy":"32384855"},{"id":"3527ae5f-0c96-4189-ac5e-1acca8b4dd49","name":"Tristifer V Mudd","type":"personal","visibility":"personal","createdBy":"32384855"},{"id":"f6ba387d-fed3-4640-b08b-4d830b919014","name":"Jate","type":"personal","visibility":"personal","createdBy":"32384855"},{"id":"9e2e5812-5e75-4bea-8452-87ec48ab9a56","name":"Daenerys Targaryen","type":"personal","visibility":"personal","createdBy":"32384855"},{"id":"a5351659-2817-4046-a36a-0e9cc048b6d2","name":"Jon Connington","type":"personal","visibility":"personal","createdBy":"32384855"},{"id":"ff2ea438-89a8-4f64-b817-70cafad35ac2","name":"Dykk Harlaw","type":"personal","visibility":"personal","createdBy":"32384855"},{"id":"2168c5e0-b8ee-4e4f-a075-4c6e17bf0f70","name":"Gulian Qorgyle","type":"personal","visibility":"personal","createdBy":"32384855"},{"id":"33ade657-02d0-43ca-a3a0-8ee28d657aca","name":"Hoarfrost Umber","type":"personal","visibility":"personal","createdBy":"32384855"},{"id":"c92d09db-716a-4868-9e6e-c9bde841204f","name":"Tal Toraq","type":"personal","visibility":"personal","createdBy":"32384855"},{"id":"bd723e0a-1f33-4101-a638-e9e2750cd3a3","name":"Mandon Moore","type":"personal","visibility":"personal","createdBy":"32384855"},{"id":"861b8eca-33ef-4a4a-a8ba-9677fae1a1e2","name":"Hilmar Drumm","type":"personal","visibility":"personal","createdBy":"32384855"},{"id":"7d30cbef-e6b4-4e01-9008-bb6869bf0979","name":"Hugo Wull","type":"personal","visibility":"personal","createdBy":"32384855"},{"id":"5fba8390-c34c-4376-ab8d-1dc66c53b5de","name":"Ben Bones","type":"personal","visibility":"personal","createdBy":"32384855"},{"id":"71719412-7fc8-4167-bfc5-34149bf60217","name":"Brown Bernarr","type":"personal","visibility":"personal","createdBy":"32384855"},{"id":"1ebdb3bc-59be-4d61-b055-5836c17c3587","name":"Bump","type":"personal","visibility":"personal","createdBy":"32384855"},{"id":"e3118fe6-0abe-4521-8998-c83d61fb7d2f","name":"Ravella Swann","type":"personal","visibility":"personal","createdBy":"32384855"},{"id":"6710a765-1353-451a-b28e-549874f187fc","name":"Balon Swann","type":"personal","visibility":"personal","createdBy":"32384855"},{"id":"f2aa6ed4-fbcf-4976-a5bc-c36214c78ad2","name":"Carrot","type":"personal","visibility":"personal","createdBy":"32384855"},{"id":"22ddc869-9088-4950-80e9-59765157fced","name":"Mellara Rivers","type":"personal","visibility":"personal","createdBy":"32384855"},{"id":"0c675a54-20b1-4247-829b-b9f77cd91e48","name":"Spotted Cat","type":"personal","visibility":"personal","createdBy":"32384855"},{"id":"13ec11f6-c2b9-47fb-9a72-39d0b448c44a","name":"Alyn Frey","type":"personal","visibility":"personal","createdBy":"32384855"},{"id":"33cba677-184c-4698-a0e7-274c8ab46f5e","name":"Jon Fossoway","type":"personal","visibility":"personal","createdBy":"32384855"},{"id":"24186e53-6e9f-4592-8b75-2d9857e065f3","name":"Ronel Rivers","type":"personal","visibility":"personal","createdBy":"32384855"},{"id":"4dab13da-3fb1-467b-be20-2fbdf223cfd4","name":"Lord Ashford","type":"personal","visibility":"personal","createdBy":"32384855"},{"id":"06e9e26d-72c5-4483-b4eb-6c14579f4318","name":"orville robel","type":"personal","visibility":"personal","createdBy":"32384855"},{"id":"33d63a4c-c69c-44b5-b77f-1ada2edfeb35","name":"updateMyWorkSpace","type":"personal","visibility":"personal","createdBy":"32384855"},{"id":"80dd5d3c-4606-4652-ad07-87a7525f8eac","name":"MyWorkSpace","type":"personal","visibility":"personal","createdBy":"32384855"},{"id":"873d4373-3df6-44ed-b4ef-5d2583419101","name":"updateMyWorkSpace","type":"personal","visibility":"personal","createdBy":"32384855"},{"id":"55937c78-8a5c-463d-810d-c37cbcfd0cd0","name":"updateMyWorkSpace","type":"personal","visibility":"personal","createdBy":"32384855"},{"id":"e79fabd2-9f1b-4350-b715-43e7fd03dcfc","name":"MyWorkSpace","type":"personal","visibility":"personal","createdBy":"32384855"},{"id":"ab7373d1-fec4-4ce8-9a09-89ac17259a3c","name":"MyWorkSpace","type":"personal","visibility":"personal","createdBy":"32384855"},{"id":"16eac84b-82e8-4c9b-987a-3a98f185c8be","name":"Theomar Smallwood","type":"personal","visibility":"personal","createdBy":"32384855"},{"id":"9b38ab1a-a558-458e-814b-d474b94fd209","name":"Bethany Bolton","type":"personal","visibility":"personal","createdBy":"32384855"},{"id":"1e2e088b-9e5f-4477-9746-9e8143f1356f","name":"Simon Toyne","type":"personal","visibility":"personal","createdBy":"32384855"},{"id":"c04287d1-1614-4202-9e52-9b678ea52491","name":"Dontos Hollard","type":"personal","visibility":"personal","createdBy":"32384855"},{"id":"48637c81-9c87-40c2-80f2-7a6078303610","name":"Ralf","type":"personal","visibility":"personal","createdBy":"32384855"},{"id":"ed7b47d5-0df8-418b-b439-6c51858b4d10","name":"Enger","type":"personal","visibility":"personal","createdBy":"32384855"},{"id":"589b9f5b-707b-4aa8-bf7b-1df74ecc6e88","name":"Alesander Frey","type":"personal","visibility":"personal","createdBy":"32384855"},{"id":"22fd9fca-0378-4369-82a6-54172fe6df45","name":"Sawane Botley","type":"personal","visibility":"personal","createdBy":"32384855"},{"id":"4424ffd7-b5bc-4d51-9dfd-3a387d88f554","name":"Shierle Swyft","type":"personal","visibility":"personal","createdBy":"32384855"},{"id":"73d315c2-0ca7-404d-a61d-c23b7433f12d","name":"Tallad","type":"personal","visibility":"personal","createdBy":"32384855"},{"id":"3da91e6f-f42b-4093-b0ec-0b62cbef51ec","name":"Lewyn Martell","type":"personal","visibility":"personal","createdBy":"32384855"},{"id":"c8399960-3e1c-4e9a-b7c4-496fa8b995f5","name":"Dontos Hollard","type":"personal","visibility":"personal","createdBy":"32384855"},{"id":"ec66cdc5-b62c-4a05-a024-a16c985d2296","name":"Artys Arryn","type":"personal","visibility":"personal","createdBy":"32384855"},{"id":"6ea7ab12-b927-497c-a12b-630eded122e2","name":"Haegon Blackfyre","type":"personal","visibility":"personal","createdBy":"32384855"},{"id":"4ae09b5e-1e0c-4678-9aa0-3cfb45bb62f9","name":"Garth Greyfeather","type":"personal","visibility":"personal","createdBy":"32384855"},{"id":"2c27e32b-2808-42a9-8baf-67973d80c876","name":"Oznak zo Pahl","type":"personal","visibility":"personal","createdBy":"32384855"},{"id":"cec7c2af-b80e-4748-8c17-9d8b37a0ee45","name":"Abelar Hightower","type":"personal","visibility":"personal","createdBy":"32384855"},{"id":"c8da65fb-5ba0-42cb-8536-5ad7f75408ea","name":"Flement Brax","type":"personal","visibility":"personal","createdBy":"32384855"},{"id":"ef1fc347-42ef-40b6-b5f3-3f46a77cab88","name":"Jeyne Lothston","type":"personal","visibility":"personal","createdBy":"32384855"},{"id":"a99a4ee6-4470-491e-83ec-6e463e12ead6","name":"Eddard Karstark","type":"personal","visibility":"personal","createdBy":"32384855"},{"id":"e0f28954-d86b-4d9d-bf5c-2fe65852648c","name":"karateWorkSpace","type":"personal","visibility":"personal","createdBy":"32384855"},{"id":"13374744-2566-4595-8bea-3f9791f6a8ae","name":"karateWorkSpace","type":"personal","visibility":"personal","createdBy":"32384855"},{"id":"bc7c0ca6-5885-4c5c-b442-6709d3c41f91","name":"karateWorkSpace","type":"personal","visibility":"personal","createdBy":"32384855"},{"id":"1cce0b97-44aa-4d79-a059-ab92cad11f0e","name":"karateWorkSpace","type":"personal","visibility":"personal","createdBy":"32384855"},{"id":"d9a3c17c-3822-4e8d-b366-2c9b51a717ee","name":"karateWorkSpace","type":"personal","visibility":"personal","createdBy":"32384855"},{"id":"3dfccfbf-3bec-41f9-a319-f96dde51b4c2","name":"karateWorkSpace","type":"personal","visibility":"personal","createdBy":"32384855"},{"id":"c39dd981-734b-4b55-b4e6-b33023e02c60","name":"karateWorkSpace","type":"personal","visibility":"personal","createdBy":"32384855"},{"id":"eac36876-9e39-4d09-a32b-2e31ce8505ea","name":"karateWorkSpace","type":"personal","visibility":"personal","createdBy":"32384855"},{"id":"ccc84b0f-e3a4-49bd-9e38-618f1f5caf93","name":"karateWorkSpace","type":"personal","visibility":"personal","createdBy":"32384855"},{"id":"f858daf6-f7c3-4f69-a93b-d51c888eb7aa","name":"karateWorkSpace","type":"personal","visibility":"personal","createdBy":"32384855"},{"id":"6f0d3354-f236-4471-983f-269e3737971a","name":"karateWorkSpace","type":"personal","visibility":"personal","createdBy":"32384855"},{"id":"1af4db40-bdab-4aad-9eb2-0bd79bddff66","name":"karateWorkSpace","type":"personal","visibility":"personal","createdBy":"32384855"},{"id":"1a69d2d3-4098-43fe-ba71-ceed58a941ae","name":"karateWorkSpace","type":"personal","visibility":"personal","createdBy":"32384855"},{"id":"45db71ab-8559-4c9d-ac85-61a6d67a3be3","name":"karateWorkSpace","type":"personal","visibility":"personal","createdBy":"32384855"},{"id":"a85cf555-1a85-4289-b298-60063647e5ae","name":"karateWorkSpace","type":"personal","visibility":"personal","createdBy":"32384855"},{"id":"b4a1a593-c0c1-41b2-a9e8-d0e190b78b31","name":"karateWorkSpace","type":"personal","visibility":"personal","createdBy":"32384855"},{"id":"48f7a20e-3d2b-4322-b019-87ad2573fd9c","name":"Tyland Lannister","type":"personal","visibility":"personal","createdBy":"32384855"},{"id":"89e80bc9-b93c-4fb7-b142-d919a230f699","name":"Franklyn Frey","type":"personal","visibility":"personal","createdBy":"32384855"},{"id":"700334d5-5a2f-4869-92c0-55048ce74e73","name":"Hoarfrost Umber","type":"personal","visibility":"personal","createdBy":"32384855"},{"id":"906ed81a-d512-4cd4-b118-e51c7bfaad2a","name":"Asha Greyjoy","type":"personal","visibility":"personal","createdBy":"32384855"},{"id":"f43d61db-573a-4d28-8d31-8247fe5c465a","name":"karateWorkSpace","type":"personal","visibility":"personal","createdBy":"32384855"},{"id":"6ac513a9-bb61-43ae-84b0-5738f87e1f2c","name":"karateWorkSpace","type":"personal","visibility":"personal","createdBy":"32384855"},{"id":"151dc755-bb05-44f1-b687-ff33c32819e6","name":"karateWorkSpace","type":"personal","visibility":"personal","createdBy":"32384855"},{"id":"1617f603-2119-4a76-96e1-5b325aa6aca4","name":"karateWorkSpace","type":"personal","visibility":"personal","createdBy":"32384855"},{"id":"05b1f6f5-2faf-4220-95cb-912d985fae29","name":"Roone","type":"personal","visibility":"personal","createdBy":"32384855"},{"id":"b8e6e9b3-3189-4518-a41d-f6cf926183f5","name":"Jon Brax","type":"personal","visibility":"personal","createdBy":"32384855"},{"id":"37df2ee4-e595-4097-84d6-c98a56d5676e","name":"Othor","type":"personal","visibility":"personal","createdBy":"32384855"},{"id":"575ae20b-ba3f-48ec-b00a-fedaa7fd5d6e","name":"Roland Crakehall","type":"personal","visibility":"personal","createdBy":"32384855"},{"id":"42ee471e-944c-4805-b150-53ab377e6aa0","name":"karateWorkSpace","type":"personal","visibility":"personal","createdBy":"32384855"},{"id":"c195d865-68f7-4115-ace6-e2308c3193d2","name":"karateWorkSpace","type":"personal","visibility":"personal","createdBy":"32384855"},{"id":"d9f59931-0d5a-4e81-80a4-a81907f83d7d","name":"karateWorkSpace","type":"personal","visibility":"personal","createdBy":"32384855"},{"id":"cae3a156-655c-4611-a278-d5d716fc82e5","name":"karateWorkSpace","type":"personal","visibility":"personal","createdBy":"32384855"},{"id":"1daf4478-0faf-4c04-b8a4-cdcbfaeb8c49","name":"Jonos Frey","type":"personal","visibility":"personal","createdBy":"32384855"},{"id":"7455ea60-c329-41a8-ae23-62905d4608e8","name":"Viserys I Targaryen","type":"personal","visibility":"personal","createdBy":"32384855"},{"id":"d13c85dc-1dd4-4aef-a4e9-0189acbda06c","name":"karateWorkSpace","type":"personal","visibility":"personal","createdBy":"32384855"},{"id":"1ec18821-1a88-4e32-a2e1-9c20fd2deee9","name":"karateWorkSpace","type":"personal","visibility":"personal","createdBy":"32384855"},{"id":"40911190-a0a1-40ae-a486-1c9a296d4afe","name":"Squirrel","type":"personal","visibility":"personal","createdBy":"32384855"},{"id":"007152b0-bf2c-4c47-8614-8390eab64770","name":"Naerys Targaryen","type":"personal","visibility":"personal","createdBy":"32384855"},{"id":"271ccb7e-4380-4a56-86fc-d81dbe8c8922","name":"Tycho Nestoris","type":"personal","visibility":"personal","createdBy":"32384855"},{"id":"38b532fd-25dc-46ce-b3fa-71d66ea2c886","name":"Urron Greyiron","type":"personal","visibility":"personal","createdBy":"32384855"},{"id":"f91a10ee-3293-4fc8-9034-aa17760c881d","name":"karateWorkSpaceUpdated","type":"personal","visibility":"personal","createdBy":"32384855"},{"id":"0f4274f8-911e-4b38-b87a-813e7c954ada","name":"karateWorkSpaceUpdated","type":"personal","visibility":"personal","createdBy":"32384855"},{"id":"023930e8-cf52-4d49-b626-081a90180d4f","name":"karateWorkSpaceUpdated","type":"personal","visibility":"personal","createdBy":"32384855"},{"id":"4e6912ad-1d9a-46ef-a200-f72b5ddb93f6","name":"karateWorkSpaceUpdated","type":"personal","visibility":"personal","createdBy":"32384855"},{"id":"626a45d7-d638-43a5-b24f-dcd6db2958af","name":"karateWorkSpaceUpdated","type":"personal","visibility":"personal","createdBy":"32384855"},{"id":"39eba6f3-0fb6-4478-b77c-efdcb175f5ea","name":"karateWorkSpaceUpdated","type":"personal","visibility":"personal","createdBy":"32384855"},{"id":"b57bc4a6-04e3-456e-a17d-54b0f43a613f","name":"karateWorkSpaceUpdated","type":"personal","visibility":"personal","createdBy":"32384855"},{"id":"666d9d3b-9260-45d6-a054-c847b19bfe6f","name":"karateWorkSpaceUpdated","type":"personal","visibility":"personal","createdBy":"32384855"},{"id":"743d21c2-debd-4cf6-ae71-ade3f106a566","name":"karateWorkSpaceUpdated","type":"personal","visibility":"personal","createdBy":"32384855"},{"id":"028c0c11-f73f-4f8c-a14d-f97b6a213ed1","name":"karateWorkSpaceUpdated","type":"personal","visibility":"personal","createdBy":"32384855"},{"id":"a31b7633-d267-4a40-88b0-d9d4317da16f","name":"karateWorkSpace","type":"personal","visibility":"personal","createdBy":"32384855"},{"id":"1cc0171d-6807-4334-91de-614fa2fc8250","name":"karateWorkSpace","type":"personal","visibility":"personal","createdBy":"32384855"},{"id":"8c295335-6734-46c0-aa82-b025b554576e","name":"karateWorkSpace","type":"personal","visibility":"personal","createdBy":"32384855"},{"id":"c151b9ac-effe-4908-8e6a-a5be1053ac5f","name":"karateWorkSpace","type":"personal","visibility":"personal","createdBy":"32384855"},{"id":"f1a2b580-f5f3-45bd-baa9-508f5532b788","name":"karateWorkSpace","type":"personal","visibility":"personal","createdBy":"32384855"},{"id":"9e2da593-907b-4a4d-89dc-416545470c79","name":"karateWorkSpace","type":"personal","visibility":"personal","createdBy":"32384855"},{"id":"b3cb2a5f-0563-40b9-a6fe-0693c9bd2062","name":"Warren","type":"personal","visibility":"personal","createdBy":"32384855"},{"id":"57195ff9-e44f-44e6-bb53-c7a8a65900f6","name":"Devan Seaworth","type":"personal","visibility":"personal","createdBy":"32384855"},{"id":"284bb42c-9b3c-4e69-9c80-c5b0689ad442","name":"karateWorkSpace","type":"personal","visibility":"personal","createdBy":"32384855"},{"id":"61f011f0-e667-4cce-9ad1-7cd1ffd3dc5c","name":"karateWorkSpace","type":"personal","visibility":"personal","createdBy":"32384855"},{"id":"6ebf3994-487f-429f-98dd-feece89f3010","name":"karateWorkSpace","type":"personal","visibility":"personal","createdBy":"32384855"},{"id":"6cfc53d8-835a-4eb3-8d53-a7fd817e0c44","name":"karateWorkSpace","type":"personal","visibility":"personal","createdBy":"32384855"},{"id":"bc379047-858b-4247-a2f2-45c5e5759a3e","name":"Omer Blackberry","type":"personal","visibility":"personal","createdBy":"32384855"},{"id":"5a2d28f7-9fdf-4313-b2e6-f468d0b212da","name":"Harwin","type":"personal","visibility":"personal","createdBy":"32384855"},{"id":"646b9364-6258-4f70-b035-f2cb3c617e26","name":"karateWorkSpace","type":"personal","visibility":"personal","createdBy":"32384855"},{"id":"6521ed74-bdef-4fe8-81e7-0de41e51e06c","name":"karateWorkSpace","type":"personal","visibility":"personal","createdBy":"32384855"},{"id":"9c85c54d-ce28-43ea-8b3f-2892669688ba","name":"karateWorkSpace","type":"personal","visibility":"personal","createdBy":"32384855"},{"id":"2ceff8e9-70d1-4f65-bdb3-4019e00aa8ff","name":"karateWorkSpace","type":"personal","visibility":"personal","createdBy":"32384855"},{"id":"ff7d9fd6-3be3-4aff-8264-8994be239d5d","name":"Sawane Botley","type":"personal","visibility":"personal","createdBy":"32384855"},{"id":"a2ff5fa6-91bc-47ca-8d43-b3b399b2c1fa","name":"Nymella Toland","type":"personal","visibility":"personal","createdBy":"32384855"},{"id":"f6f0ff91-43a9-40f4-b729-16b47a524f57","name":"karateWorkSpace","type":"personal","visibility":"personal","createdBy":"32384855"},{"id":"21c1442c-8353-4a41-a7db-3bf379a9e17b","name":"karateWorkSpace","type":"personal","visibility":"personal","createdBy":"32384855"},{"id":"1c3ebca7-fb70-4829-b2e4-0675f8556125","name":"Preston Greenfield","type":"personal","visibility":"personal","createdBy":"32384855"},{"id":"adafdf32-9e30-43fd-b880-e19fede44944","name":"Wayn","type":"personal","visibility":"personal","createdBy":"32384855"},{"id":"140ebe31-13dc-4be6-b177-a0fc814e1539","name":"Ethan Glover","type":"personal","visibility":"personal","createdBy":"32384855"},{"id":"b60f4c6a-e4e5-409c-9bf7-24f58717266f","name":"Denyse Hightower","type":"personal","visibility":"personal","createdBy":"32384855"},{"id":"1e40eeee-312c-4ca3-bb98-9097693479ca","name":"Anguy","type":"personal","visibility":"personal","createdBy":"32384855"},{"id":"cf95d3c6-552f-4ce0-896c-cb674a3de5b3","name":"Grance Morrigen","type":"personal","visibility":"personal","createdBy":"32384855"},{"id":"c2ad83cf-19bc-46a3-8fbb-51f41a2a57a4","name":"Yohn Royce","type":"personal","visibility":"personal","createdBy":"32384855"},{"id":"38ffd7c4-0563-4263-a30e-366e89bb0ecc","name":"Ezzara","type":"personal","visibility":"personal","createdBy":"32384855"},{"id":"54ee3a38-c9ba-4eaf-8552-a1f71bbcb4ea","name":"Walder Frey","type":"personal","visibility":"personal","createdBy":"32384855"},{"id":"36cc80cd-5a1f-43d9-88ad-6e54f3f8098a","name":"karateWorkSpace","type":"personal","visibility":"personal","createdBy":"32384855"},{"id":"e2a98113-082a-4cce-9df7-b5bf6fd2a3a8","name":"karateWorkSpace","type":"personal","visibility":"personal","createdBy":"32384855"},{"id":"af2f4874-9c5b-4193-a41a-d4f2f0fe4990","name":"Buu","type":"personal","visibility":"personal","createdBy":"32384855"},{"id":"6dbcb9ec-6299-429c-9a0d-6697faca4cb5","name":"Sylas Flatnose","type":"personal","visibility":"personal","createdBy":"32384855"},{"id":"05d08dc3-bafb-43f0-b0c5-a01166494dea","name":"Biter","type":"personal","visibility":"personal","createdBy":"32384855"},{"id":"966a103c-9793-48e3-b7ad-a7ae0b3cf149","name":"Genna Lannister","type":"personal","visibility":"personal","createdBy":"32384855"},{"id":"46caad6a-9aa2-495e-89c0-bd32324516b7","name":"karateWorkSpace","type":"personal","visibility":"personal","createdBy":"32384855"},{"id":"e359fd89-f6cb-4bac-aae7-194dec753259","name":"karateWorkSpace","type":"personal","visibility":"personal","createdBy":"32384855"},{"id":"653b5cb1-1f56-4bba-8f0e-cfff018fea64","name":"karateWorkSpace","type":"personal","visibility":"personal","createdBy":"32384855"},{"id":"fdbd2613-1d71-491d-af59-513bbd7df850","name":"karateWorkSpace","type":"personal","visibility":"personal","createdBy":"32384855"},{"id":"0c0f2ca9-9a22-425a-8345-772d714744e2","name":"karateWorkSpace","type":"personal","visibility":"personal","createdBy":"32384855"},{"id":"11a893c2-073d-4ce3-820c-9cd0739ac5c9","name":"karateWorkSpace","type":"personal","visibility":"personal","createdBy":"32384855"},{"id":"ba823a98-bf86-4546-b9a3-f67a65242af2","name":"karateWorkSpace","type":"personal","visibility":"personal","createdBy":"32384855"},{"id":"34b5ad10-cf3f-4166-b840-ac213b641ecb","name":"karateWorkSpace","type":"personal","visibility":"personal","createdBy":"32384855"},{"id":"eb0411d2-0724-4e39-8439-b80ba4af7939","name":"karateWorkSpace","type":"personal","visibility":"personal","createdBy":"32384855"},{"id":"3dea3b8a-96d8-4579-bb69-96a76b362048","name":"karateWorkSpace","type":"personal","visibility":"personal","createdBy":"32384855"},{"id":"da47589e-797c-4f49-b277-4bafb90386a9","name":"karateWorkSpace","type":"personal","visibility":"personal","createdBy":"32384855"},{"id":"0b4094e8-cc4c-4477-a712-e63e1eac1f49","name":"karateWorkSpace","type":"personal","visibility":"personal","createdBy":"32384855"},{"id":"fa28e176-7996-4bcf-a21a-79e9c22e1eaf","name":"karateWorkSpace","type":"personal","visibility":"personal","createdBy":"32384855"},{"id":"eb7d89b0-548f-43b6-8378-edc41b31512c","name":"karateWorkSpace","type":"personal","visibility":"personal","createdBy":"32384855"},{"id":"f222f0ad-2d71-4031-8dc0-8a69357530ef","name":"karateWorkSpace","type":"personal","visibility":"personal","createdBy":"32384855"},{"id":"1e35a018-fb99-4d46-8e80-0fa3cfff8f06","name":"karateWorkSpace","type":"personal","visibility":"personal","createdBy":"32384855"},{"id":"e95552c9-86f2-41cb-8718-74476716662f","name":"karateWorkSpace","type":"personal","visibility":"personal","createdBy":"32384855"},{"id":"790a0124-e699-45e2-beea-c3b1261ba0cd","name":"karateWorkSpace","type":"personal","visibility":"personal","createdBy":"32384855"},{"id":"084d4358-1808-4798-a3d8-c8a98ec562ff","name":"karateWorkSpace","type":"personal","visibility":"personal","createdBy":"32384855"},{"id":"521e55e5-a629-4538-95c5-8a5d441c3431","name":"karateWorkSpace","type":"personal","visibility":"personal","createdBy":"32384855"},{"id":"7eed0b32-78fa-4e21-ac70-2a85baeedc8e","name":"Emmond","type":"personal","visibility":"personal","createdBy":"32384855"},{"id":"b783f076-9629-4810-810e-b9c25d69e533","name":"Rus","type":"personal","visibility":"personal","createdBy":"32384855"},{"id":"7636ef9a-de73-42ab-82d6-fd90a3873f71","name":"karateWorkSpace","type":"personal","visibility":"personal","createdBy":"32384855"},{"id":"027fc8b4-c0a9-4004-a837-6ba77c4c2c5d","name":"karateWorkSpace","type":"personal","visibility":"personal","createdBy":"32384855"},{"id":"742764ca-0dee-47bd-b77b-62e8e24e948c","name":"Carolei Waynwood","type":"personal","visibility":"personal","createdBy":"32384855"},{"id":"edd9d452-fd0a-4f63-a13e-c076dd731d68","name":"Durran","type":"personal","visibility":"personal","createdBy":"32384855"},{"id":"95c7393d-9c89-43b5-be99-087123158a48","name":"karateWorkSpace","type":"personal","visibility":"personal","createdBy":"32384855"},{"id":"699b8e1c-850e-437a-87bd-f5d32048a8e0","name":"karateWorkSpace","type":"personal","visibility":"personal","createdBy":"32384855"},{"id":"a37ee37d-1a99-4907-957b-3ed1ed731ce4","name":"Shortear","type":"personal","visibility":"personal","createdBy":"32384855"},{"id":"f40d74d4-99c5-4496-9458-c25f325af242","name":"Leona Tyrell","type":"personal","visibility":"personal","createdBy":"32384855"},{"id":"f67c41b5-aeb5-4aa4-b6bc-fd5adb715856","name":"karateWorkSpace","type":"personal","visibility":"personal","createdBy":"32384855"},{"id":"5c6439bb-0cb4-49c8-bfea-cf311e61dfe3","name":"karateWorkSpace","type":"personal","visibility":"personal","createdBy":"32384855"},{"id":"1dc23f64-6e16-46cb-840a-4d449606304a","name":"Triston Farwynd","type":"personal","visibility":"personal","createdBy":"32384855"},{"id":"f54215be-c772-439b-a56b-004904b10523","name":"Dafyn Vance","type":"personal","visibility":"personal","createdBy":"32384855"},{"id":"29a562a1-7d34-449e-84d8-3eb6181b64ff","name":"karateWorkSpace","type":"personal","visibility":"personal","createdBy":"32384855"},{"id":"37214563-d1a5-4992-ae99-b23ed45bc03e","name":"karateWorkSpace","type":"personal","visibility":"personal","createdBy":"32384855"},{"id":"fb790444-d8ef-41c8-a2af-0143c4fa913b","name":"karateWorkSpace","type":"personal","visibility":"personal","createdBy":"32384855"},{"id":"57a4fa42-99e9-47f0-8d08-a924c37c3e95","name":"karateWorkSpace","type":"personal","visibility":"personal","createdBy":"32384855"},{"id":"6f966f04-4493-48ad-b4c0-f7c6b2d48d9a","name":"Argilac","type":"personal","visibility":"personal","createdBy":"32384855"},{"id":"3f7bbbdb-a52f-446e-8ea4-da27f4e6a334","name":"Morrec","type":"personal","visibility":"personal","createdBy":"32384855"},{"id":"505099ae-177b-4110-afb0-bb157235fa1a","name":"karateWorkSpace","type":"personal","visibility":"personal","createdBy":"32384855"},{"id":"837bb81f-781f-4727-b9a8-edde302167f2","name":"karateWorkSpace","type":"personal","visibility":"personal","createdBy":"32384855"},{"id":"2248254b-01b1-4503-95f0-94e420034c53","name":"Barristan Selmy","type":"personal","visibility":"personal","createdBy":"32384855"},{"id":"2617bb48-3184-44fb-a12b-a2f8d8ec8b36","name":"Varys","type":"personal","visibility":"personal","createdBy":"32384855"},{"id":"dd29d959-1c8f-4d2a-b9b7-3ef6f3f1c0fe","name":"karateWorkSpace","type":"personal","visibility":"personal","createdBy":"32384855"},{"id":"ef611c62-fe00-441f-92e0-5360bc9148cf","name":"karateWorkSpace","type":"personal","visibility":"personal","createdBy":"32384855"},{"id":"7d3f6f92-4feb-472d-8143-43237dcdd7df","name":"karateWorkSpace","type":"personal","visibility":"personal","createdBy":"32384855"},{"id":"51b66517-0a06-4dcd-8e88-7c7c1acd2e1b","name":"karateWorkSpace","type":"personal","visibility":"personal","createdBy":"32384855"},{"id":"09543f00-b1a9-426b-8452-f6b3f45371a6","name":"Stevron Frey","type":"personal","visibility":"personal","createdBy":"32384855"},{"id":"6f6fd045-5fdd-4209-a608-0a14af5b42da","name":"Jyanna Frey","type":"personal","visibility":"personal","createdBy":"32384855"},{"id":"8f67a48f-a2c9-413f-b674-f23fcd469faf","name":"karateWorkSpace","type":"personal","visibility":"personal","createdBy":"32384855"},{"id":"2cadb449-30df-4ef9-b417-4fc6b2ad6117","name":"karateWorkSpace","type":"personal","visibility":"personal","createdBy":"32384855"},{"id":"aea5ca3f-8edb-4b26-abe8-12251f210560","name":"Symond Botley","type":"personal","visibility":"personal","createdBy":"32384855"},{"id":"2f14bf59-f28c-479b-a318-7058dd3638b5","name":"Ryella Royce","type":"personal","visibility":"personal","createdBy":"32384855"},{"id":"60130d73-9120-496f-96c0-7205497ac3af","name":"karateWorkSpace","type":"personal","visibility":"personal","createdBy":"32384855"},{"id":"50f03f24-116a-46cc-b4fe-729f18092491","name":"karateWorkSpace","type":"personal","visibility":"personal","createdBy":"32384855"},{"id":"34aa0352-25dc-4a08-bcc2-d71c3c97fe4c","name":"Clifford Conklyn","type":"personal","visibility":"personal","createdBy":"32384855"},{"id":"00ad1270-e6cf-48a7-a205-a75313b4a286","name":"Jeyne Beesbury","type":"personal","visibility":"personal","createdBy":"32384855"},{"id":"8d847597-8c77-4c70-b0f3-0d88b8042b01","name":"karateWorkSpace","type":"personal","visibility":"personal","createdBy":"32384855"},{"id":"d2f8f392-7a28-4300-baef-9661acbed57c","name":"karateWorkSpace","type":"personal","visibility":"personal","createdBy":"32384855"},{"id":"0f3ef01f-5bb4-4a99-b97d-3e55471de19a","name":"Quickfinger","type":"personal","visibility":"personal","createdBy":"32384855"},{"id":"92198052-e906-46a4-9317-c4eed0bb6201","name":"Leana Frey","type":"personal","visibility":"personal","createdBy":"32384855"},{"id":"14aae1f7-85aa-46b6-9c07-fd508bd7276c","name":"karateWorkSpace","type":"personal","visibility":"personal","createdBy":"32384855"},{"id":"b2ae36d5-3e2e-4063-bdf3-d01fa6d95b93","name":"karateWorkSpace","type":"personal","visibility":"personal","createdBy":"32384855"},{"id":"61535e15-bd37-4eb1-a2f9-ab073f2fa745","name":"Shierle Swyft","type":"personal","visibility":"personal","createdBy":"32384855"},{"id":"bf13041a-1bc9-4c95-aaa2-5912b7c837f2","name":"Joss Stilwood","type":"personal","visibility":"personal","createdBy":"32384855"},{"id":"165b7c6b-c2c4-4f97-8421-f0a6d65d95ba","name":"karateWorkSpace","type":"personal","visibility":"personal","createdBy":"32384855"},{"id":"27adc240-ea45-4e69-bfa9-05a185203171","name":"karateWorkSpace","type":"personal","visibility":"personal","createdBy":"32384855"},{"id":"f1f06435-4941-45f1-bde0-8f50902e4c75","name":"Perra Frey","type":"personal","visibility":"personal","createdBy":"32384855"},{"id":"2b465545-8ef1-4b59-aa0d-9ee563c3df5b","name":"Terro","type":"personal","visibility":"personal","createdBy":"32384855"},{"id":"dc950d36-c6fd-437a-9b92-240e0e0746a5","name":"karateWorkSpace","type":"personal","visibility":"personal","createdBy":"32384855"},{"id":"9db3aa90-70cb-40fb-8489-b0080ad562ee","name":"karateWorkSpace","type":"personal","visibility":"personal","createdBy":"32384855"},{"id":"d7de6d57-a767-475d-95c8-c3f738c03e35","name":"Eddard Stark","type":"personal","visibility":"personal","createdBy":"32384855"},{"id":"8cdfd170-5b37-4eae-a29c-10d410457b43","name":"Manfrey Martell","type":"personal","visibility":"personal","createdBy":"32384855"},{"id":"2a9d5c58-e7e0-497f-b6b5-a972af045717","name":"karateWorkSpace","type":"personal","visibility":"personal","createdBy":"32384855"},{"id":"53fb2942-0d95-4150-bbef-b48429593d2c","name":"karateWorkSpace","type":"personal","visibility":"personal","createdBy":"32384855"},{"id":"db7a4985-4c8d-49f0-a0e1-dca5226a9a87","name":"Alyn Velaryon","type":"personal","visibility":"personal","createdBy":"32384855"},{"id":"387e797a-8a25-4f00-b4e4-685422b9f9fb","name":"Tallad","type":"personal","visibility":"personal","createdBy":"32384855"},{"id":"8802e552-6fb7-41ef-b76d-e9cd47651518","name":"karateWorkSpace","type":"personal","visibility":"personal","createdBy":"32384855"},{"id":"7f4c4b65-7043-41c4-a19d-490fae54a64f","name":"karateWorkSpace","type":"personal","visibility":"personal","createdBy":"32384855"},{"id":"ae5cd46d-3b39-4183-9823-449c56bc9a1a","name":"Mohor","type":"personal","visibility":"personal","createdBy":"32384855"},{"id":"ec361ebc-ba46-45b5-81d7-514c589aeff4","name":"Pearse Caron","type":"personal","visibility":"personal","createdBy":"32384855"},{"id":"ad80bdde-352f-4cf1-98a9-845f1ea84172","name":"karateWorkSpace","type":"personal","visibility":"personal","createdBy":"32384855"},{"id":"9ea7d41f-63d1-4e1c-8b56-65aec3aef75e","name":"karateWorkSpace","type":"personal","visibility":"personal","createdBy":"32384855"},{"id":"91ee1670-3fd1-4821-88fc-a3fecafa1f89","name":"Bethany (Blushing Bethany)","type":"personal","visibility":"personal","createdBy":"32384855"},{"id":"31f7fec1-4400-4395-99c8-883d1731103e","name":"Perra Frey","type":"personal","visibility":"personal","createdBy":"32384855"},{"id":"b2233b98-84de-4667-a763-a0980ae3b257","name":"karateWorkSpace","type":"personal","visibility":"personal","createdBy":"32384855"},{"id":"09f1e8aa-9059-4adc-9678-e34573a110f0","name":"karateWorkSpace","type":"personal","visibility":"personal","createdBy":"32384855"},{"id":"095d97e2-c261-4807-82bb-a60d784e3c34","name":"Jorgen","type":"personal","visibility":"personal","createdBy":"32384855"},{"id":"039f7d03-8199-4fee-afc3-bd29d30d87aa","name":"Gevin Harlaw","type":"personal","visibility":"personal","createdBy":"32384855"},{"id":"b9eac41c-094c-4bb6-9409-b3e6bd85a86c","name":"karateWorkSpace","type":"personal","visibility":"personal","createdBy":"32384855"},{"id":"b63dae4d-94da-4670-97cb-4e7055160618","name":"karateWorkSpace","type":"personal","visibility":"personal","createdBy":"32384855"},{"id":"f3694560-283d-4c6c-bdd7-407975be8403","name":"Walder Goodbrook","type":"personal","visibility":"personal","createdBy":"32384855"},{"id":"dafdf17a-1c81-4edf-96aa-5ef800506163","name":"Bella","type":"personal","visibility":"personal","createdBy":"32384855"},{"id":"a6f44368-de5d-4410-b34a-4fd1e79f05f9","name":"karateWorkSpace","type":"personal","visibility":"personal","createdBy":"32384855"},{"id":"6c22b0fd-e1f2-407d-aa31-2ec1527ab994","name":"karateWorkSpace","type":"personal","visibility":"personal","createdBy":"32384855"},{"id":"8356f95f-0686-406c-a15d-c52b13047672","name":"Harwyn Plumm","type":"personal","visibility":"personal","createdBy":"32384855"},{"id":"cab7877a-640c-4940-b7b0-cc2d85e566da","name":"Wilbert","type":"personal","visibility":"personal","createdBy":"32384855"},{"id":"54680aca-0794-4b38-adb7-c143bb348765","name":"karateWorkSpace","type":"personal","visibility":"personal","createdBy":"32384855"},{"id":"c0f896ea-d606-408a-bf59-83d3bdb05638","name":"karateWorkSpace","type":"personal","visibility":"personal","createdBy":"32384855"},{"id":"81fbdddf-eb71-4562-b567-0d3a03af7321","name":"Androw Ashford","type":"personal","visibility":"personal","createdBy":"32384855"},{"id":"8e73e540-4900-4504-8ef2-d51a861efe06","name":"Ryger Rivers","type":"personal","visibility":"personal","createdBy":"32384855"},{"id":"9bd4765f-9de1-42d7-8721-dff44141d965","name":"karateWorkSpace","type":"personal","visibility":"personal","createdBy":"32384855"},{"id":"efc9e3c9-afec-4b81-b389-52c85b8d2360","name":"karateWorkSpace","type":"personal","visibility":"personal","createdBy":"32384855"},{"id":"4f39d965-9b25-4ce5-8fcc-d86031a4345c","name":"Arlan of Pennytree","type":"personal","visibility":"personal","createdBy":"32384855"},{"id":"4ea51a19-3c06-411d-92d0-130be8c28757","name":"Lollys Stokeworth","type":"personal","visibility":"personal","createdBy":"32384855"},{"id":"5f6faf96-4320-4eb4-a8b5-37b1c7d65318","name":"karateWorkSpace","type":"personal","visibility":"personal","createdBy":"32384855"},{"id":"afdc5882-82ec-4714-9760-b5a8a03e2491","name":"karateWorkSpace","type":"personal","visibility":"personal","createdBy":"32384855"},{"id":"f6ce8ca6-2bd5-44b9-85e0-0584208ac08c","name":"Stalwart Shield","type":"personal","visibility":"personal","createdBy":"32384855"},{"id":"2366a32b-7e39-4f15-bee2-b253cb02d004","name":"Stygg","type":"personal","visibility":"personal","createdBy":"32384855"},{"id":"42b61f24-cff6-4f98-a804-430ee16b86be","name":"karateWorkSpace","type":"personal","visibility":"personal","createdBy":"32384855"},{"id":"f96ba42e-0ad8-41fa-93dc-e707ebabce92","name":"karateWorkSpace","type":"personal","visibility":"personal","createdBy":"32384855"},{"id":"78f1d3b2-b379-4cc8-8856-d2cff43676c2","name":"Gysella Goodbrother","type":"personal","visibility":"personal","createdBy":"32384855"},{"id":"898a247d-6fe1-463a-bbe5-4affde458248","name":"Theon Greyjoy","type":"personal","visibility":"personal","createdBy":"32384855"},{"id":"4412066b-6b72-430c-a240-38f31d91a60c","name":"karateWorkSpace","type":"personal","visibility":"personal","createdBy":"32384855"},{"id":"1b06063b-7bbb-4bae-a723-628b35e7adf6","name":"karateWorkSpace","type":"personal","visibility":"personal","createdBy":"32384855"},{"id":"644db240-ec13-4d2e-be12-e14834ba182e","name":"karateWorkSpace","type":"personal","visibility":"personal","createdBy":"32384855"},{"id":"656df254-aa8a-4cf2-bd43-389fbe6baf7f","name":"karateWorkSpace","type":"personal","visibility":"personal","createdBy":"32384855"},{"id":"328eb515-fd12-45ae-9df7-ac0cad30b47b","name":"karateWorkSpace","type":"personal","visibility":"personal","createdBy":"32384855"},{"id":"62737c33-a128-4709-a337-261f797f3307","name":"karateWorkSpace","type":"personal","visibility":"personal","createdBy":"32384855"},{"id":"b26e33fe-7526-4ee3-bb02-c6922de3cebb","name":"karateWorkSpace","type":"personal","visibility":"personal","createdBy":"32384855"},{"id":"7d0746df-f3d9-4f24-a846-cb7cd3c8b857","name":"karateWorkSpace","type":"personal","visibility":"personal","createdBy":"32384855"},{"id":"3d9f9030-599f-4562-a9e8-9dba0be30b4c","name":"karateWorkSpace","type":"personal","visibility":"personal","createdBy":"32384855"},{"id":"93e7af47-6fc3-47c4-8ed6-fa77c8b069a0","name":"karateWorkSpace","type":"personal","visibility":"personal","createdBy":"32384855"},{"id":"828509b1-064d-4207-a6c4-61dfd9bab3e7","name":"karateWorkSpace","type":"personal","visibility":"personal","createdBy":"32384855"},{"id":"a0f43796-d597-4218-9a0a-c9dbc6dfa3e5","name":"karateWorkSpace","type":"personal","visibility":"personal","createdBy":"32384855"},{"id":"8d982482-e4c0-4b77-bc52-9cbd23111449","name":"karateWorkSpace","type":"personal","visibility":"personal","createdBy":"32384855"},{"id":"7085c9e1-3642-4681-85a3-24f054b7e94f","name":"karateWorkSpace","type":"personal","visibility":"personal","createdBy":"32384855"},{"id":"865afb15-e860-4ac4-b9d4-6bffe37ecdd2","name":"karateWorkSpace","type":"personal","visibility":"personal","createdBy":"32384855"},{"id":"a3b6b246-fc77-4720-9c63-deae82ee4154","name":"karateWorkSpace","type":"personal","visibility":"personal","createdBy":"32384855"},{"id":"aa9bf302-183b-45ea-a627-e5d8fdaf72e5","name":"karateWorkSpace","type":"personal","visibility":"personal","createdBy":"32384855"},{"id":"df9155d7-1296-4777-bd85-dec1c2272092","name":"karateWorkSpace","type":"personal","visibility":"personal","createdBy":"32384855"},{"id":"7b4c57a0-93eb-4fe7-b976-7a2127d3dab2","name":"karateWorkSpace","type":"personal","visibility":"personal","createdBy":"32384855"},{"id":"307f4dc0-a2ce-489f-b19f-e7b3d00e85e2","name":"karateWorkSpace","type":"personal","visibility":"personal","createdBy":"32384855"},{"id":"21dfb84a-0d99-4d26-b469-d00e56a11789","name":"karateWorkSpace","type":"personal","visibility":"personal","createdBy":"32384855"},{"id":"9cb28150-747f-49cd-80d8-3a31701efe39","name":"karateWorkSpace","type":"personal","visibility":"personal","createdBy":"32384855"},{"id":"49d4ccc1-68e6-4d1b-a1ef-05153209b9f2","name":"karateWorkSpace","type":"personal","visibility":"personal","createdBy":"32384855"},{"id":"6ea20532-cb19-4c5f-8bdf-33468a664bb4","name":"karateWorkSpace","type":"personal","visibility":"personal","createdBy":"32384855"},{"id":"ac202062-a246-482b-99e6-a32ff96d6735","name":"karateWorkSpace","type":"personal","visibility":"personal","createdBy":"32384855"},{"id":"e1fae076-360c-47cd-8291-9d7345651acb","name":"karateWorkSpace","type":"personal","visibility":"personal","createdBy":"32384855"},{"id":"0f490f64-e4f8-4368-b712-0c513050bc2a","name":"Aenys I Targaryen","type":"personal","visibility":"personal","createdBy":"32384855"},{"id":"9f217a13-a2cc-45ef-b01f-0bad06b48c9d","name":"Urswyck","type":"personal","visibility":"personal","createdBy":"32384855"},{"id":"ef9b32d2-e81e-4e9a-85cf-64d7b81952ec","name":"karateWorkSpace","type":"personal","visibility":"personal","createdBy":"32384855"},{"id":"481e7158-8e45-4518-bc00-0152da65248b","name":"karateWorkSpace","type":"personal","visibility":"personal","createdBy":"32384855"},{"id":"19d55019-7e87-4fb2-ba59-13376814252d","name":"Masha Heddle","type":"personal","visibility":"personal","createdBy":"32384855"},{"id":"a40c863d-2b37-4d3a-8fe8-c7b30d79bf1b","name":"Tregar","type":"personal","visibility":"personal","createdBy":"32384855"},{"id":"e2eaff2e-21c4-41ed-a57e-e7a672069716","name":"karateWorkSpace","type":"personal","visibility":"personal","createdBy":"32384855"},{"id":"4c3c8a73-4c36-42e9-87c1-9faf5aaa8423","name":"karateWorkSpace","type":"personal","visibility":"personal","createdBy":"32384855"},{"id":"d0e9950b-8e3a-4490-b65f-282273c00b66","name":"Rickard Tyrell","type":"personal","visibility":"personal","createdBy":"32384855"},{"id":"3a51a841-3d00-40b7-a8c3-9e216787b4b9","name":"Ryger Rivers","type":"personal","visibility":"personal","createdBy":"32384855"},{"id":"89a513e4-b76a-4b9c-abbf-0a1552774f0e","name":"karateWorkSpace","type":"personal","visibility":"personal","createdBy":"32384855"},{"id":"6d35e75f-af52-452b-8d1a-fe15d6b289b2","name":"karateWorkSpace","type":"personal","visibility":"personal","createdBy":"32384855"},{"id":"72eec63a-bc76-41e8-aaaf-41e041aa32ee","name":"karateWorkSpace","type":"personal","visibility":"personal","createdBy":"32384855"},{"id":"edab9de3-1884-4c59-a7de-554c417f9cb3","name":"karateWorkSpace","type":"personal","visibility":"personal","createdBy":"32384855"},{"id":"cdde0ad0-e227-43ec-a438-000d37d51fd4","name":"karateWorkSpace","type":"personal","visibility":"personal","createdBy":"32384855"},{"id":"e338e881-9911-48b2-b192-2ca775254ad5","name":"karateWorkSpace","type":"personal","visibility":"personal","createdBy":"32384855"},{"id":"38cbad4a-f7af-4892-b0af-9143138170b9","name":"karateWorkSpace","type":"personal","visibility":"personal","createdBy":"32384855"},{"id":"5ddb61ad-2073-4e0c-bab4-299a33e0248d","name":"karateWorkSpace","type":"personal","visibility":"personal","createdBy":"32384855"},{"id":"8fed9ee6-e03e-41a4-8886-9a6e8dfe38aa","name":"karateWorkSpace","type":"personal","visibility":"personal","createdBy":"32384855"},{"id":"b3e92ef0-e6f7-42a6-a7b1-94347930e2d2","name":"karateWorkSpace","type":"personal","visibility":"personal","createdBy":"32384855"},{"id":"f99ea550-fd6c-44ed-b60c-c29186b5af02","name":"karateWorkSpace","type":"personal","visibility":"personal","createdBy":"32384855"},{"id":"76eb2cd3-17ec-45d2-875f-46f9e89cbc48","name":"karateWorkSpace","type":"personal","visibility":"personal","createdBy":"32384855"},{"id":"d8606bec-f766-4284-a278-5ed910f334f0","name":"karateWorkSpace","type":"personal","visibility":"personal","createdBy":"32384855"},{"id":"8f806e96-1142-478a-ace1-61de016cc0b4","name":"karateWorkSpace","type":"personal","visibility":"personal","createdBy":"32384855"},{"id":"642b0a58-a0ce-46aa-ba93-45ab2ce9bb27","name":"karateWorkSpace","type":"personal","visibility":"personal","createdBy":"32384855"},{"id":"1b48a1df-f97f-47e0-b288-aca01c774808","name":"karateWorkSpace","type":"personal","visibility":"personal","createdBy":"32384855"},{"id":"b3b7fad3-6f9e-45d1-950a-d6712d492c98","name":"karateWorkSpace","type":"personal","visibility":"personal","createdBy":"32384855"},{"id":"a65bb9b6-28b8-4b93-ab19-33eaf99ecf69","name":"karateWorkSpace","type":"personal","visibility":"personal","createdBy":"32384855"},{"id":"deed7a8b-b64f-4989-a242-ae4cd817ec1a","name":"karateWorkSpace","type":"personal","visibility":"personal","createdBy":"32384855"},{"id":"1b800def-4d93-41cb-9d74-b0dc1bf974b5","name":"karateWorkSpace","type":"personal","visibility":"personal","createdBy":"32384855"},{"id":"1b54c8d8-3344-47c1-9f9c-2990f121be19","name":"karateWorkSpace","type":"personal","visibility":"personal","createdBy":"32384855"},{"id":"fbfc0817-4760-4a48-b310-de40985cff2f","name":"karateWorkSpace","type":"personal","visibility":"personal","createdBy":"32384855"},{"id":"ee229464-0ae6-4ebc-b651-17ebe768fe04","name":"karateWorkSpace","type":"personal","visibility":"personal","createdBy":"32384855"},{"id":"775c5dba-b23b-488e-b0c4-d528be766d46","name":"karateWorkSpace","type":"personal","visibility":"personal","createdBy":"32384855"},{"id":"7842fc73-f51f-4670-ab7e-21d82a717a3a","name":"karateWorkSpace","type":"personal","visibility":"personal","createdBy":"32384855"},{"id":"ab08523c-f711-4695-aa32-2c41674af9ec","name":"karateWorkSpace","type":"personal","visibility":"personal","createdBy":"32384855"},{"id":"bd3bdd18-645d-4185-870f-6583bf4ef834","name":"Bertram Beesbury","type":"personal","visibility":"personal","createdBy":"32384855"},{"id":"07195eec-c381-423d-9e79-b230adb32348","name":"Layna","type":"personal","visibility":"personal","createdBy":"32384855"},{"id":"6de839a8-eba8-4e86-a8bb-bdae0b245a2a","name":"karateWorkSpace","type":"personal","visibility":"personal","createdBy":"32384855"},{"id":"35d6a243-f377-4542-b289-f40c54a09653","name":"karateWorkSpace","type":"personal","visibility":"personal","createdBy":"32384855"},{"id":"db3bdab8-e771-4ed9-b99b-a2b415bb3e7e","name":"karateWorkSpace","type":"personal","visibility":"personal","createdBy":"32384855"},{"id":"83f5bd7e-4184-4129-9d79-47faf0ffb51b","name":"karateWorkSpace","type":"personal","visibility":"personal","createdBy":"32384855"},{"id":"74b65bcc-001e-4efe-a8e5-8c44d6b8bb56","name":"karateWorkSpace","type":"personal","visibility":"personal","createdBy":"32384855"},{"id":"976c516e-1ebf-4cda-9e64-33707c7fa311","name":"karateWorkSpace","type":"personal","visibility":"personal","createdBy":"32384855"},{"id":"f46f59f5-4862-4501-b080-54859d761a7f","name":"karateWorkSpace","type":"personal","visibility":"personal","createdBy":"32384855"},{"id":"a4e1d09b-edb4-4b96-8244-9b5a75c83418","name":"karateWorkSpace","type":"personal","visibility":"personal","createdBy":"32384855"},{"id":"ed66cb26-9a80-41a4-8808-9e078a423c66","name":"karateWorkSpace","type":"personal","visibility":"personal","createdBy":"32384855"},{"id":"33465e97-f1e4-4a7e-b8e4-7a8036160ab2","name":"karateWorkSpace","type":"personal","visibility":"personal","createdBy":"32384855"},{"id":"d65232d3-ac2b-4b32-9096-92b07de86256","name":"karateWorkSpace","type":"personal","visibility":"personal","createdBy":"32384855"},{"id":"d7d73412-7f39-4643-bb1b-59d02cb7a118","name":"karateWorkSpace","type":"personal","visibility":"personal","createdBy":"32384855"},{"id":"f4a04bb3-3166-4d13-872a-5ae1fd663b46","name":"karateWorkSpace","type":"personal","visibility":"personal","createdBy":"32384855"},{"id":"bc5ec036-20ef-4321-9e12-b2a54ed85654","name":"karateWorkSpace","type":"personal","visibility":"personal","createdBy":"32384855"},{"id":"cfa6b7bb-df53-492b-9508-c19a585a8ada","name":"karateWorkSpace","type":"personal","visibility":"personal","createdBy":"32384855"},{"id":"fc7a621d-3dba-4edc-a9a9-e2092f7062f1","name":"karateWorkSpace","type":"personal","visibility":"personal","createdBy":"32384855"},{"id":"7e85b272-f6b2-43cf-b345-899024230651","name":"karateWorkSpace","type":"personal","visibility":"personal","createdBy":"32384855"},{"id":"62a61049-fc16-4f21-b023-58e3f5757c91","name":"karateWorkSpace","type":"personal","visibility":"personal","createdBy":"32384855"},{"id":"5677af4d-07ad-4a4c-b352-86373fa61449","name":"karateWorkSpace","type":"personal","visibility":"personal","createdBy":"32384855"},{"id":"0827f103-bd12-48a3-9b3b-a3eb9c1cbcb0","name":"karateWorkSpace","type":"personal","visibility":"personal","createdBy":"32384855"},{"id":"5bd024ca-4e80-4792-bc2a-807fc18720c7","name":"karateWorkSpace","type":"personal","visibility":"personal","createdBy":"32384855"},{"id":"0d8443ed-9f0d-422e-a2ae-dda9b795dcf6","name":"karateWorkSpace","type":"personal","visibility":"personal","createdBy":"32384855"},{"id":"774b7eee-71fb-47aa-b8f7-03cf7dc442bc","name":"karateWorkSpace","type":"personal","visibility":"personal","createdBy":"32384855"},{"id":"22ce31cf-e70e-4daf-a75b-c7cd695dd477","name":"karateWorkSpace","type":"personal","visibility":"personal","createdBy":"32384855"},{"id":"e20c1020-d28b-4f48-99fa-bea24ea08362","name":"karateWorkSpace","type":"personal","visibility":"personal","createdBy":"32384855"},{"id":"1fe6241c-9d42-4fe1-bc2d-1f2e86eb2b74","name":"karateWorkSpace","type":"personal","visibility":"personal","createdBy":"32384855"},{"id":"c242eba8-2474-4fed-b5c6-0be13cde72c1","name":"Munciter","type":"personal","visibility":"personal","createdBy":"32384855"},{"id":"3fcc8ec7-426b-4340-97c4-275783033f1d","name":"Blind Doss","type":"personal","visibility":"personal","createdBy":"32384855"},{"id":"54333c5f-8722-44fa-a655-3caa8f87bdfc","name":"karateWorkSpace","type":"personal","visibility":"personal","createdBy":"32384855"},{"id":"6d7a63a0-cb6e-4e91-b099-50b3e98671ab","name":"karateWorkSpace","type":"personal","visibility":"personal","createdBy":"32384855"},{"id":"819e3749-06f3-4524-a42e-0f62fb2ee49e","name":"Gareth the Grey","type":"personal","visibility":"personal","createdBy":"32384855"},{"id":"d168b168-7812-4c0c-a564-f0a9e965d9b3","name":"Stiv","type":"personal","visibility":"personal","createdBy":"32384855"},{"id":"8a7ea166-8850-4ee7-9d63-750d13e1e2c0","name":"karateWorkSpace","type":"personal","visibility":"personal","createdBy":"32384855"},{"id":"8f68131b-d41d-4aaa-b2a5-178616b71d5a","name":"karateWorkSpace","type":"personal","visibility":"personal","createdBy":"32384855"},{"id":"d8feca08-58b6-44c2-ba95-80cc0ee9d599","name":"karateWorkSpace","type":"personal","visibility":"personal","createdBy":"32384855"},{"id":"e3f8cb82-36c7-48bf-9ccc-48e6a002788e","name":"karateWorkSpace","type":"personal","visibility":"personal","createdBy":"32384855"},{"id":"fb7aa7d2-9e45-4fe1-98df-560efdaa96a7","name":"karateWorkSpace","type":"personal","visibility":"personal","createdBy":"32384855"},{"id":"4f045c97-78c6-4ee3-a9f5-e8986da9d024","name":"karateWorkSpace","type":"personal","visibility":"personal","createdBy":"32384855"},{"id":"a36a31d6-e233-436b-aadc-99e56df0e405","name":"karateWorkSpace","type":"personal","visibility":"personal","createdBy":"32384855"},{"id":"0a03d3a2-b703-4264-8b1c-7e8cbebef9dc","name":"karateWorkSpace","type":"personal","visibility":"personal","createdBy":"32384855"},{"id":"27e4c1ff-6e14-4cf7-9adf-83d893852065","name":"karateWorkSpace","type":"personal","visibility":"personal","createdBy":"32384855"},{"id":"e85f6079-2e4f-4ffe-8dd6-b0e18fe9a719","name":"karateWorkSpace","type":"personal","visibility":"personal","createdBy":"32384855"},{"id":"d9cf901f-b236-4ac4-a3e2-8a7645b9badb","name":"karateWorkSpace","type":"personal","visibility":"personal","createdBy":"32384855"},{"id":"dc7798a8-f8f0-4a10-a6c0-56a224eb20e6","name":"karateWorkSpace","type":"personal","visibility":"personal","createdBy":"32384855"},{"id":"b47e1f9e-610c-4d42-8ee8-c91737af2b28","name":"karateWorkSpace","type":"personal","visibility":"personal","createdBy":"32384855"},{"id":"4ea99aa0-753b-4eaa-ab72-f37fefb853aa","name":"karateWorkSpace","type":"personal","visibility":"personal","createdBy":"32384855"},{"id":"b8a732a8-ff45-45b9-9f88-c68d8cfef32b","name":"karateWorkSpace","type":"personal","visibility":"personal","createdBy":"32384855"},{"id":"479ccd98-4e15-46ea-afcb-8faf5722b6bc","name":"karateWorkSpace","type":"personal","visibility":"personal","createdBy":"32384855"},{"id":"9dc027d5-8ba3-4680-8fce-1c1b453bb3f9","name":"karateWorkSpace","type":"personal","visibility":"personal","createdBy":"32384855"},{"id":"d3abd5a5-3ade-46e6-b637-d8ae0683db87","name":"karateWorkSpace","type":"personal","visibility":"personal","createdBy":"32384855"},{"id":"8384eb05-28a3-4ab8-9474-b67120269fde","name":"karateWorkSpace","type":"personal","visibility":"personal","createdBy":"32384855"},{"id":"a8b22b13-06c3-4ca3-86b7-cc096459504d","name":"karateWorkSpace","type":"personal","visibility":"personal","createdBy":"32384855"},{"id":"6e24b945-f41a-4c61-aa5c-1ec6194f77e2","name":"karateWorkSpace","type":"personal","visibility":"personal","createdBy":"32384855"},{"id":"003de77e-9ed2-414c-82e9-67722f5e9a3f","name":"karateWorkSpace","type":"personal","visibility":"personal","createdBy":"32384855"},{"id":"0dcecfe6-bebe-42eb-ab43-7b30019c09d4","name":"karateWorkSpace","type":"personal","visibility":"personal","createdBy":"32384855"},{"id":"fc236383-7c0e-44d0-a82e-067c25182227","name":"karateWorkSpace","type":"personal","visibility":"personal","createdBy":"32384855"},{"id":"3a1593c5-c19d-4815-874c-ccfa6d337274","name":"karateWorkSpace","type":"personal","visibility":"personal","createdBy":"32384855"},{"id":"726870f8-e759-4430-ad38-68c9a61d359f","name":"karateWorkSpace","type":"personal","visibility":"personal","createdBy":"32384855"},{"id":"c9a96132-2150-4f82-9db5-55f7d64e1807","name":"karateWorkSpace","type":"personal","visibility":"personal","createdBy":"32384855"},{"id":"34a385f6-87a5-4021-aa5d-395188cb179d","name":"karateWorkSpace","type":"personal","visibility":"personal","createdBy":"32384855"},{"id":"b89c5ec2-d3cb-45aa-b704-71bdf47feebe","name":"karateWorkSpace","type":"personal","visibility":"personal","createdBy":"32384855"},{"id":"7565b78c-b332-4f9b-aec8-0456068e0b82","name":"karateWorkSpace","type":"personal","visibility":"personal","createdBy":"32384855"},{"id":"b016955c-88ad-4d2d-9c11-6934fe67b41d","name":"karateWorkSpace","type":"personal","visibility":"personal","createdBy":"32384855"},{"id":"1b6364a6-0191-4821-b229-2e0baeb88b04","name":"karateWorkSpace","type":"personal","visibility":"personal","createdBy":"32384855"},{"id":"c6e7faef-2c80-494b-bd1f-c4e12f4b0170","name":"karateWorkSpace","type":"personal","visibility":"personal","createdBy":"32384855"},{"id":"920a6ba1-b689-42f0-a0f0-eb3ef358c141","name":"karateWorkSpace","type":"personal","visibility":"personal","createdBy":"32384855"},{"id":"3c7583a8-806d-4db4-a7ac-05d198a57c6d","name":"karateWorkSpace","type":"personal","visibility":"personal","createdBy":"32384855"},{"id":"97d65884-cf09-49f9-b741-fdd5801dc39f","name":"karateWorkSpace","type":"personal","visibility":"personal","createdBy":"32384855"},{"id":"3d35f409-882c-4f79-8983-fa5758805972","name":"karateWorkSpace","type":"personal","visibility":"personal","createdBy":"32384855"},{"id":"1acae720-d309-4e06-be31-cd32c4513a39","name":"karateWorkSpace","type":"personal","visibility":"personal","createdBy":"32384855"},{"id":"6ac82771-97a2-4213-b586-2118a1c3f520","name":"karateWorkSpace","type":"personal","visibility":"personal","createdBy":"32384855"},{"id":"125ff777-9269-4b89-90f4-aec33f7d6445","name":"karateWorkSpace","type":"personal","visibility":"personal","createdBy":"32384855"},{"id":"0f8f84a3-cc0c-455a-8b9a-3f4a79f44819","name":"karateWorkSpace","type":"personal","visibility":"personal","createdBy":"32384855"},{"id":"392f65fd-d46a-423d-bd7a-10f4303f4355","name":"karateWorkSpace","type":"personal","visibility":"personal","createdBy":"32384855"},{"id":"8df96fd7-1ab8-48f7-b7fc-e44de6f36dfe","name":"karateWorkSpace","type":"personal","visibility":"personal","createdBy":"32384855"},{"id":"4d69a69b-ec0f-4aa2-bba1-591c0c9d714b","name":"karateWorkSpace","type":"personal","visibility":"personal","createdBy":"32384855"},{"id":"5fd4617f-8ce7-4172-8cc5-174497b89d6f","name":"karateWorkSpace","type":"personal","visibility":"personal","createdBy":"32384855"},{"id":"9a82d459-9445-41c3-9b4b-7ea5f0fdffaa","name":"karateWorkSpace","type":"personal","visibility":"personal","createdBy":"32384855"},{"id":"9a2e4643-6c44-420a-823b-3abf7a77e725","name":"karateWorkSpace","type":"personal","visibility":"personal","createdBy":"32384855"},{"id":"d8a90b4e-a12f-437e-b6a6-8d36e50ada0b","name":"karateWorkSpace","type":"personal","visibility":"personal","createdBy":"32384855"},{"id":"35b2e641-fe53-4b31-8b85-cb9fa95165ed","name":"karateWorkSpace","type":"personal","visibility":"personal","createdBy":"32384855"},{"id":"e2d435da-d5be-428a-944e-0161ac3c266f","name":"karateWorkSpace","type":"personal","visibility":"personal","createdBy":"32384855"},{"id":"abf83913-33ff-4b57-81b0-248b3cd692e1","name":"karateWorkSpace","type":"personal","visibility":"personal","createdBy":"32384855"},{"id":"bdae49bf-fa60-46c2-8d35-c19e9c9c582a","name":"karateWorkSpace","type":"personal","visibility":"personal","createdBy":"32384855"},{"id":"0bcf3799-a0a6-4523-8407-6139270391e0","name":"karateWorkSpace","type":"personal","visibility":"personal","createdBy":"32384855"},{"id":"a384e3df-2af7-43d4-ba58-c09c64a2e4e0","name":"karateWorkSpace","type":"personal","visibility":"personal","createdBy":"32384855"},{"id":"67072c4d-a106-4c7f-aabf-a8292c4af8a0","name":"karateWorkSpace","type":"personal","visibility":"personal","createdBy":"32384855"},{"id":"39c2cf5a-3fcd-4968-b33a-910609f28c7b","name":"karateWorkSpace","type":"personal","visibility":"personal","createdBy":"32384855"},{"id":"bd244f1a-3a8f-4aec-8399-501ec26bbe0a","name":"karateWorkSpace","type":"personal","visibility":"personal","createdBy":"32384855"},{"id":"31c8a91c-e07a-422c-b290-07084967a685","name":"karateWorkSpace","type":"personal","visibility":"personal","createdBy":"32384855"},{"id":"8b81de8a-f289-4128-a29b-367d96940d33","name":"karateWorkSpace","type":"personal","visibility":"personal","createdBy":"32384855"},{"id":"921c9250-37a8-405f-b5b0-e5bc88d676a8","name":"karateWorkSpace","type":"personal","visibility":"personal","createdBy":"32384855"},{"id":"36d08c3b-58f0-4055-acb4-02f53c6eee82","name":"karateWorkSpace","type":"personal","visibility":"personal","createdBy":"32384855"},{"id":"a3d92afb-eacb-47e1-91ed-d2cee60ce842","name":"karateWorkSpace","type":"personal","visibility":"personal","createdBy":"32384855"},{"id":"ea84260e-204d-4d84-ac7d-2489ba00bd99","name":"karateWorkSpace","type":"personal","visibility":"personal","createdBy":"32384855"},{"id":"d8f394aa-be74-4b19-a573-9995886e4953","name":"karateWorkSpace","type":"personal","visibility":"personal","createdBy":"32384855"},{"id":"e8244666-2c4c-40ec-ba33-1b5d78a92cf0","name":"karateWorkSpace","type":"personal","visibility":"personal","createdBy":"32384855"},{"id":"a85c426e-844e-4b32-ad83-5988fa85b84b","name":"karateWorkSpace","type":"personal","visibility":"personal","createdBy":"32384855"},{"id":"0b4886c3-ba4d-4faa-8725-766bf976954f","name":"karateWorkSpace","type":"personal","visibility":"personal","createdBy":"32384855"},{"id":"5b35f17d-6efd-43dd-b4c0-71add60997f5","name":"karateWorkSpace","type":"personal","visibility":"personal","createdBy":"32384855"},{"id":"56087584-777f-45f2-bfc0-6146e79fa0df","name":"karateWorkSpace","type":"personal","visibility":"personal","createdBy":"32384855"},{"id":"76238201-6682-42fb-8428-6967ed8b116b","name":"karateWorkSpace","type":"personal","visibility":"personal","createdBy":"32384855"},{"id":"2b7fea8d-d82e-471c-9d3c-0af5a11f4abe","name":"karateWorkSpace","type":"personal","visibility":"personal","createdBy":"32384855"},{"id":"633b7be5-8a61-4717-b43f-25bc54831d59","name":"karateWorkSpace","type":"personal","visibility":"personal","createdBy":"32384855"},{"id":"b8ee1138-fe14-4fa0-b08c-15e0e8375a20","name":"karateWorkSpace","type":"personal","visibility":"personal","createdBy":"32384855"},{"id":"224027e0-1bf2-4e36-bee4-4a87eab1d8ad","name":"karateWorkSpace","type":"personal","visibility":"personal","createdBy":"32384855"},{"id":"aef864dc-9d50-4a18-9dc7-f4985bec7d18","name":"karateWorkSpace","type":"personal","visibility":"personal","createdBy":"32384855"},{"id":"80ca89e1-1b6e-42fb-b269-61d99020922d","name":"karateWorkSpace","type":"personal","visibility":"personal","createdBy":"32384855"},{"id":"8278bf91-7e78-4757-b05b-06d20a968bb4","name":"karateWorkSpace","type":"personal","visibility":"personal","createdBy":"32384855"},{"id":"10513f20-dcde-4395-aea6-029cf62207b8","name":"karateWorkSpace","type":"personal","visibility":"personal","createdBy":"32384855"},{"id":"a7ceaa8c-7a83-431f-b90c-df013c8f873a","name":"karateWorkSpace","type":"personal","visibility":"personal","createdBy":"32384855"},{"id":"26bbe0b4-a21c-4259-932e-9c806a9fdbed","name":"karateWorkSpace","type":"personal","visibility":"personal","createdBy":"32384855"},{"id":"bc15d6d2-9d34-4912-adbc-602a1670c2b1","name":"karateWorkSpace","type":"personal","visibility":"personal","createdBy":"32384855"},{"id":"044d423a-0213-4e2c-83bd-88262a6d1d93","name":"karateWorkSpace","type":"personal","visibility":"personal","createdBy":"32384855"},{"id":"ea9ec2b0-18f3-408d-824e-b9722df58f18","name":"karateWorkSpace","type":"personal","visibility":"personal","createdBy":"32384855"},{"id":"873f30fa-0222-43ab-94a7-2d7ddbcf21f0","name":"karateWorkSpace","type":"personal","visibility":"personal","createdBy":"32384855"},{"id":"572a08e6-955a-4592-bd85-f4eefbe11bd7","name":"karateWorkSpace","type":"personal","visibility":"personal","createdBy":"32384855"},{"id":"df986dc4-7d4d-4b40-a64f-037968c27392","name":"karateWorkSpace","type":"personal","visibility":"personal","createdBy":"32384855"},{"id":"e3dd74ed-b52f-4d3b-a83e-daf2e35ce2bf","name":"karateWorkSpace","type":"personal","visibility":"personal","createdBy":"32384855"},{"id":"cb18a0b5-bf9e-4fae-ac0b-18e9fed7daff","name":"karateWorkSpace","type":"personal","visibility":"personal","createdBy":"32384855"},{"id":"b16c2c56-1e40-4c9e-ba68-381f640c507b","name":"karateWorkSpace","type":"personal","visibility":"personal","createdBy":"32384855"},{"id":"5f4fa840-32c8-4eef-9cd9-5343d6c94b87","name":"karateWorkSpace","type":"personal","visibility":"personal","createdBy":"32384855"},{"id":"f1031312-ab27-402a-834f-30f920d1136d","name":"karateWorkSpace","type":"personal","visibility":"personal","createdBy":"32384855"},{"id":"087ad86a-1781-43d1-834f-3ef2da2f32ce","name":"karateWorkSpace","type":"personal","visibility":"personal","createdBy":"32384855"},{"id":"8c2b833a-24e4-46cb-948b-31126843a7d1","name":"karateWorkSpace","type":"personal","visibility":"personal","createdBy":"32384855"},{"id":"bf1df3cd-8aeb-4d5e-b59d-29b297eefd6c","name":"karateWorkSpace","type":"personal","visibility":"personal","createdBy":"32384855"},{"id":"599346cf-dbb7-45fa-a028-f59feac01132","name":"karateWorkSpace","type":"personal","visibility":"personal","createdBy":"32384855"},{"id":"2d941798-93e8-4d40-94a3-ab8d8e1cc5ec","name":"karateWorkSpace","type":"personal","visibility":"personal","createdBy":"32384855"},{"id":"cbf01352-add0-4a61-9bef-5d5adb07c9f2","name":"karateWorkSpace","type":"personal","visibility":"personal","createdBy":"32384855"},{"id":"1a60c5c0-78c4-47c9-a12f-37ddb31a5468","name":"karateWorkSpace","type":"personal","visibility":"personal","createdBy":"32384855"},{"id":"efc332d0-9630-446d-bfce-d2d96066bd0c","name":"karateWorkSpace","type":"personal","visibility":"personal","createdBy":"32384855"},{"id":"ddfdccb9-c41b-44cc-a5d2-51dcef7beced","name":"karateWorkSpace","type":"personal","visibility":"personal","createdBy":"32384855"},{"id":"defb9db8-4d96-4dcf-800b-0107dd4a9a55","name":"karateWorkSpace","type":"personal","visibility":"personal","createdBy":"32384855"},{"id":"1426d911-b8d6-4c38-92dd-67717fda4d16","name":"karateWorkSpace","type":"personal","visibility":"personal","createdBy":"32384855"},{"id":"acaa4c2a-e990-4c9f-aff3-f0f238026e05","name":"karateWorkSpace","type":"personal","visibility":"personal","createdBy":"32384855"},{"id":"cfecda66-51c9-4259-bd31-d7ab31b86331","name":"karateWorkSpace","type":"personal","visibility":"personal","createdBy":"32384855"},{"id":"07ea1c81-3909-4544-bb40-2ddaf75262e8","name":"karateWorkSpace","type":"personal","visibility":"personal","createdBy":"32384855"},{"id":"77aac2a8-b6ec-4234-abb7-633104b934e9","name":"karateWorkSpace","type":"personal","visibility":"personal","createdBy":"32384855"},{"id":"75f218e5-fa68-40d1-b702-4dcd54e068cb","name":"karateWorkSpace","type":"personal","visibility":"personal","createdBy":"32384855"},{"id":"5ba1bc4b-3865-483e-b5f1-5919918da791","name":"karateWorkSpace","type":"personal","visibility":"personal","createdBy":"32384855"},{"id":"bdd14648-ceb9-4032-b9f5-20673eef7c55","name":"karateWorkSpace","type":"personal","visibility":"personal","createdBy":"32384855"},{"id":"44424f4d-2e50-4ebc-bbbd-50c08f516088","name":"karateWorkSpace","type":"personal","visibility":"personal","createdBy":"32384855"},{"id":"20c246b8-2ca7-438d-a7f1-6e5867f2add3","name":"karateWorkSpace","type":"personal","visibility":"personal","createdBy":"32384855"},{"id":"a973066e-16a7-437d-812e-4f51fca91f6a","name":"karateWorkSpace","type":"personal","visibility":"personal","createdBy":"32384855"},{"id":"d9a00da2-7d9c-4500-a818-1eb75ddb2f44","name":"karateWorkSpace","type":"personal","visibility":"personal","createdBy":"32384855"},{"id":"0d28b279-8417-41f0-b67e-c5407ac813db","name":"karateWorkSpace","type":"personal","visibility":"personal","createdBy":"32384855"},{"id":"eff9b12d-6cf4-4803-83f1-ce866c0eb30d","name":"karateWorkSpace","type":"personal","visibility":"personal","createdBy":"32384855"},{"id":"346f3360-b216-48d9-aded-a1c3e0cae9aa","name":"karateWorkSpace","type":"personal","visibility":"personal","createdBy":"32384855"},{"id":"7585b247-83c4-43dc-bd5c-50a43fbf09d4","name":"karateWorkSpace","type":"personal","visibility":"personal","createdBy":"32384855"},{"id":"05af2a00-3bcf-43c2-8980-55f3ed639204","name":"karateWorkSpace","type":"personal","visibility":"personal","createdBy":"32384855"},{"id":"96d86ac0-44e1-49c4-8249-c40f294b7741","name":"karateWorkSpace","type":"personal","visibility":"personal","createdBy":"32384855"},{"id":"839e47c0-44f2-4b13-94e0-8118f1b6d68a","name":"karateWorkSpace","type":"personal","visibility":"personal","createdBy":"32384855"},{"id":"4390ab91-29b2-4af4-8fbf-8d322c2d7c17","name":"karateWorkSpace","type":"personal","visibility":"personal","createdBy":"32384855"},{"id":"0033afb1-8e03-4b79-8596-ad64808c25e6","name":"karateWorkSpace","type":"personal","visibility":"personal","createdBy":"32384855"},{"id":"d8efeba2-1105-45bd-8f33-3d22c1a783fd","name":"karateWorkSpace","type":"personal","visibility":"personal","createdBy":"32384855"},{"id":"b03bba0d-9963-4667-8689-60641571dd7e","name":"karateWorkSpace","type":"personal","visibility":"personal","createdBy":"32384855"},{"id":"b5901861-2605-4c8a-9537-112917697ce2","name":"karateWorkSpace","type":"personal","visibility":"personal","createdBy":"32384855"},{"id":"4eff5c15-7940-477d-9cd2-5e5e5195bcc1","name":"karateWorkSpace","type":"personal","visibility":"personal","createdBy":"32384855"},{"id":"cd7f072b-10f9-4e26-9569-449fa7f163d6","name":"karateWorkSpace","type":"personal","visibility":"personal","createdBy":"32384855"},{"id":"b7e30193-6acb-4a21-951f-5b6eb9884e79","name":"karateWorkSpace","type":"personal","visibility":"personal","createdBy":"32384855"},{"id":"7857522d-9bb7-4912-bd64-d0599d9c002b","name":"karateWorkSpace","type":"personal","visibility":"personal","createdBy":"32384855"},{"id":"da46faab-3906-4e71-a64f-5ea226b66bef","name":"karateWorkSpace","type":"personal","visibility":"personal","createdBy":"32384855"},{"id":"e5ce063d-ac94-4d4d-b0a0-db36fa31806f","name":"karateWorkSpace","type":"personal","visibility":"personal","createdBy":"32384855"},{"id":"51b9707c-9b44-4b5e-951e-fb86c7cfc206","name":"karateWorkSpace","type":"personal","visibility":"personal","createdBy":"32384855"},{"id":"d2ccf498-ead4-4724-9b7f-57ac225b6ee1","name":"karateWorkSpace","type":"personal","visibility":"personal","createdBy":"32384855"},{"id":"e4909815-faa2-48fd-9b12-8bae4905a25b","name":"karateWorkSpace","type":"personal","visibility":"personal","createdBy":"32384855"},{"id":"9087905e-e9bb-4b7b-821e-31be85af3bdd","name":"karateWorkSpace","type":"personal","visibility":"personal","createdBy":"32384855"},{"id":"731fff6e-3cd7-4545-985a-2e790d3d6002","name":"karateWorkSpace","type":"personal","visibility":"personal","createdBy":"32384855"},{"id":"e3948c26-394f-46ad-a579-85c12db4f9ef","name":"karateWorkSpace","type":"personal","visibility":"personal","createdBy":"32384855"},{"id":"d7b26060-d6b7-4996-8ae6-796c65fe336c","name":"karateWorkSpace","type":"personal","visibility":"personal","createdBy":"32384855"},{"id":"77d29fb0-4c07-4e37-98a6-1e6565d69ff9","name":"karateWorkSpace","type":"personal","visibility":"personal","createdBy":"32384855"},{"id":"26ba8209-45f7-4f7b-a316-f9291a4c70d7","name":"karateWorkSpace","type":"personal","visibility":"personal","createdBy":"32384855"},{"id":"2edeabdf-ce02-4425-8cf1-09a11dad37b2","name":"karateWorkSpace","type":"personal","visibility":"personal","createdBy":"32384855"},{"id":"92b5cfec-62a5-4396-94f1-aecedd056ac7","name":"karateWorkSpace","type":"personal","visibility":"personal","createdBy":"32384855"},{"id":"2b7b253d-10bf-4288-bba7-d85702d3471b","name":"karateWorkSpace","type":"personal","visibility":"personal","createdBy":"32384855"},{"id":"81e33261-d334-461e-a4b9-f8fb3e59c375","name":"karateWorkSpace","type":"personal","visibility":"personal","createdBy":"32384855"},{"id":"38443a11-dbb3-4094-b8e0-4acf5b18208f","name":"karateWorkSpace","type":"personal","visibility":"personal","createdBy":"32384855"},{"id":"88255a1e-00c2-456b-9b63-d0fe3a3d2510","name":"karateWorkSpace","type":"personal","visibility":"personal","createdBy":"32384855"},{"id":"2af7e69b-f688-47cf-9855-cb8cfd449043","name":"karateWorkSpace","type":"personal","visibility":"personal","createdBy":"32384855"},{"id":"77d9d112-7459-47f5-a58d-09151a88fd93","name":"karateWorkSpace","type":"personal","visibility":"personal","createdBy":"32384855"},{"id":"32af072d-ba28-4aa7-a362-b8c83b75a89e","name":"karateWorkSpace","type":"personal","visibility":"personal","createdBy":"32384855"},{"id":"e622361d-862a-4d0f-a42f-121872f75c58","name":"karateWorkSpace","type":"personal","visibility":"personal","createdBy":"32384855"},{"id":"80ac883e-542c-46dc-bf10-ca5047d5c961","name":"karateWorkSpace","type":"personal","visibility":"personal","createdBy":"32384855"},{"id":"bec129bc-f9e8-462e-8216-5132a35c86d3","name":"karateWorkSpace","type":"personal","visibility":"personal","createdBy":"32384855"},{"id":"45a4475c-0838-4fd3-901e-15379d77f959","name":"karateWorkSpace","type":"personal","visibility":"personal","createdBy":"32384855"},{"id":"19783ead-838d-4a1c-9de6-9c5860ae7703","name":"karateWorkSpace","type":"personal","visibility":"personal","createdBy":"32384855"},{"id":"2e83d503-2002-413d-803a-72765e946b6e","name":"karateWorkSpace","type":"personal","visibility":"personal","createdBy":"32384855"},{"id":"8c48aced-a3ec-488c-9aef-7d0d29e79333","name":"karateWorkSpace","type":"personal","visibility":"personal","createdBy":"32384855"},{"id":"7300ab90-4a39-4fe3-a403-4ad925a3b76c","name":"karateWorkSpace","type":"personal","visibility":"personal","createdBy":"32384855"},{"id":"2ba904a5-cd82-4217-be75-bb3f4ccde3c0","name":"karateWorkSpace","type":"personal","visibility":"personal","createdBy":"32384855"},{"id":"920d1bc5-71d6-472f-b387-8bbf29b162a9","name":"karateWorkSpace","type":"personal","visibility":"personal","createdBy":"32384855"},{"id":"c791308c-0c12-475f-8367-d6f61c06bb41","name":"karateWorkSpace","type":"personal","visibility":"personal","createdBy":"32384855"},{"id":"06bad6bf-e1c4-4856-a448-cedcc06203cf","name":"karateWorkSpace","type":"personal","visibility":"personal","createdBy":"32384855"},{"id":"e4494f3b-8b7e-45d5-a3e6-0ef5be062701","name":"karateWorkSpace","type":"personal","visibility":"personal","createdBy":"32384855"},{"id":"7a8246b4-8e0a-4c8e-87e2-f06c595a88cf","name":"karateWorkSpace","type":"personal","visibility":"personal","createdBy":"32384855"},{"id":"f50f5d07-6f60-4cc0-b63d-f6fc04f1b45e","name":"karateWorkSpace","type":"personal","visibility":"personal","createdBy":"32384855"},{"id":"629e2ff6-2732-4c44-9d0e-db4f2a8f69ad","name":"karateWorkSpace","type":"personal","visibility":"personal","createdBy":"32384855"},{"id":"de8682d1-b6d5-4e63-b28f-59b2b39aa0a3","name":"karateWorkSpace","type":"personal","visibility":"personal","createdBy":"32384855"},{"id":"47c3aabc-63ca-45a9-bd49-da481275cc95","name":"karateWorkSpace","type":"personal","visibility":"personal","createdBy":"32384855"},{"id":"90490162-fa10-4e78-bce3-806e314e3409","name":"karateWorkSpace","type":"personal","visibility":"personal","createdBy":"32384855"},{"id":"415ec4ff-3ef4-489d-ba0a-cee67dbd6933","name":"karateWorkSpace","type":"personal","visibility":"personal","createdBy":"32384855"},{"id":"d29da6ed-919e-4c0e-965b-05bf1ee83320","name":"karateWorkSpace","type":"personal","visibility":"personal","createdBy":"32384855"},{"id":"17a6c180-115e-4fa2-b6ca-3fe4495fff01","name":"karateWorkSpace","type":"personal","visibility":"personal","createdBy":"32384855"},{"id":"20fb12b9-c071-492e-9207-299aa56b2896","name":"karateWorkSpace","type":"personal","visibility":"personal","createdBy":"32384855"},{"id":"abc2d258-08b6-4e80-9f57-71d2c37efe66","name":"karateWorkSpace","type":"personal","visibility":"personal","createdBy":"32384855"},{"id":"140fd65b-b72a-4bde-ae4c-29de46af9931","name":"karateWorkSpace","type":"personal","visibility":"personal","createdBy":"32384855"},{"id":"7e480ef1-fce9-4740-9949-8439d6faa688","name":"karateWorkSpace","type":"personal","visibility":"personal","createdBy":"32384855"},{"id":"02117c64-5a94-4ee6-952d-d60c18528262","name":"karateWorkSpace","type":"personal","visibility":"personal","createdBy":"32384855"},{"id":"d2f0d7c1-1690-468f-89e0-2e34488fa0af","name":"karateWorkSpace","type":"personal","visibility":"personal","createdBy":"32384855"},{"id":"77276c68-7cc5-4e83-b62b-c9447fe9ef53","name":"karateWorkSpace","type":"personal","visibility":"personal","createdBy":"32384855"},{"id":"c0c9718f-d89b-4937-be46-3e9cd3f9eb23","name":"karateWorkSpace","type":"personal","visibility":"personal","createdBy":"32384855"},{"id":"13b33ef7-e242-4aa7-ac98-86ac79a29883","name":"karateWorkSpace","type":"personal","visibility":"personal","createdBy":"32384855"},{"id":"1547bae8-0d84-43b4-ab23-c3f9c39d245b","name":"karateWorkSpace","type":"personal","visibility":"personal","createdBy":"32384855"},{"id":"b595c741-45de-4faa-905c-d1af6cf8ff03","name":"karateWorkSpace","type":"personal","visibility":"personal","createdBy":"32384855"},{"id":"327b0a69-0a98-46eb-b492-1b6f50a20292","name":"karateWorkSpace","type":"personal","visibility":"personal","createdBy":"32384855"},{"id":"918701fa-15a0-498d-a3f0-4bcefa9e7540","name":"karateWorkSpace","type":"personal","visibility":"personal","createdBy":"32384855"},{"id":"a1f2e7de-1024-4250-8301-8c193cfb6a8b","name":"karateWorkSpace","type":"personal","visibility":"personal","createdBy":"32384855"},{"id":"a2b3da8f-f313-4cd8-bf10-99c883982fb9","name":"karateWorkSpace","type":"personal","visibility":"personal","createdBy":"32384855"},{"id":"c72656e4-97f2-4915-8399-3a0b19486cbe","name":"karateWorkSpace","type":"personal","visibility":"personal","createdBy":"32384855"},{"id":"42b8e3fc-42bd-4c6b-aa52-88724ff0b863","name":"karateWorkSpace","type":"personal","visibility":"personal","createdBy":"32384855"},{"id":"50ca3063-60da-4b12-b2a4-ccaa02232d87","name":"karateWorkSpace","type":"personal","visibility":"personal","createdBy":"32384855"},{"id":"9a745a76-27b9-47b2-9575-87f322541098","name":"karateWorkSpace","type":"personal","visibility":"personal","createdBy":"32384855"},{"id":"db2e0354-751b-4d8d-9cc3-83f9a9e6d791","name":"karateWorkSpace","type":"personal","visibility":"personal","createdBy":"32384855"},{"id":"92b95273-e860-44ca-843f-e94b2cc9fc6f","name":"karateWorkSpace","type":"personal","visibility":"personal","createdBy":"32384855"},{"id":"5990eca6-70b5-4d3b-b504-79935f40b648","name":"karateWorkSpace","type":"personal","visibility":"personal","createdBy":"32384855"},{"id":"8afc9056-9824-4e32-a222-2a1095bdc308","name":"karateWorkSpace","type":"personal","visibility":"personal","createdBy":"32384855"},{"id":"447b4310-86cc-4b7d-a6b0-6808cfb3b9ce","name":"karateWorkSpace","type":"personal","visibility":"personal","createdBy":"32384855"},{"id":"1ceb6f13-1cc7-424d-a8cd-e7cfb33b5baa","name":"karateWorkSpace","type":"personal","visibility":"personal","createdBy":"32384855"},{"id":"b83a4067-2b42-445d-9ee7-9d84a37a4955","name":"karateWorkSpace","type":"personal","visibility":"personal","createdBy":"32384855"},{"id":"56184ba9-5b0a-478e-afcf-80ccfc3288d5","name":"karateWorkSpace","type":"personal","visibility":"personal","createdBy":"32384855"},{"id":"2597223b-11bb-46d7-ac77-3a463a5e7d0b","name":"karateWorkSpace","type":"personal","visibility":"personal","createdBy":"32384855"},{"id":"dc98cf33-4fd8-4412-8d70-87930a4068b4","name":"karateWorkSpace","type":"personal","visibility":"personal","createdBy":"32384855"},{"id":"19bfbeaa-5263-457a-b732-74542776dcc5","name":"karateWorkSpace","type":"personal","visibility":"personal","createdBy":"32384855"},{"id":"5df5c5f2-d9d7-4f6f-8065-bb2f305f60c4","name":"karateWorkSpace","type":"personal","visibility":"personal","createdBy":"32384855"},{"id":"dcf1ad37-773a-46b6-8d53-9df351f07329","name":"karateWorkSpace","type":"personal","visibility":"personal","createdBy":"32384855"},{"id":"901da105-4b0f-47dd-814e-8ffd71378f31","name":"karateWorkSpace","type":"personal","visibility":"personal","createdBy":"32384855"},{"id":"c982fad1-2d70-4c97-80cf-96e6151b9b58","name":"Oznak zo Pahl","type":"personal","visibility":"personal","createdBy":"32384855"},{"id":"96541812-dfde-4901-8d85-909a2ce6b5f2","name":"Lennocks","type":"personal","visibility":"personal","createdBy":"32384855"},{"id":"2af974a0-de05-4295-81fd-82487b058838","name":"karateWorkSpace","type":"personal","visibility":"personal","createdBy":"32384855"},{"id":"13052946-8470-43e1-8a1e-1d917f8d3e1b","name":"karateWorkSpace","type":"personal","visibility":"personal","createdBy":"32384855"},{"id":"a445a59f-4e10-457d-b5c4-be37527d4b34","name":"karateWorkSpace","type":"personal","visibility":"personal","createdBy":"32384855"},{"id":"4f607855-9771-484d-9036-5691fad1873f","name":"karateWorkSpace","type":"personal","visibility":"personal","createdBy":"32384855"},{"id":"068b51bb-e8da-477e-8c2c-e8b3ca275889","name":"karateWorkSpace","type":"personal","visibility":"personal","createdBy":"32384855"},{"id":"b1f9da61-2fcf-4bcc-b54c-849993eff1a8","name":"karateWorkSpace","type":"personal","visibility":"personal","createdBy":"32384855"},{"id":"c5947465-d006-494b-89dc-8d5e3e91b288","name":"karateWorkSpace","type":"personal","visibility":"personal","createdBy":"32384855"},{"id":"6f15d3bf-f46c-41c0-8cf2-c64ca69a3226","name":"karateWorkSpace","type":"personal","visibility":"personal","createdBy":"32384855"},{"id":"9b7a2efc-acf3-4087-ab4b-7247e874ec5b","name":"karateWorkSpace","type":"personal","visibility":"personal","createdBy":"32384855"},{"id":"24f687f5-e3ab-4d5f-9425-fe8b1e603a79","name":"karateWorkSpace","type":"personal","visibility":"personal","createdBy":"32384855"},{"id":"0a818881-9f55-4df5-8795-8d2ff376601b","name":"karateWorkSpace","type":"personal","visibility":"personal","createdBy":"32384855"},{"id":"e2330ba3-3ede-4ff9-b915-6eb4d7792c17","name":"karateWorkSpace","type":"personal","visibility":"personal","createdBy":"32384855"},{"id":"b1020ed1-c998-4323-85d0-15a0ebf15221","name":"karateWorkSpace","type":"personal","visibility":"personal","createdBy":"32384855"},{"id":"ac049620-6cbf-4f95-8c35-3bcaea57247a","name":"karateWorkSpace","type":"personal","visibility":"personal","createdBy":"32384855"},{"id":"a6219765-9c70-4b13-9f08-2323a3887b63","name":"karateWorkSpace","type":"personal","visibility":"personal","createdBy":"32384855"},{"id":"a43f9593-c683-49f9-8e8d-103c98ace14c","name":"karateWorkSpace","type":"personal","visibility":"personal","createdBy":"32384855"},{"id":"6166ce35-8dba-4a24-a520-23f29c8fc072","name":"karateWorkSpace","type":"personal","visibility":"personal","createdBy":"32384855"},{"id":"c0776d18-4380-4b78-a5f5-09a0716087e3","name":"karateWorkSpace","type":"personal","visibility":"personal","createdBy":"32384855"},{"id":"fae04f92-6b9e-42ba-839d-37a9e38ea27e","name":"karateWorkSpace","type":"personal","visibility":"personal","createdBy":"32384855"},{"id":"83a7a6f5-6e8e-4525-9b96-828e9d369945","name":"karateWorkSpace","type":"personal","visibility":"personal","createdBy":"32384855"},{"id":"f0ff5bf0-b967-4204-9c91-653f11e36704","name":"karateWorkSpace","type":"personal","visibility":"personal","createdBy":"32384855"},{"id":"b1d25b37-ea96-47aa-b733-b9352a69a097","name":"karateWorkSpace","type":"personal","visibility":"personal","createdBy":"32384855"},{"id":"384357de-5b6c-46d2-b2bc-05bea03917cc","name":"karateWorkSpace","type":"personal","visibility":"personal","createdBy":"32384855"},{"id":"0ab7e906-e6ba-496e-a78a-7936ec664ea0","name":"karateWorkSpace","type":"personal","visibility":"personal","createdBy":"32384855"},{"id":"b5637615-c05e-42ad-9845-3d7975d0ca7a","name":"karateWorkSpace","type":"personal","visibility":"personal","createdBy":"32384855"},{"id":"ab653617-a066-4751-a6e3-65e04a2fcf43","name":"karateWorkSpace","type":"personal","visibility":"personal","createdBy":"32384855"},{"id":"ae3acecb-4519-4e12-8bc5-36b0ac31fc02","name":"Racallio Ryndoon","type":"personal","visibility":"personal","createdBy":"32384855"},{"id":"03e03f15-a6f1-434f-b647-5dc0185c28fe","name":"Brown Bernarr","type":"personal","visibility":"personal","createdBy":"32384855"},{"id":"8a217bb9-8965-4def-91dc-ddb4b2d954ca","name":"karateWorkSpace","type":"personal","visibility":"personal","createdBy":"32384855"},{"id":"769ad57d-a912-4e03-b808-0a7bf307baac","name":"karateWorkSpace","type":"personal","visibility":"personal","createdBy":"32384855"},{"id":"5e8de818-3a67-4b7a-8b8e-41a52e518bd9","name":"karateWorkSpace","type":"personal","visibility":"personal","createdBy":"32384855"},{"id":"ccd84452-10e3-4aaf-9a44-10456d9895d7","name":"karateWorkSpace","type":"personal","visibility":"personal","createdBy":"32384855"},{"id":"18cc007e-517d-4ecd-9a1d-8c55195f7535","name":"karateWorkSpace","type":"personal","visibility":"personal","createdBy":"32384855"},{"id":"9e435637-7602-4ea7-8927-034241b0cf8c","name":"karateWorkSpace","type":"personal","visibility":"personal","createdBy":"32384855"},{"id":"6b4bc75b-e9e7-4f83-b9a2-f3fb0b7d38bb","name":"karateWorkSpace","type":"personal","visibility":"personal","createdBy":"32384855"},{"id":"2c4d5511-6a54-4e69-94a4-30421fb1567a","name":"karateWorkSpace","type":"personal","visibility":"personal","createdBy":"32384855"},{"id":"764ce51f-f24e-4e9b-a7de-c614ecff8ac1","name":"karateWorkSpace","type":"personal","visibility":"personal","createdBy":"32384855"},{"id":"922d33b2-72c9-4fca-b464-6d82605a20ba","name":"karateWorkSpace","type":"personal","visibility":"personal","createdBy":"32384855"},{"id":"fdb28f0b-a6b7-414c-8f46-90ce16eef90e","name":"karateWorkSpace","type":"personal","visibility":"personal","createdBy":"32384855"},{"id":"20742c68-1a1c-4f90-b41a-cb5dad3e8368","name":"karateWorkSpace","type":"personal","visibility":"personal","createdBy":"32384855"},{"id":"ff59e929-d8e3-4e35-858a-9fafb40cbf46","name":"karateWorkSpace","type":"personal","visibility":"personal","createdBy":"32384855"},{"id":"e34fd246-8afb-4a91-ab31-71ab14c21e22","name":"karateWorkSpace","type":"personal","visibility":"personal","createdBy":"32384855"},{"id":"50866913-200c-4979-a058-da00a2968ecc","name":"karateWorkSpace","type":"personal","visibility":"personal","createdBy":"32384855"},{"id":"e1156e98-0e79-4056-b880-2ab9fb17ef90","name":"karateWorkSpace","type":"personal","visibility":"personal","createdBy":"32384855"},{"id":"4b713d0c-9685-42ae-b5b0-097fce845999","name":"karateWorkSpace","type":"personal","visibility":"personal","createdBy":"32384855"},{"id":"4e072abd-bef3-4836-beda-a4608e1a45f2","name":"karateWorkSpace","type":"personal","visibility":"personal","createdBy":"32384855"},{"id":"98a592e2-1cf1-4f54-928c-bd5d10b5b69f","name":"karateWorkSpace","type":"personal","visibility":"personal","createdBy":"32384855"},{"id":"ca32746c-2df7-4aca-b9d1-2966f18f8154","name":"karateWorkSpace","type":"personal","visibility":"personal","createdBy":"32384855"},{"id":"0b1e7527-5e4d-45be-a0a7-b8309195aa19","name":"karateWorkSpace","type":"personal","visibility":"personal","createdBy":"32384855"},{"id":"6876c50c-e84c-4057-94a9-f68d75829055","name":"karateWorkSpace","type":"personal","visibility":"personal","createdBy":"32384855"},{"id":"434b787d-3546-4d3b-bbe9-661356446d01","name":"karateWorkSpace","type":"personal","visibility":"personal","createdBy":"32384855"},{"id":"38e9a1f4-4559-4ad3-b8c4-f535321a166c","name":"karateWorkSpace","type":"personal","visibility":"personal","createdBy":"32384855"},{"id":"8c3ca364-8ab4-422d-822c-ab7ab195c715","name":"karateWorkSpace","type":"personal","visibility":"personal","createdBy":"32384855"},{"id":"0240352a-2a2b-49d5-b6a9-5d3ec3efcf6c","name":"karateWorkSpace","type":"personal","visibility":"personal","createdBy":"32384855"},{"id":"26440dd6-7eea-476a-b53f-671f4d43dded","name":"Bennard Brune","type":"personal","visibility":"personal","createdBy":"32384855"},{"id":"4254d235-9dcd-4e09-bba5-fe5373097213","name":"Dorea Sand","type":"personal","visibility":"personal","createdBy":"32384855"},{"id":"03f6ad2e-67f9-4535-ad76-e5deac33c8a5","name":"karateWorkSpace","type":"personal","visibility":"personal","createdBy":"32384855"},{"id":"dfc4d345-6193-4c74-b091-f767e5e658f8","name":"karateWorkSpace","type":"personal","visibility":"personal","createdBy":"32384855"},{"id":"d0b1f1c8-af04-4353-896e-25232f44557d","name":"karateWorkSpace","type":"personal","visibility":"personal","createdBy":"32384855"},{"id":"66c4adc0-b4f9-4887-b6a3-1c1029050430","name":"karateWorkSpace","type":"personal","visibility":"personal","createdBy":"32384855"},{"id":"00a3156f-4c4c-48c8-919e-91d353ec5243","name":"karateWorkSpace","type":"personal","visibility":"personal","createdBy":"32384855"},{"id":"93df120a-b31f-496b-9283-b613f9aaac91","name":"karateWorkSpace","type":"personal","visibility":"personal","createdBy":"32384855"},{"id":"2e48c30a-b8d9-4f3d-8b9e-84402b833f28","name":"karateWorkSpace","type":"personal","visibility":"personal","createdBy":"32384855"},{"id":"37c9e818-2f15-45e0-9a0e-bd92019d45f1","name":"karateWorkSpace","type":"personal","visibility":"personal","createdBy":"32384855"},{"id":"875b7e55-68b6-4b33-afbb-d127fd9889d0","name":"karateWorkSpace","type":"personal","visibility":"personal","createdBy":"32384855"},{"id":"eb80d55a-77d5-40a3-b43d-c96006d128cc","name":"karateWorkSpace","type":"personal","visibility":"personal","createdBy":"32384855"},{"id":"2bcc286c-22fe-4ccc-82fd-e2a2a154bd7e","name":"karateWorkSpace","type":"personal","visibility":"personal","createdBy":"32384855"},{"id":"b18657d5-61cd-4915-89b7-c158451692ae","name":"karateWorkSpace","type":"personal","visibility":"personal","createdBy":"32384855"},{"id":"8437e6ce-27df-4e24-95d6-a04d8149bc74","name":"karateWorkSpace","type":"personal","visibility":"personal","createdBy":"32384855"},{"id":"6dd5856b-8439-4d01-8d33-6c5a5271c1e7","name":"karateWorkSpace","type":"personal","visibility":"personal","createdBy":"32384855"},{"id":"fea002fb-65e7-4ee8-a63f-d26607147f56","name":"karateWorkSpace","type":"personal","visibility":"personal","createdBy":"32384855"},{"id":"05b01e3c-5dc7-4afa-bd56-4cf220f2fe5e","name":"karateWorkSpace","type":"personal","visibility":"personal","createdBy":"32384855"},{"id":"3f0a57ba-2b0b-4ea5-9810-e529530af069","name":"karateWorkSpace","type":"personal","visibility":"personal","createdBy":"32384855"},{"id":"7803e3c2-6330-4fb0-a457-24dd244b3d1f","name":"karateWorkSpace","type":"personal","visibility":"personal","createdBy":"32384855"},{"id":"1f674c8e-4d22-49d5-a3d2-66ff81b7b979","name":"karateWorkSpace","type":"personal","visibility":"personal","createdBy":"32384855"},{"id":"c57410f3-9c57-43cd-a155-c4face35689a","name":"karateWorkSpace","type":"personal","visibility":"personal","createdBy":"32384855"},{"id":"dfa3b1d7-c544-48bf-9063-e8bf917c694b","name":"karateWorkSpace","type":"personal","visibility":"personal","createdBy":"32384855"},{"id":"6c30451b-de32-408b-823e-ecbfcc0f3118","name":"karateWorkSpace","type":"personal","visibility":"personal","createdBy":"32384855"},{"id":"427b7269-6020-48ea-bc84-fdc55f9d7ac9","name":"karateWorkSpace","type":"personal","visibility":"personal","createdBy":"32384855"},{"id":"3c8ae7f6-1380-4d6f-9940-f5da56182cfb","name":"karateWorkSpace","type":"personal","visibility":"personal","createdBy":"32384855"},{"id":"c8cbd75d-1596-4f6b-98c1-62df2db03f23","name":"karateWorkSpace","type":"personal","visibility":"personal","createdBy":"32384855"},{"id":"6e037ee0-65d3-4d75-b06d-2e6e6ebe9189","name":"karateWorkSpace","type":"personal","visibility":"personal","createdBy":"32384855"},{"id":"734a5b80-0966-45bc-86b8-2bf604df99d9","name":"Rorge","type":"personal","visibility":"personal","createdBy":"32384855"}]}

12:29:52.749 [pool-2-thread-5] DEBUG com.intuit.karate - response time in milliseconds: 1177
1 < 200
1 < Date: Fri, 14 Feb 2025 06:59:52 GMT
1 < Content-Type: application/json; charset=utf-8
1 < Content-Length: 81
1 < Connection: keep-alive
1 < Server: nginx
1 < x-frame-options: deny
1 < x-xss-protection: 1; mode=block
1 < x-content-type-options: nosniff
1 < referrer-policy: no-referrer-when-downgrade
1 < access-control-allow-origin: *
1 < access-control-allow-methods: GET,POST,PUT,DELETE
1 < access-control-allow-headers: content-type,x-api-key
1 < access-control-allow-credentials: false
1 < x-ratelimit-limit: 300
1 < x-ratelimit-reset: 52
1 < x-ratelimit-remaining: 279
1 < ratelimit: limit=300, remaining=279, reset=52
1 < ratelimit-policy: 300;w=60
1 < ratelimit-limit: 300
1 < ratelimit-remaining: 279
1 < ratelimit-reset: 52
1 < ratelimit-limit-month: 10000
1 < ratelimit-remaining-month: 5275
1 < x-ratelimit-limit-month: 10000
1 < x-ratelimit-remaining-month: 5275
1 < uWebSockets: 20
{"workspace":{"id":"fd1df6b3-8ffd-4429-b332-165fcb8ddd0a","name":"Leslyn Haigh"}}

12:29:57.407 [pool-2-thread-1] INFO  com.intuit.karate - [print] CDW Match Enrollment Request: {
  "AccountNumber": "9854562112542112",
  "RoutingNumber": "121000358",
  "PartnerId": "MTI3",
  "Payload": {
    "PublicKey": "LS0tLS1CRUdJTiBQVUJMSUMgS0VZLS0tLS0KTUlJQklqQU5CZ2txaGtpRzl3MEJBUUVGQUFPQ0FROEFNSUlCQ2dLQ0FRRUF0WFQ5RnJ1UFJPc3hqcjlFMEJENwplK0hWaGF2dXV5bXQ2TEJlSkhaV0ozSHJTZ2FGSkUvd2dYSnQ2MzZxYlZORlYxR1VpcEhGMnpxMHZseVJMaVlJCnBWUTJQU2laVS9ET0RweGNHbkh3WUtTeGZvMmpYMkVDY1lRUlFCc2V4ckJGU0UwdktQWUxDQjN0TjBya0hlRDgKZ1lqaThPQk1WekR2ZTNHb21TT0tvK2RNdG95cVNBRFlGZnpQVExJd0N5THlidDZrRGhSRGttK29yN2RMS1hsbApldGprdEZQNzlXSldUWURLRk02Z2pSYlRWYzh5Z1ZuYjllNmR0YWF6ODJ6UDgzL3FFY0VyaHNqNys3ZHN6MmxNCnFyRG9UMFVkS2lGMG1wNm9BWkNtb01qenY1cHBSKzRXRkxBWDF0dzB4TzVyZ2NyTnc0UEZtWU5UNmh6clJGOUoKNndJREFRQUIKLS0tLS1FTkQgUFVCTElDIEtFWS0tLS0tCg==",
    "AccessToken": "9685d65363de7d47e5555ac930517dafbc74b580"
  }
}
 
12:29:57.411 [pool-2-thread-1] DEBUG com.intuit.karate - request:
4 > POST https://bimhep-qa.bimnetworkstech.com/api/hostedEnrollment/cdwMatchEnrollment
4 > Content-Type: application/json; charset=UTF-8
4 > Accept: */*
4 > Content-Length: 771
4 > Host: bimhep-qa.bimnetworkstech.com
4 > Connection: Keep-Alive
4 > User-Agent: Apache-HttpClient/4.5.14 (Java/17.0.10)
4 > Accept-Encoding: gzip,deflate
{"AccountNumber":"9854562112542112","RoutingNumber":"121000358","PartnerId":"MTI3","Payload":{"PublicKey":"LS0tLS1CRUdJTiBQVUJMSUMgS0VZLS0tLS0KTUlJQklqQU5CZ2txaGtpRzl3MEJBUUVGQUFPQ0FROEFNSUlCQ2dLQ0FRRUF0WFQ5RnJ1UFJPc3hqcjlFMEJENwplK0hWaGF2dXV5bXQ2TEJlSkhaV0ozSHJTZ2FGSkUvd2dYSnQ2MzZxYlZORlYxR1VpcEhGMnpxMHZseVJMaVlJCnBWUTJQU2laVS9ET0RweGNHbkh3WUtTeGZvMmpYMkVDY1lRUlFCc2V4ckJGU0UwdktQWUxDQjN0TjBya0hlRDgKZ1lqaThPQk1WekR2ZTNHb21TT0tvK2RNdG95cVNBRFlGZnpQVExJd0N5THlidDZrRGhSRGttK29yN2RMS1hsbApldGprdEZQNzlXSldUWURLRk02Z2pSYlRWYzh5Z1ZuYjllNmR0YWF6ODJ6UDgzL3FFY0VyaHNqNys3ZHN6MmxNCnFyRG9UMFVkS2lGMG1wNm9BWkNtb01qenY1cHBSKzRXRkxBWDF0dzB4TzVyZ2NyTnc0UEZtWU5UNmh6clJGOUoKNndJREFRQUIKLS0tLS1FTkQgUFVCTElDIEtFWS0tLS0tCg==","AccessToken":"9685d65363de7d47e5555ac930517dafbc74b580"}}

12:29:58.479 [pool-2-thread-1] DEBUG com.intuit.karate - response time in milliseconds: 1063
4 < 200
4 < Date: Fri, 14 Feb 2025 06:59:57 GMT
4 < Content-Type: application/json; charset=utf-8
4 < Connection: keep-alive
4 < Access-Control-Expose-Headers: Request-Context
4 < Cache-Control: no-cache
4 < Expires: -1
4 < Pragma: no-cache
4 < Vary: Accept-Encoding
4 < X-AspNet-Version: 4.0.30319
4 < Request-Context: appId=cid-v1:cba57b22-bea6-48bb-a3b8-4c30d76b9899
4 < X-Powered-By: ASP.NET
4 < X-Frame-Options: ALLOW-FROM http://localhost:58402/ http://localhost:61309/
4 < cf-cache-status: DYNAMIC
4 < Server: cloudflare
4 < CF-RAY: 911b2da85c29c151-BLR
{"status":false,"messages":["Uh oh! Something went wrong, please call customer support"],"notification":"","payload":{"bank_source":null,"action_code":1490,"redirect":"error","fallback":"","auth_operation":null,"auth_response_code":null,"auth_response_verbiage":null,"email_address":null,"consumer_id":null},"error":null}

12:29:58.481 [pool-2-thread-1] INFO  com.intuit.karate - [print] CDW Match Enrollment Response: {
  "status": false,
  "messages": [
    "Uh oh! Something went wrong, please call customer support"
  ],
  "notification": "",
  "payload": {
    "bank_source": null,
    "action_code": 1490,
    "redirect": "error",
    "fallback": "",
    "auth_operation": null,
    "auth_response_code": null,
    "auth_response_verbiage": null,
    "email_address": null,
    "consumer_id": null
  },
  "error": null
}
 
12:29:58.484 [pool-2-thread-1] DEBUG com.intuit.karate - request:
5 > POST https://bimhep-qa.bimnetworkstech.com/api/hostedEnrollment/confirmCdw
5 > Content-Type: application/json; charset=UTF-8
5 > Accept: */*
5 > Content-Length: 757
5 > Host: bimhep-qa.bimnetworkstech.com
5 > Connection: Keep-Alive
5 > User-Agent: Apache-HttpClient/4.5.14 (Java/17.0.10)
5 > Accept-Encoding: gzip,deflate
{"DepositAmount":"0.09","WithdrawalAmount":"0.08","partnerId":"MTI3","Payload":{"PublicKey":"LS0tLS1CRUdJTiBQVUJMSUMgS0VZLS0tLS0KTUlJQklqQU5CZ2txaGtpRzl3MEJBUUVGQUFPQ0FROEFNSUlCQ2dLQ0FRRUF0WFQ5RnJ1UFJPc3hqcjlFMEJENwplK0hWaGF2dXV5bXQ2TEJlSkhaV0ozSHJTZ2FGSkUvd2dYSnQ2MzZxYlZORlYxR1VpcEhGMnpxMHZseVJMaVlJCnBWUTJQU2laVS9ET0RweGNHbkh3WUtTeGZvMmpYMkVDY1lRUlFCc2V4ckJGU0UwdktQWUxDQjN0TjBya0hlRDgKZ1lqaThPQk1WekR2ZTNHb21TT0tvK2RNdG95cVNBRFlGZnpQVExJd0N5THlidDZrRGhSRGttK29yN2RMS1hsbApldGprdEZQNzlXSldUWURLRk02Z2pSYlRWYzh5Z1ZuYjllNmR0YWF6ODJ6UDgzL3FFY0VyaHNqNys3ZHN6MmxNCnFyRG9UMFVkS2lGMG1wNm9BWkNtb01qenY1cHBSKzRXRkxBWDF0dzB4TzVyZ2NyTnc0UEZtWU5UNmh6clJGOUoKNndJREFRQUIKLS0tLS1FTkQgUFVCTElDIEtFWS0tLS0tCg==","AccessToken":"9685d65363de7d47e5555ac930517dafbc74b580"}}

12:29:59.480 [pool-2-thread-1] DEBUG com.intuit.karate - response time in milliseconds: 991
5 < 200
5 < Date: Fri, 14 Feb 2025 06:59:58 GMT
5 < Content-Type: application/json; charset=utf-8
5 < Connection: keep-alive
5 < Access-Control-Expose-Headers: Request-Context
5 < Cache-Control: no-cache
5 < Expires: -1
5 < Pragma: no-cache
5 < Vary: Accept-Encoding
5 < X-AspNet-Version: 4.0.30319
5 < Request-Context: appId=cid-v1:cba57b22-bea6-48bb-a3b8-4c30d76b9899
5 < X-Powered-By: ASP.NET
5 < X-Frame-Options: ALLOW-FROM http://localhost:58402/ http://localhost:61309/
5 < cf-cache-status: DYNAMIC
5 < Server: cloudflare
5 < CF-RAY: 911b2daf0872c19f-BLR
{"status":false,"messages":["Uh oh! Something went wrong, please call customer support"],"notification":"","payload":{"action_code":1490,"account_change_code":0,"redirect":"error","fallback":"","auth_operation":null,"auth_response_code":null,"auth_response_verbiage":null,"email_address":null,"consumer_id":null,"rewards":null}}

12:29:59.484 [pool-2-thread-1] INFO  com.intuit.karate - [print] Confirm CDW Response: {
  "status": false,
  "messages": [
    "Uh oh! Something went wrong, please call customer support"
  ],
  "notification": "",
  "payload": {
    "action_code": 1490,
    "account_change_code": 0,
    "redirect": "error",
    "fallback": "",
    "auth_operation": null,
    "auth_response_code": null,
    "auth_response_verbiage": null,
    "email_address": null,
    "consumer_id": null,
    "rewards": null
  }
}
 
---------------------------------------------------------
feature: classpath:PostmanAPI/APITEST/BuydirectEndToEndTest/consumerEnrollment.Feature
scenarios:  1 | passed:  1 | failed:  0 | time: 17.0726
---------------------------------------------------------

12:30:01.387 [pool-3-thread-1] INFO  com.intuit.karate.Suite - <<pass>> feature 1 of 9 (8 remaining) classpath:PostmanAPI/APITEST/BuydirectEndToEndTest/consumerEnrollment.Feature
---------------------------------------------------------
feature: classpath:PostmanAPI/APITEST/CollectionFeature/TestCreateCollectionResponceScheema.feature
scenarios:  1 | passed:  1 | failed:  0 | time: 6.5123
---------------------------------------------------------

12:30:01.703 [pool-3-thread-1] INFO  com.intuit.karate.Suite - <<pass>> feature 2 of 9 (7 remaining) classpath:PostmanAPI/APITEST/CollectionFeature/TestCreateCollectionResponceScheema.feature
---------------------------------------------------------
feature: classpath:PostmanAPI/APITEST/CollectionFeature/TestCreateUpdateGetAndDeleteCollections.feature
scenarios:  1 | passed:  1 | failed:  0 | time: 5.8689
---------------------------------------------------------

12:30:01.897 [pool-3-thread-1] INFO  com.intuit.karate.Suite - <<pass>> feature 3 of 9 (6 remaining) classpath:PostmanAPI/APITEST/CollectionFeature/TestCreateUpdateGetAndDeleteCollections.feature
---------------------------------------------------------
feature: classpath:PostmanAPI/APITEST/WorkSpaceFeature/TestCreateUpdateDeleteWorkSpaceAPI.feature
scenarios:  3 | passed:  3 | failed:  0 | time: 12.8429
---------------------------------------------------------

12:30:02.471 [pool-3-thread-1] INFO  com.intuit.karate.Suite - <<pass>> feature 4 of 9 (5 remaining) classpath:PostmanAPI/APITEST/WorkSpaceFeature/TestCreateUpdateDeleteWorkSpaceAPI.feature
---------------------------------------------------------
feature: classpath:PostmanAPI/APITEST/WorkSpaceFeature/TestCreateWorkSpaceWithDiffData.feature
scenarios:  5 | passed:  5 | failed:  0 | time: 4.7838
---------------------------------------------------------

12:30:02.753 [pool-3-thread-1] INFO  com.intuit.karate.Suite - <<pass>> feature 5 of 9 (4 remaining) classpath:PostmanAPI/APITEST/WorkSpaceFeature/TestCreateWorkSpaceWithDiffData.feature
---------------------------------------------------------
feature: classpath:PostmanAPI/APITEST/WorkSpaceFeature/TestCreateWorkSpaceWithExternelData.feature
scenarios:  1 | passed:  1 | failed:  0 | time: 1.1723
---------------------------------------------------------

12:30:03.018 [pool-3-thread-1] INFO  com.intuit.karate.Suite - <<pass>> feature 6 of 9 (3 remaining) classpath:PostmanAPI/APITEST/WorkSpaceFeature/TestCreateWorkSpaceWithExternelData.feature
---------------------------------------------------------
feature: classpath:PostmanAPI/APITEST/WorkSpaceFeature/TestDataBaseConnection.feature
scenarios:  2 | passed:  2 | failed:  0 | time: 3.9032
---------------------------------------------------------

12:30:03.143 [pool-3-thread-1] INFO  com.intuit.karate.Suite - <<pass>> feature 7 of 9 (2 remaining) classpath:PostmanAPI/APITEST/WorkSpaceFeature/TestDataBaseConnection.feature
---------------------------------------------------------
feature: classpath:PostmanAPI/APITEST/WorkSpaceFeature/TestGetAallWorkSpaceAPI.feature
scenarios:  2 | passed:  2 | failed:  0 | time: 3.2212
---------------------------------------------------------

12:30:03.294 [pool-3-thread-1] INFO  com.intuit.karate.Suite - <<pass>> feature 8 of 9 (1 remaining) classpath:PostmanAPI/APITEST/WorkSpaceFeature/TestGetAallWorkSpaceAPI.feature
---------------------------------------------------------
feature: classpath:PostmanAPI/APITEST/WorkSpaceFeature/WorkSpaceResponseScheemaValidation.feature
scenarios:  1 | passed:  1 | failed:  0 | time: 1.2213
---------------------------------------------------------

12:30:03.553 [pool-3-thread-1] INFO  com.intuit.karate.Suite - <<pass>> feature 9 of 9 (0 remaining) classpath:PostmanAPI/APITEST/WorkSpaceFeature/WorkSpaceResponseScheemaValidation.feature
Karate version: 1.5.0
======================================================
elapsed:  25.77 | threads:    5 | thread time: 56.60 
features:     9 | skipped:    0 | efficiency: 0.44
scenarios:   17 | passed:    17 | failed: 0
======================================================

HTML report: (paste into browser to view) | Karate version: 1.5.0
file:///C:/Users/ShashiKumarSidhhalin/Desktop/NewProject/APITest/target/karate-reports/karate-summary.html
===================================================================

12:30:04.629 [main] INFO  n.m.cucumber.ReportParser - File 'C:\Users\ShashiKumarSidhhalin\Desktop\NewProject\APITest\target\karate-reports\PostmanAPI.APITEST.BuydirectEndToEndTest.consumerEnrollment.Feature.json' contains 1 feature(s)
12:30:04.632 [main] INFO  n.m.cucumber.ReportParser - File 'C:\Users\ShashiKumarSidhhalin\Desktop\NewProject\APITest\target\karate-reports\PostmanAPI.APITEST.CollectionFeature.TestCreateCollectionResponceScheema.json' contains 1 feature(s)
12:30:04.634 [main] INFO  n.m.cucumber.ReportParser - File 'C:\Users\ShashiKumarSidhhalin\Desktop\NewProject\APITest\target\karate-reports\PostmanAPI.APITEST.CollectionFeature.TestCreateUpdateGetAndDeleteCollections.json' contains 1 feature(s)
12:30:04.645 [main] INFO  n.m.cucumber.ReportParser - File 'C:\Users\ShashiKumarSidhhalin\Desktop\NewProject\APITest\target\karate-reports\PostmanAPI.APITEST.WorkSpaceFeature.TestCreateUpdateDeleteWorkSpaceAPI.json' contains 1 feature(s)
12:30:04.649 [main] INFO  n.m.cucumber.ReportParser - File 'C:\Users\ShashiKumarSidhhalin\Desktop\NewProject\APITest\target\karate-reports\PostmanAPI.APITEST.WorkSpaceFeature.TestCreateWorkSpaceWithDiffData.json' contains 1 feature(s)
12:30:04.650 [main] INFO  n.m.cucumber.ReportParser - File 'C:\Users\ShashiKumarSidhhalin\Desktop\NewProject\APITest\target\karate-reports\PostmanAPI.APITEST.WorkSpaceFeature.TestCreateWorkSpaceWithExternelData.json' contains 1 feature(s)
12:30:04.652 [main] INFO  n.m.cucumber.ReportParser - File 'C:\Users\ShashiKumarSidhhalin\Desktop\NewProject\APITest\target\karate-reports\PostmanAPI.APITEST.WorkSpaceFeature.TestDataBaseConnection.json' contains 1 feature(s)
12:30:04.656 [main] INFO  n.m.cucumber.ReportParser - File 'C:\Users\ShashiKumarSidhhalin\Desktop\NewProject\APITest\target\karate-reports\PostmanAPI.APITEST.WorkSpaceFeature.TestGetAallWorkSpaceAPI.json' contains 1 feature(s)
12:30:04.660 [main] INFO  n.m.cucumber.ReportParser - File 'C:\Users\ShashiKumarSidhhalin\Desktop\NewProject\APITest\target\karate-reports\PostmanAPI.APITEST.WorkSpaceFeature.WorkSpaceResponseScheemaValidation.json' contains 1 feature(s)
12:30:04.662 [main] INFO  n.m.cucumber.ReportParser - File 'C:\Users\ShashiKumarSidhhalin\Desktop\NewProject\APITest\target\karate-reports\PostmanAPI.Performance.TestCreateUpdateDeleteWorkSpaceAPI.json' contains 1 feature(s)
]]></system-out>
  </testcase>
</testsuite>