<?xml version="1.0" encoding="UTF-8"?>
<testsuite xmlns:xsi="http://www.w3.org/2001/XMLSchema-instance" xsi:noNamespaceSchemaLocation="https://maven.apache.org/surefire/maven-surefire-plugin/xsd/surefire-test-report-3.0.xsd" version="3.0" name="PostmanAPI.TestRunner" time="42.918" tests="1" errors="0" skipped="0" failures="1">
  <properties>
    <property name="java.specification.version" value="17"/>
    <property name="sun.cpu.isalist" value="amd64"/>
    <property name="sun.jnu.encoding" value="Cp1252"/>
    <property name="java.class.path" value="C:\Users\ShashiKumarSidhhalin\Desktop\NewProject\APITest\target\test-classes;C:\Users\ShashiKumarSidhhalin\Desktop\NewProject\APITest\target\classes;C:\Users\ShashiKumarSidhhalin\.m2\repository\io\karatelabs\karate-junit5\1.5.0\karate-junit5-1.5.0.jar;C:\Users\ShashiKumarSidhhalin\.m2\repository\io\karatelabs\karate-core\1.5.0\karate-core-1.5.0.jar;C:\Users\ShashiKumarSidhhalin\.m2\repository\org\graalvm\js\js-scriptengine\24.0.0\js-scriptengine-24.0.0.jar;C:\Users\ShashiKumarSidhhalin\.m2\repository\org\graalvm\polyglot\polyglot\24.0.0\polyglot-24.0.0.jar;C:\Users\ShashiKumarSidhhalin\.m2\repository\org\graalvm\sdk\collections\24.0.0\collections-24.0.0.jar;C:\Users\ShashiKumarSidhhalin\.m2\repository\org\graalvm\sdk\nativeimage\24.0.0\nativeimage-24.0.0.jar;C:\Users\ShashiKumarSidhhalin\.m2\repository\org\graalvm\sdk\word\24.0.0\word-24.0.0.jar;C:\Users\ShashiKumarSidhhalin\.m2\repository\org\graalvm\js\js-language\24.0.0\js-language-24.0.0.jar;C:\Users\ShashiKumarSidhhalin\.m2\repository\org\graalvm\regex\regex\24.0.0\regex-24.0.0.jar;C:\Users\ShashiKumarSidhhalin\.m2\repository\org\graalvm\truffle\truffle-api\24.0.0\truffle-api-24.0.0.jar;C:\Users\ShashiKumarSidhhalin\.m2\repository\org\graalvm\shadowed\icu4j\24.0.0\icu4j-24.0.0.jar;C:\Users\ShashiKumarSidhhalin\.m2\repository\org\thymeleaf\thymeleaf\3.1.2.RELEASE\thymeleaf-3.1.2.RELEASE.jar;C:\Users\ShashiKumarSidhhalin\.m2\repository\ognl\ognl\3.3.4\ognl-3.3.4.jar;C:\Users\ShashiKumarSidhhalin\.m2\repository\org\javassist\javassist\3.29.0-GA\javassist-3.29.0-GA.jar;C:\Users\ShashiKumarSidhhalin\.m2\repository\org\attoparser\attoparser\2.0.7.RELEASE\attoparser-2.0.7.RELEASE.jar;C:\Users\ShashiKumarSidhhalin\.m2\repository\org\unbescape\unbescape\1.1.6.RELEASE\unbescape-1.1.6.RELEASE.jar;C:\Users\ShashiKumarSidhhalin\.m2\repository\com\linecorp\armeria\armeria\1.29.2\armeria-1.29.2.jar;C:\Users\ShashiKumarSidhhalin\.m2\repository\com\fasterxml\jackson\datatype\jackson-datatype-jdk8\2.17.1\jackson-datatype-jdk8-2.17.1.jar;C:\Users\ShashiKumarSidhhalin\.m2\repository\io\micrometer\micrometer-core\1.13.0\micrometer-core-1.13.0.jar;C:\Users\ShashiKumarSidhhalin\.m2\repository\io\micrometer\micrometer-commons\1.13.0\micrometer-commons-1.13.0.jar;C:\Users\ShashiKumarSidhhalin\.m2\repository\io\micrometer\micrometer-observation\1.13.0\micrometer-observation-1.13.0.jar;C:\Users\ShashiKumarSidhhalin\.m2\repository\org\hdrhistogram\HdrHistogram\2.2.1\HdrHistogram-2.2.1.jar;C:\Users\ShashiKumarSidhhalin\.m2\repository\org\latencyutils\LatencyUtils\2.0.3\LatencyUtils-2.0.3.jar;C:\Users\ShashiKumarSidhhalin\.m2\repository\io\netty\netty-codec-haproxy\4.1.110.Final\netty-codec-haproxy-4.1.110.Final.jar;C:\Users\ShashiKumarSidhhalin\.m2\repository\io\netty\netty-resolver-dns\4.1.110.Final\netty-resolver-dns-4.1.110.Final.jar;C:\Users\ShashiKumarSidhhalin\.m2\repository\io\netty\netty-codec-dns\4.1.110.Final\netty-codec-dns-4.1.110.Final.jar;C:\Users\ShashiKumarSidhhalin\.m2\repository\io\netty\netty-transport-native-unix-common\4.1.110.Final\netty-transport-native-unix-common-4.1.110.Final-linux-x86_64.jar;C:\Users\ShashiKumarSidhhalin\.m2\repository\io\netty\netty-transport-native-unix-common\4.1.110.Final\netty-transport-native-unix-common-4.1.110.Final-linux-aarch_64.jar;C:\Users\ShashiKumarSidhhalin\.m2\repository\io\netty\netty-transport-native-unix-common\4.1.110.Final\netty-transport-native-unix-common-4.1.110.Final-osx-x86_64.jar;C:\Users\ShashiKumarSidhhalin\.m2\repository\io\netty\netty-transport-native-unix-common\4.1.110.Final\netty-transport-native-unix-common-4.1.110.Final-osx-aarch_64.jar;C:\Users\ShashiKumarSidhhalin\.m2\repository\org\reactivestreams\reactive-streams\1.0.4\reactive-streams-1.0.4.jar;C:\Users\ShashiKumarSidhhalin\.m2\repository\io\netty\netty-transport-native-epoll\4.1.110.Final\netty-transport-native-epoll-4.1.110.Final-linux-x86_64.jar;C:\Users\ShashiKumarSidhhalin\.m2\repository\io\netty\netty-transport-classes-epoll\4.1.110.Final\netty-transport-classes-epoll-4.1.110.Final.jar;C:\Users\ShashiKumarSidhhalin\.m2\repository\io\netty\netty-transport-native-epoll\4.1.110.Final\netty-transport-native-epoll-4.1.110.Final-linux-aarch_64.jar;C:\Users\ShashiKumarSidhhalin\.m2\repository\io\netty\netty-transport-native-kqueue\4.1.110.Final\netty-transport-native-kqueue-4.1.110.Final-osx-x86_64.jar;C:\Users\ShashiKumarSidhhalin\.m2\repository\io\netty\netty-transport-classes-kqueue\4.1.110.Final\netty-transport-classes-kqueue-4.1.110.Final.jar;C:\Users\ShashiKumarSidhhalin\.m2\repository\io\netty\netty-resolver-dns-native-macos\4.1.110.Final\netty-resolver-dns-native-macos-4.1.110.Final-osx-x86_64.jar;C:\Users\ShashiKumarSidhhalin\.m2\repository\io\netty\netty-resolver-dns-classes-macos\4.1.110.Final\netty-resolver-dns-classes-macos-4.1.110.Final.jar;C:\Users\ShashiKumarSidhhalin\.m2\repository\io\netty\netty-transport-native-kqueue\4.1.110.Final\netty-transport-native-kqueue-4.1.110.Final-osx-aarch_64.jar;C:\Users\ShashiKumarSidhhalin\.m2\repository\io\netty\netty-resolver-dns-native-macos\4.1.110.Final\netty-resolver-dns-native-macos-4.1.110.Final-osx-aarch_64.jar;C:\Users\ShashiKumarSidhhalin\.m2\repository\com\aayushatharva\brotli4j\brotli4j\1.16.0\brotli4j-1.16.0.jar;C:\Users\ShashiKumarSidhhalin\.m2\repository\com\aayushatharva\brotli4j\service\1.16.0\service-1.16.0.jar;C:\Users\ShashiKumarSidhhalin\.m2\repository\com\aayushatharva\brotli4j\native-windows-x86_64\1.16.0\native-windows-x86_64-1.16.0.jar;C:\Users\ShashiKumarSidhhalin\.m2\repository\org\apache\httpcomponents\httpclient\4.5.14\httpclient-4.5.14.jar;C:\Users\ShashiKumarSidhhalin\.m2\repository\org\apache\httpcomponents\httpcore\4.4.16\httpcore-4.4.16.jar;C:\Users\ShashiKumarSidhhalin\.m2\repository\commons-codec\commons-codec\1.16.1\commons-codec-1.16.1.jar;C:\Users\ShashiKumarSidhhalin\.m2\repository\ch\qos\logback\logback-classic\1.5.4\logback-classic-1.5.4.jar;C:\Users\ShashiKumarSidhhalin\.m2\repository\ch\qos\logback\logback-core\1.5.4\logback-core-1.5.4.jar;C:\Users\ShashiKumarSidhhalin\.m2\repository\org\antlr\antlr4-runtime\4.13.1\antlr4-runtime-4.13.1.jar;C:\Users\ShashiKumarSidhhalin\.m2\repository\com\jayway\jsonpath\json-path\2.9.0\json-path-2.9.0.jar;C:\Users\ShashiKumarSidhhalin\.m2\repository\net\minidev\json-smart\2.5.1\json-smart-2.5.1.jar;C:\Users\ShashiKumarSidhhalin\.m2\repository\net\minidev\accessors-smart\2.5.1\accessors-smart-2.5.1.jar;C:\Users\ShashiKumarSidhhalin\.m2\repository\org\ow2\asm\asm\9.6\asm-9.6.jar;C:\Users\ShashiKumarSidhhalin\.m2\repository\org\yaml\snakeyaml\2.2\snakeyaml-2.2.jar;C:\Users\ShashiKumarSidhhalin\.m2\repository\de\siegmar\fastcsv\3.1.0\fastcsv-3.1.0.jar;C:\Users\ShashiKumarSidhhalin\.m2\repository\info\picocli\picocli\4.7.5\picocli-4.7.5.jar;C:\Users\ShashiKumarSidhhalin\.m2\repository\io\github\classgraph\classgraph\4.8.170\classgraph-4.8.170.jar;C:\Users\ShashiKumarSidhhalin\.m2\repository\io\github\t12y\resemble\1.1.0\resemble-1.1.0.jar;C:\Users\ShashiKumarSidhhalin\.m2\repository\io\github\t12y\ssim\1.0.0\ssim-1.0.0.jar;C:\Users\ShashiKumarSidhhalin\.m2\repository\org\junit\jupiter\junit-jupiter-api\5.10.2\junit-jupiter-api-5.10.2.jar;C:\Users\ShashiKumarSidhhalin\.m2\repository\org\opentest4j\opentest4j\1.3.0\opentest4j-1.3.0.jar;C:\Users\ShashiKumarSidhhalin\.m2\repository\org\junit\platform\junit-platform-commons\1.10.2\junit-platform-commons-1.10.2.jar;C:\Users\ShashiKumarSidhhalin\.m2\repository\org\apiguardian\apiguardian-api\1.1.2\apiguardian-api-1.1.2.jar;C:\Users\ShashiKumarSidhhalin\.m2\repository\org\junit\jupiter\junit-jupiter-engine\5.10.2\junit-jupiter-engine-5.10.2.jar;C:\Users\ShashiKumarSidhhalin\.m2\repository\org\junit\platform\junit-platform-engine\1.10.2\junit-platform-engine-1.10.2.jar;C:\Users\ShashiKumarSidhhalin\.m2\repository\io\karatelabs\karate-gatling\1.5.0\karate-gatling-1.5.0.jar;C:\Users\ShashiKumarSidhhalin\.m2\repository\io\gatling\highcharts\gatling-charts-highcharts\3.9.5\gatling-charts-highcharts-3.9.5.jar;C:\Users\ShashiKumarSidhhalin\.m2\repository\io\gatling\gatling-app\3.9.5\gatling-app-3.9.5.jar;C:\Users\ShashiKumarSidhhalin\.m2\repository\io\gatling\gatling-core\3.9.5\gatling-core-3.9.5.jar;C:\Users\ShashiKumarSidhhalin\.m2\repository\io\gatling\gatling-netty-util\3.9.5\gatling-netty-util-3.9.5.jar;C:\Users\ShashiKumarSidhhalin\.m2\repository\io\gatling\gatling-jdk-util\3.9.5\gatling-jdk-util-3.9.5.jar;C:\Users\ShashiKumarSidhhalin\.m2\repository\io\netty\incubator\netty-incubator-transport-native-io_uring\0.0.21.Final\netty-incubator-transport-native-io_uring-0.0.21.Final-linux-x86_64.jar;C:\Users\ShashiKumarSidhhalin\.m2\repository\io\netty\incubator\netty-incubator-transport-classes-io_uring\0.0.21.Final\netty-incubator-transport-classes-io_uring-0.0.21.Final.jar;C:\Users\ShashiKumarSidhhalin\.m2\repository\io\netty\incubator\netty-incubator-transport-native-io_uring\0.0.21.Final\netty-incubator-transport-native-io_uring-0.0.21.Final-linux-aarch_64.jar;C:\Users\ShashiKumarSidhhalin\.m2\repository\io\gatling\gatling-commons\3.9.5\gatling-commons-3.9.5.jar;C:\Users\ShashiKumarSidhhalin\.m2\repository\io\gatling\gatling-commons-shared\3.9.5\gatling-commons-shared-3.9.5.jar;C:\Users\ShashiKumarSidhhalin\.m2\repository\org\scala-lang\scala-reflect\2.13.10\scala-reflect-2.13.10.jar;C:\Users\ShashiKumarSidhhalin\.m2\repository\io\suzaku\boopickle_2.13\1.3.3\boopickle_2.13-1.3.3.jar;C:\Users\ShashiKumarSidhhalin\.m2\repository\io\gatling\gatling-commons-shared-unstable\3.9.5\gatling-commons-shared-unstable-3.9.5.jar;C:\Users\ShashiKumarSidhhalin\.m2\repository\org\typelevel\spire-macros_2.13\0.17.0\spire-macros_2.13-0.17.0.jar;C:\Users\ShashiKumarSidhhalin\.m2\repository\com\typesafe\scala-logging\scala-logging_2.13\3.9.5\scala-logging_2.13-3.9.5.jar;C:\Users\ShashiKumarSidhhalin\.m2\repository\io\gatling\gatling-jsonpath\3.9.5\gatling-jsonpath-3.9.5.jar;C:\Users\ShashiKumarSidhhalin\.m2\repository\com\typesafe\akka\akka-slf4j_2.13\2.6.20\akka-slf4j_2.13-2.6.20.jar;C:\Users\ShashiKumarSidhhalin\.m2\repository\org\simpleflatmapper\lightning-csv\8.2.3\lightning-csv-8.2.3.jar;C:\Users\ShashiKumarSidhhalin\.m2\repository\org\simpleflatmapper\sfm-util\8.2.3\sfm-util-8.2.3.jar;C:\Users\ShashiKumarSidhhalin\.m2\repository\com\github\ben-manes\caffeine\caffeine\2.9.3\caffeine-2.9.3.jar;C:\Users\ShashiKumarSidhhalin\.m2\repository\io\pebbletemplates\pebble\3.2.1\pebble-3.2.1.jar;C:\Users\ShashiKumarSidhhalin\.m2\repository\org\scala-lang\modules\scala-parser-combinators_2.13\2.3.0\scala-parser-combinators_2.13-2.3.0.jar;C:\Users\ShashiKumarSidhhalin\.m2\repository\com\github\scopt\scopt_2.13\3.7.1\scopt_2.13-3.7.1.jar;C:\Users\ShashiKumarSidhhalin\.m2\repository\com\softwaremill\quicklens\quicklens_2.13\1.9.3\quicklens_2.13-1.9.3.jar;C:\Users\ShashiKumarSidhhalin\.m2\repository\net\sf\saxon\Saxon-HE\10.6\Saxon-HE-10.6.jar;C:\Users\ShashiKumarSidhhalin\.m2\repository\org\jodd\jodd-lagarto\6.0.6\jodd-lagarto-6.0.6.jar;C:\Users\ShashiKumarSidhhalin\.m2\repository\org\jodd\jodd-util\6.1.0\jodd-util-6.1.0.jar;C:\Users\ShashiKumarSidhhalin\.m2\repository\io\burt\jmespath-jackson\0.5.1\jmespath-jackson-0.5.1.jar;C:\Users\ShashiKumarSidhhalin\.m2\repository\io\burt\jmespath-core\0.5.1\jmespath-core-0.5.1.jar;C:\Users\ShashiKumarSidhhalin\.m2\repository\io\gatling\gatling-core-java\3.9.5\gatling-core-java-3.9.5.jar;C:\Users\ShashiKumarSidhhalin\.m2\repository\net\jodah\typetools\0.6.3\typetools-0.6.3.jar;C:\Users\ShashiKumarSidhhalin\.m2\repository\io\gatling\gatling-http\3.9.5\gatling-http-3.9.5.jar;C:\Users\ShashiKumarSidhhalin\.m2\repository\io\gatling\gatling-http-client\3.9.5\gatling-http-client-3.9.5.jar;C:\Users\ShashiKumarSidhhalin\.m2\repository\com\aayushatharva\brotli4j\native-linux-x86_64\1.11.0\native-linux-x86_64-1.11.0.jar;C:\Users\ShashiKumarSidhhalin\.m2\repository\com\aayushatharva\brotli4j\native-linux-aarch64\1.11.0\native-linux-aarch64-1.11.0.jar;C:\Users\ShashiKumarSidhhalin\.m2\repository\com\aayushatharva\brotli4j\native-osx-x86_64\1.11.0\native-osx-x86_64-1.11.0.jar;C:\Users\ShashiKumarSidhhalin\.m2\repository\com\aayushatharva\brotli4j\native-osx-aarch64\1.11.0\native-osx-aarch64-1.11.0.jar;C:\Users\ShashiKumarSidhhalin\.m2\repository\io\gatling\gatling-http-java\3.9.5\gatling-http-java-3.9.5.jar;C:\Users\ShashiKumarSidhhalin\.m2\repository\io\gatling\gatling-jms\3.9.5\gatling-jms-3.9.5.jar;C:\Users\ShashiKumarSidhhalin\.m2\repository\javax\jms\javax.jms-api\2.0.1\javax.jms-api-2.0.1.jar;C:\Users\ShashiKumarSidhhalin\.m2\repository\com\eatthepath\fast-uuid\0.2.0\fast-uuid-0.2.0.jar;C:\Users\ShashiKumarSidhhalin\.m2\repository\io\gatling\gatling-jms-java\3.9.5\gatling-jms-java-3.9.5.jar;C:\Users\ShashiKumarSidhhalin\.m2\repository\io\gatling\gatling-mqtt\3.9.5\gatling-mqtt-3.9.5.jar;C:\Users\ShashiKumarSidhhalin\.m2\repository\io\netty\netty-codec-mqtt\4.1.92.Final\netty-codec-mqtt-4.1.92.Final.jar;C:\Users\ShashiKumarSidhhalin\.m2\repository\io\gatling\gatling-mqtt-java\3.9.5\gatling-mqtt-java-3.9.5.jar;C:\Users\ShashiKumarSidhhalin\.m2\repository\io\gatling\gatling-jdbc\3.9.5\gatling-jdbc-3.9.5.jar;C:\Users\ShashiKumarSidhhalin\.m2\repository\io\gatling\gatling-jdbc-java\3.9.5\gatling-jdbc-java-3.9.5.jar;C:\Users\ShashiKumarSidhhalin\.m2\repository\io\gatling\gatling-redis\3.9.5\gatling-redis-3.9.5.jar;C:\Users\ShashiKumarSidhhalin\.m2\repository\net\debasishg\redisclient_2.13\3.42\redisclient_2.13-3.42.jar;C:\Users\ShashiKumarSidhhalin\.m2\repository\org\apache\commons\commons-pool2\2.8.0\commons-pool2-2.8.0.jar;C:\Users\ShashiKumarSidhhalin\.m2\repository\io\gatling\gatling-redis-java\3.9.5\gatling-redis-java-3.9.5.jar;C:\Users\ShashiKumarSidhhalin\.m2\repository\io\gatling\gatling-graphite\3.9.5\gatling-graphite-3.9.5.jar;C:\Users\ShashiKumarSidhhalin\.m2\repository\io\gatling\gatling-charts\3.9.5\gatling-charts-3.9.5.jar;C:\Users\ShashiKumarSidhhalin\.m2\repository\com\tdunning\t-digest\3.1\t-digest-3.1.jar;C:\Users\ShashiKumarSidhhalin\.m2\repository\io\gatling\gatling-recorder\3.9.5\gatling-recorder-3.9.5.jar;C:\Users\ShashiKumarSidhhalin\.m2\repository\org\scala-lang\modules\scala-swing_2.13\3.0.0\scala-swing_2.13-3.0.0.jar;C:\Users\ShashiKumarSidhhalin\.m2\repository\io\gatling\gatling-recorder-bc-shaded\1.73\gatling-recorder-bc-shaded-1.73.jar;C:\Users\ShashiKumarSidhhalin\.m2\repository\com\typesafe\akka\akka-actor_2.13\2.6.20\akka-actor_2.13-2.6.20.jar;C:\Users\ShashiKumarSidhhalin\.m2\repository\com\typesafe\config\1.4.2\config-1.4.2.jar;C:\Users\ShashiKumarSidhhalin\.m2\repository\org\scala-lang\modules\scala-java8-compat_2.13\1.0.0\scala-java8-compat_2.13-1.0.0.jar;C:\Users\ShashiKumarSidhhalin\.m2\repository\org\scala-lang\scala-library\2.13.13\scala-library-2.13.13.jar;C:\Users\ShashiKumarSidhhalin\.m2\repository\net\masterthought\cucumber-reporting\5.8.4\cucumber-reporting-5.8.4.jar;C:\Users\ShashiKumarSidhhalin\.m2\repository\com\fasterxml\jackson\core\jackson-databind\2.18.1\jackson-databind-2.18.1.jar;C:\Users\ShashiKumarSidhhalin\.m2\repository\com\fasterxml\jackson\core\jackson-annotations\2.18.1\jackson-annotations-2.18.1.jar;C:\Users\ShashiKumarSidhhalin\.m2\repository\com\fasterxml\jackson\core\jackson-core\2.18.1\jackson-core-2.18.1.jar;C:\Users\ShashiKumarSidhhalin\.m2\repository\com\fasterxml\jackson\datatype\jackson-datatype-jsr310\2.18.1\jackson-datatype-jsr310-2.18.1.jar;C:\Users\ShashiKumarSidhhalin\.m2\repository\org\apache\velocity\velocity-engine-core\2.4.1\velocity-engine-core-2.4.1.jar;C:\Users\ShashiKumarSidhhalin\.m2\repository\joda-time\joda-time\2.13.0\joda-time-2.13.0.jar;C:\Users\ShashiKumarSidhhalin\.m2\repository\org\apache\commons\commons-configuration2\2.11.0\commons-configuration2-2.11.0.jar;C:\Users\ShashiKumarSidhhalin\.m2\repository\org\apache\commons\commons-lang3\3.17.0\commons-lang3-3.17.0.jar;C:\Users\ShashiKumarSidhhalin\.m2\repository\commons-io\commons-io\2.17.0\commons-io-2.17.0.jar;C:\Users\ShashiKumarSidhhalin\.m2\repository\org\apache\commons\commons-text\1.12.0\commons-text-1.12.0.jar;C:\Users\ShashiKumarSidhhalin\.m2\repository\org\jsoup\jsoup\1.18.1\jsoup-1.18.1.jar;C:\Users\ShashiKumarSidhhalin\.m2\repository\com\googlecode\owasp-java-html-sanitizer\owasp-java-html-sanitizer\20240325.1\owasp-java-html-sanitizer-20240325.1.jar;C:\Users\ShashiKumarSidhhalin\.m2\repository\com\googlecode\owasp-java-html-sanitizer\java8-shim\20240325.1\java8-shim-20240325.1.jar;C:\Users\ShashiKumarSidhhalin\.m2\repository\com\googlecode\owasp-java-html-sanitizer\java10-shim\20240325.1\java10-shim-20240325.1.jar;C:\Users\ShashiKumarSidhhalin\.m2\repository\org\slf4j\slf4j-api\2.0.16\slf4j-api-2.0.16.jar;C:\Users\ShashiKumarSidhhalin\.m2\repository\org\slf4j\jcl-over-slf4j\2.0.16\jcl-over-slf4j-2.0.16.jar;C:\Users\ShashiKumarSidhhalin\.m2\repository\com\github\javafaker\javafaker\1.0.2\javafaker-1.0.2.jar;C:\Users\ShashiKumarSidhhalin\.m2\repository\org\yaml\snakeyaml\1.23\snakeyaml-1.23-android.jar;C:\Users\ShashiKumarSidhhalin\.m2\repository\com\github\mifmif\generex\1.0.2\generex-1.0.2.jar;C:\Users\ShashiKumarSidhhalin\.m2\repository\dk\brics\automaton\automaton\1.11-8\automaton-1.11-8.jar;C:\Users\ShashiKumarSidhhalin\.m2\repository\com\microsoft\sqlserver\mssql-jdbc\12.9.0.jre11-preview\mssql-jdbc-12.9.0.jre11-preview.jar;C:\Users\ShashiKumarSidhhalin\.m2\repository\org\mock-server\mockserver-netty\5.15.0\mockserver-netty-5.15.0.jar;C:\Users\ShashiKumarSidhhalin\.m2\repository\org\mock-server\mockserver-client-java\5.15.0\mockserver-client-java-5.15.0.jar;C:\Users\ShashiKumarSidhhalin\.m2\repository\org\mock-server\mockserver-core\5.15.0\mockserver-core-5.15.0.jar;C:\Users\ShashiKumarSidhhalin\.m2\repository\com\lmax\disruptor\3.4.4\disruptor-3.4.4.jar;C:\Users\ShashiKumarSidhhalin\.m2\repository\javax\servlet\javax.servlet-api\4.0.1\javax.servlet-api-4.0.1.jar;C:\Users\ShashiKumarSidhhalin\.m2\repository\io\netty\netty-codec-socks\4.1.86.Final\netty-codec-socks-4.1.86.Final.jar;C:\Users\ShashiKumarSidhhalin\.m2\repository\io\netty\netty-handler-proxy\4.1.86.Final\netty-handler-proxy-4.1.86.Final.jar;C:\Users\ShashiKumarSidhhalin\.m2\repository\com\jcraft\jzlib\1.1.3\jzlib-1.1.3.jar;C:\Users\ShashiKumarSidhhalin\.m2\repository\com\fasterxml\uuid\java-uuid-generator\4.1.0\java-uuid-generator-4.1.0.jar;C:\Users\ShashiKumarSidhhalin\.m2\repository\org\bouncycastle\bcprov-jdk18on\1.72\bcprov-jdk18on-1.72.jar;C:\Users\ShashiKumarSidhhalin\.m2\repository\org\bouncycastle\bcpkix-jdk18on\1.72\bcpkix-jdk18on-1.72.jar;C:\Users\ShashiKumarSidhhalin\.m2\repository\org\bouncycastle\bcutil-jdk18on\1.72\bcutil-jdk18on-1.72.jar;C:\Users\ShashiKumarSidhhalin\.m2\repository\com\nimbusds\nimbus-jose-jwt\9.28\nimbus-jose-jwt-9.28.jar;C:\Users\ShashiKumarSidhhalin\.m2\repository\com\github\stephenc\jcip\jcip-annotations\1.0-1\jcip-annotations-1.0-1.jar;C:\Users\ShashiKumarSidhhalin\.m2\repository\org\apache\velocity\velocity-engine-scripting\2.3\velocity-engine-scripting-2.3.jar;C:\Users\ShashiKumarSidhhalin\.m2\repository\org\apache\velocity\tools\velocity-tools-generic\3.1\velocity-tools-generic-3.1.jar;C:\Users\ShashiKumarSidhhalin\.m2\repository\commons-beanutils\commons-beanutils\1.9.4\commons-beanutils-1.9.4.jar;C:\Users\ShashiKumarSidhhalin\.m2\repository\commons-logging\commons-logging\1.2\commons-logging-1.2.jar;C:\Users\ShashiKumarSidhhalin\.m2\repository\commons-collections\commons-collections\3.2.2\commons-collections-3.2.2.jar;C:\Users\ShashiKumarSidhhalin\.m2\repository\org\apache\commons\commons-digester3\3.2\commons-digester3-3.2.jar;C:\Users\ShashiKumarSidhhalin\.m2\repository\com\github\cliftonlabs\json-simple\3.0.2\json-simple-3.0.2.jar;C:\Users\ShashiKumarSidhhalin\.m2\repository\com\samskivert\jmustache\1.15\jmustache-1.15.jar;C:\Users\ShashiKumarSidhhalin\.m2\repository\net\javacrumbs\json-unit\json-unit-core\2.36.0\json-unit-core-2.36.0.jar;C:\Users\ShashiKumarSidhhalin\.m2\repository\org\hamcrest\hamcrest-core\2.2\hamcrest-core-2.2.jar;C:\Users\ShashiKumarSidhhalin\.m2\repository\org\hamcrest\hamcrest\2.2\hamcrest-2.2.jar;C:\Users\ShashiKumarSidhhalin\.m2\repository\com\networknt\json-schema-validator\1.0.76\json-schema-validator-1.0.76.jar;C:\Users\ShashiKumarSidhhalin\.m2\repository\com\ethlo\time\itu\1.7.0\itu-1.7.0.jar;C:\Users\ShashiKumarSidhhalin\.m2\repository\io\swagger\parser\v3\swagger-parser\2.1.10\swagger-parser-2.1.10.jar;C:\Users\ShashiKumarSidhhalin\.m2\repository\io\swagger\parser\v3\swagger-parser-v2-converter\2.1.10\swagger-parser-v2-converter-2.1.10.jar;C:\Users\ShashiKumarSidhhalin\.m2\repository\io\swagger\swagger-core\1.6.9\swagger-core-1.6.9.jar;C:\Users\ShashiKumarSidhhalin\.m2\repository\io\swagger\swagger-models\1.6.9\swagger-models-1.6.9.jar;C:\Users\ShashiKumarSidhhalin\.m2\repository\io\swagger\swagger-annotations\1.6.9\swagger-annotations-1.6.9.jar;C:\Users\ShashiKumarSidhhalin\.m2\repository\io\swagger\swagger-parser\1.0.64\swagger-parser-1.0.64.jar;C:\Users\ShashiKumarSidhhalin\.m2\repository\io\swagger\swagger-compat-spec-parser\1.0.64\swagger-compat-spec-parser-1.0.64.jar;C:\Users\ShashiKumarSidhhalin\.m2\repository\com\github\java-json-tools\json-schema-validator\2.2.14\json-schema-validator-2.2.14.jar;C:\Users\ShashiKumarSidhhalin\.m2\repository\com\github\java-json-tools\jackson-coreutils-equivalence\1.0\jackson-coreutils-equivalence-1.0.jar;C:\Users\ShashiKumarSidhhalin\.m2\repository\com\github\java-json-tools\json-schema-core\1.2.14\json-schema-core-1.2.14.jar;C:\Users\ShashiKumarSidhhalin\.m2\repository\com\github\java-json-tools\uri-template\0.10\uri-template-0.10.jar;C:\Users\ShashiKumarSidhhalin\.m2\repository\org\mozilla\rhino\1.7.7.2\rhino-1.7.7.2.jar;C:\Users\ShashiKumarSidhhalin\.m2\repository\com\sun\mail\mailapi\1.6.2\mailapi-1.6.2.jar;C:\Users\ShashiKumarSidhhalin\.m2\repository\com\googlecode\libphonenumber\libphonenumber\8.11.1\libphonenumber-8.11.1.jar;C:\Users\ShashiKumarSidhhalin\.m2\repository\net\sf\jopt-simple\jopt-simple\5.0.4\jopt-simple-5.0.4.jar;C:\Users\ShashiKumarSidhhalin\.m2\repository\com\github\java-json-tools\json-patch\1.13\json-patch-1.13.jar;C:\Users\ShashiKumarSidhhalin\.m2\repository\com\github\java-json-tools\msg-simple\1.2\msg-simple-1.2.jar;C:\Users\ShashiKumarSidhhalin\.m2\repository\com\github\java-json-tools\btf\1.3\btf-1.3.jar;C:\Users\ShashiKumarSidhhalin\.m2\repository\com\github\java-json-tools\jackson-coreutils\2.0\jackson-coreutils-2.0.jar;C:\Users\ShashiKumarSidhhalin\.m2\repository\io\swagger\core\v3\swagger-models\2.2.8\swagger-models-2.2.8.jar;C:\Users\ShashiKumarSidhhalin\.m2\repository\io\swagger\parser\v3\swagger-parser-core\2.1.10\swagger-parser-core-2.1.10.jar;C:\Users\ShashiKumarSidhhalin\.m2\repository\io\swagger\parser\v3\swagger-parser-v3\2.1.10\swagger-parser-v3-2.1.10.jar;C:\Users\ShashiKumarSidhhalin\.m2\repository\io\swagger\core\v3\swagger-core\2.2.8\swagger-core-2.2.8.jar;C:\Users\ShashiKumarSidhhalin\.m2\repository\io\swagger\core\v3\swagger-annotations\2.2.8\swagger-annotations-2.2.8.jar;C:\Users\ShashiKumarSidhhalin\.m2\repository\jakarta\validation\jakarta.validation-api\2.0.2\jakarta.validation-api-2.0.2.jar;C:\Users\ShashiKumarSidhhalin\.m2\repository\com\fasterxml\jackson\dataformat\jackson-dataformat-yaml\2.14.0\jackson-dataformat-yaml-2.14.0.jar;C:\Users\ShashiKumarSidhhalin\.m2\repository\jakarta\xml\bind\jakarta.xml.bind-api\3.0.1\jakarta.xml.bind-api-3.0.1.jar;C:\Users\ShashiKumarSidhhalin\.m2\repository\com\sun\activation\jakarta.activation\2.0.1\jakarta.activation-2.0.1.jar;C:\Users\ShashiKumarSidhhalin\.m2\repository\com\sun\xml\bind\jaxb-impl\4.0.1\jaxb-impl-4.0.1.jar;C:\Users\ShashiKumarSidhhalin\.m2\repository\com\sun\xml\bind\jaxb-core\4.0.1\jaxb-core-4.0.1.jar;C:\Users\ShashiKumarSidhhalin\.m2\repository\org\eclipse\angus\angus-activation\1.0.0\angus-activation-1.0.0.jar;C:\Users\ShashiKumarSidhhalin\.m2\repository\jakarta\activation\jakarta.activation-api\2.1.0\jakarta.activation-api-2.1.0.jar;C:\Users\ShashiKumarSidhhalin\.m2\repository\org\xmlunit\xmlunit-core\2.9.1\xmlunit-core-2.9.1.jar;C:\Users\ShashiKumarSidhhalin\.m2\repository\org\xmlunit\xmlunit-placeholders\2.9.1\xmlunit-placeholders-2.9.1.jar;C:\Users\ShashiKumarSidhhalin\.m2\repository\io\prometheus\simpleclient\0.16.0\simpleclient-0.16.0.jar;C:\Users\ShashiKumarSidhhalin\.m2\repository\io\prometheus\simpleclient_tracer_otel\0.16.0\simpleclient_tracer_otel-0.16.0.jar;C:\Users\ShashiKumarSidhhalin\.m2\repository\io\prometheus\simpleclient_tracer_common\0.16.0\simpleclient_tracer_common-0.16.0.jar;C:\Users\ShashiKumarSidhhalin\.m2\repository\io\prometheus\simpleclient_tracer_otel_agent\0.16.0\simpleclient_tracer_otel_agent-0.16.0.jar;C:\Users\ShashiKumarSidhhalin\.m2\repository\io\prometheus\simpleclient_httpserver\0.16.0\simpleclient_httpserver-0.16.0.jar;C:\Users\ShashiKumarSidhhalin\.m2\repository\io\prometheus\simpleclient_common\0.16.0\simpleclient_common-0.16.0.jar;C:\Users\ShashiKumarSidhhalin\.m2\repository\io\netty\netty-buffer\4.1.86.Final\netty-buffer-4.1.86.Final.jar;C:\Users\ShashiKumarSidhhalin\.m2\repository\io\netty\netty-codec\4.1.86.Final\netty-codec-4.1.86.Final.jar;C:\Users\ShashiKumarSidhhalin\.m2\repository\io\netty\netty-codec-http\4.1.86.Final\netty-codec-http-4.1.86.Final.jar;C:\Users\ShashiKumarSidhhalin\.m2\repository\io\netty\netty-codec-http2\4.1.86.Final\netty-codec-http2-4.1.86.Final.jar;C:\Users\ShashiKumarSidhhalin\.m2\repository\io\netty\netty-common\4.1.86.Final\netty-common-4.1.86.Final.jar;C:\Users\ShashiKumarSidhhalin\.m2\repository\io\netty\netty-handler\4.1.86.Final\netty-handler-4.1.86.Final.jar;C:\Users\ShashiKumarSidhhalin\.m2\repository\io\netty\netty-resolver\4.1.86.Final\netty-resolver-4.1.86.Final.jar;C:\Users\ShashiKumarSidhhalin\.m2\repository\io\netty\netty-transport-native-unix-common\4.1.86.Final\netty-transport-native-unix-common-4.1.86.Final.jar;C:\Users\ShashiKumarSidhhalin\.m2\repository\io\netty\netty-transport\4.1.86.Final\netty-transport-4.1.86.Final.jar;C:\Users\ShashiKumarSidhhalin\.m2\repository\io\netty\netty-tcnative-boringssl-static\2.0.56.Final\netty-tcnative-boringssl-static-2.0.56.Final.jar;C:\Users\ShashiKumarSidhhalin\.m2\repository\io\netty\netty-tcnative-classes\2.0.56.Final\netty-tcnative-classes-2.0.56.Final.jar;C:\Users\ShashiKumarSidhhalin\.m2\repository\io\netty\netty-tcnative-boringssl-static\2.0.56.Final\netty-tcnative-boringssl-static-2.0.56.Final-linux-x86_64.jar;C:\Users\ShashiKumarSidhhalin\.m2\repository\io\netty\netty-tcnative-boringssl-static\2.0.56.Final\netty-tcnative-boringssl-static-2.0.56.Final-linux-aarch_64.jar;C:\Users\ShashiKumarSidhhalin\.m2\repository\io\netty\netty-tcnative-boringssl-static\2.0.56.Final\netty-tcnative-boringssl-static-2.0.56.Final-osx-x86_64.jar;C:\Users\ShashiKumarSidhhalin\.m2\repository\io\netty\netty-tcnative-boringssl-static\2.0.56.Final\netty-tcnative-boringssl-static-2.0.56.Final-osx-aarch_64.jar;C:\Users\ShashiKumarSidhhalin\.m2\repository\io\netty\netty-tcnative-boringssl-static\2.0.56.Final\netty-tcnative-boringssl-static-2.0.56.Final-windows-x86_64.jar;C:\Users\ShashiKumarSidhhalin\.m2\repository\com\google\guava\guava\31.1-jre\guava-31.1-jre.jar;C:\Users\ShashiKumarSidhhalin\.m2\repository\com\google\guava\failureaccess\1.0.1\failureaccess-1.0.1.jar;C:\Users\ShashiKumarSidhhalin\.m2\repository\com\google\guava\listenablefuture\9999.0-empty-to-avoid-conflict-with-guava\listenablefuture-9999.0-empty-to-avoid-conflict-with-guava.jar;C:\Users\ShashiKumarSidhhalin\.m2\repository\com\google\code\findbugs\jsr305\3.0.2\jsr305-3.0.2.jar;C:\Users\ShashiKumarSidhhalin\.m2\repository\org\checkerframework\checker-qual\3.12.0\checker-qual-3.12.0.jar;C:\Users\ShashiKumarSidhhalin\.m2\repository\com\google\errorprone\error_prone_annotations\2.11.0\error_prone_annotations-2.11.0.jar;C:\Users\ShashiKumarSidhhalin\.m2\repository\com\google\j2objc\j2objc-annotations\1.3\j2objc-annotations-1.3.jar;"/>
    <property name="java.vm.vendor" value="Oracle Corporation"/>
    <property name="sun.arch.data.model" value="64"/>
    <property name="user.variant" value=""/>
    <property name="java.vendor.url" value="https://java.oracle.com/"/>
    <property name="user.timezone" value="Asia/Calcutta"/>
    <property name="os.name" value="Windows 10"/>
    <property name="java.vm.specification.version" value="17"/>
    <property name="sun.java.launcher" value="SUN_STANDARD"/>
    <property name="user.country" value="US"/>
    <property name="sun.boot.library.path" value="C:\Program Files\Java\jdk-17\bin"/>
    <property name="sun.java.command" value="C:\Users\ShashiKumarSidhhalin\AppData\Local\Temp\surefire4762227992069268010\surefirebooter-20250214103446965_3.jar C:\Users\ShashiKumarSidhhalin\AppData\Local\Temp\surefire4762227992069268010 2025-02-14T10-34-46_743-jvmRun1 surefire-20250214103446965_1tmp surefire_0-20250214103446965_2tmp"/>
    <property name="jdk.debug" value="release"/>
    <property name="surefire.test.class.path" value="C:\Users\ShashiKumarSidhhalin\Desktop\NewProject\APITest\target\test-classes;C:\Users\ShashiKumarSidhhalin\Desktop\NewProject\APITest\target\classes;C:\Users\ShashiKumarSidhhalin\.m2\repository\io\karatelabs\karate-junit5\1.5.0\karate-junit5-1.5.0.jar;C:\Users\ShashiKumarSidhhalin\.m2\repository\io\karatelabs\karate-core\1.5.0\karate-core-1.5.0.jar;C:\Users\ShashiKumarSidhhalin\.m2\repository\org\graalvm\js\js-scriptengine\24.0.0\js-scriptengine-24.0.0.jar;C:\Users\ShashiKumarSidhhalin\.m2\repository\org\graalvm\polyglot\polyglot\24.0.0\polyglot-24.0.0.jar;C:\Users\ShashiKumarSidhhalin\.m2\repository\org\graalvm\sdk\collections\24.0.0\collections-24.0.0.jar;C:\Users\ShashiKumarSidhhalin\.m2\repository\org\graalvm\sdk\nativeimage\24.0.0\nativeimage-24.0.0.jar;C:\Users\ShashiKumarSidhhalin\.m2\repository\org\graalvm\sdk\word\24.0.0\word-24.0.0.jar;C:\Users\ShashiKumarSidhhalin\.m2\repository\org\graalvm\js\js-language\24.0.0\js-language-24.0.0.jar;C:\Users\ShashiKumarSidhhalin\.m2\repository\org\graalvm\regex\regex\24.0.0\regex-24.0.0.jar;C:\Users\ShashiKumarSidhhalin\.m2\repository\org\graalvm\truffle\truffle-api\24.0.0\truffle-api-24.0.0.jar;C:\Users\ShashiKumarSidhhalin\.m2\repository\org\graalvm\shadowed\icu4j\24.0.0\icu4j-24.0.0.jar;C:\Users\ShashiKumarSidhhalin\.m2\repository\org\thymeleaf\thymeleaf\3.1.2.RELEASE\thymeleaf-3.1.2.RELEASE.jar;C:\Users\ShashiKumarSidhhalin\.m2\repository\ognl\ognl\3.3.4\ognl-3.3.4.jar;C:\Users\ShashiKumarSidhhalin\.m2\repository\org\javassist\javassist\3.29.0-GA\javassist-3.29.0-GA.jar;C:\Users\ShashiKumarSidhhalin\.m2\repository\org\attoparser\attoparser\2.0.7.RELEASE\attoparser-2.0.7.RELEASE.jar;C:\Users\ShashiKumarSidhhalin\.m2\repository\org\unbescape\unbescape\1.1.6.RELEASE\unbescape-1.1.6.RELEASE.jar;C:\Users\ShashiKumarSidhhalin\.m2\repository\com\linecorp\armeria\armeria\1.29.2\armeria-1.29.2.jar;C:\Users\ShashiKumarSidhhalin\.m2\repository\com\fasterxml\jackson\datatype\jackson-datatype-jdk8\2.17.1\jackson-datatype-jdk8-2.17.1.jar;C:\Users\ShashiKumarSidhhalin\.m2\repository\io\micrometer\micrometer-core\1.13.0\micrometer-core-1.13.0.jar;C:\Users\ShashiKumarSidhhalin\.m2\repository\io\micrometer\micrometer-commons\1.13.0\micrometer-commons-1.13.0.jar;C:\Users\ShashiKumarSidhhalin\.m2\repository\io\micrometer\micrometer-observation\1.13.0\micrometer-observation-1.13.0.jar;C:\Users\ShashiKumarSidhhalin\.m2\repository\org\hdrhistogram\HdrHistogram\2.2.1\HdrHistogram-2.2.1.jar;C:\Users\ShashiKumarSidhhalin\.m2\repository\org\latencyutils\LatencyUtils\2.0.3\LatencyUtils-2.0.3.jar;C:\Users\ShashiKumarSidhhalin\.m2\repository\io\netty\netty-codec-haproxy\4.1.110.Final\netty-codec-haproxy-4.1.110.Final.jar;C:\Users\ShashiKumarSidhhalin\.m2\repository\io\netty\netty-resolver-dns\4.1.110.Final\netty-resolver-dns-4.1.110.Final.jar;C:\Users\ShashiKumarSidhhalin\.m2\repository\io\netty\netty-codec-dns\4.1.110.Final\netty-codec-dns-4.1.110.Final.jar;C:\Users\ShashiKumarSidhhalin\.m2\repository\io\netty\netty-transport-native-unix-common\4.1.110.Final\netty-transport-native-unix-common-4.1.110.Final-linux-x86_64.jar;C:\Users\ShashiKumarSidhhalin\.m2\repository\io\netty\netty-transport-native-unix-common\4.1.110.Final\netty-transport-native-unix-common-4.1.110.Final-linux-aarch_64.jar;C:\Users\ShashiKumarSidhhalin\.m2\repository\io\netty\netty-transport-native-unix-common\4.1.110.Final\netty-transport-native-unix-common-4.1.110.Final-osx-x86_64.jar;C:\Users\ShashiKumarSidhhalin\.m2\repository\io\netty\netty-transport-native-unix-common\4.1.110.Final\netty-transport-native-unix-common-4.1.110.Final-osx-aarch_64.jar;C:\Users\ShashiKumarSidhhalin\.m2\repository\org\reactivestreams\reactive-streams\1.0.4\reactive-streams-1.0.4.jar;C:\Users\ShashiKumarSidhhalin\.m2\repository\io\netty\netty-transport-native-epoll\4.1.110.Final\netty-transport-native-epoll-4.1.110.Final-linux-x86_64.jar;C:\Users\ShashiKumarSidhhalin\.m2\repository\io\netty\netty-transport-classes-epoll\4.1.110.Final\netty-transport-classes-epoll-4.1.110.Final.jar;C:\Users\ShashiKumarSidhhalin\.m2\repository\io\netty\netty-transport-native-epoll\4.1.110.Final\netty-transport-native-epoll-4.1.110.Final-linux-aarch_64.jar;C:\Users\ShashiKumarSidhhalin\.m2\repository\io\netty\netty-transport-native-kqueue\4.1.110.Final\netty-transport-native-kqueue-4.1.110.Final-osx-x86_64.jar;C:\Users\ShashiKumarSidhhalin\.m2\repository\io\netty\netty-transport-classes-kqueue\4.1.110.Final\netty-transport-classes-kqueue-4.1.110.Final.jar;C:\Users\ShashiKumarSidhhalin\.m2\repository\io\netty\netty-resolver-dns-native-macos\4.1.110.Final\netty-resolver-dns-native-macos-4.1.110.Final-osx-x86_64.jar;C:\Users\ShashiKumarSidhhalin\.m2\repository\io\netty\netty-resolver-dns-classes-macos\4.1.110.Final\netty-resolver-dns-classes-macos-4.1.110.Final.jar;C:\Users\ShashiKumarSidhhalin\.m2\repository\io\netty\netty-transport-native-kqueue\4.1.110.Final\netty-transport-native-kqueue-4.1.110.Final-osx-aarch_64.jar;C:\Users\ShashiKumarSidhhalin\.m2\repository\io\netty\netty-resolver-dns-native-macos\4.1.110.Final\netty-resolver-dns-native-macos-4.1.110.Final-osx-aarch_64.jar;C:\Users\ShashiKumarSidhhalin\.m2\repository\com\aayushatharva\brotli4j\brotli4j\1.16.0\brotli4j-1.16.0.jar;C:\Users\ShashiKumarSidhhalin\.m2\repository\com\aayushatharva\brotli4j\service\1.16.0\service-1.16.0.jar;C:\Users\ShashiKumarSidhhalin\.m2\repository\com\aayushatharva\brotli4j\native-windows-x86_64\1.16.0\native-windows-x86_64-1.16.0.jar;C:\Users\ShashiKumarSidhhalin\.m2\repository\org\apache\httpcomponents\httpclient\4.5.14\httpclient-4.5.14.jar;C:\Users\ShashiKumarSidhhalin\.m2\repository\org\apache\httpcomponents\httpcore\4.4.16\httpcore-4.4.16.jar;C:\Users\ShashiKumarSidhhalin\.m2\repository\commons-codec\commons-codec\1.16.1\commons-codec-1.16.1.jar;C:\Users\ShashiKumarSidhhalin\.m2\repository\ch\qos\logback\logback-classic\1.5.4\logback-classic-1.5.4.jar;C:\Users\ShashiKumarSidhhalin\.m2\repository\ch\qos\logback\logback-core\1.5.4\logback-core-1.5.4.jar;C:\Users\ShashiKumarSidhhalin\.m2\repository\org\antlr\antlr4-runtime\4.13.1\antlr4-runtime-4.13.1.jar;C:\Users\ShashiKumarSidhhalin\.m2\repository\com\jayway\jsonpath\json-path\2.9.0\json-path-2.9.0.jar;C:\Users\ShashiKumarSidhhalin\.m2\repository\net\minidev\json-smart\2.5.1\json-smart-2.5.1.jar;C:\Users\ShashiKumarSidhhalin\.m2\repository\net\minidev\accessors-smart\2.5.1\accessors-smart-2.5.1.jar;C:\Users\ShashiKumarSidhhalin\.m2\repository\org\ow2\asm\asm\9.6\asm-9.6.jar;C:\Users\ShashiKumarSidhhalin\.m2\repository\org\yaml\snakeyaml\2.2\snakeyaml-2.2.jar;C:\Users\ShashiKumarSidhhalin\.m2\repository\de\siegmar\fastcsv\3.1.0\fastcsv-3.1.0.jar;C:\Users\ShashiKumarSidhhalin\.m2\repository\info\picocli\picocli\4.7.5\picocli-4.7.5.jar;C:\Users\ShashiKumarSidhhalin\.m2\repository\io\github\classgraph\classgraph\4.8.170\classgraph-4.8.170.jar;C:\Users\ShashiKumarSidhhalin\.m2\repository\io\github\t12y\resemble\1.1.0\resemble-1.1.0.jar;C:\Users\ShashiKumarSidhhalin\.m2\repository\io\github\t12y\ssim\1.0.0\ssim-1.0.0.jar;C:\Users\ShashiKumarSidhhalin\.m2\repository\org\junit\jupiter\junit-jupiter-api\5.10.2\junit-jupiter-api-5.10.2.jar;C:\Users\ShashiKumarSidhhalin\.m2\repository\org\opentest4j\opentest4j\1.3.0\opentest4j-1.3.0.jar;C:\Users\ShashiKumarSidhhalin\.m2\repository\org\junit\platform\junit-platform-commons\1.10.2\junit-platform-commons-1.10.2.jar;C:\Users\ShashiKumarSidhhalin\.m2\repository\org\apiguardian\apiguardian-api\1.1.2\apiguardian-api-1.1.2.jar;C:\Users\ShashiKumarSidhhalin\.m2\repository\org\junit\jupiter\junit-jupiter-engine\5.10.2\junit-jupiter-engine-5.10.2.jar;C:\Users\ShashiKumarSidhhalin\.m2\repository\org\junit\platform\junit-platform-engine\1.10.2\junit-platform-engine-1.10.2.jar;C:\Users\ShashiKumarSidhhalin\.m2\repository\io\karatelabs\karate-gatling\1.5.0\karate-gatling-1.5.0.jar;C:\Users\ShashiKumarSidhhalin\.m2\repository\io\gatling\highcharts\gatling-charts-highcharts\3.9.5\gatling-charts-highcharts-3.9.5.jar;C:\Users\ShashiKumarSidhhalin\.m2\repository\io\gatling\gatling-app\3.9.5\gatling-app-3.9.5.jar;C:\Users\ShashiKumarSidhhalin\.m2\repository\io\gatling\gatling-core\3.9.5\gatling-core-3.9.5.jar;C:\Users\ShashiKumarSidhhalin\.m2\repository\io\gatling\gatling-netty-util\3.9.5\gatling-netty-util-3.9.5.jar;C:\Users\ShashiKumarSidhhalin\.m2\repository\io\gatling\gatling-jdk-util\3.9.5\gatling-jdk-util-3.9.5.jar;C:\Users\ShashiKumarSidhhalin\.m2\repository\io\netty\incubator\netty-incubator-transport-native-io_uring\0.0.21.Final\netty-incubator-transport-native-io_uring-0.0.21.Final-linux-x86_64.jar;C:\Users\ShashiKumarSidhhalin\.m2\repository\io\netty\incubator\netty-incubator-transport-classes-io_uring\0.0.21.Final\netty-incubator-transport-classes-io_uring-0.0.21.Final.jar;C:\Users\ShashiKumarSidhhalin\.m2\repository\io\netty\incubator\netty-incubator-transport-native-io_uring\0.0.21.Final\netty-incubator-transport-native-io_uring-0.0.21.Final-linux-aarch_64.jar;C:\Users\ShashiKumarSidhhalin\.m2\repository\io\gatling\gatling-commons\3.9.5\gatling-commons-3.9.5.jar;C:\Users\ShashiKumarSidhhalin\.m2\repository\io\gatling\gatling-commons-shared\3.9.5\gatling-commons-shared-3.9.5.jar;C:\Users\ShashiKumarSidhhalin\.m2\repository\org\scala-lang\scala-reflect\2.13.10\scala-reflect-2.13.10.jar;C:\Users\ShashiKumarSidhhalin\.m2\repository\io\suzaku\boopickle_2.13\1.3.3\boopickle_2.13-1.3.3.jar;C:\Users\ShashiKumarSidhhalin\.m2\repository\io\gatling\gatling-commons-shared-unstable\3.9.5\gatling-commons-shared-unstable-3.9.5.jar;C:\Users\ShashiKumarSidhhalin\.m2\repository\org\typelevel\spire-macros_2.13\0.17.0\spire-macros_2.13-0.17.0.jar;C:\Users\ShashiKumarSidhhalin\.m2\repository\com\typesafe\scala-logging\scala-logging_2.13\3.9.5\scala-logging_2.13-3.9.5.jar;C:\Users\ShashiKumarSidhhalin\.m2\repository\io\gatling\gatling-jsonpath\3.9.5\gatling-jsonpath-3.9.5.jar;C:\Users\ShashiKumarSidhhalin\.m2\repository\com\typesafe\akka\akka-slf4j_2.13\2.6.20\akka-slf4j_2.13-2.6.20.jar;C:\Users\ShashiKumarSidhhalin\.m2\repository\org\simpleflatmapper\lightning-csv\8.2.3\lightning-csv-8.2.3.jar;C:\Users\ShashiKumarSidhhalin\.m2\repository\org\simpleflatmapper\sfm-util\8.2.3\sfm-util-8.2.3.jar;C:\Users\ShashiKumarSidhhalin\.m2\repository\com\github\ben-manes\caffeine\caffeine\2.9.3\caffeine-2.9.3.jar;C:\Users\ShashiKumarSidhhalin\.m2\repository\io\pebbletemplates\pebble\3.2.1\pebble-3.2.1.jar;C:\Users\ShashiKumarSidhhalin\.m2\repository\org\scala-lang\modules\scala-parser-combinators_2.13\2.3.0\scala-parser-combinators_2.13-2.3.0.jar;C:\Users\ShashiKumarSidhhalin\.m2\repository\com\github\scopt\scopt_2.13\3.7.1\scopt_2.13-3.7.1.jar;C:\Users\ShashiKumarSidhhalin\.m2\repository\com\softwaremill\quicklens\quicklens_2.13\1.9.3\quicklens_2.13-1.9.3.jar;C:\Users\ShashiKumarSidhhalin\.m2\repository\net\sf\saxon\Saxon-HE\10.6\Saxon-HE-10.6.jar;C:\Users\ShashiKumarSidhhalin\.m2\repository\org\jodd\jodd-lagarto\6.0.6\jodd-lagarto-6.0.6.jar;C:\Users\ShashiKumarSidhhalin\.m2\repository\org\jodd\jodd-util\6.1.0\jodd-util-6.1.0.jar;C:\Users\ShashiKumarSidhhalin\.m2\repository\io\burt\jmespath-jackson\0.5.1\jmespath-jackson-0.5.1.jar;C:\Users\ShashiKumarSidhhalin\.m2\repository\io\burt\jmespath-core\0.5.1\jmespath-core-0.5.1.jar;C:\Users\ShashiKumarSidhhalin\.m2\repository\io\gatling\gatling-core-java\3.9.5\gatling-core-java-3.9.5.jar;C:\Users\ShashiKumarSidhhalin\.m2\repository\net\jodah\typetools\0.6.3\typetools-0.6.3.jar;C:\Users\ShashiKumarSidhhalin\.m2\repository\io\gatling\gatling-http\3.9.5\gatling-http-3.9.5.jar;C:\Users\ShashiKumarSidhhalin\.m2\repository\io\gatling\gatling-http-client\3.9.5\gatling-http-client-3.9.5.jar;C:\Users\ShashiKumarSidhhalin\.m2\repository\com\aayushatharva\brotli4j\native-linux-x86_64\1.11.0\native-linux-x86_64-1.11.0.jar;C:\Users\ShashiKumarSidhhalin\.m2\repository\com\aayushatharva\brotli4j\native-linux-aarch64\1.11.0\native-linux-aarch64-1.11.0.jar;C:\Users\ShashiKumarSidhhalin\.m2\repository\com\aayushatharva\brotli4j\native-osx-x86_64\1.11.0\native-osx-x86_64-1.11.0.jar;C:\Users\ShashiKumarSidhhalin\.m2\repository\com\aayushatharva\brotli4j\native-osx-aarch64\1.11.0\native-osx-aarch64-1.11.0.jar;C:\Users\ShashiKumarSidhhalin\.m2\repository\io\gatling\gatling-http-java\3.9.5\gatling-http-java-3.9.5.jar;C:\Users\ShashiKumarSidhhalin\.m2\repository\io\gatling\gatling-jms\3.9.5\gatling-jms-3.9.5.jar;C:\Users\ShashiKumarSidhhalin\.m2\repository\javax\jms\javax.jms-api\2.0.1\javax.jms-api-2.0.1.jar;C:\Users\ShashiKumarSidhhalin\.m2\repository\com\eatthepath\fast-uuid\0.2.0\fast-uuid-0.2.0.jar;C:\Users\ShashiKumarSidhhalin\.m2\repository\io\gatling\gatling-jms-java\3.9.5\gatling-jms-java-3.9.5.jar;C:\Users\ShashiKumarSidhhalin\.m2\repository\io\gatling\gatling-mqtt\3.9.5\gatling-mqtt-3.9.5.jar;C:\Users\ShashiKumarSidhhalin\.m2\repository\io\netty\netty-codec-mqtt\4.1.92.Final\netty-codec-mqtt-4.1.92.Final.jar;C:\Users\ShashiKumarSidhhalin\.m2\repository\io\gatling\gatling-mqtt-java\3.9.5\gatling-mqtt-java-3.9.5.jar;C:\Users\ShashiKumarSidhhalin\.m2\repository\io\gatling\gatling-jdbc\3.9.5\gatling-jdbc-3.9.5.jar;C:\Users\ShashiKumarSidhhalin\.m2\repository\io\gatling\gatling-jdbc-java\3.9.5\gatling-jdbc-java-3.9.5.jar;C:\Users\ShashiKumarSidhhalin\.m2\repository\io\gatling\gatling-redis\3.9.5\gatling-redis-3.9.5.jar;C:\Users\ShashiKumarSidhhalin\.m2\repository\net\debasishg\redisclient_2.13\3.42\redisclient_2.13-3.42.jar;C:\Users\ShashiKumarSidhhalin\.m2\repository\org\apache\commons\commons-pool2\2.8.0\commons-pool2-2.8.0.jar;C:\Users\ShashiKumarSidhhalin\.m2\repository\io\gatling\gatling-redis-java\3.9.5\gatling-redis-java-3.9.5.jar;C:\Users\ShashiKumarSidhhalin\.m2\repository\io\gatling\gatling-graphite\3.9.5\gatling-graphite-3.9.5.jar;C:\Users\ShashiKumarSidhhalin\.m2\repository\io\gatling\gatling-charts\3.9.5\gatling-charts-3.9.5.jar;C:\Users\ShashiKumarSidhhalin\.m2\repository\com\tdunning\t-digest\3.1\t-digest-3.1.jar;C:\Users\ShashiKumarSidhhalin\.m2\repository\io\gatling\gatling-recorder\3.9.5\gatling-recorder-3.9.5.jar;C:\Users\ShashiKumarSidhhalin\.m2\repository\org\scala-lang\modules\scala-swing_2.13\3.0.0\scala-swing_2.13-3.0.0.jar;C:\Users\ShashiKumarSidhhalin\.m2\repository\io\gatling\gatling-recorder-bc-shaded\1.73\gatling-recorder-bc-shaded-1.73.jar;C:\Users\ShashiKumarSidhhalin\.m2\repository\com\typesafe\akka\akka-actor_2.13\2.6.20\akka-actor_2.13-2.6.20.jar;C:\Users\ShashiKumarSidhhalin\.m2\repository\com\typesafe\config\1.4.2\config-1.4.2.jar;C:\Users\ShashiKumarSidhhalin\.m2\repository\org\scala-lang\modules\scala-java8-compat_2.13\1.0.0\scala-java8-compat_2.13-1.0.0.jar;C:\Users\ShashiKumarSidhhalin\.m2\repository\org\scala-lang\scala-library\2.13.13\scala-library-2.13.13.jar;C:\Users\ShashiKumarSidhhalin\.m2\repository\net\masterthought\cucumber-reporting\5.8.4\cucumber-reporting-5.8.4.jar;C:\Users\ShashiKumarSidhhalin\.m2\repository\com\fasterxml\jackson\core\jackson-databind\2.18.1\jackson-databind-2.18.1.jar;C:\Users\ShashiKumarSidhhalin\.m2\repository\com\fasterxml\jackson\core\jackson-annotations\2.18.1\jackson-annotations-2.18.1.jar;C:\Users\ShashiKumarSidhhalin\.m2\repository\com\fasterxml\jackson\core\jackson-core\2.18.1\jackson-core-2.18.1.jar;C:\Users\ShashiKumarSidhhalin\.m2\repository\com\fasterxml\jackson\datatype\jackson-datatype-jsr310\2.18.1\jackson-datatype-jsr310-2.18.1.jar;C:\Users\ShashiKumarSidhhalin\.m2\repository\org\apache\velocity\velocity-engine-core\2.4.1\velocity-engine-core-2.4.1.jar;C:\Users\ShashiKumarSidhhalin\.m2\repository\joda-time\joda-time\2.13.0\joda-time-2.13.0.jar;C:\Users\ShashiKumarSidhhalin\.m2\repository\org\apache\commons\commons-configuration2\2.11.0\commons-configuration2-2.11.0.jar;C:\Users\ShashiKumarSidhhalin\.m2\repository\org\apache\commons\commons-lang3\3.17.0\commons-lang3-3.17.0.jar;C:\Users\ShashiKumarSidhhalin\.m2\repository\commons-io\commons-io\2.17.0\commons-io-2.17.0.jar;C:\Users\ShashiKumarSidhhalin\.m2\repository\org\apache\commons\commons-text\1.12.0\commons-text-1.12.0.jar;C:\Users\ShashiKumarSidhhalin\.m2\repository\org\jsoup\jsoup\1.18.1\jsoup-1.18.1.jar;C:\Users\ShashiKumarSidhhalin\.m2\repository\com\googlecode\owasp-java-html-sanitizer\owasp-java-html-sanitizer\20240325.1\owasp-java-html-sanitizer-20240325.1.jar;C:\Users\ShashiKumarSidhhalin\.m2\repository\com\googlecode\owasp-java-html-sanitizer\java8-shim\20240325.1\java8-shim-20240325.1.jar;C:\Users\ShashiKumarSidhhalin\.m2\repository\com\googlecode\owasp-java-html-sanitizer\java10-shim\20240325.1\java10-shim-20240325.1.jar;C:\Users\ShashiKumarSidhhalin\.m2\repository\org\slf4j\slf4j-api\2.0.16\slf4j-api-2.0.16.jar;C:\Users\ShashiKumarSidhhalin\.m2\repository\org\slf4j\jcl-over-slf4j\2.0.16\jcl-over-slf4j-2.0.16.jar;C:\Users\ShashiKumarSidhhalin\.m2\repository\com\github\javafaker\javafaker\1.0.2\javafaker-1.0.2.jar;C:\Users\ShashiKumarSidhhalin\.m2\repository\org\yaml\snakeyaml\1.23\snakeyaml-1.23-android.jar;C:\Users\ShashiKumarSidhhalin\.m2\repository\com\github\mifmif\generex\1.0.2\generex-1.0.2.jar;C:\Users\ShashiKumarSidhhalin\.m2\repository\dk\brics\automaton\automaton\1.11-8\automaton-1.11-8.jar;C:\Users\ShashiKumarSidhhalin\.m2\repository\com\microsoft\sqlserver\mssql-jdbc\12.9.0.jre11-preview\mssql-jdbc-12.9.0.jre11-preview.jar;C:\Users\ShashiKumarSidhhalin\.m2\repository\org\mock-server\mockserver-netty\5.15.0\mockserver-netty-5.15.0.jar;C:\Users\ShashiKumarSidhhalin\.m2\repository\org\mock-server\mockserver-client-java\5.15.0\mockserver-client-java-5.15.0.jar;C:\Users\ShashiKumarSidhhalin\.m2\repository\org\mock-server\mockserver-core\5.15.0\mockserver-core-5.15.0.jar;C:\Users\ShashiKumarSidhhalin\.m2\repository\com\lmax\disruptor\3.4.4\disruptor-3.4.4.jar;C:\Users\ShashiKumarSidhhalin\.m2\repository\javax\servlet\javax.servlet-api\4.0.1\javax.servlet-api-4.0.1.jar;C:\Users\ShashiKumarSidhhalin\.m2\repository\io\netty\netty-codec-socks\4.1.86.Final\netty-codec-socks-4.1.86.Final.jar;C:\Users\ShashiKumarSidhhalin\.m2\repository\io\netty\netty-handler-proxy\4.1.86.Final\netty-handler-proxy-4.1.86.Final.jar;C:\Users\ShashiKumarSidhhalin\.m2\repository\com\jcraft\jzlib\1.1.3\jzlib-1.1.3.jar;C:\Users\ShashiKumarSidhhalin\.m2\repository\com\fasterxml\uuid\java-uuid-generator\4.1.0\java-uuid-generator-4.1.0.jar;C:\Users\ShashiKumarSidhhalin\.m2\repository\org\bouncycastle\bcprov-jdk18on\1.72\bcprov-jdk18on-1.72.jar;C:\Users\ShashiKumarSidhhalin\.m2\repository\org\bouncycastle\bcpkix-jdk18on\1.72\bcpkix-jdk18on-1.72.jar;C:\Users\ShashiKumarSidhhalin\.m2\repository\org\bouncycastle\bcutil-jdk18on\1.72\bcutil-jdk18on-1.72.jar;C:\Users\ShashiKumarSidhhalin\.m2\repository\com\nimbusds\nimbus-jose-jwt\9.28\nimbus-jose-jwt-9.28.jar;C:\Users\ShashiKumarSidhhalin\.m2\repository\com\github\stephenc\jcip\jcip-annotations\1.0-1\jcip-annotations-1.0-1.jar;C:\Users\ShashiKumarSidhhalin\.m2\repository\org\apache\velocity\velocity-engine-scripting\2.3\velocity-engine-scripting-2.3.jar;C:\Users\ShashiKumarSidhhalin\.m2\repository\org\apache\velocity\tools\velocity-tools-generic\3.1\velocity-tools-generic-3.1.jar;C:\Users\ShashiKumarSidhhalin\.m2\repository\commons-beanutils\commons-beanutils\1.9.4\commons-beanutils-1.9.4.jar;C:\Users\ShashiKumarSidhhalin\.m2\repository\commons-logging\commons-logging\1.2\commons-logging-1.2.jar;C:\Users\ShashiKumarSidhhalin\.m2\repository\commons-collections\commons-collections\3.2.2\commons-collections-3.2.2.jar;C:\Users\ShashiKumarSidhhalin\.m2\repository\org\apache\commons\commons-digester3\3.2\commons-digester3-3.2.jar;C:\Users\ShashiKumarSidhhalin\.m2\repository\com\github\cliftonlabs\json-simple\3.0.2\json-simple-3.0.2.jar;C:\Users\ShashiKumarSidhhalin\.m2\repository\com\samskivert\jmustache\1.15\jmustache-1.15.jar;C:\Users\ShashiKumarSidhhalin\.m2\repository\net\javacrumbs\json-unit\json-unit-core\2.36.0\json-unit-core-2.36.0.jar;C:\Users\ShashiKumarSidhhalin\.m2\repository\org\hamcrest\hamcrest-core\2.2\hamcrest-core-2.2.jar;C:\Users\ShashiKumarSidhhalin\.m2\repository\org\hamcrest\hamcrest\2.2\hamcrest-2.2.jar;C:\Users\ShashiKumarSidhhalin\.m2\repository\com\networknt\json-schema-validator\1.0.76\json-schema-validator-1.0.76.jar;C:\Users\ShashiKumarSidhhalin\.m2\repository\com\ethlo\time\itu\1.7.0\itu-1.7.0.jar;C:\Users\ShashiKumarSidhhalin\.m2\repository\io\swagger\parser\v3\swagger-parser\2.1.10\swagger-parser-2.1.10.jar;C:\Users\ShashiKumarSidhhalin\.m2\repository\io\swagger\parser\v3\swagger-parser-v2-converter\2.1.10\swagger-parser-v2-converter-2.1.10.jar;C:\Users\ShashiKumarSidhhalin\.m2\repository\io\swagger\swagger-core\1.6.9\swagger-core-1.6.9.jar;C:\Users\ShashiKumarSidhhalin\.m2\repository\io\swagger\swagger-models\1.6.9\swagger-models-1.6.9.jar;C:\Users\ShashiKumarSidhhalin\.m2\repository\io\swagger\swagger-annotations\1.6.9\swagger-annotations-1.6.9.jar;C:\Users\ShashiKumarSidhhalin\.m2\repository\io\swagger\swagger-parser\1.0.64\swagger-parser-1.0.64.jar;C:\Users\ShashiKumarSidhhalin\.m2\repository\io\swagger\swagger-compat-spec-parser\1.0.64\swagger-compat-spec-parser-1.0.64.jar;C:\Users\ShashiKumarSidhhalin\.m2\repository\com\github\java-json-tools\json-schema-validator\2.2.14\json-schema-validator-2.2.14.jar;C:\Users\ShashiKumarSidhhalin\.m2\repository\com\github\java-json-tools\jackson-coreutils-equivalence\1.0\jackson-coreutils-equivalence-1.0.jar;C:\Users\ShashiKumarSidhhalin\.m2\repository\com\github\java-json-tools\json-schema-core\1.2.14\json-schema-core-1.2.14.jar;C:\Users\ShashiKumarSidhhalin\.m2\repository\com\github\java-json-tools\uri-template\0.10\uri-template-0.10.jar;C:\Users\ShashiKumarSidhhalin\.m2\repository\org\mozilla\rhino\1.7.7.2\rhino-1.7.7.2.jar;C:\Users\ShashiKumarSidhhalin\.m2\repository\com\sun\mail\mailapi\1.6.2\mailapi-1.6.2.jar;C:\Users\ShashiKumarSidhhalin\.m2\repository\com\googlecode\libphonenumber\libphonenumber\8.11.1\libphonenumber-8.11.1.jar;C:\Users\ShashiKumarSidhhalin\.m2\repository\net\sf\jopt-simple\jopt-simple\5.0.4\jopt-simple-5.0.4.jar;C:\Users\ShashiKumarSidhhalin\.m2\repository\com\github\java-json-tools\json-patch\1.13\json-patch-1.13.jar;C:\Users\ShashiKumarSidhhalin\.m2\repository\com\github\java-json-tools\msg-simple\1.2\msg-simple-1.2.jar;C:\Users\ShashiKumarSidhhalin\.m2\repository\com\github\java-json-tools\btf\1.3\btf-1.3.jar;C:\Users\ShashiKumarSidhhalin\.m2\repository\com\github\java-json-tools\jackson-coreutils\2.0\jackson-coreutils-2.0.jar;C:\Users\ShashiKumarSidhhalin\.m2\repository\io\swagger\core\v3\swagger-models\2.2.8\swagger-models-2.2.8.jar;C:\Users\ShashiKumarSidhhalin\.m2\repository\io\swagger\parser\v3\swagger-parser-core\2.1.10\swagger-parser-core-2.1.10.jar;C:\Users\ShashiKumarSidhhalin\.m2\repository\io\swagger\parser\v3\swagger-parser-v3\2.1.10\swagger-parser-v3-2.1.10.jar;C:\Users\ShashiKumarSidhhalin\.m2\repository\io\swagger\core\v3\swagger-core\2.2.8\swagger-core-2.2.8.jar;C:\Users\ShashiKumarSidhhalin\.m2\repository\io\swagger\core\v3\swagger-annotations\2.2.8\swagger-annotations-2.2.8.jar;C:\Users\ShashiKumarSidhhalin\.m2\repository\jakarta\validation\jakarta.validation-api\2.0.2\jakarta.validation-api-2.0.2.jar;C:\Users\ShashiKumarSidhhalin\.m2\repository\com\fasterxml\jackson\dataformat\jackson-dataformat-yaml\2.14.0\jackson-dataformat-yaml-2.14.0.jar;C:\Users\ShashiKumarSidhhalin\.m2\repository\jakarta\xml\bind\jakarta.xml.bind-api\3.0.1\jakarta.xml.bind-api-3.0.1.jar;C:\Users\ShashiKumarSidhhalin\.m2\repository\com\sun\activation\jakarta.activation\2.0.1\jakarta.activation-2.0.1.jar;C:\Users\ShashiKumarSidhhalin\.m2\repository\com\sun\xml\bind\jaxb-impl\4.0.1\jaxb-impl-4.0.1.jar;C:\Users\ShashiKumarSidhhalin\.m2\repository\com\sun\xml\bind\jaxb-core\4.0.1\jaxb-core-4.0.1.jar;C:\Users\ShashiKumarSidhhalin\.m2\repository\org\eclipse\angus\angus-activation\1.0.0\angus-activation-1.0.0.jar;C:\Users\ShashiKumarSidhhalin\.m2\repository\jakarta\activation\jakarta.activation-api\2.1.0\jakarta.activation-api-2.1.0.jar;C:\Users\ShashiKumarSidhhalin\.m2\repository\org\xmlunit\xmlunit-core\2.9.1\xmlunit-core-2.9.1.jar;C:\Users\ShashiKumarSidhhalin\.m2\repository\org\xmlunit\xmlunit-placeholders\2.9.1\xmlunit-placeholders-2.9.1.jar;C:\Users\ShashiKumarSidhhalin\.m2\repository\io\prometheus\simpleclient\0.16.0\simpleclient-0.16.0.jar;C:\Users\ShashiKumarSidhhalin\.m2\repository\io\prometheus\simpleclient_tracer_otel\0.16.0\simpleclient_tracer_otel-0.16.0.jar;C:\Users\ShashiKumarSidhhalin\.m2\repository\io\prometheus\simpleclient_tracer_common\0.16.0\simpleclient_tracer_common-0.16.0.jar;C:\Users\ShashiKumarSidhhalin\.m2\repository\io\prometheus\simpleclient_tracer_otel_agent\0.16.0\simpleclient_tracer_otel_agent-0.16.0.jar;C:\Users\ShashiKumarSidhhalin\.m2\repository\io\prometheus\simpleclient_httpserver\0.16.0\simpleclient_httpserver-0.16.0.jar;C:\Users\ShashiKumarSidhhalin\.m2\repository\io\prometheus\simpleclient_common\0.16.0\simpleclient_common-0.16.0.jar;C:\Users\ShashiKumarSidhhalin\.m2\repository\io\netty\netty-buffer\4.1.86.Final\netty-buffer-4.1.86.Final.jar;C:\Users\ShashiKumarSidhhalin\.m2\repository\io\netty\netty-codec\4.1.86.Final\netty-codec-4.1.86.Final.jar;C:\Users\ShashiKumarSidhhalin\.m2\repository\io\netty\netty-codec-http\4.1.86.Final\netty-codec-http-4.1.86.Final.jar;C:\Users\ShashiKumarSidhhalin\.m2\repository\io\netty\netty-codec-http2\4.1.86.Final\netty-codec-http2-4.1.86.Final.jar;C:\Users\ShashiKumarSidhhalin\.m2\repository\io\netty\netty-common\4.1.86.Final\netty-common-4.1.86.Final.jar;C:\Users\ShashiKumarSidhhalin\.m2\repository\io\netty\netty-handler\4.1.86.Final\netty-handler-4.1.86.Final.jar;C:\Users\ShashiKumarSidhhalin\.m2\repository\io\netty\netty-resolver\4.1.86.Final\netty-resolver-4.1.86.Final.jar;C:\Users\ShashiKumarSidhhalin\.m2\repository\io\netty\netty-transport-native-unix-common\4.1.86.Final\netty-transport-native-unix-common-4.1.86.Final.jar;C:\Users\ShashiKumarSidhhalin\.m2\repository\io\netty\netty-transport\4.1.86.Final\netty-transport-4.1.86.Final.jar;C:\Users\ShashiKumarSidhhalin\.m2\repository\io\netty\netty-tcnative-boringssl-static\2.0.56.Final\netty-tcnative-boringssl-static-2.0.56.Final.jar;C:\Users\ShashiKumarSidhhalin\.m2\repository\io\netty\netty-tcnative-classes\2.0.56.Final\netty-tcnative-classes-2.0.56.Final.jar;C:\Users\ShashiKumarSidhhalin\.m2\repository\io\netty\netty-tcnative-boringssl-static\2.0.56.Final\netty-tcnative-boringssl-static-2.0.56.Final-linux-x86_64.jar;C:\Users\ShashiKumarSidhhalin\.m2\repository\io\netty\netty-tcnative-boringssl-static\2.0.56.Final\netty-tcnative-boringssl-static-2.0.56.Final-linux-aarch_64.jar;C:\Users\ShashiKumarSidhhalin\.m2\repository\io\netty\netty-tcnative-boringssl-static\2.0.56.Final\netty-tcnative-boringssl-static-2.0.56.Final-osx-x86_64.jar;C:\Users\ShashiKumarSidhhalin\.m2\repository\io\netty\netty-tcnative-boringssl-static\2.0.56.Final\netty-tcnative-boringssl-static-2.0.56.Final-osx-aarch_64.jar;C:\Users\ShashiKumarSidhhalin\.m2\repository\io\netty\netty-tcnative-boringssl-static\2.0.56.Final\netty-tcnative-boringssl-static-2.0.56.Final-windows-x86_64.jar;C:\Users\ShashiKumarSidhhalin\.m2\repository\com\google\guava\guava\31.1-jre\guava-31.1-jre.jar;C:\Users\ShashiKumarSidhhalin\.m2\repository\com\google\guava\failureaccess\1.0.1\failureaccess-1.0.1.jar;C:\Users\ShashiKumarSidhhalin\.m2\repository\com\google\guava\listenablefuture\9999.0-empty-to-avoid-conflict-with-guava\listenablefuture-9999.0-empty-to-avoid-conflict-with-guava.jar;C:\Users\ShashiKumarSidhhalin\.m2\repository\com\google\code\findbugs\jsr305\3.0.2\jsr305-3.0.2.jar;C:\Users\ShashiKumarSidhhalin\.m2\repository\org\checkerframework\checker-qual\3.12.0\checker-qual-3.12.0.jar;C:\Users\ShashiKumarSidhhalin\.m2\repository\com\google\errorprone\error_prone_annotations\2.11.0\error_prone_annotations-2.11.0.jar;C:\Users\ShashiKumarSidhhalin\.m2\repository\com\google\j2objc\j2objc-annotations\1.3\j2objc-annotations-1.3.jar;"/>
    <property name="sun.cpu.endian" value="little"/>
    <property name="user.home" value="C:\Users\ShashiKumarSidhhalin"/>
    <property name="user.language" value="en"/>
    <property name="java.specification.vendor" value="Oracle Corporation"/>
    <property name="java.version.date" value="2024-01-16"/>
    <property name="java.home" value="C:\Program Files\Java\jdk-17"/>
    <property name="file.separator" value="\"/>
    <property name="basedir" value="C:\Users\ShashiKumarSidhhalin\Desktop\NewProject\APITest"/>
    <property name="java.vm.compressedOopsMode" value="32-bit"/>
    <property name="line.separator" value="&#10;"/>
    <property name="java.vm.specification.vendor" value="Oracle Corporation"/>
    <property name="java.specification.name" value="Java Platform API Specification"/>
    <property name="surefire.real.class.path" value="C:\Users\ShashiKumarSidhhalin\AppData\Local\Temp\surefire4762227992069268010\surefirebooter-20250214103446965_3.jar"/>
    <property name="user.script" value=""/>
    <property name="sun.management.compiler" value="HotSpot 64-Bit Tiered Compilers"/>
    <property name="java.runtime.version" value="17.0.10+11-LTS-240"/>
    <property name="user.name" value="ShashiKumarSidhhalin"/>
    <property name="path.separator" value=";"/>
    <property name="os.version" value="10.0"/>
    <property name="java.runtime.name" value="Java(TM) SE Runtime Environment"/>
    <property name="file.encoding" value="Cp1252"/>
    <property name="java.vm.name" value="Java HotSpot(TM) 64-Bit Server VM"/>
    <property name="localRepository" value="C:\Users\ShashiKumarSidhhalin\.m2\repository"/>
    <property name="java.vendor.url.bug" value="https://bugreport.java.com/bugreport/"/>
    <property name="java.io.tmpdir" value="C:\Users\SHASHI~1\AppData\Local\Temp\"/>
    <property name="java.version" value="17.0.10"/>
    <property name="user.dir" value="C:\Users\ShashiKumarSidhhalin\Desktop\NewProject\APITest"/>
    <property name="os.arch" value="amd64"/>
    <property name="java.vm.specification.name" value="Java Virtual Machine Specification"/>
    <property name="sun.os.patch.level" value=""/>
    <property name="native.encoding" value="Cp1252"/>
    <property name="java.library.path" value="C:\Program Files\Java\jdk-17\bin;C:\Windows\Sun\Java\bin;C:\Windows\system32;C:\Windows;C:\Users\ShashiKumarSidhhalin\bin;C:\Program Files\Git\mingw64\bin;C:\Program Files\Git\usr\local\bin;C:\Program Files\Git\usr\bin;C:\Program Files\Git\usr\bin;C:\Program Files\Git\mingw64\bin;C:\Program Files\Git\usr\bin;C:\Users\ShashiKumarSidhhalin\bin;C:\Program Files\Common Files\Oracle\Java\javapath;C:\Program Files (x86)\Common Files\Oracle\Java\javapath;C:\Python312\Scripts;C:\Python312;C:\Windows\system32;C:\Windows;C:\Windows\System32\Wbem;C:\Windows\System32\WindowsPowerShell\v1.0;C:\Windows\System32\OpenSSH;C:\Program Files\Microsoft SQL Server\150\Tools\Binn;C:\Program Files\Microsoft SQL Server\Client SDK\ODBC\170\Tools\Binn;C:\Program Files\dotnet;C:\Program Files (x86)\Microsoft SQL Server\160\DTS\Binn;C:\Program Files\Azure Data Studio\bin;C:\Program Files\Microsoft SQL Server\130\Tools\Binn;C:\Program Files\nodejs;C:\ProgramData\chocolatey\bin;C:\Users\ShashiKumarSidhhalin\AppData\Local\Android\Sdk\platform-tools;C:\Program Files\Mavan\apache-maven-3.9.6\bin;C:\Program Files\Git\cmd;C:\Users\ShashiKumarSidhhalin\AppData\Local\Microsoft\WindowsApps;C:\Users\ShashiKumarSidhhalin\AppData\Local\GitHubDesktop\bin;C:\Users\ShashiKumarSidhhalin\AppData\Local\Programs\Microsoft VS Code\bin;C:\Users\ShashiKumarSidhhalin\AppData\Roaming\npm;C:\Users\ShashiKumarSidhhalin\.dotnet\tools;C:\Users\ShashiKumarSidhhalin\AppData\Local\Programs\Azure Data Studio\bin;C:\Users\ShashiKumarSidhhalin\AppData\Local\Programs\DDN_CLI;C:\Users\ShashiKumarSidhhalin\AppData\Roaming\Code\User\globalStorage\github.copilot-chat\debugCommand;C:\Program Files\Git\usr\bin\vendor_perl;C:\Program Files\Git\usr\bin\core_perl;."/>
    <property name="java.vm.info" value="mixed mode, sharing"/>
    <property name="java.vendor" value="Oracle Corporation"/>
    <property name="java.vm.version" value="17.0.10+11-LTS-240"/>
    <property name="sun.io.unicode.encoding" value="UnicodeLittle"/>
    <property name="java.class.version" value="61.0"/>
  </properties>
  <testcase name="testParallel" classname="PostmanAPI.TestRunner" time="42.891">
    <failure message="status code was: 500, expected: 200, response time in milliseconds: 1732, url: https://api.getpostman.com/collections/03881e37-1c87-4aeb-8146-faccb781a13e, response: &#10;{&quot;error&quot;:{&quot;name&quot;:&quot;serverError&quot;}}&#10;classpath:PostmanAPI/APITEST/CollectionFeature/TestCreateCollectionResponceScheema.feature:36&#10;status code was: 500, expected: 200, response time in milliseconds: 1415, url: https://api.getpostman.com/collections/5ae922ed-283e-45ec-a3c6-11169a063d3e, response: &#10;{&quot;error&quot;:{&quot;message&quot;:&quot;Internal server error occurred&quot;}}&#10;classpath:PostmanAPI/APITEST/CollectionFeature/TestCreateUpdateGetAndDeleteCollections.feature:33 ==&gt; expected: &lt;0&gt; but was: &lt;2&gt;" type="org.opentest4j.AssertionFailedError"><![CDATA[org.opentest4j.AssertionFailedError: 
status code was: 500, expected: 200, response time in milliseconds: 1732, url: https://api.getpostman.com/collections/03881e37-1c87-4aeb-8146-faccb781a13e, response: 
{"error":{"name":"serverError"}}
classpath:PostmanAPI/APITEST/CollectionFeature/TestCreateCollectionResponceScheema.feature:36
status code was: 500, expected: 200, response time in milliseconds: 1415, url: https://api.getpostman.com/collections/5ae922ed-283e-45ec-a3c6-11169a063d3e, response: 
{"error":{"message":"Internal server error occurred"}}
classpath:PostmanAPI/APITEST/CollectionFeature/TestCreateUpdateGetAndDeleteCollections.feature:33 ==> expected: <0> but was: <2>
	at org.junit.jupiter.api.AssertionFailureBuilder.build(AssertionFailureBuilder.java:151)
	at org.junit.jupiter.api.AssertionFailureBuilder.buildAndThrow(AssertionFailureBuilder.java:132)
	at org.junit.jupiter.api.AssertEquals.failNotEqual(AssertEquals.java:197)
	at org.junit.jupiter.api.AssertEquals.assertEquals(AssertEquals.java:150)
	at org.junit.jupiter.api.Assertions.assertEquals(Assertions.java:563)
	at PostmanAPI.TestRunner.testParallel(TestRunner.java:28)
	at java.base/java.lang.reflect.Method.invoke(Method.java:568)
	at java.base/java.util.ArrayList.forEach(ArrayList.java:1511)
	at java.base/java.util.ArrayList.forEach(ArrayList.java:1511)
]]></failure>
    <system-out><![CDATA[10:34:51.092 [main] DEBUG com.intuit.karate.Suite - [config] classpath:karate-config.js
10:34:51.131 [main] WARN  com.intuit.karate.Suite - failed to backup existing dir: target\karate-reports
10:34:51.144 [main] DEBUG com.intuit.karate.Suite - waiting for 9 features to complete
10:34:52.877 [pool-2-thread-2] INFO  com.intuit.karate - karate.env system property was: null 
10:34:52.877 [pool-2-thread-4] INFO  com.intuit.karate - karate.env system property was: null 
10:34:52.877 [pool-2-thread-1] INFO  com.intuit.karate - karate.env system property was: null 
10:34:52.877 [pool-2-thread-5] INFO  com.intuit.karate - karate.env system property was: null 
10:34:52.877 [pool-2-thread-3] INFO  com.intuit.karate - karate.env system property was: null 
10:34:53.575 [pool-2-thread-5] DEBUG com.intuit.karate - request:
1 > POST https://api.getpostman.com/workspaces
1 > x-api-key: PMAK-67a1fd6a1bd33e0001398b39-8f7df1a19b801ffe2ebdd25b9b6fc3bdfb
1 > Content-Type: application/json; charset=UTF-8
1 > Content-Length: 92
1 > Host: api.getpostman.com
1 > Connection: Keep-Alive
1 > User-Agent: Apache-HttpClient/4.5.14 (Java/17.0.10)
1 > Accept-Encoding: gzip,deflate
{"workspace":{"name":"karateWorkSpace","type":"personal","description":"MYWorkSpaceKarate"}}

10:34:53.575 [pool-2-thread-1] DEBUG com.intuit.karate - request:
1 > POST https://bimhep-qa.bimnetworkstech.com/api/hostedEnrollment/consumerEnrollment
1 > Content-Type: application/json; charset=UTF-8
1 > Accept: */*
1 > Content-Length: 215
1 > Host: bimhep-qa.bimnetworkstech.com
1 > Connection: Keep-Alive
1 > User-Agent: Apache-HttpClient/4.5.14 (Java/17.0.10)
1 > Accept-Encoding: gzip,deflate
{"emailAddress":"russ49@test.com","firstName":"Yvonne","lastName":"Gelina","pin":"9394","partnerId":"MTI3","mobilePhoneNumber":"777-735-8383","ConsumerDefinedFields":["","AUHW","022993543","V","","","","","","",""]}

10:34:53.575 [pool-2-thread-3] DEBUG com.intuit.karate - request:
1 > POST https://api.getpostman.com/collections
1 > x-api-key: PMAK-67a1fd6a1bd33e0001398b39-8f7df1a19b801ffe2ebdd25b9b6fc3bdfb
1 > Content-Type: application/json; charset=UTF-8
1 > Content-Length: 655
1 > Host: api.getpostman.com
1 > Connection: Keep-Alive
1 > User-Agent: Apache-HttpClient/4.5.14 (Java/17.0.10)
1 > Accept-Encoding: gzip,deflate
{"collection":{"info":{"name":"Martyn Lannister","description":"This collection makes a request to the Postman Echo service to get a list of request headers sent by an HTTP client.","schema":"https:\/\/schema.getpostman.com\/json\/collection\/v2.1.0\/collection.json"},"item":[{"name":"Test GET Response","event":[{"listen":"test","script":{"id":"7d2334fc-a84a-4c3d-b26c-7529afa4c0ae","exec":["pm.test(\"Status code is 200\", function () {","    pm.response.to.have.status(200);","});"],"type":"text\/javascript"}}],"request":{"url":"https:\/\/echo.getpostman.com\/headers","method":"GET","header":[{"key":"Content-Type","value":"application\/json"}]}}]}}

10:34:53.575 [pool-2-thread-2] DEBUG com.intuit.karate - request:
1 > POST https://api.getpostman.com/collections
1 > x-api-key: PMAK-67a1fd6a1bd33e0001398b39-8f7df1a19b801ffe2ebdd25b9b6fc3bdfb
1 > Content-Type: application/json; charset=UTF-8
1 > Content-Length: 646
1 > Host: api.getpostman.com
1 > Connection: Keep-Alive
1 > User-Agent: Apache-HttpClient/4.5.14 (Java/17.0.10)
1 > Accept-Encoding: gzip,deflate
{"collection":{"info":{"name":"Plummer","description":"This collection makes a request to the Postman Echo service to get a list of request headers sent by an HTTP client.","schema":"https:\/\/schema.getpostman.com\/json\/collection\/v2.1.0\/collection.json"},"item":[{"name":"Test GET Response","event":[{"listen":"test","script":{"id":"7d2334fc-a84a-4c3d-b26c-7529afa4c0ae","exec":["pm.test(\"Status code is 200\", function () {","    pm.response.to.have.status(200);","});"],"type":"text\/javascript"}}],"request":{"url":"https:\/\/echo.getpostman.com\/headers","method":"GET","header":[{"key":"Content-Type","value":"application\/json"}]}}]}}

10:34:53.575 [pool-2-thread-4] DEBUG com.intuit.karate - request:
1 > POST https://api.getpostman.com/workspaces
1 > x-api-key: PMAK-67a1fd6a1bd33e0001398b39-8f7df1a19b801ffe2ebdd25b9b6fc3bdfb
1 > Content-Type: application/json; charset=UTF-8
1 > Content-Length: 92
1 > Host: api.getpostman.com
1 > Connection: Keep-Alive
1 > User-Agent: Apache-HttpClient/4.5.14 (Java/17.0.10)
1 > Accept-Encoding: gzip,deflate
{"workspace":{"name":"karateWorkSpace","type":"personal","description":"MYWorkSpaceKarate"}}

10:34:55.603 [pool-2-thread-5] DEBUG com.intuit.karate - response time in milliseconds: 2020
1 < 200
1 < Date: Fri, 14 Feb 2025 05:04:54 GMT
1 < Content-Type: application/json; charset=utf-8
1 < Content-Length: 84
1 < Connection: keep-alive
1 < Server: nginx
1 < x-frame-options: deny
1 < x-xss-protection: 1; mode=block
1 < x-content-type-options: nosniff
1 < referrer-policy: no-referrer-when-downgrade
1 < access-control-allow-origin: *
1 < access-control-allow-methods: GET,POST,PUT,DELETE
1 < access-control-allow-headers: content-type,x-api-key
1 < access-control-allow-credentials: false
1 < x-ratelimit-limit: 300
1 < x-ratelimit-reset: 59
1 < x-ratelimit-remaining: 297
1 < ratelimit: limit=300, remaining=297, reset=59
1 < ratelimit-policy: 300;w=60
1 < ratelimit-limit: 300
1 < ratelimit-remaining: 297
1 < ratelimit-reset: 59
1 < ratelimit-limit-month: 10000
1 < ratelimit-remaining-month: 6300
1 < x-ratelimit-limit-month: 10000
1 < x-ratelimit-remaining-month: 6300
1 < uWebSockets: 20
{"workspace":{"id":"54333c5f-8722-44fa-a655-3caa8f87bdfc","name":"karateWorkSpace"}}

10:34:55.612 [pool-2-thread-5] INFO  com.intuit.karate - [print] 54333c5f-8722-44fa-a655-3caa8f87bdfc 
10:34:55.622 [pool-2-thread-5] INFO  com.intuit.karate - [print] DEBUG: Workspace ID -> 54333c5f-8722-44fa-a655-3caa8f87bdfc 
10:34:55.631 [pool-2-thread-5] DEBUG com.intuit.karate - request:
1 > POST https://api.getpostman.com/workspaces
1 > x-api-key: PMAK-678a05e799a5290001b8149d-8ce51c3d59b228d316d0c2bf96cdd03d
1 > Content-Type: application/json; charset=UTF-8
1 > Content-Length: 92
1 > Host: api.getpostman.com
1 > Connection: Keep-Alive
1 > User-Agent: Apache-HttpClient/4.5.14 (Java/17.0.10)
1 > Accept-Encoding: gzip,deflate
{"workspace":{"name":"karateWorkSpace","type":"personal","description":"MYWorkSpaceKarate"}}

10:34:56.282 [pool-2-thread-4] DEBUG com.intuit.karate - response time in milliseconds: 2703
1 < 200
1 < Date: Fri, 14 Feb 2025 05:04:55 GMT
1 < Content-Type: application/json; charset=utf-8
1 < Content-Length: 84
1 < Connection: keep-alive
1 < Server: nginx
1 < x-frame-options: deny
1 < x-xss-protection: 1; mode=block
1 < x-content-type-options: nosniff
1 < referrer-policy: no-referrer-when-downgrade
1 < access-control-allow-origin: *
1 < access-control-allow-methods: GET,POST,PUT,DELETE
1 < access-control-allow-headers: content-type,x-api-key
1 < access-control-allow-credentials: false
1 < x-ratelimit-limit: 300
1 < x-ratelimit-reset: 58
1 < x-ratelimit-remaining: 296
1 < ratelimit: limit=300, remaining=296, reset=58
1 < ratelimit-policy: 300;w=60
1 < ratelimit-limit: 300
1 < ratelimit-remaining: 296
1 < ratelimit-reset: 58
1 < ratelimit-limit-month: 10000
1 < ratelimit-remaining-month: 6299
1 < x-ratelimit-limit-month: 10000
1 < x-ratelimit-remaining-month: 6299
1 < uWebSockets: 20
{"workspace":{"id":"a5b4cc2d-f520-49db-87e1-1042d170e715","name":"karateWorkSpace"}}

10:34:56.296 [pool-2-thread-4] INFO  com.intuit.karate - [print] a5b4cc2d-f520-49db-87e1-1042d170e715 
10:34:56.300 [pool-2-thread-4] INFO  com.intuit.karate - [print] DEBUG: Workspace ID -> a5b4cc2d-f520-49db-87e1-1042d170e715 
10:34:56.313 [pool-2-thread-3] DEBUG com.intuit.karate - response time in milliseconds: 2735
1 < 200
1 < Date: Fri, 14 Feb 2025 05:04:55 GMT
1 < Content-Type: application/json; charset=utf-8
1 < Content-Length: 140
1 < Connection: keep-alive
1 < Server: nginx
1 < x-frame-options: deny
1 < x-xss-protection: 1; mode=block
1 < x-content-type-options: nosniff
1 < referrer-policy: no-referrer-when-downgrade
1 < access-control-allow-origin: *
1 < access-control-allow-methods: GET,POST,PUT,DELETE
1 < access-control-allow-headers: content-type,x-api-key
1 < access-control-allow-credentials: false
1 < x-ratelimit-limit: 300
1 < x-ratelimit-reset: 59
1 < x-ratelimit-remaining: 298
1 < ratelimit: limit=300, remaining=298, reset=59
1 < ratelimit-policy: 300;w=60
1 < ratelimit-limit: 300
1 < ratelimit-remaining: 298
1 < ratelimit-reset: 59
1 < ratelimit-limit-month: 10000
1 < ratelimit-remaining-month: 6302
1 < x-ratelimit-limit-month: 10000
1 < x-ratelimit-remaining-month: 6302
1 < uWebSockets: 20
{"collection":{"id":"5ae922ed-283e-45ec-a3c6-11169a063d3e","name":"Martyn Lannister","uid":"32384855-5ae922ed-283e-45ec-a3c6-11169a063d3e"}}

10:34:56.320 [pool-2-thread-3] INFO  com.intuit.karate - [print] 5ae922ed-283e-45ec-a3c6-11169a063d3e 
10:34:56.346 [pool-2-thread-4] DEBUG com.intuit.karate - request:
1 > GET https://api.getpostman.com/workspaces/a5b4cc2d-f520-49db-87e1-1042d170e715
1 > x-api-key: PMAK-67a1fd6a1bd33e0001398b39-8f7df1a19b801ffe2ebdd25b9b6fc3bdfb
1 > Host: api.getpostman.com
1 > Connection: Keep-Alive
1 > User-Agent: Apache-HttpClient/4.5.14 (Java/17.0.10)
1 > Accept-Encoding: gzip,deflate


10:34:56.348 [pool-2-thread-3] DEBUG com.intuit.karate - request:
2 > GET https://api.getpostman.com/collections/5ae922ed-283e-45ec-a3c6-11169a063d3e
2 > x-api-key: PMAK-67a1fd6a1bd33e0001398b39-8f7df1a19b801ffe2ebdd25b9b6fc3bdfb
2 > Host: api.getpostman.com
2 > Connection: Keep-Alive
2 > User-Agent: Apache-HttpClient/4.5.14 (Java/17.0.10)
2 > Accept-Encoding: gzip,deflate


10:34:56.349 [pool-2-thread-2] DEBUG com.intuit.karate - response time in milliseconds: 2771
1 < 200
1 < Date: Fri, 14 Feb 2025 05:04:55 GMT
1 < Content-Type: application/json; charset=utf-8
1 < Content-Length: 131
1 < Connection: keep-alive
1 < Server: nginx
1 < x-frame-options: deny
1 < x-xss-protection: 1; mode=block
1 < x-content-type-options: nosniff
1 < referrer-policy: no-referrer-when-downgrade
1 < access-control-allow-origin: *
1 < access-control-allow-methods: GET,POST,PUT,DELETE
1 < access-control-allow-headers: content-type,x-api-key
1 < access-control-allow-credentials: false
1 < x-ratelimit-limit: 300
1 < x-ratelimit-reset: 59
1 < x-ratelimit-remaining: 299
1 < ratelimit: limit=300, remaining=299, reset=59
1 < ratelimit-policy: 300;w=60
1 < ratelimit-limit: 300
1 < ratelimit-remaining: 299
1 < ratelimit-reset: 59
1 < ratelimit-limit-month: 10000
1 < ratelimit-remaining-month: 6301
1 < x-ratelimit-limit-month: 10000
1 < x-ratelimit-remaining-month: 6301
1 < uWebSockets: 20
{"collection":{"id":"03881e37-1c87-4aeb-8146-faccb781a13e","name":"Plummer","uid":"32384855-03881e37-1c87-4aeb-8146-faccb781a13e"}}

10:34:56.399 [pool-2-thread-2] INFO  com.intuit.karate - [print] Created Collection ID: 03881e37-1c87-4aeb-8146-faccb781a13e 
10:34:56.414 [pool-2-thread-2] DEBUG com.intuit.karate - request:
2 > GET https://api.getpostman.com/collections/03881e37-1c87-4aeb-8146-faccb781a13e
2 > x-api-key: PMAK-67a1fd6a1bd33e0001398b39-8f7df1a19b801ffe2ebdd25b9b6fc3bdfb
2 > Host: api.getpostman.com
2 > Connection: Keep-Alive
2 > User-Agent: Apache-HttpClient/4.5.14 (Java/17.0.10)
2 > Accept-Encoding: gzip,deflate


10:34:56.436 [pool-2-thread-5] DEBUG com.intuit.karate - response time in milliseconds: 803
1 < 401
1 < Date: Fri, 14 Feb 2025 05:04:55 GMT
1 < Content-Type: application/json; charset=utf-8
1 < Content-Length: 120
1 < Connection: keep-alive
1 < Server: nginx
1 < x-frame-options: deny
1 < x-xss-protection: 1; mode=block
1 < x-content-type-options: nosniff
1 < referrer-policy: no-referrer-when-downgrade
1 < access-control-allow-origin: *
1 < access-control-allow-methods: GET,POST,PUT,DELETE
1 < access-control-allow-headers: content-type,x-api-key
1 < access-control-allow-credentials: false
1 < uWebSockets: 20
{"error":{"name":"AuthenticationError","message":"Invalid API Key. Every request requires a valid API Key to be sent."}}

10:34:56.463 [pool-2-thread-5] INFO  com.intuit.karate - karate.env system property was: null 
10:34:56.496 [pool-2-thread-5] DEBUG com.intuit.karate - request:
1 > POST https://api.getpostman.com/workspaces
1 > x-api-key: PMAK-67a1fd6a1bd33e0001398b39-8f7df1a19b801ffe2ebdd25b9b6fc3bdfb
1 > Content-Type: application/json; charset=UTF-8
1 > Content-Length: 92
1 > Host: api.getpostman.com
1 > Connection: Keep-Alive
1 > User-Agent: Apache-HttpClient/4.5.14 (Java/17.0.10)
1 > Accept-Encoding: gzip,deflate
{"workspace":{"name":"karateWorkSpace","type":"personal","description":"MYWorkSpaceKarate"}}

10:34:57.429 [pool-2-thread-3] DEBUG com.intuit.karate - response time in milliseconds: 1078
2 < 200
2 < Date: Fri, 14 Feb 2025 05:04:56 GMT
2 < Content-Type: application/json; charset=utf-8
2 < Content-Length: 1049
2 < Connection: keep-alive
2 < Server: nginx
2 < x-frame-options: deny
2 < x-xss-protection: 1; mode=block
2 < x-content-type-options: nosniff
2 < referrer-policy: no-referrer-when-downgrade
2 < access-control-allow-origin: *
2 < access-control-allow-methods: GET,POST,PUT,DELETE
2 < access-control-allow-headers: content-type,x-api-key
2 < access-control-allow-credentials: false
2 < x-ratelimit-limit: 300
2 < x-ratelimit-reset: 57
2 < x-ratelimit-remaining: 295
2 < ratelimit: limit=300, remaining=295, reset=57
2 < ratelimit-policy: 300;w=60
2 < ratelimit-limit: 300
2 < ratelimit-remaining: 295
2 < ratelimit-reset: 57
2 < ratelimit-limit-month: 10000
2 < ratelimit-remaining-month: 6298
2 < x-ratelimit-limit-month: 10000
2 < x-ratelimit-remaining-month: 6298
2 < last-modified: 2025-02-14T05:04:55.000Z
2 < uWebSockets: 20
{"collection":{"info":{"_postman_id":"5ae922ed-283e-45ec-a3c6-11169a063d3e","name":"Martyn Lannister","description":"This collection makes a request to the Postman Echo service to get a list of request headers sent by an HTTP client.","schema":"https://schema.getpostman.com/json/collection/v2.1.0/collection.json","updatedAt":"2025-02-14T05:04:55.000Z","createdAt":"2025-02-14T05:04:55.000Z","lastUpdatedBy":"32384855","uid":"32384855-5ae922ed-283e-45ec-a3c6-11169a063d3e"},"item":[{"name":"Test GET Response","event":[{"listen":"test","script":{"id":"7d2334fc-a84a-4c3d-b26c-7529afa4c0ae","exec":["pm.test(\"Status code is 200\", function () {","    pm.response.to.have.status(200);","});"],"type":"text/javascript"}}],"id":"739e9186-b42b-42f8-bd6e-d00d106f7781","request":{"method":"GET","header":[{"key":"Content-Type","value":"application/json"}],"url":{"raw":"https://echo.getpostman.com/headers","protocol":"https","host":["echo","getpostman","com"],"path":["headers"]}},"response":[],"uid":"32384855-739e9186-b42b-42f8-bd6e-d00d106f7781"}]}}

10:34:57.444 [pool-2-thread-4] DEBUG com.intuit.karate - response time in milliseconds: 1097
1 < 200
1 < Date: Fri, 14 Feb 2025 05:04:56 GMT
1 < Content-Type: application/json; charset=utf-8
1 < Content-Length: 284
1 < Connection: keep-alive
1 < Server: nginx
1 < x-frame-options: deny
1 < x-xss-protection: 1; mode=block
1 < x-content-type-options: nosniff
1 < referrer-policy: no-referrer-when-downgrade
1 < access-control-allow-origin: *
1 < access-control-allow-methods: GET,POST,PUT,DELETE
1 < access-control-allow-headers: content-type,x-api-key
1 < access-control-allow-credentials: false
1 < x-ratelimit-limit: 10
1 < x-ratelimit-reset: 9
1 < x-ratelimit-remaining: 9
1 < ratelimit: limit=10, remaining=9, reset=9
1 < ratelimit-policy: 10;w=10
1 < ratelimit-limit: 10
1 < ratelimit-remaining: 9
1 < ratelimit-reset: 9
1 < ratelimit-limit-month: 10000
1 < ratelimit-remaining-month: 6297
1 < x-ratelimit-limit-month: 10000
1 < x-ratelimit-remaining-month: 6297
1 < uWebSockets: 20
{"workspace":{"id":"a5b4cc2d-f520-49db-87e1-1042d170e715","name":"karateWorkSpace","type":"personal","description":"MYWorkSpaceKarate","visibility":"personal","createdBy":"32384855","updatedBy":"32384855","createdAt":"2025-02-14T05:04:55.000Z","updatedAt":"2025-02-14T05:04:55.000Z"}}

10:34:57.443 [pool-2-thread-3] DEBUG com.intuit.karate - request:
3 > DELETE https://api.getpostman.com/collections/5ae922ed-283e-45ec-a3c6-11169a063d3e
3 > x-api-key: PMAK-67a1fd6a1bd33e0001398b39-8f7df1a19b801ffe2ebdd25b9b6fc3bdfb
3 > Host: api.getpostman.com
3 > Connection: Keep-Alive
3 > User-Agent: Apache-HttpClient/4.5.14 (Java/17.0.10)
3 > Accept-Encoding: gzip,deflate


10:34:57.453 [pool-2-thread-4] DEBUG com.intuit.karate - request:
2 > PUT https://api.getpostman.com/workspaces/a5b4cc2d-f520-49db-87e1-1042d170e715
2 > x-api-key: PMAK-67a1fd6a1bd33e0001398b39-8f7df1a19b801ffe2ebdd25b9b6fc3bdfb
2 > Content-Type: application/json; charset=UTF-8
2 > Content-Length: 101
2 > Host: api.getpostman.com
2 > Connection: Keep-Alive
2 > User-Agent: Apache-HttpClient/4.5.14 (Java/17.0.10)
2 > Accept-Encoding: gzip,deflate
{"workspace":{"name":"karateWorkSpaceUpdated","type":"personal","description":"Updated Description"}}

10:34:57.665 [pool-2-thread-5] DEBUG com.intuit.karate - response time in milliseconds: 1167
1 < 200
1 < Date: Fri, 14 Feb 2025 05:04:56 GMT
1 < Content-Type: application/json; charset=utf-8
1 < Content-Length: 84
1 < Connection: keep-alive
1 < Server: nginx
1 < x-frame-options: deny
1 < x-xss-protection: 1; mode=block
1 < x-content-type-options: nosniff
1 < referrer-policy: no-referrer-when-downgrade
1 < access-control-allow-origin: *
1 < access-control-allow-methods: GET,POST,PUT,DELETE
1 < access-control-allow-headers: content-type,x-api-key
1 < access-control-allow-credentials: false
1 < x-ratelimit-limit: 300
1 < x-ratelimit-reset: 57
1 < x-ratelimit-remaining: 292
1 < ratelimit: limit=300, remaining=292, reset=57
1 < ratelimit-policy: 300;w=60
1 < ratelimit-limit: 300
1 < ratelimit-remaining: 292
1 < ratelimit-reset: 57
1 < ratelimit-limit-month: 10000
1 < ratelimit-remaining-month: 6295
1 < x-ratelimit-limit-month: 10000
1 < x-ratelimit-remaining-month: 6295
1 < uWebSockets: 20
{"workspace":{"id":"6d7a63a0-cb6e-4e91-b099-50b3e98671ab","name":"karateWorkSpace"}}

10:34:57.669 [pool-2-thread-5] INFO  com.intuit.karate - [print] 6d7a63a0-cb6e-4e91-b099-50b3e98671ab 
10:34:57.671 [pool-2-thread-5] INFO  com.intuit.karate - [print] DEBUG: Workspace ID -> 6d7a63a0-cb6e-4e91-b099-50b3e98671ab 
10:34:57.675 [pool-2-thread-5] DEBUG com.intuit.karate - request:
1 > POST https://api.getpostman.com/workspaces
1 > x-api-key: PMAK-67a1fd6a1bd33e0001398b39-8f7df1a19b801ffe2ebdd25b9b6fc3bdfb
1 > Content-Type: application/json; charset=UTF-8
1 > Content-Length: 88
1 > Host: api.getpostman.com
1 > Connection: Keep-Alive
1 > User-Agent: Apache-HttpClient/4.5.14 (Java/17.0.10)
1 > Accept-Encoding: gzip,deflate
{"workspace":{"name":"karateWorkSpace","type":"test","description":"MYWorkSpaceKarate"}}

10:34:58.148 [pool-2-thread-2] DEBUG com.intuit.karate - response time in milliseconds: 1732
2 < 500
2 < Date: Fri, 14 Feb 2025 05:04:57 GMT
2 < Content-Type: application/json; charset=utf-8
2 < Content-Length: 32
2 < Connection: keep-alive
2 < Server: nginx
2 < x-frame-options: deny
2 < x-xss-protection: 1; mode=block
2 < x-content-type-options: nosniff
2 < referrer-policy: no-referrer-when-downgrade
2 < access-control-allow-origin: *
2 < access-control-allow-methods: GET,POST,PUT,DELETE
2 < access-control-allow-headers: content-type,x-api-key
2 < access-control-allow-credentials: false
2 < x-ratelimit-limit: 300
2 < x-ratelimit-reset: 57
2 < x-ratelimit-remaining: 293
2 < ratelimit: limit=300, remaining=293, reset=57
2 < ratelimit-policy: 300;w=60
2 < ratelimit-limit: 300
2 < ratelimit-remaining: 293
2 < ratelimit-reset: 57
2 < ratelimit-limit-month: 10000
2 < ratelimit-remaining-month: 6296
2 < x-ratelimit-limit-month: 10000
2 < x-ratelimit-remaining-month: 6296
2 < uWebSockets: 20
{"error":{"name":"serverError"}}

10:34:58.166 [pool-2-thread-2] ERROR com.intuit.karate - classpath:PostmanAPI/APITEST/CollectionFeature/TestCreateCollectionResponceScheema.feature:36
Then status 200
status code was: 500, expected: 200, response time in milliseconds: 1732, url: https://api.getpostman.com/collections/03881e37-1c87-4aeb-8146-faccb781a13e, response: 
{"error":{"name":"serverError"}}
classpath:PostmanAPI/APITEST/CollectionFeature/TestCreateCollectionResponceScheema.feature:36
10:34:58.194 [pool-2-thread-2] INFO  com.intuit.karate - karate.env system property was: null 
10:34:58.401 [pool-2-thread-2] DEBUG com.intuit.karate - request:
1 > POST https://api.getpostman.com/workspaces
1 > x-api-key: PMAK-67a1fd6a1bd33e0001398b39-8f7df1a19b801ffe2ebdd25b9b6fc3bdfb
1 > Content-Type: application/json; charset=UTF-8
1 > Content-Length: 106
1 > Host: api.getpostman.com
1 > Connection: Keep-Alive
1 > User-Agent: Apache-HttpClient/4.5.14 (Java/17.0.10)
1 > Accept-Encoding: gzip,deflate
{"workspace":{"name":"","type":"personal","description":"MYWorkSpaceKarate","visibilityStatus":"private"}}

10:34:58.609 [pool-2-thread-4] DEBUG com.intuit.karate - response time in milliseconds: 1154
2 < 200
2 < Date: Fri, 14 Feb 2025 05:04:57 GMT
2 < Content-Type: application/json; charset=utf-8
2 < Content-Length: 91
2 < Connection: keep-alive
2 < Server: nginx
2 < x-frame-options: deny
2 < x-xss-protection: 1; mode=block
2 < x-content-type-options: nosniff
2 < referrer-policy: no-referrer-when-downgrade
2 < access-control-allow-origin: *
2 < access-control-allow-methods: GET,POST,PUT,DELETE
2 < access-control-allow-headers: content-type,x-api-key
2 < access-control-allow-credentials: false
2 < x-ratelimit-limit: 300
2 < x-ratelimit-reset: 56
2 < x-ratelimit-remaining: 290
2 < ratelimit: limit=300, remaining=290, reset=56
2 < ratelimit-policy: 300;w=60
2 < ratelimit-limit: 300
2 < ratelimit-remaining: 290
2 < ratelimit-reset: 56
2 < ratelimit-limit-month: 10000
2 < ratelimit-remaining-month: 6293
2 < x-ratelimit-limit-month: 10000
2 < x-ratelimit-remaining-month: 6293
2 < uWebSockets: 20
{"workspace":{"id":"a5b4cc2d-f520-49db-87e1-1042d170e715","name":"karateWorkSpaceUpdated"}}

10:34:58.616 [pool-2-thread-4] DEBUG com.intuit.karate - request:
3 > DELETE https://api.getpostman.com/workspaces/a5b4cc2d-f520-49db-87e1-1042d170e715
3 > x-api-key: PMAK-67a1fd6a1bd33e0001398b39-8f7df1a19b801ffe2ebdd25b9b6fc3bdfb
3 > Host: api.getpostman.com
3 > Connection: Keep-Alive
3 > User-Agent: Apache-HttpClient/4.5.14 (Java/17.0.10)
3 > Accept-Encoding: gzip,deflate


10:34:58.638 [pool-2-thread-5] DEBUG com.intuit.karate - response time in milliseconds: 961
1 < 400
1 < Date: Fri, 14 Feb 2025 05:04:57 GMT
1 < Content-Type: application/json; charset=utf-8
1 < Content-Length: 117
1 < Connection: keep-alive
1 < Server: nginx
1 < x-frame-options: deny
1 < x-xss-protection: 1; mode=block
1 < x-content-type-options: nosniff
1 < referrer-policy: no-referrer-when-downgrade
1 < access-control-allow-origin: *
1 < access-control-allow-methods: GET,POST,PUT,DELETE
1 < access-control-allow-headers: content-type,x-api-key
1 < access-control-allow-credentials: false
1 < x-ratelimit-limit: 300
1 < x-ratelimit-reset: 56
1 < x-ratelimit-remaining: 289
1 < ratelimit: limit=300, remaining=289, reset=56
1 < ratelimit-policy: 300;w=60
1 < ratelimit-limit: 300
1 < ratelimit-remaining: 289
1 < ratelimit-reset: 56
1 < ratelimit-limit-month: 10000
1 < ratelimit-remaining-month: 6292
1 < x-ratelimit-limit-month: 10000
1 < x-ratelimit-remaining-month: 6292
1 < uWebSockets: 20
{"error":{"name":"invalidParamError","message":"body.visibilityStatus should be equal to one of the allowed values"}}

10:34:58.650 [pool-2-thread-5] INFO  com.intuit.karate - karate.env system property was: null 
10:34:58.720 [pool-2-thread-5] DEBUG com.intuit.karate - request:
1 > POST https://api.getpostman.com/workspaces
1 > x-api-key: PMAK-67a1fd6a1bd33e0001398b39-8f7df1a19b801ffe2ebdd25b9b6fc3bdfb
1 > Content-Type: application/json; charset=UTF-8
1 > Content-Length: 119
1 > Host: api.getpostman.com
1 > Connection: Keep-Alive
1 > User-Agent: Apache-HttpClient/4.5.14 (Java/17.0.10)
1 > Accept-Encoding: gzip,deflate
{"workspace":{"name":"AnotherWorkSpace","type":"test","description":"AnotherDescription","visibilityStatus":"private"}}

10:34:58.870 [pool-2-thread-3] DEBUG com.intuit.karate - response time in milliseconds: 1415
3 < 500
3 < Date: Fri, 14 Feb 2025 05:04:58 GMT
3 < Content-Type: application/json; charset=utf-8
3 < Content-Length: 54
3 < Connection: keep-alive
3 < Server: nginx
3 < x-frame-options: deny
3 < x-xss-protection: 1; mode=block
3 < x-content-type-options: nosniff
3 < referrer-policy: no-referrer-when-downgrade
3 < access-control-allow-origin: *
3 < access-control-allow-methods: GET,POST,PUT,DELETE
3 < access-control-allow-headers: content-type,x-api-key
3 < access-control-allow-credentials: false
3 < x-ratelimit-limit: 300
3 < x-ratelimit-reset: 56
3 < x-ratelimit-remaining: 291
3 < ratelimit: limit=300, remaining=291, reset=56
3 < ratelimit-policy: 300;w=60
3 < ratelimit-limit: 300
3 < ratelimit-remaining: 291
3 < ratelimit-reset: 56
3 < ratelimit-limit-month: 10000
3 < ratelimit-remaining-month: 6294
3 < x-ratelimit-limit-month: 10000
3 < x-ratelimit-remaining-month: 6294
3 < uWebSockets: 20
{"error":{"message":"Internal server error occurred"}}

10:34:58.872 [pool-2-thread-3] ERROR com.intuit.karate - classpath:PostmanAPI/APITEST/CollectionFeature/TestCreateUpdateGetAndDeleteCollections.feature:33
Then status 200
status code was: 500, expected: 200, response time in milliseconds: 1415, url: https://api.getpostman.com/collections/5ae922ed-283e-45ec-a3c6-11169a063d3e, response: 
{"error":{"message":"Internal server error occurred"}}
classpath:PostmanAPI/APITEST/CollectionFeature/TestCreateUpdateGetAndDeleteCollections.feature:33
10:34:58.891 [pool-2-thread-3] INFO  com.intuit.karate - karate.env system property was: null 
10:34:58.971 [pool-2-thread-3] DEBUG com.intuit.karate - request:
1 > POST https://api.getpostman.com/workspaces
1 > x-api-key: PMAK-67a1fd6a1bd33e0001398b39-8f7df1a19b801ffe2ebdd25b9b6fc3bdfb
1 > Content-Type: application/json; charset=UTF-8
1 > Content-Length: 119
1 > Host: api.getpostman.com
1 > Connection: Keep-Alive
1 > User-Agent: Apache-HttpClient/4.5.14 (Java/17.0.10)
1 > Accept-Encoding: gzip,deflate
{"workspace":{"name":"AnotherWorkSpace","type":"test","description":"AnotherDescription","visibilityStatus":"private"}}

10:34:59.466 [pool-2-thread-2] DEBUG com.intuit.karate - response time in milliseconds: 1062
1 < 400
1 < Date: Fri, 14 Feb 2025 05:04:58 GMT
1 < Content-Type: application/json; charset=utf-8
1 < Content-Length: 100
1 < Connection: keep-alive
1 < Server: nginx
1 < x-frame-options: deny
1 < x-xss-protection: 1; mode=block
1 < x-content-type-options: nosniff
1 < referrer-policy: no-referrer-when-downgrade
1 < access-control-allow-origin: *
1 < access-control-allow-methods: GET,POST,PUT,DELETE
1 < access-control-allow-headers: content-type,x-api-key
1 < access-control-allow-credentials: false
1 < x-ratelimit-limit: 300
1 < x-ratelimit-reset: 55
1 < x-ratelimit-remaining: 288
1 < ratelimit: limit=300, remaining=288, reset=55
1 < ratelimit-policy: 300;w=60
1 < ratelimit-limit: 300
1 < ratelimit-remaining: 288
1 < ratelimit-reset: 55
1 < ratelimit-limit-month: 10000
1 < ratelimit-remaining-month: 6291
1 < x-ratelimit-limit-month: 10000
1 < x-ratelimit-remaining-month: 6291
1 < uWebSockets: 20
{"error":{"name":"invalidParamError","message":"body.name should NOT be shorter than 1 characters"}}

10:34:59.480 [pool-2-thread-2] INFO  com.intuit.karate - karate.env system property was: null 
10:34:59.619 [pool-2-thread-2] DEBUG com.intuit.karate - request:
1 > POST https://api.getpostman.com/workspaces
1 > x-api-key: PMAK-67a1fd6a1bd33e0001398b39-8f7df1a19b801ffe2ebdd25b9b6fc3bdfb
1 > Content-Type: application/json; charset=UTF-8
1 > Content-Length: 119
1 > Host: api.getpostman.com
1 > Connection: Keep-Alive
1 > User-Agent: Apache-HttpClient/4.5.14 (Java/17.0.10)
1 > Accept-Encoding: gzip,deflate
{"workspace":{"name":"AnotherWorkSpace","type":"test","description":"AnotherDescription","visibilityStatus":"private"}}

10:34:59.661 [pool-2-thread-5] DEBUG com.intuit.karate - response time in milliseconds: 939
1 < 400
1 < Date: Fri, 14 Feb 2025 05:04:58 GMT
1 < Content-Type: application/json; charset=utf-8
1 < Content-Length: 117
1 < Connection: keep-alive
1 < Server: nginx
1 < x-frame-options: deny
1 < x-xss-protection: 1; mode=block
1 < x-content-type-options: nosniff
1 < referrer-policy: no-referrer-when-downgrade
1 < access-control-allow-origin: *
1 < access-control-allow-methods: GET,POST,PUT,DELETE
1 < access-control-allow-headers: content-type,x-api-key
1 < access-control-allow-credentials: false
1 < x-ratelimit-limit: 300
1 < x-ratelimit-reset: 55
1 < x-ratelimit-remaining: 286
1 < ratelimit: limit=300, remaining=286, reset=55
1 < ratelimit-policy: 300;w=60
1 < ratelimit-limit: 300
1 < ratelimit-remaining: 286
1 < ratelimit-reset: 55
1 < ratelimit-limit-month: 10000
1 < ratelimit-remaining-month: 6289
1 < x-ratelimit-limit-month: 10000
1 < x-ratelimit-remaining-month: 6289
1 < uWebSockets: 20
{"error":{"name":"invalidParamError","message":"body.visibilityStatus should be equal to one of the allowed values"}}

10:34:59.669 [pool-2-thread-5] INFO  com.intuit.karate - karate.env system property was: null 
10:34:59.737 [pool-2-thread-5] DEBUG com.intuit.karate - request:
1 > POST https://api.getpostman.com/workspaces
1 > x-api-key: PMAK-67a1fd6a1bd33e0001398b39-8f7df1a19b801ffe2ebdd25b9b6fc3bdfb
1 > Content-Type: application/json; charset=UTF-8
1 > Content-Length: 119
1 > Host: api.getpostman.com
1 > Connection: Keep-Alive
1 > User-Agent: Apache-HttpClient/4.5.14 (Java/17.0.10)
1 > Accept-Encoding: gzip,deflate
{"workspace":{"name":"AnotherWorkSpace","type":"test","description":"AnotherDescription","visibilityStatus":"private"}}

10:34:59.884 [pool-2-thread-4] DEBUG com.intuit.karate - response time in milliseconds: 1267
3 < 200
3 < Date: Fri, 14 Feb 2025 05:04:59 GMT
3 < Content-Type: application/json; charset=utf-8
3 < Content-Length: 59
3 < Connection: keep-alive
3 < Server: nginx
3 < x-frame-options: deny
3 < x-xss-protection: 1; mode=block
3 < x-content-type-options: nosniff
3 < referrer-policy: no-referrer-when-downgrade
3 < access-control-allow-origin: *
3 < access-control-allow-methods: GET,POST,PUT,DELETE
3 < access-control-allow-headers: content-type,x-api-key
3 < access-control-allow-credentials: false
3 < x-ratelimit-limit: 300
3 < x-ratelimit-reset: 55
3 < x-ratelimit-remaining: 287
3 < ratelimit: limit=300, remaining=287, reset=55
3 < ratelimit-policy: 300;w=60
3 < ratelimit-limit: 300
3 < ratelimit-remaining: 287
3 < ratelimit-reset: 55
3 < ratelimit-limit-month: 10000
3 < ratelimit-remaining-month: 6290
3 < x-ratelimit-limit-month: 10000
3 < x-ratelimit-remaining-month: 6290
3 < uWebSockets: 20
{"workspace":{"id":"a5b4cc2d-f520-49db-87e1-1042d170e715"}}

10:34:59.899 [pool-2-thread-4] INFO  com.intuit.karate - karate.env system property was: null 
10:34:59.910 [pool-2-thread-3] DEBUG com.intuit.karate - response time in milliseconds: 934
1 < 400
1 < Date: Fri, 14 Feb 2025 05:04:59 GMT
1 < Content-Type: application/json; charset=utf-8
1 < Content-Length: 117
1 < Connection: keep-alive
1 < Server: nginx
1 < x-frame-options: deny
1 < x-xss-protection: 1; mode=block
1 < x-content-type-options: nosniff
1 < referrer-policy: no-referrer-when-downgrade
1 < access-control-allow-origin: *
1 < access-control-allow-methods: GET,POST,PUT,DELETE
1 < access-control-allow-headers: content-type,x-api-key
1 < access-control-allow-credentials: false
1 < x-ratelimit-limit: 300
1 < x-ratelimit-reset: 54
1 < x-ratelimit-remaining: 285
1 < ratelimit: limit=300, remaining=285, reset=54
1 < ratelimit-policy: 300;w=60
1 < ratelimit-limit: 300
1 < ratelimit-remaining: 285
1 < ratelimit-reset: 54
1 < ratelimit-limit-month: 10000
1 < ratelimit-remaining-month: 6288
1 < x-ratelimit-limit-month: 10000
1 < x-ratelimit-remaining-month: 6288
1 < uWebSockets: 20
{"error":{"name":"invalidParamError","message":"body.visibilityStatus should be equal to one of the allowed values"}}

10:34:59.922 [pool-2-thread-3] INFO  com.intuit.karate - karate.env system property was: null 
10:35:00.096 [pool-2-thread-4] DEBUG com.intuit.karate - request:
1 > POST https://api.getpostman.com/workspaces
1 > x-api-key: PMAK-67a1fd6a1bd33e0001398b39-8f7df1a19b801ffe2ebdd25b9b6fc3bdfb
1 > Content-Type: application/json; charset=UTF-8
1 > Content-Length: 132
1 > Host: api.getpostman.com
1 > Connection: Keep-Alive
1 > User-Agent: Apache-HttpClient/4.5.14 (Java/17.0.10)
1 > Accept-Encoding: gzip,deflate
{"workspace":{"name":"Gareth the Grey","type":"personal","description":"Tyrosh","visibilityStatus":"Fear cuts deeper than swords."}}

10:35:00.556 [pool-2-thread-2] DEBUG com.intuit.karate - response time in milliseconds: 935
1 < 400
1 < Date: Fri, 14 Feb 2025 05:04:59 GMT
1 < Content-Type: application/json; charset=utf-8
1 < Content-Length: 117
1 < Connection: keep-alive
1 < Server: nginx
1 < x-frame-options: deny
1 < x-xss-protection: 1; mode=block
1 < x-content-type-options: nosniff
1 < referrer-policy: no-referrer-when-downgrade
1 < access-control-allow-origin: *
1 < access-control-allow-methods: GET,POST,PUT,DELETE
1 < access-control-allow-headers: content-type,x-api-key
1 < access-control-allow-credentials: false
1 < x-ratelimit-limit: 300
1 < x-ratelimit-reset: 54
1 < x-ratelimit-remaining: 284
1 < ratelimit: limit=300, remaining=284, reset=54
1 < ratelimit-policy: 300;w=60
1 < ratelimit-limit: 300
1 < ratelimit-remaining: 284
1 < ratelimit-reset: 54
1 < ratelimit-limit-month: 10000
1 < ratelimit-remaining-month: 6287
1 < x-ratelimit-limit-month: 10000
1 < x-ratelimit-remaining-month: 6287
1 < uWebSockets: 20
{"error":{"name":"invalidParamError","message":"body.visibilityStatus should be equal to one of the allowed values"}}

10:35:00.568 [pool-2-thread-2] INFO  com.intuit.karate - karate.env system property was: null 
10:35:00.717 [pool-2-thread-5] DEBUG com.intuit.karate - response time in milliseconds: 979
1 < 400
1 < Date: Fri, 14 Feb 2025 05:05:00 GMT
1 < Content-Type: application/json; charset=utf-8
1 < Content-Length: 117
1 < Connection: keep-alive
1 < Server: nginx
1 < x-frame-options: deny
1 < x-xss-protection: 1; mode=block
1 < x-content-type-options: nosniff
1 < referrer-policy: no-referrer-when-downgrade
1 < access-control-allow-origin: *
1 < access-control-allow-methods: GET,POST,PUT,DELETE
1 < access-control-allow-headers: content-type,x-api-key
1 < access-control-allow-credentials: false
1 < x-ratelimit-limit: 300
1 < x-ratelimit-reset: 54
1 < x-ratelimit-remaining: 283
1 < ratelimit: limit=300, remaining=283, reset=54
1 < ratelimit-policy: 300;w=60
1 < ratelimit-limit: 300
1 < ratelimit-remaining: 283
1 < ratelimit-reset: 54
1 < ratelimit-limit-month: 10000
1 < ratelimit-remaining-month: 6286
1 < x-ratelimit-limit-month: 10000
1 < x-ratelimit-remaining-month: 6286
1 < uWebSockets: 20
{"error":{"name":"invalidParamError","message":"body.visibilityStatus should be equal to one of the allowed values"}}

10:35:00.730 [pool-2-thread-5] INFO  com.intuit.karate - karate.env system property was: null 
10:35:00.735 [pool-2-thread-5] DEBUG com.intuit.karate - request:
1 > GET https://api.getpostman.com/workspaces
1 > x-api-key: PMAK-67a1fd6a1bd33e0001398b39-8f7df1a19b801ffe2ebdd25b9b6fc3bdfb
1 > Host: api.getpostman.com
1 > Connection: Keep-Alive
1 > User-Agent: Apache-HttpClient/4.5.14 (Java/17.0.10)
1 > Accept-Encoding: gzip,deflate


10:35:01.201 [pool-2-thread-4] DEBUG com.intuit.karate - response time in milliseconds: 1104
1 < 200
1 < Date: Fri, 14 Feb 2025 05:05:00 GMT
1 < Content-Type: application/json; charset=utf-8
1 < Content-Length: 84
1 < Connection: keep-alive
1 < Server: nginx
1 < x-frame-options: deny
1 < x-xss-protection: 1; mode=block
1 < x-content-type-options: nosniff
1 < referrer-policy: no-referrer-when-downgrade
1 < access-control-allow-origin: *
1 < access-control-allow-methods: GET,POST,PUT,DELETE
1 < access-control-allow-headers: content-type,x-api-key
1 < access-control-allow-credentials: false
1 < x-ratelimit-limit: 300
1 < x-ratelimit-reset: 53
1 < x-ratelimit-remaining: 282
1 < ratelimit: limit=300, remaining=282, reset=53
1 < ratelimit-policy: 300;w=60
1 < ratelimit-limit: 300
1 < ratelimit-remaining: 282
1 < ratelimit-reset: 53
1 < ratelimit-limit-month: 10000
1 < ratelimit-remaining-month: 6285
1 < x-ratelimit-limit-month: 10000
1 < x-ratelimit-remaining-month: 6285
1 < uWebSockets: 20
{"workspace":{"id":"819e3749-06f3-4524-a42e-0f62fb2ee49e","name":"Gareth the Grey"}}

10:35:01.212 [pool-2-thread-4] INFO  com.intuit.karate - karate.env system property was: null 
10:35:01.217 [pool-2-thread-4] DEBUG com.intuit.karate - request:
1 > GET https://api.getpostman.com/workspaces
1 > x-api-key: PMAK-678a166c5137bc00014b8607-58366433607256c9dccf
1 > Host: api.getpostman.com
1 > Connection: Keep-Alive
1 > User-Agent: Apache-HttpClient/4.5.14 (Java/17.0.10)
1 > Accept-Encoding: gzip,deflate


10:35:02.003 [pool-2-thread-4] DEBUG com.intuit.karate - response time in milliseconds: 786
1 < 401
1 < Date: Fri, 14 Feb 2025 05:05:01 GMT
1 < Content-Type: application/json; charset=utf-8
1 < Content-Length: 120
1 < Connection: keep-alive
1 < Server: nginx
1 < x-frame-options: deny
1 < x-xss-protection: 1; mode=block
1 < x-content-type-options: nosniff
1 < referrer-policy: no-referrer-when-downgrade
1 < access-control-allow-origin: *
1 < access-control-allow-methods: GET,POST,PUT,DELETE
1 < access-control-allow-headers: content-type,x-api-key
1 < access-control-allow-credentials: false
1 < uWebSockets: 20
{"error":{"name":"AuthenticationError","message":"Invalid API Key. Every request requires a valid API Key to be sent."}}

10:35:02.013 [pool-2-thread-4] INFO  com.intuit.karate - karate.env system property was: null 
10:35:02.057 [pool-2-thread-4] DEBUG com.intuit.karate - request:
1 > POST https://api.getpostman.com/workspaces
1 > x-api-key: PMAK-67a1fd6a1bd33e0001398b39-8f7df1a19b801ffe2ebdd25b9b6fc3bdfb
1 > Content-Type: application/json; charset=UTF-8
1 > Content-Length: 109
1 > Host: api.getpostman.com
1 > Connection: Keep-Alive
1 > User-Agent: Apache-HttpClient/4.5.14 (Java/17.0.10)
1 > Accept-Encoding: gzip,deflate
{"workspace":{"name":"Stiv","type":"personal","description":"Lannisport","visibilityStatus":"Hodor? Hodor."}}

SQLServerResultSet:1
10:35:02.539 [pool-2-thread-2] INFO  com.intuit.karate - [print] Alberta Charleson 
10:35:02.611 [pool-2-thread-5] DEBUG com.intuit.karate - response time in milliseconds: 1875
1 < 200
1 < Date: Fri, 14 Feb 2025 05:05:01 GMT
1 < Content-Type: application/json; charset=utf-8
1 < Content-Length: 53533
1 < Connection: keep-alive
1 < Server: nginx
1 < x-frame-options: deny
1 < x-xss-protection: 1; mode=block
1 < x-content-type-options: nosniff
1 < referrer-policy: no-referrer-when-downgrade
1 < access-control-allow-origin: *
1 < access-control-allow-methods: GET,POST,PUT,DELETE
1 < access-control-allow-headers: content-type,x-api-key
1 < access-control-allow-credentials: false
1 < x-ratelimit-limit: 10
1 < x-ratelimit-reset: 5
1 < x-ratelimit-remaining: 8
1 < ratelimit: limit=10, remaining=8, reset=5
1 < ratelimit-policy: 10;w=10
1 < ratelimit-limit: 10
1 < ratelimit-remaining: 8
1 < ratelimit-reset: 5
1 < ratelimit-limit-month: 10000
1 < ratelimit-remaining-month: 6284
1 < x-ratelimit-limit-month: 10000
1 < x-ratelimit-remaining-month: 6284
1 < uWebSockets: 20
{"workspaces":[{"id":"a857ced1-0faa-4156-81e0-c378ac28bb9e","name":"Connex_QA","type":"team","visibility":"team","createdBy":"20182173"},{"id":"470c38f4-8ea0-4086-8717-c9e3cabc4352","name":"My Workspace","type":"personal","visibility":"personal","createdBy":"32384855"},{"id":"bcd66e31-511a-4ce7-9478-8d54616c1e17","name":"shashikumar s","type":"personal","visibility":"personal","createdBy":"32384855"},{"id":"bb606481-d991-4bfa-a64b-6b10dd754b2d","name":"Garth Greyfeather","type":"personal","visibility":"personal","createdBy":"32384855"},{"id":"3f1603af-d4d8-4cfd-afdc-0c73ccd0264e","name":"Ryam Florent","type":"personal","visibility":"personal","createdBy":"32384855"},{"id":"44eb6607-e396-4fc6-8f67-34de92241728","name":"Harbert","type":"personal","visibility":"personal","createdBy":"32384855"},{"id":"578f8341-0e9f-4e16-b3b1-a09890135c8d","name":"Mudge","type":"personal","visibility":"personal","createdBy":"32384855"},{"id":"b5e38d18-3287-4405-a46d-b1e669bba49f","name":"Mezzara","type":"personal","visibility":"personal","createdBy":"32384855"},{"id":"66335c91-308a-47e6-9b52-e0750c05a9f3","name":"Arson","type":"personal","visibility":"personal","createdBy":"32384855"},{"id":"708a5d5f-673a-47e0-9316-f48e6050ebb5","name":"Grazhar zo Galare","type":"personal","visibility":"personal","createdBy":"32384855"},{"id":"ced97b9b-bc79-4424-969f-3a02f252d343","name":"Ferrego Antaryon","type":"personal","visibility":"personal","createdBy":"32384855"},{"id":"95deee0f-4423-4ac9-9287-2d7e40110e33","name":"Alysane Mormont","type":"personal","visibility":"personal","createdBy":"32384855"},{"id":"1881e2a5-eaf5-4179-8885-00cc3e6c9e7d","name":"Liane Vance","type":"personal","visibility":"personal","createdBy":"32384855"},{"id":"716d42ac-3b1e-414d-9301-17c243ecdc84","name":"Baelor Hightower","type":"personal","visibility":"personal","createdBy":"32384855"},{"id":"dba0b99b-d57e-4abf-93f9-a285b4a3e991","name":"Craghas Drahar","type":"personal","visibility":"personal","createdBy":"32384855"},{"id":"e472a966-ebec-4ae9-8421-9ce6b20d9e0f","name":"Dake","type":"personal","visibility":"personal","createdBy":"32384855"},{"id":"63197b65-0ddd-4169-9d11-b3575ef81709","name":"MyWorkSpace","type":"personal","visibility":"personal","createdBy":"32384855"},{"id":"3705373a-6f32-4a37-a80b-acd3b3aaef32","name":"Redwyn","type":"personal","visibility":"personal","createdBy":"32384855"},{"id":"0ed2badc-71ae-40a6-a0e1-36c7e8f72238","name":"Leobald Tallhart","type":"personal","visibility":"personal","createdBy":"32384855"},{"id":"e50848be-35dd-4b9a-8550-8a21919a4187","name":"Denys Arryn","type":"personal","visibility":"personal","createdBy":"32384855"},{"id":"81557284-11be-4ee6-9718-36aa888cfb91","name":"Daemon Sand","type":"personal","visibility":"personal","createdBy":"32384855"},{"id":"a09a00d4-7e96-40c4-8328-681a48b4b217","name":"Tyland Lannister","type":"personal","visibility":"personal","createdBy":"32384855"},{"id":"69b2aea9-feea-411b-aa00-cf0107f2e56f","name":"Hairy Hal","type":"personal","visibility":"personal","createdBy":"32384855"},{"id":"75de6e19-fa2d-4657-98fc-e5bc4bcd1f53","name":"Ellaria Sand","type":"personal","visibility":"personal","createdBy":"32384855"},{"id":"49cd56bf-a356-4ca5-9bae-55c431ef32db","name":"Owen Norrey","type":"personal","visibility":"personal","createdBy":"32384855"},{"id":"976d3120-8568-4590-bc6e-ffe2c96b0740","name":"Alvyn Sharp","type":"personal","visibility":"personal","createdBy":"32384855"},{"id":"c0abeb7e-e718-4052-89ce-7ccfce9a2112","name":"Mero","type":"personal","visibility":"personal","createdBy":"32384855"},{"id":"b02d682a-7d45-4983-8069-f668a0db0554","name":"Lyonel Frey","type":"personal","visibility":"personal","createdBy":"32384855"},{"id":"8c0b6eb8-fc4b-452a-bb13-0f3915f5e71b","name":"Alysane Mormont","type":"personal","visibility":"personal","createdBy":"32384855"},{"id":"f04e548e-4c2b-4bf1-82ad-adbe0b9a4f21","name":"Cohollo","type":"personal","visibility":"personal","createdBy":"32384855"},{"id":"e10efeba-faa7-43e9-875b-608ac270454f","name":"Talea","type":"personal","visibility":"personal","createdBy":"32384855"},{"id":"4d0a2161-aa25-4356-851f-70b1983b845b","name":"Enger","type":"personal","visibility":"personal","createdBy":"32384855"},{"id":"19739756-7b41-4ae5-bfc4-5f5da6fc7a36","name":"Mark Ryswell","type":"personal","visibility":"personal","createdBy":"32384855"},{"id":"61471439-1868-4ae1-b54d-60e45df5149f","name":"Jason Lannister","type":"personal","visibility":"personal","createdBy":"32384855"},{"id":"26181d5c-9631-4818-b475-f4f9863cebb6","name":"Eden Risley","type":"personal","visibility":"personal","createdBy":"32384855"},{"id":"3f9cfc74-3e35-4807-8b58-05481cd7cddc","name":"Trebor Jordayne","type":"personal","visibility":"personal","createdBy":"32384855"},{"id":"e9c2bd0b-acb3-4926-a723-44a4c0dd748f","name":"Damion Lannister","type":"personal","visibility":"personal","createdBy":"32384855"},{"id":"78d3423a-3d02-46bf-adb2-ec09e27ec0ef","name":"Ormond Osgrey","type":"personal","visibility":"personal","createdBy":"32384855"},{"id":"615e3606-36ee-467b-aa92-d1782f050e1b","name":"Harmond Umber","type":"personal","visibility":"personal","createdBy":"32384855"},{"id":"1a022387-98fe-4856-9528-8f7c8e8763ec","name":"Dagmer","type":"personal","visibility":"personal","createdBy":"32384855"},{"id":"0d291028-e450-4468-929c-cb3d15430514","name":"Becca the Baker","type":"personal","visibility":"personal","createdBy":"32384855"},{"id":"9559c573-d6e4-41d3-8c04-0b9c3ac56035","name":"Robin Greyjoy","type":"personal","visibility":"personal","createdBy":"32384855"},{"id":"6a84d38f-b03b-4095-9853-86b17c831ef3","name":"Steffon Frey","type":"personal","visibility":"personal","createdBy":"32384855"},{"id":"1d2fa5e7-1764-462d-8859-80ac15429223","name":"Barbrey Dustin","type":"personal","visibility":"personal","createdBy":"32384855"},{"id":"742a6f5b-4361-4c90-87d4-648d4a642813","name":"Byan Votyris","type":"personal","visibility":"personal","createdBy":"32384855"},{"id":"3eff5fe5-28c5-4db0-bc58-36fd5014877e","name":"Sherrit","type":"personal","visibility":"personal","createdBy":"32384855"},{"id":"f7d7bde1-671d-4fd7-b3f4-9043cc3e3ca4","name":"Argrave the Defiant","type":"personal","visibility":"personal","createdBy":"32384855"},{"id":"0270347c-7c55-44ff-be0a-0875ab22de9f","name":"Ronnel Arryn","type":"personal","visibility":"personal","createdBy":"32384855"},{"id":"b8067cd0-b5b3-40ca-8ac8-2e480d30a0d5","name":"Barre","type":"personal","visibility":"personal","createdBy":"32384855"},{"id":"626a600f-68d4-406e-8d98-78c9f25a63d2","name":"Umfred","type":"personal","visibility":"personal","createdBy":"32384855"},{"id":"5bf0d030-5adc-4978-a568-4a355061244a","name":"Jyanna Frey","type":"personal","visibility":"personal","createdBy":"32384855"},{"id":"eb259593-61b9-4357-bbd0-7fd0486ba133","name":"Tregar Ormollen","type":"personal","visibility":"personal","createdBy":"32384855"},{"id":"3527ae5f-0c96-4189-ac5e-1acca8b4dd49","name":"Tristifer V Mudd","type":"personal","visibility":"personal","createdBy":"32384855"},{"id":"f6ba387d-fed3-4640-b08b-4d830b919014","name":"Jate","type":"personal","visibility":"personal","createdBy":"32384855"},{"id":"9e2e5812-5e75-4bea-8452-87ec48ab9a56","name":"Daenerys Targaryen","type":"personal","visibility":"personal","createdBy":"32384855"},{"id":"a5351659-2817-4046-a36a-0e9cc048b6d2","name":"Jon Connington","type":"personal","visibility":"personal","createdBy":"32384855"},{"id":"ff2ea438-89a8-4f64-b817-70cafad35ac2","name":"Dykk Harlaw","type":"personal","visibility":"personal","createdBy":"32384855"},{"id":"2168c5e0-b8ee-4e4f-a075-4c6e17bf0f70","name":"Gulian Qorgyle","type":"personal","visibility":"personal","createdBy":"32384855"},{"id":"33ade657-02d0-43ca-a3a0-8ee28d657aca","name":"Hoarfrost Umber","type":"personal","visibility":"personal","createdBy":"32384855"},{"id":"c92d09db-716a-4868-9e6e-c9bde841204f","name":"Tal Toraq","type":"personal","visibility":"personal","createdBy":"32384855"},{"id":"bd723e0a-1f33-4101-a638-e9e2750cd3a3","name":"Mandon Moore","type":"personal","visibility":"personal","createdBy":"32384855"},{"id":"861b8eca-33ef-4a4a-a8ba-9677fae1a1e2","name":"Hilmar Drumm","type":"personal","visibility":"personal","createdBy":"32384855"},{"id":"7d30cbef-e6b4-4e01-9008-bb6869bf0979","name":"Hugo Wull","type":"personal","visibility":"personal","createdBy":"32384855"},{"id":"5fba8390-c34c-4376-ab8d-1dc66c53b5de","name":"Ben Bones","type":"personal","visibility":"personal","createdBy":"32384855"},{"id":"71719412-7fc8-4167-bfc5-34149bf60217","name":"Brown Bernarr","type":"personal","visibility":"personal","createdBy":"32384855"},{"id":"1ebdb3bc-59be-4d61-b055-5836c17c3587","name":"Bump","type":"personal","visibility":"personal","createdBy":"32384855"},{"id":"e3118fe6-0abe-4521-8998-c83d61fb7d2f","name":"Ravella Swann","type":"personal","visibility":"personal","createdBy":"32384855"},{"id":"6710a765-1353-451a-b28e-549874f187fc","name":"Balon Swann","type":"personal","visibility":"personal","createdBy":"32384855"},{"id":"f2aa6ed4-fbcf-4976-a5bc-c36214c78ad2","name":"Carrot","type":"personal","visibility":"personal","createdBy":"32384855"},{"id":"22ddc869-9088-4950-80e9-59765157fced","name":"Mellara Rivers","type":"personal","visibility":"personal","createdBy":"32384855"},{"id":"0c675a54-20b1-4247-829b-b9f77cd91e48","name":"Spotted Cat","type":"personal","visibility":"personal","createdBy":"32384855"},{"id":"13ec11f6-c2b9-47fb-9a72-39d0b448c44a","name":"Alyn Frey","type":"personal","visibility":"personal","createdBy":"32384855"},{"id":"33cba677-184c-4698-a0e7-274c8ab46f5e","name":"Jon Fossoway","type":"personal","visibility":"personal","createdBy":"32384855"},{"id":"24186e53-6e9f-4592-8b75-2d9857e065f3","name":"Ronel Rivers","type":"personal","visibility":"personal","createdBy":"32384855"},{"id":"4dab13da-3fb1-467b-be20-2fbdf223cfd4","name":"Lord Ashford","type":"personal","visibility":"personal","createdBy":"32384855"},{"id":"06e9e26d-72c5-4483-b4eb-6c14579f4318","name":"orville robel","type":"personal","visibility":"personal","createdBy":"32384855"},{"id":"33d63a4c-c69c-44b5-b77f-1ada2edfeb35","name":"updateMyWorkSpace","type":"personal","visibility":"personal","createdBy":"32384855"},{"id":"80dd5d3c-4606-4652-ad07-87a7525f8eac","name":"MyWorkSpace","type":"personal","visibility":"personal","createdBy":"32384855"},{"id":"873d4373-3df6-44ed-b4ef-5d2583419101","name":"updateMyWorkSpace","type":"personal","visibility":"personal","createdBy":"32384855"},{"id":"55937c78-8a5c-463d-810d-c37cbcfd0cd0","name":"updateMyWorkSpace","type":"personal","visibility":"personal","createdBy":"32384855"},{"id":"e79fabd2-9f1b-4350-b715-43e7fd03dcfc","name":"MyWorkSpace","type":"personal","visibility":"personal","createdBy":"32384855"},{"id":"ab7373d1-fec4-4ce8-9a09-89ac17259a3c","name":"MyWorkSpace","type":"personal","visibility":"personal","createdBy":"32384855"},{"id":"16eac84b-82e8-4c9b-987a-3a98f185c8be","name":"Theomar Smallwood","type":"personal","visibility":"personal","createdBy":"32384855"},{"id":"9b38ab1a-a558-458e-814b-d474b94fd209","name":"Bethany Bolton","type":"personal","visibility":"personal","createdBy":"32384855"},{"id":"1e2e088b-9e5f-4477-9746-9e8143f1356f","name":"Simon Toyne","type":"personal","visibility":"personal","createdBy":"32384855"},{"id":"c04287d1-1614-4202-9e52-9b678ea52491","name":"Dontos Hollard","type":"personal","visibility":"personal","createdBy":"32384855"},{"id":"48637c81-9c87-40c2-80f2-7a6078303610","name":"Ralf","type":"personal","visibility":"personal","createdBy":"32384855"},{"id":"ed7b47d5-0df8-418b-b439-6c51858b4d10","name":"Enger","type":"personal","visibility":"personal","createdBy":"32384855"},{"id":"589b9f5b-707b-4aa8-bf7b-1df74ecc6e88","name":"Alesander Frey","type":"personal","visibility":"personal","createdBy":"32384855"},{"id":"22fd9fca-0378-4369-82a6-54172fe6df45","name":"Sawane Botley","type":"personal","visibility":"personal","createdBy":"32384855"},{"id":"4424ffd7-b5bc-4d51-9dfd-3a387d88f554","name":"Shierle Swyft","type":"personal","visibility":"personal","createdBy":"32384855"},{"id":"73d315c2-0ca7-404d-a61d-c23b7433f12d","name":"Tallad","type":"personal","visibility":"personal","createdBy":"32384855"},{"id":"3da91e6f-f42b-4093-b0ec-0b62cbef51ec","name":"Lewyn Martell","type":"personal","visibility":"personal","createdBy":"32384855"},{"id":"c8399960-3e1c-4e9a-b7c4-496fa8b995f5","name":"Dontos Hollard","type":"personal","visibility":"personal","createdBy":"32384855"},{"id":"ec66cdc5-b62c-4a05-a024-a16c985d2296","name":"Artys Arryn","type":"personal","visibility":"personal","createdBy":"32384855"},{"id":"6ea7ab12-b927-497c-a12b-630eded122e2","name":"Haegon Blackfyre","type":"personal","visibility":"personal","createdBy":"32384855"},{"id":"4ae09b5e-1e0c-4678-9aa0-3cfb45bb62f9","name":"Garth Greyfeather","type":"personal","visibility":"personal","createdBy":"32384855"},{"id":"2c27e32b-2808-42a9-8baf-67973d80c876","name":"Oznak zo Pahl","type":"personal","visibility":"personal","createdBy":"32384855"},{"id":"cec7c2af-b80e-4748-8c17-9d8b37a0ee45","name":"Abelar Hightower","type":"personal","visibility":"personal","createdBy":"32384855"},{"id":"c8da65fb-5ba0-42cb-8536-5ad7f75408ea","name":"Flement Brax","type":"personal","visibility":"personal","createdBy":"32384855"},{"id":"ef1fc347-42ef-40b6-b5f3-3f46a77cab88","name":"Jeyne Lothston","type":"personal","visibility":"personal","createdBy":"32384855"},{"id":"a99a4ee6-4470-491e-83ec-6e463e12ead6","name":"Eddard Karstark","type":"personal","visibility":"personal","createdBy":"32384855"},{"id":"e0f28954-d86b-4d9d-bf5c-2fe65852648c","name":"karateWorkSpace","type":"personal","visibility":"personal","createdBy":"32384855"},{"id":"13374744-2566-4595-8bea-3f9791f6a8ae","name":"karateWorkSpace","type":"personal","visibility":"personal","createdBy":"32384855"},{"id":"bc7c0ca6-5885-4c5c-b442-6709d3c41f91","name":"karateWorkSpace","type":"personal","visibility":"personal","createdBy":"32384855"},{"id":"1cce0b97-44aa-4d79-a059-ab92cad11f0e","name":"karateWorkSpace","type":"personal","visibility":"personal","createdBy":"32384855"},{"id":"d9a3c17c-3822-4e8d-b366-2c9b51a717ee","name":"karateWorkSpace","type":"personal","visibility":"personal","createdBy":"32384855"},{"id":"3dfccfbf-3bec-41f9-a319-f96dde51b4c2","name":"karateWorkSpace","type":"personal","visibility":"personal","createdBy":"32384855"},{"id":"c39dd981-734b-4b55-b4e6-b33023e02c60","name":"karateWorkSpace","type":"personal","visibility":"personal","createdBy":"32384855"},{"id":"eac36876-9e39-4d09-a32b-2e31ce8505ea","name":"karateWorkSpace","type":"personal","visibility":"personal","createdBy":"32384855"},{"id":"ccc84b0f-e3a4-49bd-9e38-618f1f5caf93","name":"karateWorkSpace","type":"personal","visibility":"personal","createdBy":"32384855"},{"id":"f858daf6-f7c3-4f69-a93b-d51c888eb7aa","name":"karateWorkSpace","type":"personal","visibility":"personal","createdBy":"32384855"},{"id":"6f0d3354-f236-4471-983f-269e3737971a","name":"karateWorkSpace","type":"personal","visibility":"personal","createdBy":"32384855"},{"id":"1af4db40-bdab-4aad-9eb2-0bd79bddff66","name":"karateWorkSpace","type":"personal","visibility":"personal","createdBy":"32384855"},{"id":"1a69d2d3-4098-43fe-ba71-ceed58a941ae","name":"karateWorkSpace","type":"personal","visibility":"personal","createdBy":"32384855"},{"id":"45db71ab-8559-4c9d-ac85-61a6d67a3be3","name":"karateWorkSpace","type":"personal","visibility":"personal","createdBy":"32384855"},{"id":"a85cf555-1a85-4289-b298-60063647e5ae","name":"karateWorkSpace","type":"personal","visibility":"personal","createdBy":"32384855"},{"id":"b4a1a593-c0c1-41b2-a9e8-d0e190b78b31","name":"karateWorkSpace","type":"personal","visibility":"personal","createdBy":"32384855"},{"id":"48f7a20e-3d2b-4322-b019-87ad2573fd9c","name":"Tyland Lannister","type":"personal","visibility":"personal","createdBy":"32384855"},{"id":"89e80bc9-b93c-4fb7-b142-d919a230f699","name":"Franklyn Frey","type":"personal","visibility":"personal","createdBy":"32384855"},{"id":"700334d5-5a2f-4869-92c0-55048ce74e73","name":"Hoarfrost Umber","type":"personal","visibility":"personal","createdBy":"32384855"},{"id":"906ed81a-d512-4cd4-b118-e51c7bfaad2a","name":"Asha Greyjoy","type":"personal","visibility":"personal","createdBy":"32384855"},{"id":"f43d61db-573a-4d28-8d31-8247fe5c465a","name":"karateWorkSpace","type":"personal","visibility":"personal","createdBy":"32384855"},{"id":"6ac513a9-bb61-43ae-84b0-5738f87e1f2c","name":"karateWorkSpace","type":"personal","visibility":"personal","createdBy":"32384855"},{"id":"151dc755-bb05-44f1-b687-ff33c32819e6","name":"karateWorkSpace","type":"personal","visibility":"personal","createdBy":"32384855"},{"id":"1617f603-2119-4a76-96e1-5b325aa6aca4","name":"karateWorkSpace","type":"personal","visibility":"personal","createdBy":"32384855"},{"id":"05b1f6f5-2faf-4220-95cb-912d985fae29","name":"Roone","type":"personal","visibility":"personal","createdBy":"32384855"},{"id":"b8e6e9b3-3189-4518-a41d-f6cf926183f5","name":"Jon Brax","type":"personal","visibility":"personal","createdBy":"32384855"},{"id":"37df2ee4-e595-4097-84d6-c98a56d5676e","name":"Othor","type":"personal","visibility":"personal","createdBy":"32384855"},{"id":"575ae20b-ba3f-48ec-b00a-fedaa7fd5d6e","name":"Roland Crakehall","type":"personal","visibility":"personal","createdBy":"32384855"},{"id":"42ee471e-944c-4805-b150-53ab377e6aa0","name":"karateWorkSpace","type":"personal","visibility":"personal","createdBy":"32384855"},{"id":"c195d865-68f7-4115-ace6-e2308c3193d2","name":"karateWorkSpace","type":"personal","visibility":"personal","createdBy":"32384855"},{"id":"d9f59931-0d5a-4e81-80a4-a81907f83d7d","name":"karateWorkSpace","type":"personal","visibility":"personal","createdBy":"32384855"},{"id":"cae3a156-655c-4611-a278-d5d716fc82e5","name":"karateWorkSpace","type":"personal","visibility":"personal","createdBy":"32384855"},{"id":"1daf4478-0faf-4c04-b8a4-cdcbfaeb8c49","name":"Jonos Frey","type":"personal","visibility":"personal","createdBy":"32384855"},{"id":"7455ea60-c329-41a8-ae23-62905d4608e8","name":"Viserys I Targaryen","type":"personal","visibility":"personal","createdBy":"32384855"},{"id":"d13c85dc-1dd4-4aef-a4e9-0189acbda06c","name":"karateWorkSpace","type":"personal","visibility":"personal","createdBy":"32384855"},{"id":"1ec18821-1a88-4e32-a2e1-9c20fd2deee9","name":"karateWorkSpace","type":"personal","visibility":"personal","createdBy":"32384855"},{"id":"40911190-a0a1-40ae-a486-1c9a296d4afe","name":"Squirrel","type":"personal","visibility":"personal","createdBy":"32384855"},{"id":"007152b0-bf2c-4c47-8614-8390eab64770","name":"Naerys Targaryen","type":"personal","visibility":"personal","createdBy":"32384855"},{"id":"271ccb7e-4380-4a56-86fc-d81dbe8c8922","name":"Tycho Nestoris","type":"personal","visibility":"personal","createdBy":"32384855"},{"id":"38b532fd-25dc-46ce-b3fa-71d66ea2c886","name":"Urron Greyiron","type":"personal","visibility":"personal","createdBy":"32384855"},{"id":"f91a10ee-3293-4fc8-9034-aa17760c881d","name":"karateWorkSpaceUpdated","type":"personal","visibility":"personal","createdBy":"32384855"},{"id":"0f4274f8-911e-4b38-b87a-813e7c954ada","name":"karateWorkSpaceUpdated","type":"personal","visibility":"personal","createdBy":"32384855"},{"id":"023930e8-cf52-4d49-b626-081a90180d4f","name":"karateWorkSpaceUpdated","type":"personal","visibility":"personal","createdBy":"32384855"},{"id":"4e6912ad-1d9a-46ef-a200-f72b5ddb93f6","name":"karateWorkSpaceUpdated","type":"personal","visibility":"personal","createdBy":"32384855"},{"id":"626a45d7-d638-43a5-b24f-dcd6db2958af","name":"karateWorkSpaceUpdated","type":"personal","visibility":"personal","createdBy":"32384855"},{"id":"39eba6f3-0fb6-4478-b77c-efdcb175f5ea","name":"karateWorkSpaceUpdated","type":"personal","visibility":"personal","createdBy":"32384855"},{"id":"b57bc4a6-04e3-456e-a17d-54b0f43a613f","name":"karateWorkSpaceUpdated","type":"personal","visibility":"personal","createdBy":"32384855"},{"id":"666d9d3b-9260-45d6-a054-c847b19bfe6f","name":"karateWorkSpaceUpdated","type":"personal","visibility":"personal","createdBy":"32384855"},{"id":"743d21c2-debd-4cf6-ae71-ade3f106a566","name":"karateWorkSpaceUpdated","type":"personal","visibility":"personal","createdBy":"32384855"},{"id":"028c0c11-f73f-4f8c-a14d-f97b6a213ed1","name":"karateWorkSpaceUpdated","type":"personal","visibility":"personal","createdBy":"32384855"},{"id":"a31b7633-d267-4a40-88b0-d9d4317da16f","name":"karateWorkSpace","type":"personal","visibility":"personal","createdBy":"32384855"},{"id":"1cc0171d-6807-4334-91de-614fa2fc8250","name":"karateWorkSpace","type":"personal","visibility":"personal","createdBy":"32384855"},{"id":"8c295335-6734-46c0-aa82-b025b554576e","name":"karateWorkSpace","type":"personal","visibility":"personal","createdBy":"32384855"},{"id":"c151b9ac-effe-4908-8e6a-a5be1053ac5f","name":"karateWorkSpace","type":"personal","visibility":"personal","createdBy":"32384855"},{"id":"f1a2b580-f5f3-45bd-baa9-508f5532b788","name":"karateWorkSpace","type":"personal","visibility":"personal","createdBy":"32384855"},{"id":"9e2da593-907b-4a4d-89dc-416545470c79","name":"karateWorkSpace","type":"personal","visibility":"personal","createdBy":"32384855"},{"id":"b3cb2a5f-0563-40b9-a6fe-0693c9bd2062","name":"Warren","type":"personal","visibility":"personal","createdBy":"32384855"},{"id":"57195ff9-e44f-44e6-bb53-c7a8a65900f6","name":"Devan Seaworth","type":"personal","visibility":"personal","createdBy":"32384855"},{"id":"284bb42c-9b3c-4e69-9c80-c5b0689ad442","name":"karateWorkSpace","type":"personal","visibility":"personal","createdBy":"32384855"},{"id":"61f011f0-e667-4cce-9ad1-7cd1ffd3dc5c","name":"karateWorkSpace","type":"personal","visibility":"personal","createdBy":"32384855"},{"id":"6ebf3994-487f-429f-98dd-feece89f3010","name":"karateWorkSpace","type":"personal","visibility":"personal","createdBy":"32384855"},{"id":"6cfc53d8-835a-4eb3-8d53-a7fd817e0c44","name":"karateWorkSpace","type":"personal","visibility":"personal","createdBy":"32384855"},{"id":"bc379047-858b-4247-a2f2-45c5e5759a3e","name":"Omer Blackberry","type":"personal","visibility":"personal","createdBy":"32384855"},{"id":"5a2d28f7-9fdf-4313-b2e6-f468d0b212da","name":"Harwin","type":"personal","visibility":"personal","createdBy":"32384855"},{"id":"646b9364-6258-4f70-b035-f2cb3c617e26","name":"karateWorkSpace","type":"personal","visibility":"personal","createdBy":"32384855"},{"id":"6521ed74-bdef-4fe8-81e7-0de41e51e06c","name":"karateWorkSpace","type":"personal","visibility":"personal","createdBy":"32384855"},{"id":"9c85c54d-ce28-43ea-8b3f-2892669688ba","name":"karateWorkSpace","type":"personal","visibility":"personal","createdBy":"32384855"},{"id":"2ceff8e9-70d1-4f65-bdb3-4019e00aa8ff","name":"karateWorkSpace","type":"personal","visibility":"personal","createdBy":"32384855"},{"id":"ff7d9fd6-3be3-4aff-8264-8994be239d5d","name":"Sawane Botley","type":"personal","visibility":"personal","createdBy":"32384855"},{"id":"a2ff5fa6-91bc-47ca-8d43-b3b399b2c1fa","name":"Nymella Toland","type":"personal","visibility":"personal","createdBy":"32384855"},{"id":"f6f0ff91-43a9-40f4-b729-16b47a524f57","name":"karateWorkSpace","type":"personal","visibility":"personal","createdBy":"32384855"},{"id":"21c1442c-8353-4a41-a7db-3bf379a9e17b","name":"karateWorkSpace","type":"personal","visibility":"personal","createdBy":"32384855"},{"id":"1c3ebca7-fb70-4829-b2e4-0675f8556125","name":"Preston Greenfield","type":"personal","visibility":"personal","createdBy":"32384855"},{"id":"adafdf32-9e30-43fd-b880-e19fede44944","name":"Wayn","type":"personal","visibility":"personal","createdBy":"32384855"},{"id":"140ebe31-13dc-4be6-b177-a0fc814e1539","name":"Ethan Glover","type":"personal","visibility":"personal","createdBy":"32384855"},{"id":"b60f4c6a-e4e5-409c-9bf7-24f58717266f","name":"Denyse Hightower","type":"personal","visibility":"personal","createdBy":"32384855"},{"id":"1e40eeee-312c-4ca3-bb98-9097693479ca","name":"Anguy","type":"personal","visibility":"personal","createdBy":"32384855"},{"id":"cf95d3c6-552f-4ce0-896c-cb674a3de5b3","name":"Grance Morrigen","type":"personal","visibility":"personal","createdBy":"32384855"},{"id":"c2ad83cf-19bc-46a3-8fbb-51f41a2a57a4","name":"Yohn Royce","type":"personal","visibility":"personal","createdBy":"32384855"},{"id":"38ffd7c4-0563-4263-a30e-366e89bb0ecc","name":"Ezzara","type":"personal","visibility":"personal","createdBy":"32384855"},{"id":"54ee3a38-c9ba-4eaf-8552-a1f71bbcb4ea","name":"Walder Frey","type":"personal","visibility":"personal","createdBy":"32384855"},{"id":"36cc80cd-5a1f-43d9-88ad-6e54f3f8098a","name":"karateWorkSpace","type":"personal","visibility":"personal","createdBy":"32384855"},{"id":"e2a98113-082a-4cce-9df7-b5bf6fd2a3a8","name":"karateWorkSpace","type":"personal","visibility":"personal","createdBy":"32384855"},{"id":"af2f4874-9c5b-4193-a41a-d4f2f0fe4990","name":"Buu","type":"personal","visibility":"personal","createdBy":"32384855"},{"id":"6dbcb9ec-6299-429c-9a0d-6697faca4cb5","name":"Sylas Flatnose","type":"personal","visibility":"personal","createdBy":"32384855"},{"id":"05d08dc3-bafb-43f0-b0c5-a01166494dea","name":"Biter","type":"personal","visibility":"personal","createdBy":"32384855"},{"id":"966a103c-9793-48e3-b7ad-a7ae0b3cf149","name":"Genna Lannister","type":"personal","visibility":"personal","createdBy":"32384855"},{"id":"46caad6a-9aa2-495e-89c0-bd32324516b7","name":"karateWorkSpace","type":"personal","visibility":"personal","createdBy":"32384855"},{"id":"e359fd89-f6cb-4bac-aae7-194dec753259","name":"karateWorkSpace","type":"personal","visibility":"personal","createdBy":"32384855"},{"id":"653b5cb1-1f56-4bba-8f0e-cfff018fea64","name":"karateWorkSpace","type":"personal","visibility":"personal","createdBy":"32384855"},{"id":"fdbd2613-1d71-491d-af59-513bbd7df850","name":"karateWorkSpace","type":"personal","visibility":"personal","createdBy":"32384855"},{"id":"0c0f2ca9-9a22-425a-8345-772d714744e2","name":"karateWorkSpace","type":"personal","visibility":"personal","createdBy":"32384855"},{"id":"11a893c2-073d-4ce3-820c-9cd0739ac5c9","name":"karateWorkSpace","type":"personal","visibility":"personal","createdBy":"32384855"},{"id":"ba823a98-bf86-4546-b9a3-f67a65242af2","name":"karateWorkSpace","type":"personal","visibility":"personal","createdBy":"32384855"},{"id":"34b5ad10-cf3f-4166-b840-ac213b641ecb","name":"karateWorkSpace","type":"personal","visibility":"personal","createdBy":"32384855"},{"id":"eb0411d2-0724-4e39-8439-b80ba4af7939","name":"karateWorkSpace","type":"personal","visibility":"personal","createdBy":"32384855"},{"id":"3dea3b8a-96d8-4579-bb69-96a76b362048","name":"karateWorkSpace","type":"personal","visibility":"personal","createdBy":"32384855"},{"id":"da47589e-797c-4f49-b277-4bafb90386a9","name":"karateWorkSpace","type":"personal","visibility":"personal","createdBy":"32384855"},{"id":"0b4094e8-cc4c-4477-a712-e63e1eac1f49","name":"karateWorkSpace","type":"personal","visibility":"personal","createdBy":"32384855"},{"id":"fa28e176-7996-4bcf-a21a-79e9c22e1eaf","name":"karateWorkSpace","type":"personal","visibility":"personal","createdBy":"32384855"},{"id":"eb7d89b0-548f-43b6-8378-edc41b31512c","name":"karateWorkSpace","type":"personal","visibility":"personal","createdBy":"32384855"},{"id":"f222f0ad-2d71-4031-8dc0-8a69357530ef","name":"karateWorkSpace","type":"personal","visibility":"personal","createdBy":"32384855"},{"id":"1e35a018-fb99-4d46-8e80-0fa3cfff8f06","name":"karateWorkSpace","type":"personal","visibility":"personal","createdBy":"32384855"},{"id":"e95552c9-86f2-41cb-8718-74476716662f","name":"karateWorkSpace","type":"personal","visibility":"personal","createdBy":"32384855"},{"id":"790a0124-e699-45e2-beea-c3b1261ba0cd","name":"karateWorkSpace","type":"personal","visibility":"personal","createdBy":"32384855"},{"id":"084d4358-1808-4798-a3d8-c8a98ec562ff","name":"karateWorkSpace","type":"personal","visibility":"personal","createdBy":"32384855"},{"id":"521e55e5-a629-4538-95c5-8a5d441c3431","name":"karateWorkSpace","type":"personal","visibility":"personal","createdBy":"32384855"},{"id":"7eed0b32-78fa-4e21-ac70-2a85baeedc8e","name":"Emmond","type":"personal","visibility":"personal","createdBy":"32384855"},{"id":"b783f076-9629-4810-810e-b9c25d69e533","name":"Rus","type":"personal","visibility":"personal","createdBy":"32384855"},{"id":"7636ef9a-de73-42ab-82d6-fd90a3873f71","name":"karateWorkSpace","type":"personal","visibility":"personal","createdBy":"32384855"},{"id":"027fc8b4-c0a9-4004-a837-6ba77c4c2c5d","name":"karateWorkSpace","type":"personal","visibility":"personal","createdBy":"32384855"},{"id":"742764ca-0dee-47bd-b77b-62e8e24e948c","name":"Carolei Waynwood","type":"personal","visibility":"personal","createdBy":"32384855"},{"id":"edd9d452-fd0a-4f63-a13e-c076dd731d68","name":"Durran","type":"personal","visibility":"personal","createdBy":"32384855"},{"id":"95c7393d-9c89-43b5-be99-087123158a48","name":"karateWorkSpace","type":"personal","visibility":"personal","createdBy":"32384855"},{"id":"699b8e1c-850e-437a-87bd-f5d32048a8e0","name":"karateWorkSpace","type":"personal","visibility":"personal","createdBy":"32384855"},{"id":"a37ee37d-1a99-4907-957b-3ed1ed731ce4","name":"Shortear","type":"personal","visibility":"personal","createdBy":"32384855"},{"id":"f40d74d4-99c5-4496-9458-c25f325af242","name":"Leona Tyrell","type":"personal","visibility":"personal","createdBy":"32384855"},{"id":"f67c41b5-aeb5-4aa4-b6bc-fd5adb715856","name":"karateWorkSpace","type":"personal","visibility":"personal","createdBy":"32384855"},{"id":"5c6439bb-0cb4-49c8-bfea-cf311e61dfe3","name":"karateWorkSpace","type":"personal","visibility":"personal","createdBy":"32384855"},{"id":"1dc23f64-6e16-46cb-840a-4d449606304a","name":"Triston Farwynd","type":"personal","visibility":"personal","createdBy":"32384855"},{"id":"f54215be-c772-439b-a56b-004904b10523","name":"Dafyn Vance","type":"personal","visibility":"personal","createdBy":"32384855"},{"id":"29a562a1-7d34-449e-84d8-3eb6181b64ff","name":"karateWorkSpace","type":"personal","visibility":"personal","createdBy":"32384855"},{"id":"37214563-d1a5-4992-ae99-b23ed45bc03e","name":"karateWorkSpace","type":"personal","visibility":"personal","createdBy":"32384855"},{"id":"fb790444-d8ef-41c8-a2af-0143c4fa913b","name":"karateWorkSpace","type":"personal","visibility":"personal","createdBy":"32384855"},{"id":"57a4fa42-99e9-47f0-8d08-a924c37c3e95","name":"karateWorkSpace","type":"personal","visibility":"personal","createdBy":"32384855"},{"id":"6f966f04-4493-48ad-b4c0-f7c6b2d48d9a","name":"Argilac","type":"personal","visibility":"personal","createdBy":"32384855"},{"id":"3f7bbbdb-a52f-446e-8ea4-da27f4e6a334","name":"Morrec","type":"personal","visibility":"personal","createdBy":"32384855"},{"id":"505099ae-177b-4110-afb0-bb157235fa1a","name":"karateWorkSpace","type":"personal","visibility":"personal","createdBy":"32384855"},{"id":"837bb81f-781f-4727-b9a8-edde302167f2","name":"karateWorkSpace","type":"personal","visibility":"personal","createdBy":"32384855"},{"id":"2248254b-01b1-4503-95f0-94e420034c53","name":"Barristan Selmy","type":"personal","visibility":"personal","createdBy":"32384855"},{"id":"2617bb48-3184-44fb-a12b-a2f8d8ec8b36","name":"Varys","type":"personal","visibility":"personal","createdBy":"32384855"},{"id":"dd29d959-1c8f-4d2a-b9b7-3ef6f3f1c0fe","name":"karateWorkSpace","type":"personal","visibility":"personal","createdBy":"32384855"},{"id":"ef611c62-fe00-441f-92e0-5360bc9148cf","name":"karateWorkSpace","type":"personal","visibility":"personal","createdBy":"32384855"},{"id":"7d3f6f92-4feb-472d-8143-43237dcdd7df","name":"karateWorkSpace","type":"personal","visibility":"personal","createdBy":"32384855"},{"id":"51b66517-0a06-4dcd-8e88-7c7c1acd2e1b","name":"karateWorkSpace","type":"personal","visibility":"personal","createdBy":"32384855"},{"id":"09543f00-b1a9-426b-8452-f6b3f45371a6","name":"Stevron Frey","type":"personal","visibility":"personal","createdBy":"32384855"},{"id":"6f6fd045-5fdd-4209-a608-0a14af5b42da","name":"Jyanna Frey","type":"personal","visibility":"personal","createdBy":"32384855"},{"id":"8f67a48f-a2c9-413f-b674-f23fcd469faf","name":"karateWorkSpace","type":"personal","visibility":"personal","createdBy":"32384855"},{"id":"2cadb449-30df-4ef9-b417-4fc6b2ad6117","name":"karateWorkSpace","type":"personal","visibility":"personal","createdBy":"32384855"},{"id":"aea5ca3f-8edb-4b26-abe8-12251f210560","name":"Symond Botley","type":"personal","visibility":"personal","createdBy":"32384855"},{"id":"2f14bf59-f28c-479b-a318-7058dd3638b5","name":"Ryella Royce","type":"personal","visibility":"personal","createdBy":"32384855"},{"id":"60130d73-9120-496f-96c0-7205497ac3af","name":"karateWorkSpace","type":"personal","visibility":"personal","createdBy":"32384855"},{"id":"50f03f24-116a-46cc-b4fe-729f18092491","name":"karateWorkSpace","type":"personal","visibility":"personal","createdBy":"32384855"},{"id":"34aa0352-25dc-4a08-bcc2-d71c3c97fe4c","name":"Clifford Conklyn","type":"personal","visibility":"personal","createdBy":"32384855"},{"id":"00ad1270-e6cf-48a7-a205-a75313b4a286","name":"Jeyne Beesbury","type":"personal","visibility":"personal","createdBy":"32384855"},{"id":"8d847597-8c77-4c70-b0f3-0d88b8042b01","name":"karateWorkSpace","type":"personal","visibility":"personal","createdBy":"32384855"},{"id":"d2f8f392-7a28-4300-baef-9661acbed57c","name":"karateWorkSpace","type":"personal","visibility":"personal","createdBy":"32384855"},{"id":"0f3ef01f-5bb4-4a99-b97d-3e55471de19a","name":"Quickfinger","type":"personal","visibility":"personal","createdBy":"32384855"},{"id":"92198052-e906-46a4-9317-c4eed0bb6201","name":"Leana Frey","type":"personal","visibility":"personal","createdBy":"32384855"},{"id":"14aae1f7-85aa-46b6-9c07-fd508bd7276c","name":"karateWorkSpace","type":"personal","visibility":"personal","createdBy":"32384855"},{"id":"b2ae36d5-3e2e-4063-bdf3-d01fa6d95b93","name":"karateWorkSpace","type":"personal","visibility":"personal","createdBy":"32384855"},{"id":"61535e15-bd37-4eb1-a2f9-ab073f2fa745","name":"Shierle Swyft","type":"personal","visibility":"personal","createdBy":"32384855"},{"id":"bf13041a-1bc9-4c95-aaa2-5912b7c837f2","name":"Joss Stilwood","type":"personal","visibility":"personal","createdBy":"32384855"},{"id":"165b7c6b-c2c4-4f97-8421-f0a6d65d95ba","name":"karateWorkSpace","type":"personal","visibility":"personal","createdBy":"32384855"},{"id":"27adc240-ea45-4e69-bfa9-05a185203171","name":"karateWorkSpace","type":"personal","visibility":"personal","createdBy":"32384855"},{"id":"f1f06435-4941-45f1-bde0-8f50902e4c75","name":"Perra Frey","type":"personal","visibility":"personal","createdBy":"32384855"},{"id":"2b465545-8ef1-4b59-aa0d-9ee563c3df5b","name":"Terro","type":"personal","visibility":"personal","createdBy":"32384855"},{"id":"dc950d36-c6fd-437a-9b92-240e0e0746a5","name":"karateWorkSpace","type":"personal","visibility":"personal","createdBy":"32384855"},{"id":"9db3aa90-70cb-40fb-8489-b0080ad562ee","name":"karateWorkSpace","type":"personal","visibility":"personal","createdBy":"32384855"},{"id":"d7de6d57-a767-475d-95c8-c3f738c03e35","name":"Eddard Stark","type":"personal","visibility":"personal","createdBy":"32384855"},{"id":"8cdfd170-5b37-4eae-a29c-10d410457b43","name":"Manfrey Martell","type":"personal","visibility":"personal","createdBy":"32384855"},{"id":"2a9d5c58-e7e0-497f-b6b5-a972af045717","name":"karateWorkSpace","type":"personal","visibility":"personal","createdBy":"32384855"},{"id":"53fb2942-0d95-4150-bbef-b48429593d2c","name":"karateWorkSpace","type":"personal","visibility":"personal","createdBy":"32384855"},{"id":"db7a4985-4c8d-49f0-a0e1-dca5226a9a87","name":"Alyn Velaryon","type":"personal","visibility":"personal","createdBy":"32384855"},{"id":"387e797a-8a25-4f00-b4e4-685422b9f9fb","name":"Tallad","type":"personal","visibility":"personal","createdBy":"32384855"},{"id":"8802e552-6fb7-41ef-b76d-e9cd47651518","name":"karateWorkSpace","type":"personal","visibility":"personal","createdBy":"32384855"},{"id":"7f4c4b65-7043-41c4-a19d-490fae54a64f","name":"karateWorkSpace","type":"personal","visibility":"personal","createdBy":"32384855"},{"id":"ae5cd46d-3b39-4183-9823-449c56bc9a1a","name":"Mohor","type":"personal","visibility":"personal","createdBy":"32384855"},{"id":"ec361ebc-ba46-45b5-81d7-514c589aeff4","name":"Pearse Caron","type":"personal","visibility":"personal","createdBy":"32384855"},{"id":"ad80bdde-352f-4cf1-98a9-845f1ea84172","name":"karateWorkSpace","type":"personal","visibility":"personal","createdBy":"32384855"},{"id":"9ea7d41f-63d1-4e1c-8b56-65aec3aef75e","name":"karateWorkSpace","type":"personal","visibility":"personal","createdBy":"32384855"},{"id":"91ee1670-3fd1-4821-88fc-a3fecafa1f89","name":"Bethany (Blushing Bethany)","type":"personal","visibility":"personal","createdBy":"32384855"},{"id":"31f7fec1-4400-4395-99c8-883d1731103e","name":"Perra Frey","type":"personal","visibility":"personal","createdBy":"32384855"},{"id":"b2233b98-84de-4667-a763-a0980ae3b257","name":"karateWorkSpace","type":"personal","visibility":"personal","createdBy":"32384855"},{"id":"09f1e8aa-9059-4adc-9678-e34573a110f0","name":"karateWorkSpace","type":"personal","visibility":"personal","createdBy":"32384855"},{"id":"095d97e2-c261-4807-82bb-a60d784e3c34","name":"Jorgen","type":"personal","visibility":"personal","createdBy":"32384855"},{"id":"039f7d03-8199-4fee-afc3-bd29d30d87aa","name":"Gevin Harlaw","type":"personal","visibility":"personal","createdBy":"32384855"},{"id":"b9eac41c-094c-4bb6-9409-b3e6bd85a86c","name":"karateWorkSpace","type":"personal","visibility":"personal","createdBy":"32384855"},{"id":"b63dae4d-94da-4670-97cb-4e7055160618","name":"karateWorkSpace","type":"personal","visibility":"personal","createdBy":"32384855"},{"id":"f3694560-283d-4c6c-bdd7-407975be8403","name":"Walder Goodbrook","type":"personal","visibility":"personal","createdBy":"32384855"},{"id":"dafdf17a-1c81-4edf-96aa-5ef800506163","name":"Bella","type":"personal","visibility":"personal","createdBy":"32384855"},{"id":"a6f44368-de5d-4410-b34a-4fd1e79f05f9","name":"karateWorkSpace","type":"personal","visibility":"personal","createdBy":"32384855"},{"id":"6c22b0fd-e1f2-407d-aa31-2ec1527ab994","name":"karateWorkSpace","type":"personal","visibility":"personal","createdBy":"32384855"},{"id":"8356f95f-0686-406c-a15d-c52b13047672","name":"Harwyn Plumm","type":"personal","visibility":"personal","createdBy":"32384855"},{"id":"cab7877a-640c-4940-b7b0-cc2d85e566da","name":"Wilbert","type":"personal","visibility":"personal","createdBy":"32384855"},{"id":"54680aca-0794-4b38-adb7-c143bb348765","name":"karateWorkSpace","type":"personal","visibility":"personal","createdBy":"32384855"},{"id":"c0f896ea-d606-408a-bf59-83d3bdb05638","name":"karateWorkSpace","type":"personal","visibility":"personal","createdBy":"32384855"},{"id":"81fbdddf-eb71-4562-b567-0d3a03af7321","name":"Androw Ashford","type":"personal","visibility":"personal","createdBy":"32384855"},{"id":"8e73e540-4900-4504-8ef2-d51a861efe06","name":"Ryger Rivers","type":"personal","visibility":"personal","createdBy":"32384855"},{"id":"9bd4765f-9de1-42d7-8721-dff44141d965","name":"karateWorkSpace","type":"personal","visibility":"personal","createdBy":"32384855"},{"id":"efc9e3c9-afec-4b81-b389-52c85b8d2360","name":"karateWorkSpace","type":"personal","visibility":"personal","createdBy":"32384855"},{"id":"4f39d965-9b25-4ce5-8fcc-d86031a4345c","name":"Arlan of Pennytree","type":"personal","visibility":"personal","createdBy":"32384855"},{"id":"4ea51a19-3c06-411d-92d0-130be8c28757","name":"Lollys Stokeworth","type":"personal","visibility":"personal","createdBy":"32384855"},{"id":"5f6faf96-4320-4eb4-a8b5-37b1c7d65318","name":"karateWorkSpace","type":"personal","visibility":"personal","createdBy":"32384855"},{"id":"afdc5882-82ec-4714-9760-b5a8a03e2491","name":"karateWorkSpace","type":"personal","visibility":"personal","createdBy":"32384855"},{"id":"f6ce8ca6-2bd5-44b9-85e0-0584208ac08c","name":"Stalwart Shield","type":"personal","visibility":"personal","createdBy":"32384855"},{"id":"2366a32b-7e39-4f15-bee2-b253cb02d004","name":"Stygg","type":"personal","visibility":"personal","createdBy":"32384855"},{"id":"42b61f24-cff6-4f98-a804-430ee16b86be","name":"karateWorkSpace","type":"personal","visibility":"personal","createdBy":"32384855"},{"id":"f96ba42e-0ad8-41fa-93dc-e707ebabce92","name":"karateWorkSpace","type":"personal","visibility":"personal","createdBy":"32384855"},{"id":"78f1d3b2-b379-4cc8-8856-d2cff43676c2","name":"Gysella Goodbrother","type":"personal","visibility":"personal","createdBy":"32384855"},{"id":"898a247d-6fe1-463a-bbe5-4affde458248","name":"Theon Greyjoy","type":"personal","visibility":"personal","createdBy":"32384855"},{"id":"4412066b-6b72-430c-a240-38f31d91a60c","name":"karateWorkSpace","type":"personal","visibility":"personal","createdBy":"32384855"},{"id":"1b06063b-7bbb-4bae-a723-628b35e7adf6","name":"karateWorkSpace","type":"personal","visibility":"personal","createdBy":"32384855"},{"id":"644db240-ec13-4d2e-be12-e14834ba182e","name":"karateWorkSpace","type":"personal","visibility":"personal","createdBy":"32384855"},{"id":"656df254-aa8a-4cf2-bd43-389fbe6baf7f","name":"karateWorkSpace","type":"personal","visibility":"personal","createdBy":"32384855"},{"id":"328eb515-fd12-45ae-9df7-ac0cad30b47b","name":"karateWorkSpace","type":"personal","visibility":"personal","createdBy":"32384855"},{"id":"62737c33-a128-4709-a337-261f797f3307","name":"karateWorkSpace","type":"personal","visibility":"personal","createdBy":"32384855"},{"id":"b26e33fe-7526-4ee3-bb02-c6922de3cebb","name":"karateWorkSpace","type":"personal","visibility":"personal","createdBy":"32384855"},{"id":"7d0746df-f3d9-4f24-a846-cb7cd3c8b857","name":"karateWorkSpace","type":"personal","visibility":"personal","createdBy":"32384855"},{"id":"3d9f9030-599f-4562-a9e8-9dba0be30b4c","name":"karateWorkSpace","type":"personal","visibility":"personal","createdBy":"32384855"},{"id":"93e7af47-6fc3-47c4-8ed6-fa77c8b069a0","name":"karateWorkSpace","type":"personal","visibility":"personal","createdBy":"32384855"},{"id":"828509b1-064d-4207-a6c4-61dfd9bab3e7","name":"karateWorkSpace","type":"personal","visibility":"personal","createdBy":"32384855"},{"id":"a0f43796-d597-4218-9a0a-c9dbc6dfa3e5","name":"karateWorkSpace","type":"personal","visibility":"personal","createdBy":"32384855"},{"id":"8d982482-e4c0-4b77-bc52-9cbd23111449","name":"karateWorkSpace","type":"personal","visibility":"personal","createdBy":"32384855"},{"id":"7085c9e1-3642-4681-85a3-24f054b7e94f","name":"karateWorkSpace","type":"personal","visibility":"personal","createdBy":"32384855"},{"id":"865afb15-e860-4ac4-b9d4-6bffe37ecdd2","name":"karateWorkSpace","type":"personal","visibility":"personal","createdBy":"32384855"},{"id":"a3b6b246-fc77-4720-9c63-deae82ee4154","name":"karateWorkSpace","type":"personal","visibility":"personal","createdBy":"32384855"},{"id":"aa9bf302-183b-45ea-a627-e5d8fdaf72e5","name":"karateWorkSpace","type":"personal","visibility":"personal","createdBy":"32384855"},{"id":"df9155d7-1296-4777-bd85-dec1c2272092","name":"karateWorkSpace","type":"personal","visibility":"personal","createdBy":"32384855"},{"id":"7b4c57a0-93eb-4fe7-b976-7a2127d3dab2","name":"karateWorkSpace","type":"personal","visibility":"personal","createdBy":"32384855"},{"id":"307f4dc0-a2ce-489f-b19f-e7b3d00e85e2","name":"karateWorkSpace","type":"personal","visibility":"personal","createdBy":"32384855"},{"id":"21dfb84a-0d99-4d26-b469-d00e56a11789","name":"karateWorkSpace","type":"personal","visibility":"personal","createdBy":"32384855"},{"id":"9cb28150-747f-49cd-80d8-3a31701efe39","name":"karateWorkSpace","type":"personal","visibility":"personal","createdBy":"32384855"},{"id":"49d4ccc1-68e6-4d1b-a1ef-05153209b9f2","name":"karateWorkSpace","type":"personal","visibility":"personal","createdBy":"32384855"},{"id":"6ea20532-cb19-4c5f-8bdf-33468a664bb4","name":"karateWorkSpace","type":"personal","visibility":"personal","createdBy":"32384855"},{"id":"ac202062-a246-482b-99e6-a32ff96d6735","name":"karateWorkSpace","type":"personal","visibility":"personal","createdBy":"32384855"},{"id":"e1fae076-360c-47cd-8291-9d7345651acb","name":"karateWorkSpace","type":"personal","visibility":"personal","createdBy":"32384855"},{"id":"0f490f64-e4f8-4368-b712-0c513050bc2a","name":"Aenys I Targaryen","type":"personal","visibility":"personal","createdBy":"32384855"},{"id":"9f217a13-a2cc-45ef-b01f-0bad06b48c9d","name":"Urswyck","type":"personal","visibility":"personal","createdBy":"32384855"},{"id":"ef9b32d2-e81e-4e9a-85cf-64d7b81952ec","name":"karateWorkSpace","type":"personal","visibility":"personal","createdBy":"32384855"},{"id":"481e7158-8e45-4518-bc00-0152da65248b","name":"karateWorkSpace","type":"personal","visibility":"personal","createdBy":"32384855"},{"id":"19d55019-7e87-4fb2-ba59-13376814252d","name":"Masha Heddle","type":"personal","visibility":"personal","createdBy":"32384855"},{"id":"a40c863d-2b37-4d3a-8fe8-c7b30d79bf1b","name":"Tregar","type":"personal","visibility":"personal","createdBy":"32384855"},{"id":"e2eaff2e-21c4-41ed-a57e-e7a672069716","name":"karateWorkSpace","type":"personal","visibility":"personal","createdBy":"32384855"},{"id":"4c3c8a73-4c36-42e9-87c1-9faf5aaa8423","name":"karateWorkSpace","type":"personal","visibility":"personal","createdBy":"32384855"},{"id":"d0e9950b-8e3a-4490-b65f-282273c00b66","name":"Rickard Tyrell","type":"personal","visibility":"personal","createdBy":"32384855"},{"id":"3a51a841-3d00-40b7-a8c3-9e216787b4b9","name":"Ryger Rivers","type":"personal","visibility":"personal","createdBy":"32384855"},{"id":"89a513e4-b76a-4b9c-abbf-0a1552774f0e","name":"karateWorkSpace","type":"personal","visibility":"personal","createdBy":"32384855"},{"id":"6d35e75f-af52-452b-8d1a-fe15d6b289b2","name":"karateWorkSpace","type":"personal","visibility":"personal","createdBy":"32384855"},{"id":"72eec63a-bc76-41e8-aaaf-41e041aa32ee","name":"karateWorkSpace","type":"personal","visibility":"personal","createdBy":"32384855"},{"id":"edab9de3-1884-4c59-a7de-554c417f9cb3","name":"karateWorkSpace","type":"personal","visibility":"personal","createdBy":"32384855"},{"id":"cdde0ad0-e227-43ec-a438-000d37d51fd4","name":"karateWorkSpace","type":"personal","visibility":"personal","createdBy":"32384855"},{"id":"e338e881-9911-48b2-b192-2ca775254ad5","name":"karateWorkSpace","type":"personal","visibility":"personal","createdBy":"32384855"},{"id":"38cbad4a-f7af-4892-b0af-9143138170b9","name":"karateWorkSpace","type":"personal","visibility":"personal","createdBy":"32384855"},{"id":"5ddb61ad-2073-4e0c-bab4-299a33e0248d","name":"karateWorkSpace","type":"personal","visibility":"personal","createdBy":"32384855"},{"id":"8fed9ee6-e03e-41a4-8886-9a6e8dfe38aa","name":"karateWorkSpace","type":"personal","visibility":"personal","createdBy":"32384855"},{"id":"b3e92ef0-e6f7-42a6-a7b1-94347930e2d2","name":"karateWorkSpace","type":"personal","visibility":"personal","createdBy":"32384855"},{"id":"f99ea550-fd6c-44ed-b60c-c29186b5af02","name":"karateWorkSpace","type":"personal","visibility":"personal","createdBy":"32384855"},{"id":"76eb2cd3-17ec-45d2-875f-46f9e89cbc48","name":"karateWorkSpace","type":"personal","visibility":"personal","createdBy":"32384855"},{"id":"d8606bec-f766-4284-a278-5ed910f334f0","name":"karateWorkSpace","type":"personal","visibility":"personal","createdBy":"32384855"},{"id":"8f806e96-1142-478a-ace1-61de016cc0b4","name":"karateWorkSpace","type":"personal","visibility":"personal","createdBy":"32384855"},{"id":"642b0a58-a0ce-46aa-ba93-45ab2ce9bb27","name":"karateWorkSpace","type":"personal","visibility":"personal","createdBy":"32384855"},{"id":"1b48a1df-f97f-47e0-b288-aca01c774808","name":"karateWorkSpace","type":"personal","visibility":"personal","createdBy":"32384855"},{"id":"b3b7fad3-6f9e-45d1-950a-d6712d492c98","name":"karateWorkSpace","type":"personal","visibility":"personal","createdBy":"32384855"},{"id":"a65bb9b6-28b8-4b93-ab19-33eaf99ecf69","name":"karateWorkSpace","type":"personal","visibility":"personal","createdBy":"32384855"},{"id":"deed7a8b-b64f-4989-a242-ae4cd817ec1a","name":"karateWorkSpace","type":"personal","visibility":"personal","createdBy":"32384855"},{"id":"1b800def-4d93-41cb-9d74-b0dc1bf974b5","name":"karateWorkSpace","type":"personal","visibility":"personal","createdBy":"32384855"},{"id":"1b54c8d8-3344-47c1-9f9c-2990f121be19","name":"karateWorkSpace","type":"personal","visibility":"personal","createdBy":"32384855"},{"id":"fbfc0817-4760-4a48-b310-de40985cff2f","name":"karateWorkSpace","type":"personal","visibility":"personal","createdBy":"32384855"},{"id":"ee229464-0ae6-4ebc-b651-17ebe768fe04","name":"karateWorkSpace","type":"personal","visibility":"personal","createdBy":"32384855"},{"id":"775c5dba-b23b-488e-b0c4-d528be766d46","name":"karateWorkSpace","type":"personal","visibility":"personal","createdBy":"32384855"},{"id":"7842fc73-f51f-4670-ab7e-21d82a717a3a","name":"karateWorkSpace","type":"personal","visibility":"personal","createdBy":"32384855"},{"id":"ab08523c-f711-4695-aa32-2c41674af9ec","name":"karateWorkSpace","type":"personal","visibility":"personal","createdBy":"32384855"},{"id":"bd3bdd18-645d-4185-870f-6583bf4ef834","name":"Bertram Beesbury","type":"personal","visibility":"personal","createdBy":"32384855"},{"id":"07195eec-c381-423d-9e79-b230adb32348","name":"Layna","type":"personal","visibility":"personal","createdBy":"32384855"},{"id":"6de839a8-eba8-4e86-a8bb-bdae0b245a2a","name":"karateWorkSpace","type":"personal","visibility":"personal","createdBy":"32384855"},{"id":"35d6a243-f377-4542-b289-f40c54a09653","name":"karateWorkSpace","type":"personal","visibility":"personal","createdBy":"32384855"},{"id":"db3bdab8-e771-4ed9-b99b-a2b415bb3e7e","name":"karateWorkSpace","type":"personal","visibility":"personal","createdBy":"32384855"},{"id":"83f5bd7e-4184-4129-9d79-47faf0ffb51b","name":"karateWorkSpace","type":"personal","visibility":"personal","createdBy":"32384855"},{"id":"74b65bcc-001e-4efe-a8e5-8c44d6b8bb56","name":"karateWorkSpace","type":"personal","visibility":"personal","createdBy":"32384855"},{"id":"976c516e-1ebf-4cda-9e64-33707c7fa311","name":"karateWorkSpace","type":"personal","visibility":"personal","createdBy":"32384855"},{"id":"f46f59f5-4862-4501-b080-54859d761a7f","name":"karateWorkSpace","type":"personal","visibility":"personal","createdBy":"32384855"},{"id":"a4e1d09b-edb4-4b96-8244-9b5a75c83418","name":"karateWorkSpace","type":"personal","visibility":"personal","createdBy":"32384855"},{"id":"ed66cb26-9a80-41a4-8808-9e078a423c66","name":"karateWorkSpace","type":"personal","visibility":"personal","createdBy":"32384855"},{"id":"33465e97-f1e4-4a7e-b8e4-7a8036160ab2","name":"karateWorkSpace","type":"personal","visibility":"personal","createdBy":"32384855"},{"id":"d65232d3-ac2b-4b32-9096-92b07de86256","name":"karateWorkSpace","type":"personal","visibility":"personal","createdBy":"32384855"},{"id":"d7d73412-7f39-4643-bb1b-59d02cb7a118","name":"karateWorkSpace","type":"personal","visibility":"personal","createdBy":"32384855"},{"id":"f4a04bb3-3166-4d13-872a-5ae1fd663b46","name":"karateWorkSpace","type":"personal","visibility":"personal","createdBy":"32384855"},{"id":"bc5ec036-20ef-4321-9e12-b2a54ed85654","name":"karateWorkSpace","type":"personal","visibility":"personal","createdBy":"32384855"},{"id":"cfa6b7bb-df53-492b-9508-c19a585a8ada","name":"karateWorkSpace","type":"personal","visibility":"personal","createdBy":"32384855"},{"id":"fc7a621d-3dba-4edc-a9a9-e2092f7062f1","name":"karateWorkSpace","type":"personal","visibility":"personal","createdBy":"32384855"},{"id":"7e85b272-f6b2-43cf-b345-899024230651","name":"karateWorkSpace","type":"personal","visibility":"personal","createdBy":"32384855"},{"id":"62a61049-fc16-4f21-b023-58e3f5757c91","name":"karateWorkSpace","type":"personal","visibility":"personal","createdBy":"32384855"},{"id":"5677af4d-07ad-4a4c-b352-86373fa61449","name":"karateWorkSpace","type":"personal","visibility":"personal","createdBy":"32384855"},{"id":"0827f103-bd12-48a3-9b3b-a3eb9c1cbcb0","name":"karateWorkSpace","type":"personal","visibility":"personal","createdBy":"32384855"},{"id":"5bd024ca-4e80-4792-bc2a-807fc18720c7","name":"karateWorkSpace","type":"personal","visibility":"personal","createdBy":"32384855"},{"id":"0d8443ed-9f0d-422e-a2ae-dda9b795dcf6","name":"karateWorkSpace","type":"personal","visibility":"personal","createdBy":"32384855"},{"id":"774b7eee-71fb-47aa-b8f7-03cf7dc442bc","name":"karateWorkSpace","type":"personal","visibility":"personal","createdBy":"32384855"},{"id":"22ce31cf-e70e-4daf-a75b-c7cd695dd477","name":"karateWorkSpace","type":"personal","visibility":"personal","createdBy":"32384855"},{"id":"e20c1020-d28b-4f48-99fa-bea24ea08362","name":"karateWorkSpace","type":"personal","visibility":"personal","createdBy":"32384855"},{"id":"1fe6241c-9d42-4fe1-bc2d-1f2e86eb2b74","name":"karateWorkSpace","type":"personal","visibility":"personal","createdBy":"32384855"},{"id":"c242eba8-2474-4fed-b5c6-0be13cde72c1","name":"Munciter","type":"personal","visibility":"personal","createdBy":"32384855"},{"id":"3fcc8ec7-426b-4340-97c4-275783033f1d","name":"Blind Doss","type":"personal","visibility":"personal","createdBy":"32384855"},{"id":"54333c5f-8722-44fa-a655-3caa8f87bdfc","name":"karateWorkSpace","type":"personal","visibility":"personal","createdBy":"32384855"},{"id":"6d7a63a0-cb6e-4e91-b099-50b3e98671ab","name":"karateWorkSpace","type":"personal","visibility":"personal","createdBy":"32384855"},{"id":"819e3749-06f3-4524-a42e-0f62fb2ee49e","name":"Gareth the Grey","type":"personal","visibility":"personal","createdBy":"32384855"}]}

10:35:03.336 [pool-2-thread-4] DEBUG com.intuit.karate - response time in milliseconds: 1279
1 < 200
1 < Date: Fri, 14 Feb 2025 05:05:02 GMT
1 < Content-Type: application/json; charset=utf-8
1 < Content-Length: 73
1 < Connection: keep-alive
1 < Server: nginx
1 < x-frame-options: deny
1 < x-xss-protection: 1; mode=block
1 < x-content-type-options: nosniff
1 < referrer-policy: no-referrer-when-downgrade
1 < access-control-allow-origin: *
1 < access-control-allow-methods: GET,POST,PUT,DELETE
1 < access-control-allow-headers: content-type,x-api-key
1 < access-control-allow-credentials: false
1 < x-ratelimit-limit: 300
1 < x-ratelimit-reset: 51
1 < x-ratelimit-remaining: 280
1 < ratelimit: limit=300, remaining=280, reset=51
1 < ratelimit-policy: 300;w=60
1 < ratelimit-limit: 300
1 < ratelimit-remaining: 280
1 < ratelimit-reset: 51
1 < ratelimit-limit-month: 10000
1 < ratelimit-remaining-month: 6283
1 < x-ratelimit-limit-month: 10000
1 < x-ratelimit-remaining-month: 6283
1 < uWebSockets: 20
{"workspace":{"id":"d168b168-7812-4c0c-a564-f0a9e965d9b3","name":"Stiv"}}

10:35:08.511 [pool-2-thread-1] DEBUG com.intuit.karate - response time in milliseconds: 14931
1 < 200
1 < Date: Fri, 14 Feb 2025 05:05:07 GMT
1 < Content-Type: application/json; charset=utf-8
1 < Connection: keep-alive
1 < Access-Control-Expose-Headers: Request-Context
1 < Cache-Control: no-cache
1 < Expires: -1
1 < Pragma: no-cache
1 < Vary: Accept-Encoding
1 < X-AspNet-Version: 4.0.30319
1 < Request-Context: appId=cid-v1:cba57b22-bea6-48bb-a3b8-4c30d76b9899
1 < X-Powered-By: ASP.NET
1 < X-Frame-Options: ALLOW-FROM http://localhost:58402/ http://localhost:61309/
1 < cf-cache-status: DYNAMIC
1 < Server: cloudflare
1 < CF-RAY: 911a85223b955917-BLR
{"status":true,"messages":["Enrollment status available."],"notification":"","payload":{"action_code":1020,"account_change_code":0,"redirect":"","last_redirect":"","last_fallback":"","fallback":"","consumer_id":"139098","enrollment_id":"38317","email_address":"russ49@test.com","consumer_public_key":"LS0tLS1CRUdJTiBQVUJMSUMgS0VZLS0tLS0KTUlJQklqQU5CZ2txaGtpRzl3MEJBUUVGQUFPQ0FROEFNSUlCQ2dLQ0FRRUFwa2JqQzA4QUFLR1NhVVVBcmJLZgpmZlR6QnF5NmpNcUF6TVpEdTZHZllCQ2lRK2tySDZTam1Eb2d1Sm11T28zSWVUNXZUSHczMDlpY2xwMTZjMk9PCnk3SDNCZU5TdS9vNWlGcHZKV0FPMjVEeDMyckZLTHhuenFObXJiWmNiZnB4dFFmdXhBamYwR2ZpRjZBY0g1d28KTjNqdTAzL2xDS2NRZm01WHVuc2ZST21LWVJtYzkyVUdHb0cxQk5PbVFra0hzck05OUhVRnp0d0pYMlBWc0VSeQp5aFZJUlkvRFIxOE1BNUNjVTlieDNpSDU1dVdFeGkwTmx6WXpDTkRmYWQvNzZlN2JGcEhaMCtEL3hQekZZQXB3ClltTXFOMm9paEhCeU5BQ2NicWxHMTB4SGxCSzdyUnprek1XMUo2QjFKdzkwY3JNM1p5VklzVTA5a0d1djBkaDIKcXdJREFRQUIKLS0tLS1FTkQgUFVCTElDIEtFWS0tLS0tCg==","consumerAccessToken":"a0b90d79ed16f521c8c186df95fa2df785b18c6a","itemId":"","merchant_id":"127000256000017","fname":"Yvonne","lname":"Gelina","bank_source":"","cdw_action_code":"730","cdw_redirect":"error","cdw_messages":["Deposit and Withdrawal process not allowed."],"bank_accounts":null,"mobile_phone":"7777358383","cdw_extended_delay":0},"partnerCustomerNumber":"29b4243f-14f2-4dcf-993a-b0c482278f95","error":null}

10:35:08.514 [pool-2-thread-1] INFO  com.intuit.karate - [print] Consumer Enrollment Response: {
  "status": true,
  "messages": [
    "Enrollment status available."
  ],
  "notification": "",
  "payload": {
    "action_code": 1020,
    "account_change_code": 0,
    "redirect": "",
    "last_redirect": "",
    "last_fallback": "",
    "fallback": "",
    "consumer_id": "139098",
    "enrollment_id": "38317",
    "email_address": "russ49@test.com",
    "consumer_public_key": "LS0tLS1CRUdJTiBQVUJMSUMgS0VZLS0tLS0KTUlJQklqQU5CZ2txaGtpRzl3MEJBUUVGQUFPQ0FROEFNSUlCQ2dLQ0FRRUFwa2JqQzA4QUFLR1NhVVVBcmJLZgpmZlR6QnF5NmpNcUF6TVpEdTZHZllCQ2lRK2tySDZTam1Eb2d1Sm11T28zSWVUNXZUSHczMDlpY2xwMTZjMk9PCnk3SDNCZU5TdS9vNWlGcHZKV0FPMjVEeDMyckZLTHhuenFObXJiWmNiZnB4dFFmdXhBamYwR2ZpRjZBY0g1d28KTjNqdTAzL2xDS2NRZm01WHVuc2ZST21LWVJtYzkyVUdHb0cxQk5PbVFra0hzck05OUhVRnp0d0pYMlBWc0VSeQp5aFZJUlkvRFIxOE1BNUNjVTlieDNpSDU1dVdFeGkwTmx6WXpDTkRmYWQvNzZlN2JGcEhaMCtEL3hQekZZQXB3ClltTXFOMm9paEhCeU5BQ2NicWxHMTB4SGxCSzdyUnprek1XMUo2QjFKdzkwY3JNM1p5VklzVTA5a0d1djBkaDIKcXdJREFRQUIKLS0tLS1FTkQgUFVCTElDIEtFWS0tLS0tCg==",
    "consumerAccessToken": "a0b90d79ed16f521c8c186df95fa2df785b18c6a",
    "itemId": "",
    "merchant_id": "127000256000017",
    "fname": "Yvonne",
    "lname": "Gelina",
    "bank_source": "",
    "cdw_action_code": "730",
    "cdw_redirect": "error",
    "cdw_messages": [
      "Deposit and Withdrawal process not allowed."
    ],
    "bank_accounts": null,
    "mobile_phone": "7777358383",
    "cdw_extended_delay": 0
  },
  "partnerCustomerNumber": "29b4243f-14f2-4dcf-993a-b0c482278f95",
  "error": null
}
 
10:35:08.520 [pool-2-thread-1] DEBUG com.intuit.karate - request:
2 > POST https://bimhep-qa.bimnetworkstech.com/api/hostedEnrollment/continueEnrollment
2 > Content-Type: application/json; charset=UTF-8
2 > Accept: */*
2 > Content-Length: 1040
2 > Host: bimhep-qa.bimnetworkstech.com
2 > Connection: Keep-Alive
2 > User-Agent: Apache-HttpClient/4.5.14 (Java/17.0.10)
2 > Accept-Encoding: gzip,deflate
{"FirstName":"{{FisrtName}}","LastName":"{{LastName}}","Dob":"12\/19\/2000","partnerId":"MTI3","StreetAddress":"48 ALLENSTOWN RD","ApartmentNumber":"","City":"ALLENSTOWN","State":"NY","ZipCode":"03275","MainPhoneNumber":"565-465-4654","IdentificationType":"DL","IdentificationState":"LA","IdentificationNumber":"3454354545","TermsAndConditions":"true","Payload":{"PublicKey":"LS0tLS1CRUdJTiBQVUJMSUMgS0VZLS0tLS0KTUlJQklqQU5CZ2txaGtpRzl3MEJBUUVGQUFPQ0FROEFNSUlCQ2dLQ0FRRUFwa2JqQzA4QUFLR1NhVVVBcmJLZgpmZlR6QnF5NmpNcUF6TVpEdTZHZllCQ2lRK2tySDZTam1Eb2d1Sm11T28zSWVUNXZUSHczMDlpY2xwMTZjMk9PCnk3SDNCZU5TdS9vNWlGcHZKV0FPMjVEeDMyckZLTHhuenFObXJiWmNiZnB4dFFmdXhBamYwR2ZpRjZBY0g1d28KTjNqdTAzL2xDS2NRZm01WHVuc2ZST21LWVJtYzkyVUdHb0cxQk5PbVFra0hzck05OUhVRnp0d0pYMlBWc0VSeQp5aFZJUlkvRFIxOE1BNUNjVTlieDNpSDU1dVdFeGkwTmx6WXpDTkRmYWQvNzZlN2JGcEhaMCtEL3hQekZZQXB3ClltTXFOMm9paEhCeU5BQ2NicWxHMTB4SGxCSzdyUnprek1XMUo2QjFKdzkwY3JNM1p5VklzVTA5a0d1djBkaDIKcXdJREFRQUIKLS0tLS1FTkQgUFVCTElDIEtFWS0tLS0tCg==","AccessToken":"a0b90d79ed16f521c8c186df95fa2df785b18c6a"}}

10:35:16.216 [pool-2-thread-1] DEBUG com.intuit.karate - response time in milliseconds: 7690
2 < 200
2 < Date: Fri, 14 Feb 2025 05:05:15 GMT
2 < Content-Type: application/json; charset=utf-8
2 < Connection: keep-alive
2 < Access-Control-Expose-Headers: Request-Context
2 < Cache-Control: no-cache
2 < Expires: -1
2 < Pragma: no-cache
2 < Vary: Accept-Encoding
2 < X-AspNet-Version: 4.0.30319
2 < Request-Context: appId=cid-v1:cba57b22-bea6-48bb-a3b8-4c30d76b9899
2 < X-Powered-By: ASP.NET
2 < X-Frame-Options: ALLOW-FROM http://localhost:58402/ http://localhost:61309/
2 < cf-cache-status: DYNAMIC
2 < Server: cloudflare
2 < CF-RAY: 911a8578a816ea32-BLR
{"status":true,"messages":["Account created.","Account created & partner registered for IAV redirect URL.","First API call retrieved redirect URL successfully."],"notification":"","payload":{"redirect":"https://bimsdk-qa.bimnetworkstech.com/IAVRed/Link/139098/127","action_code":171,"fallback":"redirectbankselect","auth_operation":"CHKENROLL","auth_response_code":"00","auth_response_verbiage":"TRANSACTION APPROVED"},"error":null}

10:35:16.218 [pool-2-thread-1] INFO  com.intuit.karate - [print] Continue Enrollment Response: {
  "status": true,
  "messages": [
    "Account created.",
    "Account created & partner registered for IAV redirect URL.",
    "First API call retrieved redirect URL successfully."
  ],
  "notification": "",
  "payload": {
    "redirect": "https://bimsdk-qa.bimnetworkstech.com/IAVRed/Link/139098/127",
    "action_code": 171,
    "fallback": "redirectbankselect",
    "auth_operation": "CHKENROLL",
    "auth_response_code": "00",
    "auth_response_verbiage": "TRANSACTION APPROVED"
  },
  "error": null
}
 
10:35:16.220 [pool-2-thread-1] DEBUG com.intuit.karate - request:
3 > POST https://bimhep-qa.bimnetworkstech.com/api/hostedEnrollment/PostToWebhookOnIAVExit
3 > Content-Type: application/json; charset=UTF-8
3 > Accept: */*
3 > Content-Length: 42
3 > Host: bimhep-qa.bimnetworkstech.com
3 > Connection: Keep-Alive
3 > User-Agent: Apache-HttpClient/4.5.14 (Java/17.0.10)
3 > Accept-Encoding: gzip,deflate
{"partnerId":"MTI3","consumerId":"138830"}

10:35:17.681 [pool-2-thread-1] DEBUG com.intuit.karate - response time in milliseconds: 1455
3 < 200
3 < Date: Fri, 14 Feb 2025 05:05:17 GMT
3 < Content-Type: application/json; charset=utf-8
3 < Connection: keep-alive
3 < Access-Control-Expose-Headers: Request-Context
3 < Cache-Control: no-cache
3 < Expires: -1
3 < Pragma: no-cache
3 < Vary: Accept-Encoding
3 < X-AspNet-Version: 4.0.30319
3 < Request-Context: appId=cid-v1:cba57b22-bea6-48bb-a3b8-4c30d76b9899
3 < X-Powered-By: ASP.NET
3 < X-Frame-Options: ALLOW-FROM http://localhost:58402/ http://localhost:61309/
3 < cf-cache-status: DYNAMIC
3 < Server: cloudflare
3 < CF-RAY: 911a85a8dc80c16d-BLR
true

10:35:17.684 [pool-2-thread-1] INFO  com.intuit.karate - [print] PostToWebhookOnIAVExit Response: true 
10:35:22.733 [pool-2-thread-1] INFO  com.intuit.karate - [print] CDW Match Enrollment Request: {
  "AccountNumber": "9854562112542112",
  "RoutingNumber": "121000358",
  "PartnerId": "MTI3",
  "Payload": {
    "PublicKey": "LS0tLS1CRUdJTiBQVUJMSUMgS0VZLS0tLS0KTUlJQklqQU5CZ2txaGtpRzl3MEJBUUVGQUFPQ0FROEFNSUlCQ2dLQ0FRRUFwa2JqQzA4QUFLR1NhVVVBcmJLZgpmZlR6QnF5NmpNcUF6TVpEdTZHZllCQ2lRK2tySDZTam1Eb2d1Sm11T28zSWVUNXZUSHczMDlpY2xwMTZjMk9PCnk3SDNCZU5TdS9vNWlGcHZKV0FPMjVEeDMyckZLTHhuenFObXJiWmNiZnB4dFFmdXhBamYwR2ZpRjZBY0g1d28KTjNqdTAzL2xDS2NRZm01WHVuc2ZST21LWVJtYzkyVUdHb0cxQk5PbVFra0hzck05OUhVRnp0d0pYMlBWc0VSeQp5aFZJUlkvRFIxOE1BNUNjVTlieDNpSDU1dVdFeGkwTmx6WXpDTkRmYWQvNzZlN2JGcEhaMCtEL3hQekZZQXB3ClltTXFOMm9paEhCeU5BQ2NicWxHMTB4SGxCSzdyUnprek1XMUo2QjFKdzkwY3JNM1p5VklzVTA5a0d1djBkaDIKcXdJREFRQUIKLS0tLS1FTkQgUFVCTElDIEtFWS0tLS0tCg==",
    "AccessToken": "a0b90d79ed16f521c8c186df95fa2df785b18c6a"
  }
}
 
10:35:22.735 [pool-2-thread-1] DEBUG com.intuit.karate - request:
4 > POST https://bimhep-qa.bimnetworkstech.com/api/hostedEnrollment/cdwMatchEnrollment
4 > Content-Type: application/json; charset=UTF-8
4 > Accept: */*
4 > Content-Length: 771
4 > Host: bimhep-qa.bimnetworkstech.com
4 > Connection: Keep-Alive
4 > User-Agent: Apache-HttpClient/4.5.14 (Java/17.0.10)
4 > Accept-Encoding: gzip,deflate
{"AccountNumber":"9854562112542112","RoutingNumber":"121000358","PartnerId":"MTI3","Payload":{"PublicKey":"LS0tLS1CRUdJTiBQVUJMSUMgS0VZLS0tLS0KTUlJQklqQU5CZ2txaGtpRzl3MEJBUUVGQUFPQ0FROEFNSUlCQ2dLQ0FRRUFwa2JqQzA4QUFLR1NhVVVBcmJLZgpmZlR6QnF5NmpNcUF6TVpEdTZHZllCQ2lRK2tySDZTam1Eb2d1Sm11T28zSWVUNXZUSHczMDlpY2xwMTZjMk9PCnk3SDNCZU5TdS9vNWlGcHZKV0FPMjVEeDMyckZLTHhuenFObXJiWmNiZnB4dFFmdXhBamYwR2ZpRjZBY0g1d28KTjNqdTAzL2xDS2NRZm01WHVuc2ZST21LWVJtYzkyVUdHb0cxQk5PbVFra0hzck05OUhVRnp0d0pYMlBWc0VSeQp5aFZJUlkvRFIxOE1BNUNjVTlieDNpSDU1dVdFeGkwTmx6WXpDTkRmYWQvNzZlN2JGcEhaMCtEL3hQekZZQXB3ClltTXFOMm9paEhCeU5BQ2NicWxHMTB4SGxCSzdyUnprek1XMUo2QjFKdzkwY3JNM1p5VklzVTA5a0d1djBkaDIKcXdJREFRQUIKLS0tLS1FTkQgUFVCTElDIEtFWS0tLS0tCg==","AccessToken":"a0b90d79ed16f521c8c186df95fa2df785b18c6a"}}

10:35:24.767 [pool-2-thread-1] DEBUG com.intuit.karate - response time in milliseconds: 2028
4 < 200
4 < Date: Fri, 14 Feb 2025 05:05:24 GMT
4 < Content-Type: application/json; charset=utf-8
4 < Connection: keep-alive
4 < Access-Control-Expose-Headers: Request-Context
4 < Cache-Control: no-cache
4 < Expires: -1
4 < Pragma: no-cache
4 < Vary: Accept-Encoding
4 < X-AspNet-Version: 4.0.30319
4 < Request-Context: appId=cid-v1:cba57b22-bea6-48bb-a3b8-4c30d76b9899
4 < X-Powered-By: ASP.NET
4 < X-Frame-Options: ALLOW-FROM http://localhost:58402/ http://localhost:61309/
4 < cf-cache-status: DYNAMIC
4 < Server: cloudflare
4 < CF-RAY: 911a85d17cc8c181-BLR
{"status":false,"messages":["Uh oh! Something went wrong, please call customer support"],"notification":"","payload":{"bank_source":null,"action_code":1490,"redirect":"error","fallback":"","auth_operation":null,"auth_response_code":null,"auth_response_verbiage":null,"email_address":null,"consumer_id":null},"error":null}

10:35:24.769 [pool-2-thread-1] INFO  com.intuit.karate - [print] CDW Match Enrollment Response: {
  "status": false,
  "messages": [
    "Uh oh! Something went wrong, please call customer support"
  ],
  "notification": "",
  "payload": {
    "bank_source": null,
    "action_code": 1490,
    "redirect": "error",
    "fallback": "",
    "auth_operation": null,
    "auth_response_code": null,
    "auth_response_verbiage": null,
    "email_address": null,
    "consumer_id": null
  },
  "error": null
}
 
10:35:24.772 [pool-2-thread-1] DEBUG com.intuit.karate - request:
5 > POST https://bimhep-qa.bimnetworkstech.com/api/hostedEnrollment/confirmCdw
5 > Content-Type: application/json; charset=UTF-8
5 > Accept: */*
5 > Content-Length: 757
5 > Host: bimhep-qa.bimnetworkstech.com
5 > Connection: Keep-Alive
5 > User-Agent: Apache-HttpClient/4.5.14 (Java/17.0.10)
5 > Accept-Encoding: gzip,deflate
{"DepositAmount":"0.09","WithdrawalAmount":"0.08","partnerId":"MTI3","Payload":{"PublicKey":"LS0tLS1CRUdJTiBQVUJMSUMgS0VZLS0tLS0KTUlJQklqQU5CZ2txaGtpRzl3MEJBUUVGQUFPQ0FROEFNSUlCQ2dLQ0FRRUFwa2JqQzA4QUFLR1NhVVVBcmJLZgpmZlR6QnF5NmpNcUF6TVpEdTZHZllCQ2lRK2tySDZTam1Eb2d1Sm11T28zSWVUNXZUSHczMDlpY2xwMTZjMk9PCnk3SDNCZU5TdS9vNWlGcHZKV0FPMjVEeDMyckZLTHhuenFObXJiWmNiZnB4dFFmdXhBamYwR2ZpRjZBY0g1d28KTjNqdTAzL2xDS2NRZm01WHVuc2ZST21LWVJtYzkyVUdHb0cxQk5PbVFra0hzck05OUhVRnp0d0pYMlBWc0VSeQp5aFZJUlkvRFIxOE1BNUNjVTlieDNpSDU1dVdFeGkwTmx6WXpDTkRmYWQvNzZlN2JGcEhaMCtEL3hQekZZQXB3ClltTXFOMm9paEhCeU5BQ2NicWxHMTB4SGxCSzdyUnprek1XMUo2QjFKdzkwY3JNM1p5VklzVTA5a0d1djBkaDIKcXdJREFRQUIKLS0tLS1FTkQgUFVCTElDIEtFWS0tLS0tCg==","AccessToken":"a0b90d79ed16f521c8c186df95fa2df785b18c6a"}}

10:35:25.810 [pool-2-thread-1] DEBUG com.intuit.karate - response time in milliseconds: 1031
5 < 200
5 < Date: Fri, 14 Feb 2025 05:05:25 GMT
5 < Content-Type: application/json; charset=utf-8
5 < Connection: keep-alive
5 < Access-Control-Expose-Headers: Request-Context
5 < Cache-Control: no-cache
5 < Expires: -1
5 < Pragma: no-cache
5 < Vary: Accept-Encoding
5 < X-AspNet-Version: 4.0.30319
5 < Request-Context: appId=cid-v1:cba57b22-bea6-48bb-a3b8-4c30d76b9899
5 < X-Powered-By: ASP.NET
5 < X-Frame-Options: ALLOW-FROM http://localhost:58402/ http://localhost:61309/
5 < cf-cache-status: DYNAMIC
5 < Server: cloudflare
5 < CF-RAY: 911a85de4be25917-BLR
{"status":false,"messages":["Uh oh! Something went wrong, please call customer support"],"notification":"","payload":{"action_code":1490,"account_change_code":0,"redirect":"error","fallback":"","auth_operation":null,"auth_response_code":null,"auth_response_verbiage":null,"email_address":null,"consumer_id":null,"rewards":null}}

10:35:25.812 [pool-2-thread-1] INFO  com.intuit.karate - [print] Confirm CDW Response: {
  "status": false,
  "messages": [
    "Uh oh! Something went wrong, please call customer support"
  ],
  "notification": "",
  "payload": {
    "action_code": 1490,
    "account_change_code": 0,
    "redirect": "error",
    "fallback": "",
    "auth_operation": null,
    "auth_response_code": null,
    "auth_response_verbiage": null,
    "email_address": null,
    "consumer_id": null,
    "rewards": null
  }
}
 
---------------------------------------------------------
feature: classpath:PostmanAPI/APITEST/BuydirectEndToEndTest/consumerEnrollment.Feature
scenarios:  1 | passed:  1 | failed:  0 | time: 32.8610
---------------------------------------------------------

10:35:26.910 [pool-3-thread-1] INFO  com.intuit.karate.Suite - <<pass>> feature 1 of 9 (8 remaining) classpath:PostmanAPI/APITEST/BuydirectEndToEndTest/consumerEnrollment.Feature
---------------------------------------------------------
feature: classpath:PostmanAPI/APITEST/CollectionFeature/TestCreateCollectionResponceScheema.feature
scenarios:  1 | passed:  0 | failed:  1 | time: 5.2077
---------------------------------------------------------

10:35:27.040 [pool-3-thread-1] INFO  com.intuit.karate.Suite - <<fail>> feature 2 of 9 (7 remaining) classpath:PostmanAPI/APITEST/CollectionFeature/TestCreateCollectionResponceScheema.feature
---------------------------------------------------------
feature: classpath:PostmanAPI/APITEST/CollectionFeature/TestCreateUpdateGetAndDeleteCollections.feature
scenarios:  1 | passed:  0 | failed:  1 | time: 5.9211
---------------------------------------------------------

10:35:27.142 [pool-3-thread-1] INFO  com.intuit.karate.Suite - <<fail>> feature 3 of 9 (6 remaining) classpath:PostmanAPI/APITEST/CollectionFeature/TestCreateUpdateGetAndDeleteCollections.feature
---------------------------------------------------------
feature: classpath:PostmanAPI/APITEST/WorkSpaceFeature/TestCreateUpdateDeleteWorkSpaceAPI.feature
scenarios:  3 | passed:  3 | failed:  0 | time: 12.6079
---------------------------------------------------------

10:35:27.981 [pool-3-thread-1] INFO  com.intuit.karate.Suite - <<pass>> feature 4 of 9 (5 remaining) classpath:PostmanAPI/APITEST/WorkSpaceFeature/TestCreateUpdateDeleteWorkSpaceAPI.feature
---------------------------------------------------------
feature: classpath:PostmanAPI/APITEST/WorkSpaceFeature/TestCreateWorkSpaceWithDiffData.feature
scenarios:  5 | passed:  5 | failed:  0 | time: 5.4260
---------------------------------------------------------

10:35:28.259 [pool-3-thread-1] INFO  com.intuit.karate.Suite - <<pass>> feature 5 of 9 (4 remaining) classpath:PostmanAPI/APITEST/WorkSpaceFeature/TestCreateWorkSpaceWithDiffData.feature
---------------------------------------------------------
feature: classpath:PostmanAPI/APITEST/WorkSpaceFeature/TestCreateWorkSpaceWithExternelData.feature
scenarios:  1 | passed:  1 | failed:  0 | time: 1.2903
---------------------------------------------------------

10:35:28.374 [pool-3-thread-1] INFO  com.intuit.karate.Suite - <<pass>> feature 6 of 9 (3 remaining) classpath:PostmanAPI/APITEST/WorkSpaceFeature/TestCreateWorkSpaceWithExternelData.feature
---------------------------------------------------------
feature: classpath:PostmanAPI/APITEST/WorkSpaceFeature/TestDataBaseConnection.feature
scenarios:  2 | passed:  2 | failed:  0 | time: 4.4949
---------------------------------------------------------

10:35:28.470 [pool-3-thread-1] INFO  com.intuit.karate.Suite - <<pass>> feature 7 of 9 (2 remaining) classpath:PostmanAPI/APITEST/WorkSpaceFeature/TestDataBaseConnection.feature
---------------------------------------------------------
feature: classpath:PostmanAPI/APITEST/WorkSpaceFeature/TestGetAallWorkSpaceAPI.feature
scenarios:  2 | passed:  2 | failed:  0 | time: 2.6813
---------------------------------------------------------

10:35:28.557 [pool-3-thread-1] INFO  com.intuit.karate.Suite - <<pass>> feature 8 of 9 (1 remaining) classpath:PostmanAPI/APITEST/WorkSpaceFeature/TestGetAallWorkSpaceAPI.feature
---------------------------------------------------------
feature: classpath:PostmanAPI/APITEST/WorkSpaceFeature/WorkSpaceResponseScheemaValidation.feature
scenarios:  1 | passed:  1 | failed:  0 | time: 1.3231
---------------------------------------------------------

10:35:28.656 [pool-3-thread-1] INFO  com.intuit.karate.Suite - <<pass>> feature 9 of 9 (0 remaining) classpath:PostmanAPI/APITEST/WorkSpaceFeature/WorkSpaceResponseScheemaValidation.feature
Karate version: 1.5.0
======================================================
elapsed:  39.59 | threads:    5 | thread time: 71.81 
features:     9 | skipped:    0 | efficiency: 0.36
scenarios:   17 | passed:    15 | failed: 2
======================================================
>>> failed features:
status code was: 500, expected: 200, response time in milliseconds: 1732, url: https://api.getpostman.com/collections/03881e37-1c87-4aeb-8146-faccb781a13e, response: 
{"error":{"name":"serverError"}}
classpath:PostmanAPI/APITEST/CollectionFeature/TestCreateCollectionResponceScheema.feature:36
status code was: 500, expected: 200, response time in milliseconds: 1415, url: https://api.getpostman.com/collections/5ae922ed-283e-45ec-a3c6-11169a063d3e, response: 
{"error":{"message":"Internal server error occurred"}}
classpath:PostmanAPI/APITEST/CollectionFeature/TestCreateUpdateGetAndDeleteCollections.feature:33
<<<

HTML report: (paste into browser to view) | Karate version: 1.5.0
file:///C:/Users/ShashiKumarSidhhalin/Desktop/NewProject/APITest/target/karate-reports/karate-summary.html
===================================================================

10:35:29.504 [main] INFO  n.m.cucumber.ReportParser - File 'C:\Users\ShashiKumarSidhhalin\Desktop\NewProject\APITest\target\karate-reports\PostmanAPI.APITEST.BuydirectEndToEndTest.consumerEnrollment.Feature.json' contains 1 feature(s)
10:35:29.507 [main] INFO  n.m.cucumber.ReportParser - File 'C:\Users\ShashiKumarSidhhalin\Desktop\NewProject\APITest\target\karate-reports\PostmanAPI.APITEST.CollectionFeature.TestCreateCollectionResponceScheema.json' contains 1 feature(s)
10:35:29.510 [main] INFO  n.m.cucumber.ReportParser - File 'C:\Users\ShashiKumarSidhhalin\Desktop\NewProject\APITest\target\karate-reports\PostmanAPI.APITEST.CollectionFeature.TestCreateUpdateGetAndDeleteCollections.json' contains 1 feature(s)
10:35:29.518 [main] INFO  n.m.cucumber.ReportParser - File 'C:\Users\ShashiKumarSidhhalin\Desktop\NewProject\APITest\target\karate-reports\PostmanAPI.APITEST.WorkSpaceFeature.TestCreateUpdateDeleteWorkSpaceAPI.json' contains 1 feature(s)
10:35:29.522 [main] INFO  n.m.cucumber.ReportParser - File 'C:\Users\ShashiKumarSidhhalin\Desktop\NewProject\APITest\target\karate-reports\PostmanAPI.APITEST.WorkSpaceFeature.TestCreateWorkSpaceWithDiffData.json' contains 1 feature(s)
10:35:29.524 [main] INFO  n.m.cucumber.ReportParser - File 'C:\Users\ShashiKumarSidhhalin\Desktop\NewProject\APITest\target\karate-reports\PostmanAPI.APITEST.WorkSpaceFeature.TestCreateWorkSpaceWithExternelData.json' contains 1 feature(s)
10:35:29.527 [main] INFO  n.m.cucumber.ReportParser - File 'C:\Users\ShashiKumarSidhhalin\Desktop\NewProject\APITest\target\karate-reports\PostmanAPI.APITEST.WorkSpaceFeature.TestDataBaseConnection.json' contains 1 feature(s)
10:35:29.529 [main] INFO  n.m.cucumber.ReportParser - File 'C:\Users\ShashiKumarSidhhalin\Desktop\NewProject\APITest\target\karate-reports\PostmanAPI.APITEST.WorkSpaceFeature.TestGetAallWorkSpaceAPI.json' contains 1 feature(s)
10:35:29.531 [main] INFO  n.m.cucumber.ReportParser - File 'C:\Users\ShashiKumarSidhhalin\Desktop\NewProject\APITest\target\karate-reports\PostmanAPI.APITEST.WorkSpaceFeature.WorkSpaceResponseScheemaValidation.json' contains 1 feature(s)
10:35:29.533 [main] INFO  n.m.cucumber.ReportParser - File 'C:\Users\ShashiKumarSidhhalin\Desktop\NewProject\APITest\target\karate-reports\PostmanAPI.Performance.TestCreateUpdateDeleteWorkSpaceAPI.json' contains 1 feature(s)
]]></system-out>
  </testcase>
</testsuite>